#
# There is insufficient memory for the Java Runtime Environment to continue.
# Native memory allocation (mmap) failed to map 31457280 bytes for G1 virtual space
# Possible reasons:
#   The system is out of physical RAM or swap space
#   The process is running with CompressedOops enabled, and the Java Heap may be blocking the growth of the native heap
# Possible solutions:
#   Reduce memory load on the system
#   Increase physical memory or swap space
#   Check if swap backing store is full
#   Decrease Java heap size (-Xmx/-Xms)
#   Decrease number of Java threads
#   Decrease Java thread stack sizes (-Xss)
#   Set larger code cache with -XX:ReservedCodeCacheSize=
#   JVM is running with Unscaled Compressed Oops mode in which the Java heap is
#     placed in the first 4GB address space. The Java Heap base address is the
#     maximum limit for the native heap growth. Please use -XX:HeapBaseMinAddress
#     to set the Java Heap base and to place the Java Heap above 4GB virtual address.
# This output file may be truncated or incomplete.
#
#  Out of Memory Error (os_windows.cpp:3769), pid=8668, tid=8024
#
# JRE version: OpenJDK Runtime Environment (17.0.6) (build 17.0.6+0-b2043.56-9586694)
# Java VM: OpenJDK 64-Bit Server VM (17.0.6+0-b2043.56-9586694, mixed mode, tiered, compressed oops, compressed class ptrs, g1 gc, windows-amd64)
# No core dump will be written. Minidumps are not enabled by default on client versions of Windows
#

---------------  S U M M A R Y ------------

Command Line: --add-opens=java.base/java.util=ALL-UNNAMED --add-opens=java.base/java.lang=ALL-UNNAMED --add-opens=java.base/java.lang.invoke=ALL-UNNAMED --add-opens=java.prefs/java.util.prefs=ALL-UNNAMED --add-opens=java.base/java.nio.charset=ALL-UNNAMED --add-opens=java.base/java.net=ALL-UNNAMED --add-opens=java.base/java.util.concurrent.atomic=ALL-UNNAMED -Xmx2048m -Dfile.encoding=UTF-8 -Duser.country=US -Duser.language=en -Duser.variant org.gradle.launcher.daemon.bootstrap.GradleDaemon 8.0

Host: Intel(R) Celeron(R) CPU 3865U @ 1.80GHz, 2 cores, 7G,  Windows 10 , 64 bit Build 18362 (10.0.18362.1082)
Time: Thu May 18 12:14:43 2023 India Standard Time elapsed time: 19.440006 seconds (0d 0h 0m 19s)

---------------  T H R E A D  ---------------

Current thread (0x000001f1fb3e73b0):  VMThread "VM Thread" [stack: 0x0000000d64f00000,0x0000000d65000000] [id=8024]

Stack: [0x0000000d64f00000,0x0000000d65000000]
Native frames: (J=compiled Java code, j=interpreted, Vv=VM code, C=native code)
V  [jvm.dll+0x683b4a]
V  [jvm.dll+0x842654]
V  [jvm.dll+0x843dfe]
V  [jvm.dll+0x844463]
V  [jvm.dll+0x249b75]
V  [jvm.dll+0x680a19]
V  [jvm.dll+0x674f0a]
V  [jvm.dll+0x309acb]
V  [jvm.dll+0x310f86]
V  [jvm.dll+0x3608ee]
V  [jvm.dll+0x360b1f]
V  [jvm.dll+0x2dfbf8]
V  [jvm.dll+0x2ddec4]
V  [jvm.dll+0x2dd4cc]
V  [jvm.dll+0x321f3b]
V  [jvm.dll+0x84893b]
V  [jvm.dll+0x849674]
V  [jvm.dll+0x849b8d]
V  [jvm.dll+0x849f64]
V  [jvm.dll+0x84a030]
V  [jvm.dll+0x7f25fa]
V  [jvm.dll+0x682985]
C  [ucrtbase.dll+0x20e82]
C  [KERNEL32.DLL+0x17bd4]
C  [ntdll.dll+0x6ce51]

VM_Operation (0x0000000d66dfd0d0): G1CollectForAllocation, mode: safepoint, requested by thread 0x000001f1fd788a40


---------------  P R O C E S S  ---------------

Threads class SMR info:
_java_thread_list=0x000001f18fb0b040, length=35, elements={
0x000001f1f114a740, 0x000001f1fb3fa610, 0x000001f1fb3fc3a0, 0x000001f1fb3c7980,
0x000001f1fb3c8500, 0x000001f1fb3ca1d0, 0x000001f1fb3caa90, 0x000001f1fb3cd690,
0x000001f1fbc82940, 0x000001f1fbc94010, 0x000001f1fbd953e0, 0x000001f1fbdd7260,
0x000001f1fe260430, 0x000001f1fc9d31b0, 0x000001f1fc063410, 0x000001f1fc9fe6f0,
0x000001f1fc9febc0, 0x000001f1fd785ef0, 0x000001f1fd787700, 0x000001f1fd785a20,
0x000001f1fd7863c0, 0x000001f1fd786890, 0x000001f1fd785550, 0x000001f1fd786d60,
0x000001f1fd787bd0, 0x000001f1fd787230, 0x000001f1fd788570, 0x000001f1fd7880a0,
0x000001f1fd788a40, 0x000001f18fb7b270, 0x000001f18fb7ff70, 0x000001f18fb7f100,
0x000001f18fb7b740, 0x000001f18fb80de0, 0x000001f18fb7a8d0
}

Java Threads: ( => current thread )
  0x000001f1f114a740 JavaThread "main" [_thread_blocked, id=10232, stack(0x0000000d64800000,0x0000000d64900000)]
  0x000001f1fb3fa610 JavaThread "Reference Handler" daemon [_thread_blocked, id=10832, stack(0x0000000d65000000,0x0000000d65100000)]
  0x000001f1fb3fc3a0 JavaThread "Finalizer" daemon [_thread_blocked, id=7704, stack(0x0000000d65100000,0x0000000d65200000)]
  0x000001f1fb3c7980 JavaThread "Signal Dispatcher" daemon [_thread_blocked, id=9136, stack(0x0000000d65200000,0x0000000d65300000)]
  0x000001f1fb3c8500 JavaThread "Attach Listener" daemon [_thread_blocked, id=1596, stack(0x0000000d65300000,0x0000000d65400000)]
  0x000001f1fb3ca1d0 JavaThread "Service Thread" daemon [_thread_blocked, id=6200, stack(0x0000000d65400000,0x0000000d65500000)]
  0x000001f1fb3caa90 JavaThread "Monitor Deflation Thread" daemon [_thread_blocked, id=9776, stack(0x0000000d65500000,0x0000000d65600000)]
  0x000001f1fb3cd690 JavaThread "C2 CompilerThread0" daemon [_thread_in_native, id=10192, stack(0x0000000d65600000,0x0000000d65700000)]
  0x000001f1fbc82940 JavaThread "C1 CompilerThread0" daemon [_thread_blocked, id=9768, stack(0x0000000d65700000,0x0000000d65800000)]
  0x000001f1fbc94010 JavaThread "Sweeper thread" daemon [_thread_blocked, id=7612, stack(0x0000000d65800000,0x0000000d65900000)]
  0x000001f1fbd953e0 JavaThread "Common-Cleaner" daemon [_thread_blocked, id=4660, stack(0x0000000d65900000,0x0000000d65a00000)]
  0x000001f1fbdd7260 JavaThread "Notification Thread" daemon [_thread_blocked, id=7468, stack(0x0000000d65a00000,0x0000000d65b00000)]
  0x000001f1fe260430 JavaThread "Daemon health stats" [_thread_blocked, id=7924, stack(0x0000000d65d00000,0x0000000d65e00000)]
  0x000001f1fc9d31b0 JavaThread "Incoming local TCP Connector on port 35369" [_thread_in_native, id=3852, stack(0x0000000d65e00000,0x0000000d65f00000)]
  0x000001f1fc063410 JavaThread "Daemon periodic checks" [_thread_blocked, id=7248, stack(0x0000000d65f00000,0x0000000d66000000)]
  0x000001f1fc9fe6f0 JavaThread "Daemon" [_thread_blocked, id=4336, stack(0x0000000d66000000,0x0000000d66100000)]
  0x000001f1fc9febc0 JavaThread "Handler for socket connection from /127.0.0.1:35369 to /127.0.0.1:35371" [_thread_in_native, id=3608, stack(0x0000000d66100000,0x0000000d66200000)]
  0x000001f1fd785ef0 JavaThread "Cancel handler" [_thread_blocked, id=9388, stack(0x0000000d66200000,0x0000000d66300000)]
  0x000001f1fd787700 JavaThread "Daemon worker" [_thread_blocked, id=7528, stack(0x0000000d66300000,0x0000000d66400000)]
  0x000001f1fd785a20 JavaThread "Asynchronous log dispatcher for DefaultDaemonConnection: socket connection from /127.0.0.1:35369 to /127.0.0.1:35371" [_thread_blocked, id=2732, stack(0x0000000d66400000,0x0000000d66500000)]
  0x000001f1fd7863c0 JavaThread "Stdin handler" [_thread_blocked, id=7888, stack(0x0000000d66500000,0x0000000d66600000)]
  0x000001f1fd786890 JavaThread "Daemon client event forwarder" [_thread_blocked, id=1972, stack(0x0000000d66600000,0x0000000d66700000)]
  0x000001f1fd785550 JavaThread "Cache worker for journal cache (C:\Users\DELL\.gradle\caches\journal-1)" [_thread_blocked, id=10792, stack(0x0000000d66700000,0x0000000d66800000)]
  0x000001f1fd786d60 JavaThread "File lock request listener" [_thread_in_native, id=11048, stack(0x0000000d66800000,0x0000000d66900000)]
  0x000001f1fd787bd0 JavaThread "Cache worker for file hash cache (C:\Users\DELL\.gradle\caches\8.0\fileHashes)" [_thread_blocked, id=4288, stack(0x0000000d66900000,0x0000000d66a00000)]
  0x000001f1fd787230 JavaThread "File watcher server" daemon [_thread_in_native, id=9740, stack(0x0000000d66a00000,0x0000000d66b00000)]
  0x000001f1fd788570 JavaThread "File watcher consumer" daemon [_thread_blocked, id=6752, stack(0x0000000d66b00000,0x0000000d66c00000)]
  0x000001f1fd7880a0 JavaThread "jar transforms" [_thread_blocked, id=9204, stack(0x0000000d66c00000,0x0000000d66d00000)]
  0x000001f1fd788a40 JavaThread "jar transforms Thread 2" [_thread_blocked, id=8104, stack(0x0000000d66d00000,0x0000000d66e00000)]
  0x000001f18fb7b270 JavaThread "Cache worker for checksums cache (C:\Users\DELL\AndroidStudioProjects\Pranik\.gradle\8.0\checksums)" [_thread_blocked, id=3068, stack(0x0000000d66e00000,0x0000000d66f00000)]
  0x000001f18fb7ff70 JavaThread "Cache worker for cache directory md-rule (C:\Users\DELL\.gradle\caches\8.0\md-rule)" [_thread_blocked, id=552, stack(0x0000000d66f00000,0x0000000d67000000)]
  0x000001f18fb7f100 JavaThread "Cache worker for file content cache (C:\Users\DELL\.gradle\caches\8.0\fileContent)" [_thread_blocked, id=1436, stack(0x0000000d67000000,0x0000000d67100000)]
  0x000001f18fb7b740 JavaThread "Cache worker for file hash cache (C:\Users\DELL\AndroidStudioProjects\Pranik\.gradle\8.0\fileHashes)" [_thread_blocked, id=7880, stack(0x0000000d67100000,0x0000000d67200000)]
  0x000001f18fb80de0 JavaThread "Cache worker for cache directory md-supplier (C:\Users\DELL\.gradle\caches\8.0\md-supplier)" [_thread_blocked, id=11196, stack(0x0000000d67200000,0x0000000d67300000)]
  0x000001f18fb7a8d0 JavaThread "Cache worker for execution history cache (C:\Users\DELL\.gradle\caches\8.0\executionHistory)" [_thread_blocked, id=1088, stack(0x0000000d67300000,0x0000000d67400000)]

Other Threads:
=>0x000001f1fb3e73b0 VMThread "VM Thread" [stack: 0x0000000d64f00000,0x0000000d65000000] [id=8024]
  0x000001f1fbd958b0 WatcherThread [stack: 0x0000000d65b00000,0x0000000d65c00000] [id=7176]
  0x000001f1f11a44c0 GCTaskThread "GC Thread#0" [stack: 0x0000000d64a00000,0x0000000d64b00000] [id=4388]
  0x000001f1fbf253a0 GCTaskThread "GC Thread#1" [stack: 0x0000000d65c00000,0x0000000d65d00000] [id=3584]
  0x000001f1f11b5310 ConcurrentGCThread "G1 Main Marker" [stack: 0x0000000d64b00000,0x0000000d64c00000] [id=1984]
  0x000001f1f11b5c30 ConcurrentGCThread "G1 Conc#0" [stack: 0x0000000d64c00000,0x0000000d64d00000] [id=988]
  0x000001f1f11fdf90 ConcurrentGCThread "G1 Refine#0" [stack: 0x0000000d64d00000,0x0000000d64e00000] [id=744]
  0x000001f1f11fe8c0 ConcurrentGCThread "G1 Service" [stack: 0x0000000d64e00000,0x0000000d64f00000] [id=10612]

Threads with active compile tasks:
C2 CompilerThread0    19477 4768       4       org.objectweb.asm.ClassReader::readCode (5109 bytes)

VM state: at safepoint (normal execution)

VM Mutex/Monitor currently owned by a thread:  ([mutex/lock_event])
[0x000001f1f1144960] Threads_lock - owner thread: 0x000001f1fb3e73b0
[0x000001f1f1145800] Heap_lock - owner thread: 0x000001f1fd788a40

Heap address: 0x0000000080000000, size: 2048 MB, Compressed Oops mode: 32-bit

CDS archive(s) not mapped
Compressed class space mapped at: 0x0000000100000000-0x0000000140000000, reserved size: 1073741824
Narrow klass base: 0x0000000000000000, Narrow klass shift: 3, Narrow klass range: 0x140000000

GC Precious Log:
 CPUs: 2 total, 2 available
 Memory: 8057M
 Large Page Support: Disabled
 NUMA Support: Disabled
 Compressed Oops: Enabled (32-bit)
 Heap Region Size: 1M
 Heap Min Capacity: 8M
 Heap Initial Capacity: 126M
 Heap Max Capacity: 2G
 Pre-touch: Disabled
 Parallel Workers: 2
 Concurrent Workers: 1
 Concurrent Refinement Workers: 2
 Periodic GC: Disabled

Heap:
 garbage-first heap   total 150528K, used 85976K [0x0000000080000000, 0x0000000100000000)
  region size 1024K, 4 young (4096K), 4 survivors (4096K)
 Metaspace       used 47227K, committed 47680K, reserved 1097728K
  class space    used 6212K, committed 6400K, reserved 1048576K

Heap Regions: E=young(eden), S=young(survivor), O=old, HS=humongous(starts), HC=humongous(continues), CS=collection set, F=free, OA=open archive, CA=closed archive, TAMS=top-at-mark-start (previous, next)
|   0|0x0000000080000000, 0x0000000080100000, 0x0000000080100000|100%| O|  |TAMS 0x0000000080100000, 0x0000000080100000| Untracked 
|   1|0x0000000080100000, 0x0000000080200000, 0x0000000080200000|100%| O|  |TAMS 0x0000000080200000, 0x0000000080200000| Untracked 
|   2|0x0000000080200000, 0x0000000080300000, 0x0000000080300000|100%| O|  |TAMS 0x0000000080300000, 0x0000000080300000| Untracked 
|   3|0x0000000080300000, 0x0000000080400000, 0x0000000080400000|100%|HS|  |TAMS 0x0000000080400000, 0x0000000080400000| Complete 
|   4|0x0000000080400000, 0x0000000080500000, 0x0000000080500000|100%|HC|  |TAMS 0x0000000080500000, 0x0000000080500000| Complete 
|   5|0x0000000080500000, 0x0000000080600000, 0x0000000080600000|100%|HC|  |TAMS 0x0000000080600000, 0x0000000080600000| Complete 
|   6|0x0000000080600000, 0x0000000080700000, 0x0000000080700000|100%|HC|  |TAMS 0x0000000080700000, 0x0000000080700000| Complete 
|   7|0x0000000080700000, 0x0000000080800000, 0x0000000080800000|100%| O|  |TAMS 0x0000000080800000, 0x0000000080800000| Untracked 
|   8|0x0000000080800000, 0x0000000080900000, 0x0000000080900000|100%| O|  |TAMS 0x0000000080900000, 0x0000000080900000| Untracked 
|   9|0x0000000080900000, 0x0000000080a00000, 0x0000000080a00000|100%| O|  |TAMS 0x0000000080a00000, 0x0000000080a00000| Untracked 
|  10|0x0000000080a00000, 0x0000000080b00000, 0x0000000080b00000|100%| O|  |TAMS 0x0000000080b00000, 0x0000000080b00000| Untracked 
|  11|0x0000000080b00000, 0x0000000080c00000, 0x0000000080c00000|100%| O|  |TAMS 0x0000000080c00000, 0x0000000080c00000| Untracked 
|  12|0x0000000080c00000, 0x0000000080d00000, 0x0000000080d00000|100%| O|  |TAMS 0x0000000080d00000, 0x0000000080d00000| Untracked 
|  13|0x0000000080d00000, 0x0000000080e00000, 0x0000000080e00000|100%| O|  |TAMS 0x0000000080e00000, 0x0000000080e00000| Untracked 
|  14|0x0000000080e00000, 0x0000000080f00000, 0x0000000080f00000|100%| O|  |TAMS 0x0000000080f00000, 0x0000000080f00000| Untracked 
|  15|0x0000000080f00000, 0x0000000081000000, 0x0000000081000000|100%| O|  |TAMS 0x0000000081000000, 0x0000000081000000| Untracked 
|  16|0x0000000081000000, 0x0000000081100000, 0x0000000081100000|100%| O|  |TAMS 0x0000000081100000, 0x0000000081100000| Untracked 
|  17|0x0000000081100000, 0x0000000081200000, 0x0000000081200000|100%| O|  |TAMS 0x0000000081200000, 0x0000000081200000| Untracked 
|  18|0x0000000081200000, 0x0000000081300000, 0x0000000081300000|100%| O|  |TAMS 0x0000000081300000, 0x0000000081300000| Untracked 
|  19|0x0000000081300000, 0x0000000081400000, 0x0000000081400000|100%| O|  |TAMS 0x0000000081400000, 0x0000000081400000| Untracked 
|  20|0x0000000081400000, 0x0000000081500000, 0x0000000081500000|100%| O|  |TAMS 0x0000000081400000, 0x00000000814fb400| Untracked 
|  21|0x0000000081500000, 0x0000000081600000, 0x0000000081600000|100%|HS|  |TAMS 0x0000000081600000, 0x0000000081600000| Complete 
|  22|0x0000000081600000, 0x0000000081700000, 0x0000000081700000|100%|HC|  |TAMS 0x0000000081700000, 0x0000000081700000| Complete 
|  23|0x0000000081700000, 0x0000000081800000, 0x0000000081800000|100%|HS|  |TAMS 0x0000000081800000, 0x0000000081800000| Complete 
|  24|0x0000000081800000, 0x0000000081900000, 0x0000000081900000|100%|HC|  |TAMS 0x0000000081900000, 0x0000000081900000| Complete 
|  25|0x0000000081900000, 0x0000000081a00000, 0x0000000081a00000|100%|HC|  |TAMS 0x0000000081a00000, 0x0000000081a00000| Complete 
|  26|0x0000000081a00000, 0x0000000081b00000, 0x0000000081b00000|100%|HS|  |TAMS 0x0000000081b00000, 0x0000000081b00000| Complete 
|  27|0x0000000081b00000, 0x0000000081c00000, 0x0000000081c00000|100%|HC|  |TAMS 0x0000000081c00000, 0x0000000081c00000| Complete 
|  28|0x0000000081c00000, 0x0000000081d00000, 0x0000000081d00000|100%|HC|  |TAMS 0x0000000081d00000, 0x0000000081d00000| Complete 
|  29|0x0000000081d00000, 0x0000000081e00000, 0x0000000081e00000|100%|HS|  |TAMS 0x0000000081e00000, 0x0000000081e00000| Complete 
|  30|0x0000000081e00000, 0x0000000081f00000, 0x0000000081f00000|100%|HC|  |TAMS 0x0000000081f00000, 0x0000000081f00000| Complete 
|  31|0x0000000081f00000, 0x0000000082000000, 0x0000000082000000|100%| O|  |TAMS 0x0000000082000000, 0x0000000082000000| Untracked 
|  32|0x0000000082000000, 0x0000000082100000, 0x0000000082100000|100%| O|  |TAMS 0x0000000082100000, 0x0000000082100000| Untracked 
|  33|0x0000000082100000, 0x0000000082200000, 0x0000000082200000|100%| O|  |TAMS 0x0000000082200000, 0x0000000082200000| Untracked 
|  34|0x0000000082200000, 0x0000000082300000, 0x0000000082300000|100%|HS|  |TAMS 0x0000000082300000, 0x0000000082300000| Complete 
|  35|0x0000000082300000, 0x0000000082400000, 0x0000000082400000|100%|HC|  |TAMS 0x0000000082400000, 0x0000000082400000| Complete 
|  36|0x0000000082400000, 0x0000000082500000, 0x0000000082500000|100%|HC|  |TAMS 0x0000000082500000, 0x0000000082500000| Complete 
|  37|0x0000000082500000, 0x0000000082600000, 0x0000000082600000|100%|HC|  |TAMS 0x0000000082600000, 0x0000000082600000| Complete 
|  38|0x0000000082600000, 0x0000000082700000, 0x0000000082700000|100%|HC|  |TAMS 0x0000000082700000, 0x0000000082700000| Complete 
|  39|0x0000000082700000, 0x0000000082800000, 0x0000000082800000|100%|HC|  |TAMS 0x0000000082800000, 0x0000000082800000| Complete 
|  40|0x0000000082800000, 0x0000000082900000, 0x0000000082900000|100%|HC|  |TAMS 0x0000000082900000, 0x0000000082900000| Complete 
|  41|0x0000000082900000, 0x0000000082a00000, 0x0000000082a00000|100%|HC|  |TAMS 0x0000000082a00000, 0x0000000082a00000| Complete 
|  42|0x0000000082a00000, 0x0000000082b00000, 0x0000000082b00000|100%|HC|  |TAMS 0x0000000082b00000, 0x0000000082b00000| Complete 
|  43|0x0000000082b00000, 0x0000000082c00000, 0x0000000082c00000|100%|HC|  |TAMS 0x0000000082c00000, 0x0000000082c00000| Complete 
|  44|0x0000000082c00000, 0x0000000082d00000, 0x0000000082d00000|100%|HS|  |TAMS 0x0000000082d00000, 0x0000000082d00000| Complete 
|  45|0x0000000082d00000, 0x0000000082e00000, 0x0000000082e00000|100%|HC|  |TAMS 0x0000000082e00000, 0x0000000082e00000| Complete 
|  46|0x0000000082e00000, 0x0000000082f00000, 0x0000000082f00000|100%|HS|  |TAMS 0x0000000082f00000, 0x0000000082f00000| Complete 
|  47|0x0000000082f00000, 0x0000000083000000, 0x0000000083000000|100%|HC|  |TAMS 0x0000000083000000, 0x0000000083000000| Complete 
|  48|0x0000000083000000, 0x0000000083100000, 0x0000000083100000|100%|HC|  |TAMS 0x0000000083100000, 0x0000000083100000| Complete 
|  49|0x0000000083100000, 0x0000000083200000, 0x0000000083200000|100%|HC|  |TAMS 0x0000000083200000, 0x0000000083200000| Complete 
|  50|0x0000000083200000, 0x0000000083300000, 0x0000000083300000|100%|HC|  |TAMS 0x0000000083300000, 0x0000000083300000| Complete 
|  51|0x0000000083300000, 0x0000000083400000, 0x0000000083400000|100%|HC|  |TAMS 0x0000000083400000, 0x0000000083400000| Complete 
|  52|0x0000000083400000, 0x0000000083500000, 0x0000000083500000|100%|HS|  |TAMS 0x0000000083500000, 0x0000000083500000| Complete 
|  53|0x0000000083500000, 0x0000000083600000, 0x0000000083600000|100%| O|  |TAMS 0x0000000083600000, 0x0000000083600000| Untracked 
|  54|0x0000000083600000, 0x0000000083700000, 0x0000000083700000|100%| O|  |TAMS 0x0000000083700000, 0x0000000083700000| Untracked 
|  55|0x0000000083700000, 0x0000000083800000, 0x0000000083800000|100%| O|  |TAMS 0x0000000083800000, 0x0000000083800000| Untracked 
|  56|0x0000000083800000, 0x0000000083900000, 0x0000000083900000|100%| O|  |TAMS 0x0000000083900000, 0x0000000083900000| Untracked 
|  57|0x0000000083900000, 0x0000000083a00000, 0x0000000083a00000|100%| O|  |TAMS 0x0000000083a00000, 0x0000000083a00000| Untracked 
|  58|0x0000000083a00000, 0x0000000083b00000, 0x0000000083b00000|100%| O|  |TAMS 0x0000000083b00000, 0x0000000083b00000| Untracked 
|  59|0x0000000083b00000, 0x0000000083c00000, 0x0000000083c00000|100%| O|  |TAMS 0x0000000083c00000, 0x0000000083c00000| Untracked 
|  60|0x0000000083c00000, 0x0000000083d00000, 0x0000000083d00000|100%| O|  |TAMS 0x0000000083d00000, 0x0000000083d00000| Untracked 
|  61|0x0000000083d00000, 0x0000000083e00000, 0x0000000083e00000|100%|HS|  |TAMS 0x0000000083e00000, 0x0000000083e00000| Complete 
|  62|0x0000000083e00000, 0x0000000083f00000, 0x0000000083f00000|100%|HC|  |TAMS 0x0000000083f00000, 0x0000000083f00000| Complete 
|  63|0x0000000083f00000, 0x0000000084000000, 0x0000000084000000|100%| O|  |TAMS 0x0000000083fd4c00, 0x0000000084000000| Untracked 
|  64|0x0000000084000000, 0x0000000084100000, 0x0000000084100000|100%| O|  |TAMS 0x0000000084100000, 0x0000000084100000| Untracked 
|  65|0x0000000084100000, 0x0000000084200000, 0x0000000084200000|100%| O|  |TAMS 0x0000000084200000, 0x0000000084200000| Untracked 
|  66|0x0000000084200000, 0x0000000084300000, 0x0000000084300000|100%| O|  |TAMS 0x0000000084300000, 0x0000000084300000| Untracked 
|  67|0x0000000084300000, 0x0000000084350a00, 0x0000000084400000| 31%| O|  |TAMS 0x0000000084300000, 0x0000000084300000| Untracked 
|  68|0x0000000084400000, 0x0000000084400000, 0x0000000084500000|  0%| F|  |TAMS 0x0000000084400000, 0x0000000084400000| Untracked 
|  69|0x0000000084500000, 0x0000000084500000, 0x0000000084600000|  0%| F|  |TAMS 0x0000000084500000, 0x0000000084500000| Untracked 
|  70|0x0000000084600000, 0x0000000084600000, 0x0000000084700000|  0%| F|  |TAMS 0x0000000084600000, 0x0000000084600000| Untracked 
|  71|0x0000000084700000, 0x0000000084700000, 0x0000000084800000|  0%| F|  |TAMS 0x0000000084700000, 0x0000000084700000| Untracked 
|  72|0x0000000084800000, 0x0000000084800000, 0x0000000084900000|  0%| F|  |TAMS 0x0000000084800000, 0x0000000084800000| Untracked 
|  73|0x0000000084900000, 0x0000000084900000, 0x0000000084a00000|  0%| F|  |TAMS 0x0000000084900000, 0x0000000084900000| Untracked 
|  74|0x0000000084a00000, 0x0000000084a00000, 0x0000000084b00000|  0%| F|  |TAMS 0x0000000084a00000, 0x0000000084a00000| Untracked 
|  75|0x0000000084b00000, 0x0000000084b00000, 0x0000000084c00000|  0%| F|  |TAMS 0x0000000084b00000, 0x0000000084b00000| Untracked 
|  76|0x0000000084c00000, 0x0000000084c00000, 0x0000000084d00000|  0%| F|  |TAMS 0x0000000084c00000, 0x0000000084c00000| Untracked 
|  77|0x0000000084d00000, 0x0000000084e00000, 0x0000000084e00000|100%|HS|  |TAMS 0x0000000084e00000, 0x0000000084e00000| Complete 
|  78|0x0000000084e00000, 0x0000000084f00000, 0x0000000084f00000|100%|HC|  |TAMS 0x0000000084f00000, 0x0000000084f00000| Complete 
|  79|0x0000000084f00000, 0x0000000085000000, 0x0000000085000000|100%|HC|  |TAMS 0x0000000085000000, 0x0000000085000000| Complete 
|  80|0x0000000085000000, 0x0000000085000000, 0x0000000085100000|  0%| F|  |TAMS 0x0000000085000000, 0x0000000085000000| Untracked 
|  81|0x0000000085100000, 0x0000000085100000, 0x0000000085200000|  0%| F|  |TAMS 0x0000000085100000, 0x0000000085100000| Untracked 
|  82|0x0000000085200000, 0x0000000085200000, 0x0000000085300000|  0%| F|  |TAMS 0x0000000085200000, 0x0000000085200000| Untracked 
|  83|0x0000000085300000, 0x0000000085300000, 0x0000000085400000|  0%| F|  |TAMS 0x0000000085300000, 0x0000000085300000| Untracked 
|  84|0x0000000085400000, 0x0000000085400000, 0x0000000085500000|  0%| F|  |TAMS 0x0000000085400000, 0x0000000085400000| Untracked 
|  85|0x0000000085500000, 0x00000000855a59c0, 0x0000000085600000| 64%| S|CS|TAMS 0x0000000085500000, 0x0000000085500000| Complete 
|  86|0x0000000085600000, 0x0000000085700000, 0x0000000085700000|100%| S|CS|TAMS 0x0000000085600000, 0x0000000085600000| Complete 
|  87|0x0000000085700000, 0x0000000085800000, 0x0000000085800000|100%| S|CS|TAMS 0x0000000085700000, 0x0000000085700000| Complete 
|  88|0x0000000085800000, 0x0000000085900000, 0x0000000085900000|100%| S|CS|TAMS 0x0000000085800000, 0x0000000085800000| Complete 
|  89|0x0000000085900000, 0x0000000085900000, 0x0000000085a00000|  0%| F|  |TAMS 0x0000000085900000, 0x0000000085900000| Untracked 
|  90|0x0000000085a00000, 0x0000000085a00000, 0x0000000085b00000|  0%| F|  |TAMS 0x0000000085a00000, 0x0000000085a00000| Untracked 
|  91|0x0000000085b00000, 0x0000000085b00000, 0x0000000085c00000|  0%| F|  |TAMS 0x0000000085b00000, 0x0000000085b00000| Untracked 
|  92|0x0000000085c00000, 0x0000000085c00000, 0x0000000085d00000|  0%| F|  |TAMS 0x0000000085c00000, 0x0000000085c00000| Untracked 
|  93|0x0000000085d00000, 0x0000000085d00000, 0x0000000085e00000|  0%| F|  |TAMS 0x0000000085d00000, 0x0000000085d00000| Untracked 
|  94|0x0000000085e00000, 0x0000000085e00000, 0x0000000085f00000|  0%| F|  |TAMS 0x0000000085e00000, 0x0000000085e00000| Untracked 
|  95|0x0000000085f00000, 0x0000000085f00000, 0x0000000086000000|  0%| F|  |TAMS 0x0000000085f00000, 0x0000000085f00000| Untracked 
|  96|0x0000000086000000, 0x0000000086000000, 0x0000000086100000|  0%| F|  |TAMS 0x0000000086000000, 0x0000000086000000| Untracked 
|  97|0x0000000086100000, 0x0000000086100000, 0x0000000086200000|  0%| F|  |TAMS 0x0000000086100000, 0x0000000086100000| Untracked 
|  98|0x0000000086200000, 0x0000000086200000, 0x0000000086300000|  0%| F|  |TAMS 0x0000000086200000, 0x0000000086200000| Untracked 
|  99|0x0000000086300000, 0x0000000086300000, 0x0000000086400000|  0%| F|  |TAMS 0x0000000086300000, 0x0000000086300000| Untracked 
| 100|0x0000000086400000, 0x0000000086400000, 0x0000000086500000|  0%| F|  |TAMS 0x0000000086400000, 0x0000000086400000| Untracked 
| 101|0x0000000086500000, 0x0000000086500000, 0x0000000086600000|  0%| F|  |TAMS 0x0000000086500000, 0x0000000086500000| Untracked 
| 102|0x0000000086600000, 0x0000000086600000, 0x0000000086700000|  0%| F|  |TAMS 0x0000000086600000, 0x0000000086600000| Untracked 
| 103|0x0000000086700000, 0x0000000086700000, 0x0000000086800000|  0%| F|  |TAMS 0x0000000086700000, 0x0000000086700000| Untracked 
| 104|0x0000000086800000, 0x0000000086800000, 0x0000000086900000|  0%| F|  |TAMS 0x0000000086800000, 0x0000000086800000| Untracked 
| 105|0x0000000086900000, 0x0000000086900000, 0x0000000086a00000|  0%| F|  |TAMS 0x0000000086900000, 0x0000000086900000| Untracked 
| 106|0x0000000086a00000, 0x0000000086a00000, 0x0000000086b00000|  0%| F|  |TAMS 0x0000000086a00000, 0x0000000086a00000| Untracked 
| 107|0x0000000086b00000, 0x0000000086b00000, 0x0000000086c00000|  0%| F|  |TAMS 0x0000000086b00000, 0x0000000086b00000| Untracked 
| 108|0x0000000086c00000, 0x0000000086c00000, 0x0000000086d00000|  0%| F|  |TAMS 0x0000000086c00000, 0x0000000086c00000| Untracked 
| 109|0x0000000086d00000, 0x0000000086d00000, 0x0000000086e00000|  0%| F|  |TAMS 0x0000000086d00000, 0x0000000086d00000| Untracked 
| 110|0x0000000086e00000, 0x0000000086e00000, 0x0000000086f00000|  0%| F|  |TAMS 0x0000000086e00000, 0x0000000086e00000| Untracked 
| 111|0x0000000086f00000, 0x0000000087000000, 0x0000000087000000|100%|HS|  |TAMS 0x0000000087000000, 0x0000000087000000| Complete 
| 112|0x0000000087000000, 0x0000000087100000, 0x0000000087100000|100%|HC|  |TAMS 0x0000000087100000, 0x0000000087100000| Complete 
| 113|0x0000000087100000, 0x0000000087200000, 0x0000000087200000|100%|HC|  |TAMS 0x0000000087200000, 0x0000000087200000| Complete 
| 114|0x0000000087200000, 0x0000000087300000, 0x0000000087300000|100%|HC|  |TAMS 0x0000000087300000, 0x0000000087300000| Complete 
| 115|0x0000000087300000, 0x0000000087400000, 0x0000000087400000|100%|HC|  |TAMS 0x0000000087400000, 0x0000000087400000| Complete 
| 116|0x0000000087400000, 0x0000000087500000, 0x0000000087500000|100%|HC|  |TAMS 0x0000000087500000, 0x0000000087500000| Complete 
| 117|0x0000000087500000, 0x0000000087600000, 0x0000000087600000|100%|HC|  |TAMS 0x0000000087600000, 0x0000000087600000| Complete 
| 118|0x0000000087600000, 0x0000000087700000, 0x0000000087700000|100%|HC|  |TAMS 0x0000000087700000, 0x0000000087700000| Complete 
| 119|0x0000000087700000, 0x0000000087800000, 0x0000000087800000|100%|HC|  |TAMS 0x0000000087800000, 0x0000000087800000| Complete 
| 120|0x0000000087800000, 0x0000000087900000, 0x0000000087900000|100%|HC|  |TAMS 0x0000000087900000, 0x0000000087900000| Complete 
| 121|0x0000000087900000, 0x0000000087900000, 0x0000000087a00000|  0%| F|  |TAMS 0x0000000087900000, 0x0000000087900000| Untracked 
| 122|0x0000000087a00000, 0x0000000087a00000, 0x0000000087b00000|  0%| F|  |TAMS 0x0000000087a00000, 0x0000000087a00000| Untracked 
| 123|0x0000000087b00000, 0x0000000087b00000, 0x0000000087c00000|  0%| F|  |TAMS 0x0000000087b00000, 0x0000000087b00000| Untracked 
| 124|0x0000000087c00000, 0x0000000087c00000, 0x0000000087d00000|  0%| F|  |TAMS 0x0000000087c00000, 0x0000000087c00000| Untracked 
| 125|0x0000000087d00000, 0x0000000087d00000, 0x0000000087e00000|  0%| F|  |TAMS 0x0000000087d00000, 0x0000000087d00000| Untracked 
| 126|0x0000000087e00000, 0x0000000087e00000, 0x0000000087f00000|  0%| F|  |TAMS 0x0000000087e00000, 0x0000000087e00000| Untracked 
| 127|0x0000000087f00000, 0x0000000087f00000, 0x0000000088000000|  0%| F|  |TAMS 0x0000000087f00000, 0x0000000087f00000| Untracked 
| 128|0x0000000088000000, 0x0000000088000000, 0x0000000088100000|  0%| F|  |TAMS 0x0000000088000000, 0x0000000088000000| Untracked 
| 129|0x0000000088100000, 0x0000000088100000, 0x0000000088200000|  0%| F|  |TAMS 0x0000000088100000, 0x0000000088100000| Untracked 
| 130|0x0000000088200000, 0x0000000088200000, 0x0000000088300000|  0%| F|  |TAMS 0x0000000088200000, 0x0000000088200000| Untracked 
| 131|0x0000000088300000, 0x0000000088300000, 0x0000000088400000|  0%| F|  |TAMS 0x0000000088300000, 0x0000000088300000| Untracked 
| 132|0x0000000088400000, 0x0000000088400000, 0x0000000088500000|  0%| F|  |TAMS 0x0000000088400000, 0x0000000088400000| Untracked 
| 133|0x0000000088500000, 0x0000000088500000, 0x0000000088600000|  0%| F|  |TAMS 0x0000000088500000, 0x0000000088500000| Untracked 
| 134|0x0000000088600000, 0x0000000088600000, 0x0000000088700000|  0%| F|  |TAMS 0x0000000088600000, 0x0000000088600000| Untracked 
| 135|0x0000000088700000, 0x0000000088700000, 0x0000000088800000|  0%| F|  |TAMS 0x0000000088700000, 0x0000000088700000| Untracked 
| 136|0x0000000088800000, 0x0000000088800000, 0x0000000088900000|  0%| F|  |TAMS 0x0000000088800000, 0x0000000088800000| Untracked 
| 137|0x0000000088900000, 0x0000000088900000, 0x0000000088a00000|  0%| F|  |TAMS 0x0000000088900000, 0x0000000088900000| Untracked 
| 138|0x0000000088a00000, 0x0000000088a00000, 0x0000000088b00000|  0%| F|  |TAMS 0x0000000088a00000, 0x0000000088a00000| Untracked 
| 139|0x0000000088b00000, 0x0000000088b00000, 0x0000000088c00000|  0%| F|  |TAMS 0x0000000088b00000, 0x0000000088b00000| Untracked 
| 140|0x0000000088c00000, 0x0000000088c00000, 0x0000000088d00000|  0%| F|  |TAMS 0x0000000088c00000, 0x0000000088c00000| Untracked 
| 141|0x0000000088d00000, 0x0000000088d00000, 0x0000000088e00000|  0%| F|  |TAMS 0x0000000088d00000, 0x0000000088d00000| Untracked 
| 142|0x0000000088e00000, 0x0000000088e00000, 0x0000000088f00000|  0%| F|  |TAMS 0x0000000088e00000, 0x0000000088e00000| Untracked 
| 143|0x0000000088f00000, 0x0000000088f00000, 0x0000000089000000|  0%| F|  |TAMS 0x0000000088f00000, 0x0000000088f00000| Untracked 
| 144|0x0000000089000000, 0x0000000089000000, 0x0000000089100000|  0%| F|  |TAMS 0x0000000089000000, 0x0000000089000000| Untracked 
| 145|0x0000000089100000, 0x0000000089100000, 0x0000000089200000|  0%| F|  |TAMS 0x0000000089100000, 0x0000000089100000| Untracked 
| 146|0x0000000089200000, 0x0000000089200000, 0x0000000089300000|  0%| F|  |TAMS 0x0000000089200000, 0x0000000089200000| Untracked 

Card table byte_map: [0x000001f1f4a00000,0x000001f1f4e00000] _byte_map_base: 0x000001f1f4600000

Marking Bits (Prev, Next): (CMBitMap*) 0x000001f1f11a4a20, (CMBitMap*) 0x000001f1f11a49e0
 Prev Bits: [0x000001f1f7200000, 0x000001f1f9200000)
 Next Bits: [0x000001f1f5200000, 0x000001f1f7200000)

Polling page: 0x000001f1f0900000

Metaspace:

Usage:
  Non-class:     40.05 MB used.
      Class:      6.07 MB used.
       Both:     46.12 MB used.

Virtual space:
  Non-class space:       48.00 MB reserved,      40.31 MB ( 84%) committed,  6 nodes.
      Class space:        1.00 GB reserved,       6.25 MB ( <1%) committed,  1 nodes.
             Both:        1.05 GB reserved,      46.56 MB (  4%) committed. 

Chunk freelists:
   Non-Class:  3.55 MB
       Class:  1.58 MB
        Both:  5.13 MB

MaxMetaspaceSize: unlimited
CompressedClassSpaceSize: 1.00 GB
Initial GC threshold: 21.00 MB
Current GC threshold: 77.50 MB
CDS: off
MetaspaceReclaimPolicy: balanced
 - commit_granule_bytes: 65536.
 - commit_granule_words: 8192.
 - virtual_space_node_default_size: 1048576.
 - enlarge_chunks_in_place: 1.
 - new_chunks_are_fully_committed: 0.
 - uncommit_free_chunks: 1.
 - use_allocation_guard: 0.
 - handle_deallocations: 1.


Internal statistics:

num_allocs_failed_limit: 3.
num_arena_births: 434.
num_arena_deaths: 0.
num_vsnodes_births: 7.
num_vsnodes_deaths: 0.
num_space_committed: 745.
num_space_uncommitted: 0.
num_chunks_returned_to_freelist: 3.
num_chunks_taken_from_freelist: 1883.
num_chunk_merges: 3.
num_chunk_splits: 1207.
num_chunks_enlarged: 828.
num_purges: 0.
num_inconsistent_stats: 0.

CodeHeap 'non-profiled nmethods': size=120064Kb used=2920Kb max_used=2920Kb free=117143Kb
 bounds [0x000001f187ac0000, 0x000001f187da0000, 0x000001f18f000000]
CodeHeap 'profiled nmethods': size=120000Kb used=10438Kb max_used=10438Kb free=109561Kb
 bounds [0x000001f180000000, 0x000001f180a40000, 0x000001f187530000]
CodeHeap 'non-nmethods': size=5696Kb used=2286Kb max_used=2381Kb free=3409Kb
 bounds [0x000001f187530000, 0x000001f1877a0000, 0x000001f187ac0000]
 total_blobs=5512 nmethods=4706 adapters=718
 compilation: enabled
              stopped_count=0, restarted_count=0
 full_count=0

Compilation events (20 events):
Event: 18.084 Thread 0x000001f1fbc82940 4764       1       javax.management.ObjectName::getCanonicalName (5 bytes)
Event: 18.084 Thread 0x000001f1fbc82940 nmethod 4764 0x000001f187d87990 code [0x000001f187d87b20, 0x000001f187d87bf8]
Event: 18.084 Thread 0x000001f1fbc82940 4765       2       java.util.ComparableTimSort::countRunAndMakeAscending (123 bytes)
Event: 18.085 Thread 0x000001f1fbc82940 nmethod 4765 0x000001f180a2c190 code [0x000001f180a2c380, 0x000001f180a2c838]
Event: 18.576 Thread 0x000001f1fb3cd690 nmethod 4754 0x000001f187d87c90 code [0x000001f187d882e0, 0x000001f187d94008]
Event: 18.577 Thread 0x000001f1fb3cd690 4768       4       org.objectweb.asm.ClassReader::readCode (5109 bytes)
Event: 19.074 Thread 0x000001f1fbc82940 4770 %     3       java.util.StringTokenizer::setMaxDelimCodePoint @ 20 (156 bytes)
Event: 19.075 Thread 0x000001f1fbc82940 nmethod 4770% 0x000001f180a2ca90 code [0x000001f180a2cd00, 0x000001f180a2daf8]
Event: 19.075 Thread 0x000001f1fbc82940 4771       3       java.util.StringTokenizer::setMaxDelimCodePoint (156 bytes)
Event: 19.077 Thread 0x000001f1fbc82940 nmethod 4771 0x000001f180a2e010 code [0x000001f180a2e280, 0x000001f180a2efb8]
Event: 19.096 Thread 0x000001f1fbc82940 4773       2       java.lang.management.ManagementFactory$$Lambda$58/0x00000001001691d8::apply (12 bytes)
Event: 19.096 Thread 0x000001f1fbc82940 nmethod 4773 0x000001f180a2f490 code [0x000001f180a2f640, 0x000001f180a2f7f8]
Event: 19.097 Thread 0x000001f1fbc82940 4774       2       sun.management.spi.PlatformMBeanProvider$PlatformComponent::getMBeans (87 bytes)
Event: 19.098 Thread 0x000001f1fbc82940 nmethod 4774 0x000001f180a2f910 code [0x000001f180a2fba0, 0x000001f180a30238]
Event: 19.098 Thread 0x000001f1fbc82940 4775       2       sun.management.MemoryPoolImpl::getType (15 bytes)
Event: 19.098 Thread 0x000001f1fbc82940 nmethod 4775 0x000001f180a30690 code [0x000001f180a30820, 0x000001f180a30978]
Event: 19.245 Thread 0x000001f1fbc82940 4776 %     3       org.gradle.internal.classpath.InstrumentingBackwardsCompatibilityVisitor::fixAsmObjectsForBackwardsCompatibility @ 8 (31 bytes)
Event: 19.245 Thread 0x000001f1fbc82940 nmethod 4776% 0x000001f180a30a10 code [0x000001f180a30be0, 0x000001f180a31088]
Event: 19.245 Thread 0x000001f1fbc82940 4777       3       org.gradle.internal.classpath.InstrumentingBackwardsCompatibilityVisitor::fixAsmObjectsForBackwardsCompatibility (31 bytes)
Event: 19.246 Thread 0x000001f1fbc82940 nmethod 4777 0x000001f180a31290 code [0x000001f180a31460, 0x000001f180a31888]

GC Heap History (20 events):
Event: 14.180 GC heap after
{Heap after GC invocations=27 (full 0):
 garbage-first heap   total 150528K, used 82720K [0x0000000080000000, 0x0000000100000000)
  region size 1024K, 2 young (2048K), 2 survivors (2048K)
 Metaspace       used 47159K, committed 47552K, reserved 1097728K
  class space    used 6204K, committed 6400K, reserved 1048576K
}
Event: 14.715 GC heap before
{Heap before GC invocations=28 (full 0):
 garbage-first heap   total 150528K, used 124704K [0x0000000080000000, 0x0000000100000000)
  region size 1024K, 44 young (45056K), 2 survivors (2048K)
 Metaspace       used 47200K, committed 47616K, reserved 1097728K
  class space    used 6212K, committed 6400K, reserved 1048576K
}
Event: 14.718 GC heap after
{Heap after GC invocations=29 (full 0):
 garbage-first heap   total 150528K, used 82175K [0x0000000080000000, 0x0000000100000000)
  region size 1024K, 2 young (2048K), 2 survivors (2048K)
 Metaspace       used 47200K, committed 47616K, reserved 1097728K
  class space    used 6212K, committed 6400K, reserved 1048576K
}
Event: 15.152 GC heap before
{Heap before GC invocations=29 (full 0):
 garbage-first heap   total 150528K, used 126207K [0x0000000080000000, 0x0000000100000000)
  region size 1024K, 45 young (46080K), 2 survivors (2048K)
 Metaspace       used 47209K, committed 47680K, reserved 1097728K
  class space    used 6212K, committed 6400K, reserved 1048576K
}
Event: 15.155 GC heap after
{Heap after GC invocations=30 (full 0):
 garbage-first heap   total 150528K, used 82537K [0x0000000080000000, 0x0000000100000000)
  region size 1024K, 2 young (2048K), 2 survivors (2048K)
 Metaspace       used 47209K, committed 47680K, reserved 1097728K
  class space    used 6212K, committed 6400K, reserved 1048576K
}
Event: 15.713 GC heap before
{Heap before GC invocations=31 (full 0):
 garbage-first heap   total 150528K, used 128617K [0x0000000080000000, 0x0000000100000000)
  region size 1024K, 47 young (48128K), 2 survivors (2048K)
 Metaspace       used 47214K, committed 47680K, reserved 1097728K
  class space    used 6212K, committed 6400K, reserved 1048576K
}
Event: 15.716 GC heap after
{Heap after GC invocations=32 (full 0):
 garbage-first heap   total 150528K, used 83008K [0x0000000080000000, 0x0000000100000000)
  region size 1024K, 3 young (3072K), 3 survivors (3072K)
 Metaspace       used 47214K, committed 47680K, reserved 1097728K
  class space    used 6212K, committed 6400K, reserved 1048576K
}
Event: 16.219 GC heap before
{Heap before GC invocations=32 (full 0):
 garbage-first heap   total 150528K, used 129088K [0x0000000080000000, 0x0000000100000000)
  region size 1024K, 48 young (49152K), 3 survivors (3072K)
 Metaspace       used 47214K, committed 47680K, reserved 1097728K
  class space    used 6212K, committed 6400K, reserved 1048576K
}
Event: 16.223 GC heap after
{Heap after GC invocations=33 (full 0):
 garbage-first heap   total 150528K, used 83577K [0x0000000080000000, 0x0000000100000000)
  region size 1024K, 3 young (3072K), 3 survivors (3072K)
 Metaspace       used 47214K, committed 47680K, reserved 1097728K
  class space    used 6212K, committed 6400K, reserved 1048576K
}
Event: 16.791 GC heap before
{Heap before GC invocations=34 (full 0):
 garbage-first heap   total 150528K, used 129657K [0x0000000080000000, 0x0000000100000000)
  region size 1024K, 48 young (49152K), 3 survivors (3072K)
 Metaspace       used 47216K, committed 47680K, reserved 1097728K
  class space    used 6212K, committed 6400K, reserved 1048576K
}
Event: 16.795 GC heap after
{Heap after GC invocations=35 (full 0):
 garbage-first heap   total 150528K, used 83738K [0x0000000080000000, 0x0000000100000000)
  region size 1024K, 3 young (3072K), 3 survivors (3072K)
 Metaspace       used 47216K, committed 47680K, reserved 1097728K
  class space    used 6212K, committed 6400K, reserved 1048576K
}
Event: 17.301 GC heap before
{Heap before GC invocations=35 (full 0):
 garbage-first heap   total 150528K, used 130842K [0x0000000080000000, 0x0000000100000000)
  region size 1024K, 49 young (50176K), 3 survivors (3072K)
 Metaspace       used 47219K, committed 47680K, reserved 1097728K
  class space    used 6212K, committed 6400K, reserved 1048576K
}
Event: 17.305 GC heap after
{Heap after GC invocations=36 (full 0):
 garbage-first heap   total 150528K, used 84029K [0x0000000080000000, 0x0000000100000000)
  region size 1024K, 4 young (4096K), 4 survivors (4096K)
 Metaspace       used 47219K, committed 47680K, reserved 1097728K
  class space    used 6212K, committed 6400K, reserved 1048576K
}
Event: 17.799 GC heap before
{Heap before GC invocations=37 (full 0):
 garbage-first heap   total 150528K, used 130109K [0x0000000080000000, 0x0000000100000000)
  region size 1024K, 49 young (50176K), 4 survivors (4096K)
 Metaspace       used 47221K, committed 47680K, reserved 1097728K
  class space    used 6212K, committed 6400K, reserved 1048576K
}
Event: 17.804 GC heap after
{Heap after GC invocations=38 (full 0):
 garbage-first heap   total 150528K, used 84567K [0x0000000080000000, 0x0000000100000000)
  region size 1024K, 4 young (4096K), 4 survivors (4096K)
 Metaspace       used 47221K, committed 47680K, reserved 1097728K
  class space    used 6212K, committed 6400K, reserved 1048576K
}
Event: 18.414 GC heap before
{Heap before GC invocations=38 (full 0):
 garbage-first heap   total 150528K, used 130647K [0x0000000080000000, 0x0000000100000000)
  region size 1024K, 49 young (50176K), 4 survivors (4096K)
 Metaspace       used 47224K, committed 47680K, reserved 1097728K
  class space    used 6212K, committed 6400K, reserved 1048576K
}
Event: 18.419 GC heap after
{Heap after GC invocations=39 (full 0):
 garbage-first heap   total 150528K, used 85122K [0x0000000080000000, 0x0000000100000000)
  region size 1024K, 5 young (5120K), 5 survivors (5120K)
 Metaspace       used 47224K, committed 47680K, reserved 1097728K
  class space    used 6212K, committed 6400K, reserved 1048576K
}
Event: 18.896 GC heap before
{Heap before GC invocations=40 (full 0):
 garbage-first heap   total 150528K, used 129154K [0x0000000080000000, 0x0000000100000000)
  region size 1024K, 48 young (49152K), 5 survivors (5120K)
 Metaspace       used 47224K, committed 47680K, reserved 1097728K
  class space    used 6212K, committed 6400K, reserved 1048576K
}
Event: 18.901 GC heap after
{Heap after GC invocations=41 (full 0):
 garbage-first heap   total 150528K, used 85677K [0x0000000080000000, 0x0000000100000000)
  region size 1024K, 4 young (4096K), 4 survivors (4096K)
 Metaspace       used 47224K, committed 47680K, reserved 1097728K
  class space    used 6212K, committed 6400K, reserved 1048576K
}
Event: 19.433 GC heap before
{Heap before GC invocations=41 (full 0):
 garbage-first heap   total 150528K, used 130733K [0x0000000080000000, 0x0000000100000000)
  region size 1024K, 48 young (49152K), 4 survivors (4096K)
 Metaspace       used 47227K, committed 47680K, reserved 1097728K
  class space    used 6212K, committed 6400K, reserved 1048576K
}

Dll operation events (2 events):
Event: 0.010 Loaded shared library E:\Android Pro\jbr\bin\java.dll
Event: 0.849 Loaded shared library E:\Android Pro\jbr\bin\verify.dll

Deoptimization events (20 events):
Event: 19.089 Thread 0x000001f1fd788a40 DEOPT PACKING pc=0x000001f180a21e47 sp=0x0000000d66dfe3c0
Event: 19.089 Thread 0x000001f1fd788a40 DEOPT UNPACKING pc=0x000001f187587124 sp=0x0000000d66dfdad0 mode 0
Event: 19.161 Thread 0x000001f1fd7880a0 DEOPT PACKING pc=0x000001f180a21e47 sp=0x0000000d66cfe390
Event: 19.161 Thread 0x000001f1fd7880a0 DEOPT UNPACKING pc=0x000001f187587124 sp=0x0000000d66cfdaa0 mode 0
Event: 19.222 Thread 0x000001f1fd788a40 DEOPT PACKING pc=0x000001f180a21e47 sp=0x0000000d66dfe3c0
Event: 19.222 Thread 0x000001f1fd788a40 DEOPT UNPACKING pc=0x000001f187587124 sp=0x0000000d66dfdad0 mode 0
Event: 19.246 Thread 0x000001f1fd7880a0 DEOPT PACKING pc=0x000001f1809c623c sp=0x0000000d66cfe5b0
Event: 19.246 Thread 0x000001f1fd7880a0 DEOPT UNPACKING pc=0x000001f187587124 sp=0x0000000d66cfda60 mode 0
Event: 19.257 Thread 0x000001f1fd7880a0 DEOPT PACKING pc=0x000001f180a21eaf sp=0x0000000d66cfe390
Event: 19.257 Thread 0x000001f1fd7880a0 DEOPT UNPACKING pc=0x000001f187587124 sp=0x0000000d66cfdaa0 mode 0
Event: 19.305 Thread 0x000001f1fd788a40 DEOPT PACKING pc=0x000001f180a21e47 sp=0x0000000d66dfe3c0
Event: 19.305 Thread 0x000001f1fd788a40 DEOPT UNPACKING pc=0x000001f187587124 sp=0x0000000d66dfdad0 mode 0
Event: 19.318 Thread 0x000001f1fd788a40 DEOPT PACKING pc=0x000001f180a21e47 sp=0x0000000d66dfe3c0
Event: 19.318 Thread 0x000001f1fd788a40 DEOPT UNPACKING pc=0x000001f187587124 sp=0x0000000d66dfdad0 mode 0
Event: 19.344 Thread 0x000001f1fd7880a0 DEOPT PACKING pc=0x000001f180a21e47 sp=0x0000000d66cfe390
Event: 19.344 Thread 0x000001f1fd7880a0 DEOPT UNPACKING pc=0x000001f187587124 sp=0x0000000d66cfdaa0 mode 0
Event: 19.356 Thread 0x000001f1fd7880a0 DEOPT PACKING pc=0x000001f180a21e47 sp=0x0000000d66cfe390
Event: 19.356 Thread 0x000001f1fd7880a0 DEOPT UNPACKING pc=0x000001f187587124 sp=0x0000000d66cfdaa0 mode 0
Event: 19.416 Thread 0x000001f1fd788a40 DEOPT PACKING pc=0x000001f180a21e47 sp=0x0000000d66dfe3c0
Event: 19.416 Thread 0x000001f1fd788a40 DEOPT UNPACKING pc=0x000001f187587124 sp=0x0000000d66dfdad0 mode 0

Classes unloaded (0 events):
No events

Classes redefined (0 events):
No events

Internal exceptions (20 events):
Event: 11.193 Thread 0x000001f1fd787700 Exception <a 'java/lang/ClassNotFoundException'{0x0000000086abf7a8}: org/gradle/api/internal/initialization/DefaultScriptHandlerCustomizer> (0x0000000086abf7a8) 
thrown [s\src\hotspot\share\classfile\systemDictionary.cpp, line 256]
Event: 11.619 Thread 0x000001f1fd787700 Implicit null exception at 0x000001f187c39aec to 0x000001f187c39ba0
Event: 11.630 Thread 0x000001f1fd787700 Exception <a 'java/lang/ClassNotFoundException'{0x000000008633ed88}: org/gradle/api/internal/artifacts/dsl/dependencies/DefaultDependencyHandler_DecoratedBeanInfo> (0x000000008633ed88) 
thrown [s\src\hotspot\share\classfile\systemDictionary.cpp, line 256]
Event: 11.632 Thread 0x000001f1fd787700 Exception <a 'java/lang/ClassNotFoundException'{0x00000000863548b0}: org/gradle/api/internal/artifacts/dsl/dependencies/DefaultDependencyHandlerBeanInfo> (0x00000000863548b0) 
thrown [s\src\hotspot\share\classfile\systemDictionary.cpp, line 256]
Event: 11.633 Thread 0x000001f1fd787700 Exception <a 'java/lang/ClassNotFoundException'{0x0000000086369b38}: org/gradle/api/internal/artifacts/dsl/dependencies/DefaultDependencyHandlerCustomizer> (0x0000000086369b38) 
thrown [s\src\hotspot\share\classfile\systemDictionary.cpp, line 256]
Event: 11.644 Thread 0x000001f1fd787700 Exception <a 'java/lang/ClassNotFoundException'{0x00000000863a88f0}: org/gradle/api/internal/artifacts/dsl/dependencies/DefaultDependencyHandler_DecoratedCustomizer> (0x00000000863a88f0) 
thrown [s\src\hotspot\share\classfile\systemDictionary.cpp, line 256]
Event: 11.840 Thread 0x000001f1fd787700 Exception <a 'java/lang/NoSuchMethodError'{0x00000000860b6468}: 'java.lang.Object java.lang.invoke.DirectMethodHandle$Holder.newInvokeSpecial(java.lang.Object, int, java.lang.Object)'> (0x00000000860b6468) 
thrown [s\src\hotspot\share\interpreter\linkResolver.cpp, line 771]
Event: 12.141 Thread 0x000001f1fd787700 Exception <a 'java/lang/NoSuchMethodError'{0x0000000086cadc08}: 'int java.lang.invoke.DirectMethodHandle$Holder.invokeStatic(java.lang.Object)'> (0x0000000086cadc08) 
thrown [s\src\hotspot\share\interpreter\linkResolver.cpp, line 771]
Event: 12.141 Thread 0x000001f1fd787700 Exception <a 'java/lang/NoSuchMethodError'{0x0000000086cb1ff8}: 'int java.lang.invoke.DirectMethodHandle$Holder.invokeStaticInit(java.lang.Object)'> (0x0000000086cb1ff8) 
thrown [s\src\hotspot\share\interpreter\linkResolver.cpp, line 771]
Event: 12.203 Thread 0x000001f1fd788a40 Exception <a 'sun/nio/fs/WindowsException'{0x0000000086cfae90}> (0x0000000086cfae90) 
thrown [s\src\hotspot\share\prims\jni.cpp, line 517]
Event: 12.219 Thread 0x000001f1fd788a40 Exception <a 'sun/nio/fs/WindowsException'{0x0000000086bc6a98}> (0x0000000086bc6a98) 
thrown [s\src\hotspot\share\prims\jni.cpp, line 517]
Event: 12.220 Thread 0x000001f1fd788a40 Exception <a 'sun/nio/fs/WindowsException'{0x0000000086bc6c00}> (0x0000000086bc6c00) 
thrown [s\src\hotspot\share\prims\jni.cpp, line 517]
Event: 12.238 Thread 0x000001f1fd787700 Exception <a 'java/lang/ClassNotFoundException'{0x0000000086a0c600}: sync_studio_tooling6_5egt4dz40ppyotbwjtig9r7h6BeanInfo> (0x0000000086a0c600) 
thrown [s\src\hotspot\share\classfile\systemDictionary.cpp, line 256]
Event: 12.238 Thread 0x000001f1fd787700 Exception <a 'java/lang/ClassNotFoundException'{0x0000000086a12eb0}: sync_studio_tooling6_5egt4dz40ppyotbwjtig9r7h6Customizer> (0x0000000086a12eb0) 
thrown [s\src\hotspot\share\classfile\systemDictionary.cpp, line 256]
Event: 12.271 Thread 0x000001f1fd787700 Exception <a 'java/lang/ClassNotFoundException'{0x0000000086ac14f0}: ijinit_ea0znhqfvqo11g8b6ui80fn5nBeanInfo> (0x0000000086ac14f0) 
thrown [s\src\hotspot\share\classfile\systemDictionary.cpp, line 256]
Event: 12.271 Thread 0x000001f1fd787700 Exception <a 'java/lang/ClassNotFoundException'{0x0000000086ac7d70}: ijinit_ea0znhqfvqo11g8b6ui80fn5nCustomizer> (0x0000000086ac7d70) 
thrown [s\src\hotspot\share\classfile\systemDictionary.cpp, line 256]
Event: 12.280 Thread 0x000001f1fd787700 Exception <a 'java/lang/ClassNotFoundException'{0x0000000086905410}: ijinit_ea0znhqfvqo11g8b6ui80fn5n$_run_closure1BeanInfo> (0x0000000086905410) 
thrown [s\src\hotspot\share\classfile\systemDictionary.cpp, line 256]
Event: 12.281 Thread 0x000001f1fd787700 Exception <a 'java/lang/ClassNotFoundException'{0x000000008690c370}: ijinit_ea0znhqfvqo11g8b6ui80fn5n$_run_closure1Customizer> (0x000000008690c370) 
thrown [s\src\hotspot\share\classfile\systemDictionary.cpp, line 256]
Event: 12.735 Thread 0x000001f1fd7880a0 Exception <a 'sun/nio/fs/WindowsException'{0x0000000087d3a3d0}> (0x0000000087d3a3d0) 
thrown [s\src\hotspot\share\prims\jni.cpp, line 517]
Event: 13.005 Thread 0x000001f1fd788a40 Exception <a 'sun/nio/fs/WindowsException'{0x0000000085ab5580}> (0x0000000085ab5580) 
thrown [s\src\hotspot\share\prims\jni.cpp, line 517]

VM Operations (20 events):
Event: 16.326 Executing VM operation: G1Concurrent done
Event: 16.790 Executing VM operation: G1CollectForAllocation
Event: 16.798 Executing VM operation: G1CollectForAllocation done
Event: 17.301 Executing VM operation: G1CollectForAllocation
Event: 17.336 Executing VM operation: G1CollectForAllocation done
Event: 17.363 Executing VM operation: G1Concurrent
Event: 17.370 Executing VM operation: G1Concurrent done
Event: 17.399 Executing VM operation: G1Concurrent
Event: 17.403 Executing VM operation: G1Concurrent done
Event: 17.799 Executing VM operation: G1CollectForAllocation
Event: 17.804 Executing VM operation: G1CollectForAllocation done
Event: 18.414 Executing VM operation: G1CollectForAllocation
Event: 18.445 Executing VM operation: G1CollectForAllocation done
Event: 18.476 Executing VM operation: G1Concurrent
Event: 18.482 Executing VM operation: G1Concurrent done
Event: 18.513 Executing VM operation: G1Concurrent
Event: 18.513 Executing VM operation: G1Concurrent done
Event: 18.896 Executing VM operation: G1CollectForAllocation
Event: 18.901 Executing VM operation: G1CollectForAllocation done
Event: 19.429 Executing VM operation: G1CollectForAllocation

Events (20 events):
Event: 10.850 loading class java/nio/channels/Channels
Event: 10.850 loading class java/nio/channels/Channels done
Event: 10.850 loading class sun/nio/ch/ChannelInputStream
Event: 10.850 loading class sun/nio/ch/ChannelInputStream done
Event: 10.930 loading class java/nio/StringCharBuffer
Event: 10.930 loading class java/nio/StringCharBuffer done
Event: 11.032 loading class java/nio/file/StandardCopyOption
Event: 11.032 loading class java/nio/file/StandardCopyOption done
Event: 11.032 loading class sun/nio/fs/WindowsFileCopy
Event: 11.033 loading class sun/nio/fs/WindowsFileCopy done
Event: 12.073 loading class java/io/DeleteOnExitHook
Event: 12.073 loading class java/io/DeleteOnExitHook done
Event: 12.073 loading class java/io/DeleteOnExitHook$1
Event: 12.073 loading class java/io/DeleteOnExitHook$1 done
Event: 12.842 loading class java/security/Key
Event: 12.842 loading class java/security/Key done
Event: 14.183 loading class java/util/concurrent/LinkedBlockingDeque$Itr
Event: 14.183 loading class java/util/concurrent/LinkedBlockingDeque$AbstractItr
Event: 14.183 loading class java/util/concurrent/LinkedBlockingDeque$AbstractItr done
Event: 14.183 loading class java/util/concurrent/LinkedBlockingDeque$Itr done


Dynamic libraries:
0x00007ff6b9b10000 - 0x00007ff6b9b1a000 	E:\Android Pro\jbr\bin\java.exe
0x00007ffcf9c20000 - 0x00007ffcf9e10000 	C:\WINDOWS\SYSTEM32\ntdll.dll
0x00007ffcf89c0000 - 0x00007ffcf8a72000 	C:\WINDOWS\System32\KERNEL32.DLL
0x00007ffcf7600000 - 0x00007ffcf78a5000 	C:\WINDOWS\System32\KERNELBASE.dll
0x00007ffcf4180000 - 0x00007ffcf420f000 	C:\WINDOWS\SYSTEM32\apphelp.dll
0x00007ffcf7a30000 - 0x00007ffcf7b2a000 	C:\WINDOWS\System32\ucrtbase.dll
0x00007ffcf02d0000 - 0x00007ffcf02e7000 	E:\Android Pro\jbr\bin\jli.dll
0x00007ffcf8820000 - 0x00007ffcf89b5000 	C:\WINDOWS\System32\USER32.dll
0x00007ffcf78b0000 - 0x00007ffcf78d1000 	C:\WINDOWS\System32\win32u.dll
0x00007ffcf9490000 - 0x00007ffcf94b6000 	C:\WINDOWS\System32\GDI32.dll
0x00007ffcf7b30000 - 0x00007ffcf7cc6000 	C:\WINDOWS\System32\gdi32full.dll
0x00007ffcf6c30000 - 0x00007ffcf6cce000 	C:\WINDOWS\System32\msvcp_win.dll
0x00007ffcf00c0000 - 0x00007ffcf00db000 	E:\Android Pro\jbr\bin\VCRUNTIME140.dll
0x00007ffce4920000 - 0x00007ffce4ba4000 	C:\WINDOWS\WinSxS\amd64_microsoft.windows.common-controls_6595b64144ccf1df_6.0.18362.1082_none_9e8193e1e45b25c1\COMCTL32.dll
0x00007ffcf9b40000 - 0x00007ffcf9bde000 	C:\WINDOWS\System32\msvcrt.dll
0x00007ffcf8430000 - 0x00007ffcf8765000 	C:\WINDOWS\System32\combase.dll
0x00007ffcf9230000 - 0x00007ffcf9350000 	C:\WINDOWS\System32\RPCRT4.dll
0x00007ffcf6bb0000 - 0x00007ffcf6c30000 	C:\WINDOWS\System32\bcryptPrimitives.dll
0x00007ffcf7cd0000 - 0x00007ffcf7cfe000 	C:\WINDOWS\System32\IMM32.DLL
0x00007ffcf0470000 - 0x00007ffcf047c000 	E:\Android Pro\jbr\bin\vcruntime140_1.dll
0x00007ffce5230000 - 0x00007ffce52bd000 	E:\Android Pro\jbr\bin\msvcp140.dll
0x00007ffcb45b0000 - 0x00007ffcb521d000 	E:\Android Pro\jbr\bin\server\jvm.dll
0x00007ffcf8770000 - 0x00007ffcf8813000 	C:\WINDOWS\System32\ADVAPI32.dll
0x00007ffcf7d00000 - 0x00007ffcf7d97000 	C:\WINDOWS\System32\sechost.dll
0x00007ffcf4040000 - 0x00007ffcf4049000 	C:\WINDOWS\SYSTEM32\WSOCK32.dll
0x00007ffcf9420000 - 0x00007ffcf948f000 	C:\WINDOWS\System32\WS2_32.dll
0x00007ffcf3f50000 - 0x00007ffcf3f74000 	C:\WINDOWS\SYSTEM32\WINMM.dll
0x00007ffceb1f0000 - 0x00007ffceb1fa000 	C:\WINDOWS\SYSTEM32\VERSION.dll
0x00007ffcf3f20000 - 0x00007ffcf3f4d000 	C:\WINDOWS\SYSTEM32\WINMMBASE.dll
0x00007ffcf6e00000 - 0x00007ffcf6e4a000 	C:\WINDOWS\System32\cfgmgr32.dll
0x00007ffcf6af0000 - 0x00007ffcf6b01000 	C:\WINDOWS\System32\kernel.appcore.dll
0x00007ffcf2950000 - 0x00007ffcf295a000 	E:\Android Pro\jbr\bin\jimage.dll
0x00007ffcf5750000 - 0x00007ffcf5944000 	C:\WINDOWS\SYSTEM32\DBGHELP.DLL
0x00007ffcdfc20000 - 0x00007ffcdfc4a000 	C:\WINDOWS\SYSTEM32\dbgcore.DLL
0x00007ffcf02f0000 - 0x00007ffcf0315000 	E:\Android Pro\jbr\bin\java.dll
0x00007ffcf0d30000 - 0x00007ffcf0d48000 	E:\Android Pro\jbr\bin\zip.dll
0x00007ffcf8b40000 - 0x00007ffcf9227000 	C:\WINDOWS\System32\SHELL32.dll
0x00007ffcf8a90000 - 0x00007ffcf8b39000 	C:\WINDOWS\System32\shcore.dll
0x00007ffcf6e80000 - 0x00007ffcf7600000 	C:\WINDOWS\System32\windows.storage.dll
0x00007ffcf6b60000 - 0x00007ffcf6b83000 	C:\WINDOWS\System32\profapi.dll
0x00007ffcf6b10000 - 0x00007ffcf6b5a000 	C:\WINDOWS\System32\powrprof.dll
0x00007ffcf6ae0000 - 0x00007ffcf6af0000 	C:\WINDOWS\System32\UMPDC.dll
0x00007ffcf94c0000 - 0x00007ffcf9512000 	C:\WINDOWS\System32\shlwapi.dll
0x00007ffcf6de0000 - 0x00007ffcf6df7000 	C:\WINDOWS\System32\cryptsp.dll
0x00007ffcf08c0000 - 0x00007ffcf08d9000 	E:\Android Pro\jbr\bin\net.dll
0x00007ffce9f40000 - 0x00007ffcea030000 	C:\WINDOWS\SYSTEM32\WINHTTP.dll
0x00007ffcf6330000 - 0x00007ffcf6397000 	C:\WINDOWS\system32\mswsock.dll
0x00007ffcf02b0000 - 0x00007ffcf02c6000 	E:\Android Pro\jbr\bin\nio.dll
0x00007ffcf0b10000 - 0x00007ffcf0b20000 	E:\Android Pro\jbr\bin\verify.dll
0x00007ffce93f0000 - 0x00007ffce9417000 	C:\Users\DELL\.gradle\native\68d5fa5c4cc2d200863cafc0d521ce42e7d3e7ee720ec0a83991735586a16f82\windows-amd64\native-platform.dll
0x00007ffcc5810000 - 0x00007ffcc5954000 	C:\Users\DELL\.gradle\native\e376f236ea51e6404a007f0833ffe2c6e607c4080706a723a18a27aeea778392\windows-amd64\native-platform-file-events.dll
0x00007ffcf2930000 - 0x00007ffcf2939000 	E:\Android Pro\jbr\bin\management.dll
0x00007ffcf1040000 - 0x00007ffcf104b000 	E:\Android Pro\jbr\bin\management_ext.dll
0x00007ffcf81b0000 - 0x00007ffcf81b8000 	C:\WINDOWS\System32\PSAPI.DLL
0x00007ffcf5ea0000 - 0x00007ffcf5ed3000 	C:\WINDOWS\system32\rsaenh.dll
0x00007ffcf6e50000 - 0x00007ffcf6e76000 	C:\WINDOWS\System32\bcrypt.dll
0x00007ffcf6a00000 - 0x00007ffcf6a25000 	C:\WINDOWS\SYSTEM32\USERENV.dll
0x00007ffcf6500000 - 0x00007ffcf650c000 	C:\WINDOWS\SYSTEM32\CRYPTBASE.dll
0x00007ffcf6040000 - 0x00007ffcf607a000 	C:\WINDOWS\SYSTEM32\IPHLPAPI.DLL
0x00007ffcf8a80000 - 0x00007ffcf8a88000 	C:\WINDOWS\System32\NSI.dll
0x00007ffcea8c0000 - 0x00007ffcea8d6000 	C:\WINDOWS\SYSTEM32\dhcpcsvc6.DLL
0x00007ffcea8a0000 - 0x00007ffcea8bc000 	C:\WINDOWS\SYSTEM32\dhcpcsvc.DLL
0x00007ffcf6080000 - 0x00007ffcf614b000 	C:\WINDOWS\SYSTEM32\DNSAPI.dll
0x00007ffcf04a0000 - 0x00007ffcf04a7000 	C:\WINDOWS\system32\wshunix.dll

dbghelp: loaded successfully - version: 4.0.5 - missing functions: none
symbol engine: initialized successfully - sym options: 0x614 - pdb path: .;E:\Android Pro\jbr\bin;C:\WINDOWS\SYSTEM32;C:\WINDOWS\WinSxS\amd64_microsoft.windows.common-controls_6595b64144ccf1df_6.0.18362.1082_none_9e8193e1e45b25c1;E:\Android Pro\jbr\bin\server;C:\Users\DELL\.gradle\native\68d5fa5c4cc2d200863cafc0d521ce42e7d3e7ee720ec0a83991735586a16f82\windows-amd64;C:\Users\DELL\.gradle\native\e376f236ea51e6404a007f0833ffe2c6e607c4080706a723a18a27aeea778392\windows-amd64

VM Arguments:
jvm_args: --add-opens=java.base/java.util=ALL-UNNAMED --add-opens=java.base/java.lang=ALL-UNNAMED --add-opens=java.base/java.lang.invoke=ALL-UNNAMED --add-opens=java.prefs/java.util.prefs=ALL-UNNAMED --add-opens=java.base/java.nio.charset=ALL-UNNAMED --add-opens=java.base/java.net=ALL-UNNAMED --add-opens=java.base/java.util.concurrent.atomic=ALL-UNNAMED -Xmx2048m -Dfile.encoding=UTF-8 -Duser.country=US -Duser.language=en -Duser.variant 
java_command: org.gradle.launcher.daemon.bootstrap.GradleDaemon 8.0
java_class_path (initial): C:\Users\DELL\.gradle\wrapper\dists\gradle-8.0-bin\ca5e32bp14vu59qr306oxotwh\gradle-8.0\lib\gradle-launcher-8.0.jar
Launcher Type: SUN_STANDARD

[Global flags]
     intx CICompilerCount                          = 2                                         {product} {ergonomic}
     uint ConcGCThreads                            = 1                                         {product} {ergonomic}
     uint G1ConcRefinementThreads                  = 2                                         {product} {ergonomic}
   size_t G1HeapRegionSize                         = 1048576                                   {product} {ergonomic}
    uintx GCDrainStackTargetSize                   = 64                                        {product} {ergonomic}
   size_t InitialHeapSize                          = 132120576                                 {product} {ergonomic}
   size_t MarkStackSize                            = 4194304                                   {product} {ergonomic}
   size_t MaxHeapSize                              = 2147483648                                {product} {command line}
   size_t MaxNewSize                               = 1287651328                                {product} {ergonomic}
   size_t MinHeapDeltaBytes                        = 1048576                                   {product} {ergonomic}
   size_t MinHeapSize                              = 8388608                                   {product} {ergonomic}
    uintx NonNMethodCodeHeapSize                   = 5826188                                {pd product} {ergonomic}
    uintx NonProfiledCodeHeapSize                  = 122916026                              {pd product} {ergonomic}
    uintx ProfiledCodeHeapSize                     = 122916026                              {pd product} {ergonomic}
    uintx ReservedCodeCacheSize                    = 251658240                              {pd product} {ergonomic}
     bool SegmentedCodeCache                       = true                                      {product} {ergonomic}
   size_t SoftMaxHeapSize                          = 2147483648                             {manageable} {ergonomic}
     bool UseCompressedClassPointers               = true                           {product lp64_product} {ergonomic}
     bool UseCompressedOops                        = true                           {product lp64_product} {ergonomic}
     bool UseG1GC                                  = true                                      {product} {ergonomic}
     bool UseLargePagesIndividualAllocation        = false                                  {pd product} {ergonomic}

Logging:
Log output configuration:
 #0: stdout all=warning uptime,level,tags
 #1: stderr all=off uptime,level,tags

Environment Variables:
PATH=C:\Program Files\Common Files\Oracle\Java\javapath;C:\oraclexe\app\oracle\product\11.2.0\server\bin;C:\Program Files (x86)\Common Files\Oracle\Java\javapath;C:\WINDOWS\system32;C:\WINDOWS;C:\WINDOWS\System32\Wbem;C:\WINDOWS\System32\WindowsPowerShell\v1.0\;C:\Program Files\Microsoft SQL Server\110\Tools\Binn\;C:\WINDOWS\System32\OpenSSH\;C:\Program Files (x86)\Microsoft SQL Server\110\Tools\Binn\;C:\Program Files\Microsoft SQL Server\110\DTS\Binn\;C:\Program Files (x86)\Microsoft SQL Server\110\Tools\Binn\ManagementStudio\;C:\Program Files (x86)\Microsoft SQL Server\110\DTS\Binn\;C:\Program Files\Java\jdk-16.0.1\bin;C:\Elastic Stack\elasticsearch-7.14.0\bin;C:\Elastic Stack\kibana-7.14.0-windows-x86_64\bin;C:\Program Files\Java\jdk-16.0.1\bin;C:\Program Files\Java\jre1.8.0_261\bin;E:\Vids\Curl\Curl\bin;C:\Program Files (x86)\dotnet\;C:\Users\DELL\AppData\Local\Programs\Python\Python39\Scripts\;C:\Users\DELL\AppData\Local\Programs\Python\Python39\;C:\Users\DELL\AppData\Local\Microsoft\WindowsApps;C:\Program Files (x86)\Nmap;C:\Python27;
USERNAME=DELL
OS=Windows_NT
PROCESSOR_IDENTIFIER=Intel64 Family 6 Model 142 Stepping 9, GenuineIntel
TMP=C:\Users\DELL\AppData\Local\Temp
TEMP=C:\Users\DELL\AppData\Local\Temp



---------------  S Y S T E M  ---------------

OS:
 Windows 10 , 64 bit Build 18362 (10.0.18362.1082)
OS uptime: 1 days 0:18 hours

CPU: total 2 (initial active 2) (2 cores per cpu, 1 threads per core) family 6 model 142 stepping 9 microcode 0x8e, cx8, cmov, fxsr, mmx, 3dnowpref, sse, sse2, sse3, ssse3, sse4.1, sse4.2, popcnt, lzcnt, tsc, tscinvbit, aes, erms, clmul, clflush, clflushopt

Memory: 4k page, system-wide physical 8057M (853M free)
TotalPageFile size 8057M (AvailPageFile size 14M)
current process WorkingSet (physical memory assigned to process): 318M, peak: 318M
current process commit charge ("private bytes"): 341M, peak: 371M

vm_info: OpenJDK 64-Bit Server VM (17.0.6+0-b2043.56-9586694) for windows-amd64 JRE (17.0.6+0-b2043.56-9586694), built on Feb  9 2023 20:06:20 by "androidbuild" with MS VC++ 16.10 / 16.11 (VS2019)

END.
