#
# There is insufficient memory for the Java Runtime Environment to continue.
# Native memory allocation (mmap) failed to map 31457280 bytes for G1 virtual space
# Possible reasons:
#   The system is out of physical RAM or swap space
#   The process is running with CompressedOops enabled, and the Java Heap may be blocking the growth of the native heap
# Possible solutions:
#   Reduce memory load on the system
#   Increase physical memory or swap space
#   Check if swap backing store is full
#   Decrease Java heap size (-Xmx/-Xms)
#   Decrease number of Java threads
#   Decrease Java thread stack sizes (-Xss)
#   Set larger code cache with -XX:ReservedCodeCacheSize=
#   JVM is running with Unscaled Compressed Oops mode in which the Java heap is
#     placed in the first 4GB address space. The Java Heap base address is the
#     maximum limit for the native heap growth. Please use -XX:HeapBaseMinAddress
#     to set the Java Heap base and to place the Java Heap above 4GB virtual address.
# This output file may be truncated or incomplete.
#
#  Out of Memory Error (os_windows.cpp:3769), pid=1128, tid=3196
#
# JRE version: OpenJDK Runtime Environment (17.0.6) (build 17.0.6+0-b2043.56-9586694)
# Java VM: OpenJDK 64-Bit Server VM (17.0.6+0-b2043.56-9586694, mixed mode, tiered, compressed oops, compressed class ptrs, g1 gc, windows-amd64)
# No core dump will be written. Minidumps are not enabled by default on client versions of Windows
#

---------------  S U M M A R Y ------------

Command Line: --add-opens=java.base/java.util=ALL-UNNAMED --add-opens=java.base/java.lang=ALL-UNNAMED --add-opens=java.base/java.lang.invoke=ALL-UNNAMED --add-opens=java.prefs/java.util.prefs=ALL-UNNAMED --add-opens=java.base/java.nio.charset=ALL-UNNAMED --add-opens=java.base/java.net=ALL-UNNAMED --add-opens=java.base/java.util.concurrent.atomic=ALL-UNNAMED -Xmx2048m -Dfile.encoding=UTF-8 -Duser.country=US -Duser.language=en -Duser.variant org.gradle.launcher.daemon.bootstrap.GradleDaemon 8.0

Host: Intel(R) Celeron(R) CPU 3865U @ 1.80GHz, 2 cores, 7G,  Windows 10 , 64 bit Build 18362 (10.0.18362.1082)
Time: Thu May 18 12:08:59 2023 India Standard Time elapsed time: 21.991908 seconds (0d 0h 0m 21s)

---------------  T H R E A D  ---------------

Current thread (0x000001dc2bee60e0):  VMThread "VM Thread" [stack: 0x0000002932500000,0x0000002932600000] [id=3196]

Stack: [0x0000002932500000,0x0000002932600000]
Native frames: (J=compiled Java code, j=interpreted, Vv=VM code, C=native code)
V  [jvm.dll+0x683b4a]
V  [jvm.dll+0x842654]
V  [jvm.dll+0x843dfe]
V  [jvm.dll+0x844463]
V  [jvm.dll+0x249b75]
V  [jvm.dll+0x680a19]
V  [jvm.dll+0x674f0a]
V  [jvm.dll+0x309acb]
V  [jvm.dll+0x310f86]
V  [jvm.dll+0x3608ee]
V  [jvm.dll+0x360b1f]
V  [jvm.dll+0x2dfbf8]
V  [jvm.dll+0x2ddec4]
V  [jvm.dll+0x2dd4cc]
V  [jvm.dll+0x321f3b]
V  [jvm.dll+0x84893b]
V  [jvm.dll+0x849674]
V  [jvm.dll+0x849b8d]
V  [jvm.dll+0x849f64]
V  [jvm.dll+0x84a030]
V  [jvm.dll+0x7f25fa]
V  [jvm.dll+0x682985]
C  [ucrtbase.dll+0x20e82]
C  [KERNEL32.DLL+0x17bd4]
C  [ntdll.dll+0x6ce51]

VM_Operation (0x00000029343fe100): G1CollectForAllocation, mode: safepoint, requested by thread 0x000001dc2d3f58c0


---------------  P R O C E S S  ---------------

Threads class SMR info:
_java_thread_list=0x000001dc2f9fc400, length=35, elements={
0x000001dc12c4cd30, 0x000001dc2bef8610, 0x000001dc2beb8920, 0x000001dc2bed0700,
0x000001dc2bed1fd0, 0x000001dc2bed2890, 0x000001dc2bed38f0, 0x000001dc2c811310,
0x000001dc2c816860, 0x000001dc2c894f70, 0x000001dc2c9967a0, 0x000001dc2c9be010,
0x000001dc2ddf9030, 0x000001dc2df54a40, 0x000001dc2e3c7060, 0x000001dc2d67d030,
0x000001dc2ec08210, 0x000001dc2d58b450, 0x000001dc2d58b920, 0x000001dc2d3f7a70,
0x000001dc2d3f6c00, 0x000001dc2d3f75a0, 0x000001dc2d3f7f40, 0x000001dc2d3f88e0,
0x000001dc2d3f8db0, 0x000001dc2d3f9280, 0x000001dc2d3f8410, 0x000001dc2d3f58c0,
0x000001dc2d3f6260, 0x000001dc2d3f70d0, 0x000001dc2d3f5d90, 0x000001dc31201d60,
0x000001dc31202700, 0x000001dc31203f10, 0x000001dc311fd530
}

Java Threads: ( => current thread )
  0x000001dc12c4cd30 JavaThread "main" [_thread_blocked, id=6092, stack(0x0000002931f00000,0x0000002932000000)]
  0x000001dc2bef8610 JavaThread "Reference Handler" daemon [_thread_blocked, id=8684, stack(0x0000002932600000,0x0000002932700000)]
  0x000001dc2beb8920 JavaThread "Finalizer" daemon [_thread_blocked, id=4384, stack(0x0000002932700000,0x0000002932800000)]
  0x000001dc2bed0700 JavaThread "Signal Dispatcher" daemon [_thread_blocked, id=3412, stack(0x0000002932800000,0x0000002932900000)]
  0x000001dc2bed1fd0 JavaThread "Attach Listener" daemon [_thread_blocked, id=6676, stack(0x0000002932900000,0x0000002932a00000)]
  0x000001dc2bed2890 JavaThread "Service Thread" daemon [_thread_blocked, id=9720, stack(0x0000002932a00000,0x0000002932b00000)]
  0x000001dc2bed38f0 JavaThread "Monitor Deflation Thread" daemon [_thread_blocked, id=1420, stack(0x0000002932b00000,0x0000002932c00000)]
  0x000001dc2c811310 JavaThread "C2 CompilerThread0" daemon [_thread_in_native, id=9676, stack(0x0000002932c00000,0x0000002932d00000)]
  0x000001dc2c816860 JavaThread "C1 CompilerThread0" daemon [_thread_blocked, id=9328, stack(0x0000002932d00000,0x0000002932e00000)]
  0x000001dc2c894f70 JavaThread "Sweeper thread" daemon [_thread_blocked, id=796, stack(0x0000002932e00000,0x0000002932f00000)]
  0x000001dc2c9967a0 JavaThread "Common-Cleaner" daemon [_thread_blocked, id=9836, stack(0x0000002932f00000,0x0000002933000000)]
  0x000001dc2c9be010 JavaThread "Notification Thread" daemon [_thread_blocked, id=6804, stack(0x0000002933000000,0x0000002933100000)]
  0x000001dc2ddf9030 JavaThread "Daemon health stats" [_thread_blocked, id=1312, stack(0x0000002933300000,0x0000002933400000)]
  0x000001dc2df54a40 JavaThread "Incoming local TCP Connector on port 35203" [_thread_in_native, id=9528, stack(0x0000002933400000,0x0000002933500000)]
  0x000001dc2e3c7060 JavaThread "Daemon periodic checks" [_thread_blocked, id=2932, stack(0x0000002933500000,0x0000002933600000)]
  0x000001dc2d67d030 JavaThread "Daemon" [_thread_blocked, id=10108, stack(0x0000002933600000,0x0000002933700000)]
  0x000001dc2ec08210 JavaThread "Handler for socket connection from /127.0.0.1:35203 to /127.0.0.1:35204" [_thread_in_native, id=8352, stack(0x0000002933700000,0x0000002933800000)]
  0x000001dc2d58b450 JavaThread "Cancel handler" [_thread_blocked, id=9820, stack(0x0000002933800000,0x0000002933900000)]
  0x000001dc2d58b920 JavaThread "Daemon worker" [_thread_blocked, id=10620, stack(0x0000002933900000,0x0000002933a00000)]
  0x000001dc2d3f7a70 JavaThread "Asynchronous log dispatcher for DefaultDaemonConnection: socket connection from /127.0.0.1:35203 to /127.0.0.1:35204" [_thread_blocked, id=7632, stack(0x0000002933a00000,0x0000002933b00000)]
  0x000001dc2d3f6c00 JavaThread "Stdin handler" [_thread_blocked, id=10552, stack(0x0000002933b00000,0x0000002933c00000)]
  0x000001dc2d3f75a0 JavaThread "Daemon client event forwarder" [_thread_blocked, id=10784, stack(0x0000002933c00000,0x0000002933d00000)]
  0x000001dc2d3f7f40 JavaThread "Cache worker for journal cache (C:\Users\DELL\.gradle\caches\journal-1)" [_thread_blocked, id=9704, stack(0x0000002933d00000,0x0000002933e00000)]
  0x000001dc2d3f88e0 JavaThread "File lock request listener" [_thread_in_native, id=5044, stack(0x0000002933e00000,0x0000002933f00000)]
  0x000001dc2d3f8db0 JavaThread "Cache worker for file hash cache (C:\Users\DELL\.gradle\caches\8.0\fileHashes)" [_thread_blocked, id=3920, stack(0x0000002933f00000,0x0000002934000000)]
  0x000001dc2d3f9280 JavaThread "File watcher server" daemon [_thread_in_native, id=7420, stack(0x0000002934100000,0x0000002934200000)]
  0x000001dc2d3f8410 JavaThread "File watcher consumer" daemon [_thread_blocked, id=2752, stack(0x0000002934200000,0x0000002934300000)]
  0x000001dc2d3f58c0 JavaThread "jar transforms" [_thread_blocked, id=5336, stack(0x0000002934300000,0x0000002934400000)]
  0x000001dc2d3f6260 JavaThread "jar transforms Thread 2" [_thread_blocked, id=7536, stack(0x0000002934400000,0x0000002934500000)]
  0x000001dc2d3f70d0 JavaThread "Cache worker for checksums cache (C:\Users\DELL\AndroidStudioProjects\Pranik\.gradle\8.0\checksums)" [_thread_blocked, id=3388, stack(0x0000002934500000,0x0000002934600000)]
  0x000001dc2d3f5d90 JavaThread "Cache worker for cache directory md-rule (C:\Users\DELL\.gradle\caches\8.0\md-rule)" [_thread_blocked, id=1392, stack(0x0000002934600000,0x0000002934700000)]
  0x000001dc31201d60 JavaThread "Cache worker for file content cache (C:\Users\DELL\.gradle\caches\8.0\fileContent)" [_thread_blocked, id=1580, stack(0x0000002934700000,0x0000002934800000)]
  0x000001dc31202700 JavaThread "Cache worker for file hash cache (C:\Users\DELL\AndroidStudioProjects\Pranik\.gradle\8.0\fileHashes)" [_thread_blocked, id=4952, stack(0x0000002934800000,0x0000002934900000)]
  0x000001dc31203f10 JavaThread "Cache worker for cache directory md-supplier (C:\Users\DELL\.gradle\caches\8.0\md-supplier)" [_thread_blocked, id=2992, stack(0x0000002934900000,0x0000002934a00000)]
  0x000001dc311fd530 JavaThread "Cache worker for execution history cache (C:\Users\DELL\.gradle\caches\8.0\executionHistory)" [_thread_blocked, id=6824, stack(0x0000002934a00000,0x0000002934b00000)]

Other Threads:
=>0x000001dc2bee60e0 VMThread "VM Thread" [stack: 0x0000002932500000,0x0000002932600000] [id=3196]
  0x000001dc2c994470 WatcherThread [stack: 0x0000002933100000,0x0000002933200000] [id=5332]
  0x000001dc12ca6ab0 GCTaskThread "GC Thread#0" [stack: 0x0000002932000000,0x0000002932100000] [id=6344]
  0x000001dc2cb382a0 GCTaskThread "GC Thread#1" [stack: 0x0000002933200000,0x0000002933300000] [id=8576]
  0x000001dc12cb7900 ConcurrentGCThread "G1 Main Marker" [stack: 0x0000002932100000,0x0000002932200000] [id=2620]
  0x000001dc12cb8230 ConcurrentGCThread "G1 Conc#0" [stack: 0x0000002932200000,0x0000002932300000] [id=10836]
  0x000001dc12cfe030 ConcurrentGCThread "G1 Refine#0" [stack: 0x0000002932300000,0x0000002932400000] [id=1620]
  0x000001dc2f5f1c10 ConcurrentGCThread "G1 Refine#1" [stack: 0x0000002934000000,0x0000002934100000] [id=964]
  0x000001dc12cfe960 ConcurrentGCThread "G1 Service" [stack: 0x0000002932400000,0x0000002932500000] [id=2016]

Threads with active compile tasks:
C2 CompilerThread0    22029 4562       4       org.objectweb.asm.SymbolTable::addConstantMemberReference (147 bytes)

VM state: at safepoint (normal execution)

VM Mutex/Monitor currently owned by a thread:  ([mutex/lock_event])
[0x000001dc12c46ad0] Threads_lock - owner thread: 0x000001dc2bee60e0
[0x000001dc12c47340] Heap_lock - owner thread: 0x000001dc2d3f58c0

Heap address: 0x0000000080000000, size: 2048 MB, Compressed Oops mode: 32-bit

CDS archive(s) not mapped
Compressed class space mapped at: 0x0000000100000000-0x0000000140000000, reserved size: 1073741824
Narrow klass base: 0x0000000000000000, Narrow klass shift: 3, Narrow klass range: 0x140000000

GC Precious Log:
 CPUs: 2 total, 2 available
 Memory: 8057M
 Large Page Support: Disabled
 NUMA Support: Disabled
 Compressed Oops: Enabled (32-bit)
 Heap Region Size: 1M
 Heap Min Capacity: 8M
 Heap Initial Capacity: 126M
 Heap Max Capacity: 2G
 Pre-touch: Disabled
 Parallel Workers: 2
 Concurrent Workers: 1
 Concurrent Refinement Workers: 2
 Periodic GC: Disabled

Heap:
 garbage-first heap   total 150528K, used 83348K [0x0000000080000000, 0x0000000100000000)
  region size 1024K, 4 young (4096K), 4 survivors (4096K)
 Metaspace       used 47195K, committed 47680K, reserved 1097728K
  class space    used 6212K, committed 6400K, reserved 1048576K

Heap Regions: E=young(eden), S=young(survivor), O=old, HS=humongous(starts), HC=humongous(continues), CS=collection set, F=free, OA=open archive, CA=closed archive, TAMS=top-at-mark-start (previous, next)
|   0|0x0000000080000000, 0x0000000080100000, 0x0000000080100000|100%| O|  |TAMS 0x0000000080100000, 0x0000000080100000| Untracked 
|   1|0x0000000080100000, 0x0000000080200000, 0x0000000080200000|100%| O|  |TAMS 0x0000000080200000, 0x0000000080200000| Untracked 
|   2|0x0000000080200000, 0x0000000080300000, 0x0000000080300000|100%| O|  |TAMS 0x0000000080300000, 0x0000000080300000| Untracked 
|   3|0x0000000080300000, 0x0000000080400000, 0x0000000080400000|100%|HS|  |TAMS 0x0000000080400000, 0x0000000080400000| Complete 
|   4|0x0000000080400000, 0x0000000080500000, 0x0000000080500000|100%|HC|  |TAMS 0x0000000080500000, 0x0000000080500000| Complete 
|   5|0x0000000080500000, 0x0000000080600000, 0x0000000080600000|100%|HC|  |TAMS 0x0000000080600000, 0x0000000080600000| Complete 
|   6|0x0000000080600000, 0x0000000080700000, 0x0000000080700000|100%|HC|  |TAMS 0x0000000080700000, 0x0000000080700000| Complete 
|   7|0x0000000080700000, 0x0000000080800000, 0x0000000080800000|100%| O|  |TAMS 0x0000000080800000, 0x0000000080800000| Untracked 
|   8|0x0000000080800000, 0x0000000080900000, 0x0000000080900000|100%| O|  |TAMS 0x0000000080900000, 0x0000000080900000| Untracked 
|   9|0x0000000080900000, 0x0000000080a00000, 0x0000000080a00000|100%| O|  |TAMS 0x0000000080a00000, 0x0000000080a00000| Untracked 
|  10|0x0000000080a00000, 0x0000000080b00000, 0x0000000080b00000|100%| O|  |TAMS 0x0000000080b00000, 0x0000000080b00000| Untracked 
|  11|0x0000000080b00000, 0x0000000080c00000, 0x0000000080c00000|100%| O|  |TAMS 0x0000000080c00000, 0x0000000080c00000| Untracked 
|  12|0x0000000080c00000, 0x0000000080d00000, 0x0000000080d00000|100%| O|  |TAMS 0x0000000080d00000, 0x0000000080d00000| Untracked 
|  13|0x0000000080d00000, 0x0000000080e00000, 0x0000000080e00000|100%| O|  |TAMS 0x0000000080e00000, 0x0000000080e00000| Untracked 
|  14|0x0000000080e00000, 0x0000000080f00000, 0x0000000080f00000|100%| O|  |TAMS 0x0000000080f00000, 0x0000000080f00000| Untracked 
|  15|0x0000000080f00000, 0x0000000081000000, 0x0000000081000000|100%| O|  |TAMS 0x0000000081000000, 0x0000000081000000| Untracked 
|  16|0x0000000081000000, 0x0000000081100000, 0x0000000081100000|100%| O|  |TAMS 0x0000000081100000, 0x0000000081100000| Untracked 
|  17|0x0000000081100000, 0x0000000081200000, 0x0000000081200000|100%| O|  |TAMS 0x0000000081200000, 0x0000000081200000| Untracked 
|  18|0x0000000081200000, 0x0000000081300000, 0x0000000081300000|100%| O|  |TAMS 0x0000000081300000, 0x0000000081300000| Untracked 
|  19|0x0000000081300000, 0x0000000081400000, 0x0000000081400000|100%| O|  |TAMS 0x0000000081400000, 0x0000000081400000| Untracked 
|  20|0x0000000081400000, 0x0000000081500000, 0x0000000081500000|100%| O|  |TAMS 0x0000000081500000, 0x0000000081500000| Untracked 
|  21|0x0000000081500000, 0x0000000081600000, 0x0000000081600000|100%|HS|  |TAMS 0x0000000081600000, 0x0000000081600000| Complete 
|  22|0x0000000081600000, 0x0000000081700000, 0x0000000081700000|100%|HC|  |TAMS 0x0000000081700000, 0x0000000081700000| Complete 
|  23|0x0000000081700000, 0x0000000081800000, 0x0000000081800000|100%|HS|  |TAMS 0x0000000081800000, 0x0000000081800000| Complete 
|  24|0x0000000081800000, 0x0000000081900000, 0x0000000081900000|100%|HC|  |TAMS 0x0000000081900000, 0x0000000081900000| Complete 
|  25|0x0000000081900000, 0x0000000081a00000, 0x0000000081a00000|100%|HC|  |TAMS 0x0000000081a00000, 0x0000000081a00000| Complete 
|  26|0x0000000081a00000, 0x0000000081b00000, 0x0000000081b00000|100%|HS|  |TAMS 0x0000000081b00000, 0x0000000081b00000| Complete 
|  27|0x0000000081b00000, 0x0000000081c00000, 0x0000000081c00000|100%|HC|  |TAMS 0x0000000081c00000, 0x0000000081c00000| Complete 
|  28|0x0000000081c00000, 0x0000000081d00000, 0x0000000081d00000|100%|HC|  |TAMS 0x0000000081d00000, 0x0000000081d00000| Complete 
|  29|0x0000000081d00000, 0x0000000081e00000, 0x0000000081e00000|100%|HS|  |TAMS 0x0000000081e00000, 0x0000000081e00000| Complete 
|  30|0x0000000081e00000, 0x0000000081f00000, 0x0000000081f00000|100%|HC|  |TAMS 0x0000000081f00000, 0x0000000081f00000| Complete 
|  31|0x0000000081f00000, 0x0000000082000000, 0x0000000082000000|100%| O|  |TAMS 0x0000000082000000, 0x0000000082000000| Untracked 
|  32|0x0000000082000000, 0x0000000082100000, 0x0000000082100000|100%| O|  |TAMS 0x0000000082100000, 0x0000000082100000| Untracked 
|  33|0x0000000082100000, 0x0000000082200000, 0x0000000082200000|100%|HS|  |TAMS 0x0000000082200000, 0x0000000082200000| Complete 
|  34|0x0000000082200000, 0x0000000082300000, 0x0000000082300000|100%|HC|  |TAMS 0x0000000082300000, 0x0000000082300000| Complete 
|  35|0x0000000082300000, 0x0000000082400000, 0x0000000082400000|100%|HC|  |TAMS 0x0000000082400000, 0x0000000082400000| Complete 
|  36|0x0000000082400000, 0x0000000082500000, 0x0000000082500000|100%|HC|  |TAMS 0x0000000082500000, 0x0000000082500000| Complete 
|  37|0x0000000082500000, 0x0000000082600000, 0x0000000082600000|100%|HC|  |TAMS 0x0000000082600000, 0x0000000082600000| Complete 
|  38|0x0000000082600000, 0x0000000082700000, 0x0000000082700000|100%|HC|  |TAMS 0x0000000082700000, 0x0000000082700000| Complete 
|  39|0x0000000082700000, 0x0000000082800000, 0x0000000082800000|100%|HS|  |TAMS 0x0000000082800000, 0x0000000082800000| Complete 
|  40|0x0000000082800000, 0x0000000082900000, 0x0000000082900000|100%|HS|  |TAMS 0x0000000082900000, 0x0000000082900000| Complete 
|  41|0x0000000082900000, 0x0000000082a00000, 0x0000000082a00000|100%|HC|  |TAMS 0x0000000082a00000, 0x0000000082a00000| Complete 
|  42|0x0000000082a00000, 0x0000000082b00000, 0x0000000082b00000|100%|HC|  |TAMS 0x0000000082b00000, 0x0000000082b00000| Complete 
|  43|0x0000000082b00000, 0x0000000082c00000, 0x0000000082c00000|100%|HC|  |TAMS 0x0000000082c00000, 0x0000000082c00000| Complete 
|  44|0x0000000082c00000, 0x0000000082d00000, 0x0000000082d00000|100%|HC|  |TAMS 0x0000000082d00000, 0x0000000082d00000| Complete 
|  45|0x0000000082d00000, 0x0000000082e00000, 0x0000000082e00000|100%|HC|  |TAMS 0x0000000082e00000, 0x0000000082e00000| Complete 
|  46|0x0000000082e00000, 0x0000000082f00000, 0x0000000082f00000|100%|HC|  |TAMS 0x0000000082f00000, 0x0000000082f00000| Complete 
|  47|0x0000000082f00000, 0x0000000083000000, 0x0000000083000000|100%|HC|  |TAMS 0x0000000083000000, 0x0000000083000000| Complete 
|  48|0x0000000083000000, 0x0000000083100000, 0x0000000083100000|100%|HC|  |TAMS 0x0000000083100000, 0x0000000083100000| Complete 
|  49|0x0000000083100000, 0x0000000083200000, 0x0000000083200000|100%|HC|  |TAMS 0x0000000083200000, 0x0000000083200000| Complete 
|  50|0x0000000083200000, 0x0000000083300000, 0x0000000083300000|100%|HS|  |TAMS 0x0000000083300000, 0x0000000083300000| Complete 
|  51|0x0000000083300000, 0x0000000083400000, 0x0000000083400000|100%|HC|  |TAMS 0x0000000083400000, 0x0000000083400000| Complete 
|  52|0x0000000083400000, 0x0000000083500000, 0x0000000083500000|100%| O|  |TAMS 0x0000000083500000, 0x0000000083500000| Untracked 
|  53|0x0000000083500000, 0x0000000083600000, 0x0000000083600000|100%| O|  |TAMS 0x0000000083600000, 0x0000000083600000| Untracked 
|  54|0x0000000083600000, 0x0000000083700000, 0x0000000083700000|100%| O|  |TAMS 0x0000000083700000, 0x0000000083700000| Untracked 
|  55|0x0000000083700000, 0x0000000083800000, 0x0000000083800000|100%| O|  |TAMS 0x0000000083800000, 0x0000000083800000| Untracked 
|  56|0x0000000083800000, 0x0000000083900000, 0x0000000083900000|100%| O|  |TAMS 0x0000000083900000, 0x0000000083900000| Untracked 
|  57|0x0000000083900000, 0x0000000083a00000, 0x0000000083a00000|100%| O|  |TAMS 0x0000000083a00000, 0x0000000083a00000| Untracked 
|  58|0x0000000083a00000, 0x0000000083b00000, 0x0000000083b00000|100%| O|  |TAMS 0x0000000083b00000, 0x0000000083b00000| Untracked 
|  59|0x0000000083b00000, 0x0000000083c00000, 0x0000000083c00000|100%| O|  |TAMS 0x0000000083c00000, 0x0000000083c00000| Untracked 
|  60|0x0000000083c00000, 0x0000000083d00000, 0x0000000083d00000|100%| O|  |TAMS 0x0000000083d00000, 0x0000000083d00000| Untracked 
|  61|0x0000000083d00000, 0x0000000083e00000, 0x0000000083e00000|100%| O|  |TAMS 0x0000000083e00000, 0x0000000083e00000| Untracked 
|  62|0x0000000083e00000, 0x0000000083f00000, 0x0000000083f00000|100%|HS|  |TAMS 0x0000000083f00000, 0x0000000083f00000| Complete 
|  63|0x0000000083f00000, 0x0000000084000000, 0x0000000084000000|100%|HC|  |TAMS 0x0000000084000000, 0x0000000084000000| Complete 
|  64|0x0000000084000000, 0x0000000084100000, 0x0000000084100000|100%|HC|  |TAMS 0x0000000084100000, 0x0000000084100000| Complete 
|  65|0x0000000084100000, 0x0000000084200000, 0x0000000084200000|100%|HS|  |TAMS 0x0000000084200000, 0x0000000084200000| Complete 
|  66|0x0000000084200000, 0x0000000084300000, 0x0000000084300000|100%|HC|  |TAMS 0x0000000084300000, 0x0000000084300000| Complete 
|  67|0x0000000084300000, 0x0000000084400000, 0x0000000084400000|100%|HC|  |TAMS 0x0000000084400000, 0x0000000084400000| Complete 
|  68|0x0000000084400000, 0x0000000084500000, 0x0000000084500000|100%|HC|  |TAMS 0x0000000084500000, 0x0000000084500000| Complete 
|  69|0x0000000084500000, 0x0000000084600000, 0x0000000084600000|100%|HC|  |TAMS 0x0000000084600000, 0x0000000084600000| Complete 
|  70|0x0000000084600000, 0x0000000084700000, 0x0000000084700000|100%|HC|  |TAMS 0x0000000084700000, 0x0000000084700000| Complete 
|  71|0x0000000084700000, 0x0000000084800000, 0x0000000084800000|100%|HC|  |TAMS 0x0000000084800000, 0x0000000084800000| Complete 
|  72|0x0000000084800000, 0x0000000084900000, 0x0000000084900000|100%|HC|  |TAMS 0x0000000084900000, 0x0000000084900000| Complete 
|  73|0x0000000084900000, 0x0000000084a00000, 0x0000000084a00000|100%|HC|  |TAMS 0x0000000084a00000, 0x0000000084a00000| Complete 
|  74|0x0000000084a00000, 0x0000000084b00000, 0x0000000084b00000|100%|HC|  |TAMS 0x0000000084b00000, 0x0000000084b00000| Complete 
|  75|0x0000000084b00000, 0x0000000084c00000, 0x0000000084c00000|100%|HS|  |TAMS 0x0000000084c00000, 0x0000000084c00000| Complete 
|  76|0x0000000084c00000, 0x0000000084d00000, 0x0000000084d00000|100%|HC|  |TAMS 0x0000000084d00000, 0x0000000084d00000| Complete 
|  77|0x0000000084d00000, 0x0000000084de2a00, 0x0000000084e00000| 88%| O|  |TAMS 0x0000000084d26e00, 0x0000000084de2a00| Untracked 
|  78|0x0000000084e00000, 0x0000000084e00000, 0x0000000084f00000|  0%| F|  |TAMS 0x0000000084e00000, 0x0000000084e00000| Untracked 
|  79|0x0000000084f00000, 0x0000000084f00000, 0x0000000085000000|  0%| F|  |TAMS 0x0000000084f00000, 0x0000000084f00000| Untracked 
|  80|0x0000000085000000, 0x0000000085000000, 0x0000000085100000|  0%| F|  |TAMS 0x0000000085000000, 0x0000000085000000| Untracked 
|  81|0x0000000085100000, 0x0000000085100000, 0x0000000085200000|  0%| F|  |TAMS 0x0000000085100000, 0x0000000085100000| Untracked 
|  82|0x0000000085200000, 0x0000000085200000, 0x0000000085300000|  0%| F|  |TAMS 0x0000000085200000, 0x0000000085200000| Untracked 
|  83|0x0000000085300000, 0x0000000085300000, 0x0000000085400000|  0%| F|  |TAMS 0x0000000085300000, 0x0000000085300000| Untracked 
|  84|0x0000000085400000, 0x0000000085400000, 0x0000000085500000|  0%| F|  |TAMS 0x0000000085400000, 0x0000000085400000| Untracked 
|  85|0x0000000085500000, 0x0000000085500000, 0x0000000085600000|  0%| F|  |TAMS 0x0000000085500000, 0x0000000085500000| Untracked 
|  86|0x0000000085600000, 0x0000000085600000, 0x0000000085700000|  0%| F|  |TAMS 0x0000000085600000, 0x0000000085600000| Untracked 
|  87|0x0000000085700000, 0x0000000085700000, 0x0000000085800000|  0%| F|  |TAMS 0x0000000085700000, 0x0000000085700000| Untracked 
|  88|0x0000000085800000, 0x0000000085800000, 0x0000000085900000|  0%| F|  |TAMS 0x0000000085800000, 0x0000000085800000| Untracked 
|  89|0x0000000085900000, 0x0000000085900000, 0x0000000085a00000|  0%| F|  |TAMS 0x0000000085900000, 0x0000000085900000| Untracked 
|  90|0x0000000085a00000, 0x0000000085a00000, 0x0000000085b00000|  0%| F|  |TAMS 0x0000000085a00000, 0x0000000085a00000| Untracked 
|  91|0x0000000085b00000, 0x0000000085b00000, 0x0000000085c00000|  0%| F|  |TAMS 0x0000000085b00000, 0x0000000085b00000| Untracked 
|  92|0x0000000085c00000, 0x0000000085c00000, 0x0000000085d00000|  0%| F|  |TAMS 0x0000000085c00000, 0x0000000085c00000| Untracked 
|  93|0x0000000085d00000, 0x0000000085d00000, 0x0000000085e00000|  0%| F|  |TAMS 0x0000000085d00000, 0x0000000085d00000| Untracked 
|  94|0x0000000085e00000, 0x0000000085e00000, 0x0000000085f00000|  0%| F|  |TAMS 0x0000000085e00000, 0x0000000085e00000| Untracked 
|  95|0x0000000085f00000, 0x0000000085f00000, 0x0000000086000000|  0%| F|  |TAMS 0x0000000085f00000, 0x0000000085f00000| Untracked 
|  96|0x0000000086000000, 0x0000000086082880, 0x0000000086100000| 50%| S|CS|TAMS 0x0000000086000000, 0x0000000086000000| Complete 
|  97|0x0000000086100000, 0x0000000086100000, 0x0000000086200000|  0%| F|  |TAMS 0x0000000086100000, 0x0000000086100000| Untracked 
|  98|0x0000000086200000, 0x0000000086300000, 0x0000000086300000|100%| S|CS|TAMS 0x0000000086200000, 0x0000000086200000| Complete 
|  99|0x0000000086300000, 0x0000000086400000, 0x0000000086400000|100%| S|CS|TAMS 0x0000000086300000, 0x0000000086300000| Complete 
| 100|0x0000000086400000, 0x0000000086400000, 0x0000000086500000|  0%| F|  |TAMS 0x0000000086400000, 0x0000000086400000| Untracked 
| 101|0x0000000086500000, 0x0000000086500000, 0x0000000086600000|  0%| F|  |TAMS 0x0000000086500000, 0x0000000086500000| Untracked 
| 102|0x0000000086600000, 0x0000000086700000, 0x0000000086700000|100%| S|CS|TAMS 0x0000000086600000, 0x0000000086600000| Complete 
| 103|0x0000000086700000, 0x0000000086700000, 0x0000000086800000|  0%| F|  |TAMS 0x0000000086700000, 0x0000000086700000| Untracked 
| 104|0x0000000086800000, 0x0000000086800000, 0x0000000086900000|  0%| F|  |TAMS 0x0000000086800000, 0x0000000086800000| Untracked 
| 105|0x0000000086900000, 0x0000000086900000, 0x0000000086a00000|  0%| F|  |TAMS 0x0000000086900000, 0x0000000086900000| Untracked 
| 106|0x0000000086a00000, 0x0000000086a00000, 0x0000000086b00000|  0%| F|  |TAMS 0x0000000086a00000, 0x0000000086a00000| Untracked 
| 107|0x0000000086b00000, 0x0000000086b00000, 0x0000000086c00000|  0%| F|  |TAMS 0x0000000086b00000, 0x0000000086b00000| Untracked 
| 108|0x0000000086c00000, 0x0000000086c00000, 0x0000000086d00000|  0%| F|  |TAMS 0x0000000086c00000, 0x0000000086c00000| Untracked 
| 109|0x0000000086d00000, 0x0000000086d00000, 0x0000000086e00000|  0%| F|  |TAMS 0x0000000086d00000, 0x0000000086d00000| Untracked 
| 110|0x0000000086e00000, 0x0000000086e00000, 0x0000000086f00000|  0%| F|  |TAMS 0x0000000086e00000, 0x0000000086e00000| Untracked 
| 111|0x0000000086f00000, 0x0000000086f00000, 0x0000000087000000|  0%| F|  |TAMS 0x0000000086f00000, 0x0000000086f00000| Untracked 
| 112|0x0000000087000000, 0x0000000087000000, 0x0000000087100000|  0%| F|  |TAMS 0x0000000087000000, 0x0000000087000000| Untracked 
| 113|0x0000000087100000, 0x0000000087100000, 0x0000000087200000|  0%| F|  |TAMS 0x0000000087100000, 0x0000000087100000| Untracked 
| 114|0x0000000087200000, 0x0000000087200000, 0x0000000087300000|  0%| F|  |TAMS 0x0000000087200000, 0x0000000087200000| Untracked 
| 115|0x0000000087300000, 0x0000000087300000, 0x0000000087400000|  0%| F|  |TAMS 0x0000000087300000, 0x0000000087300000| Untracked 
| 116|0x0000000087400000, 0x0000000087400000, 0x0000000087500000|  0%| F|  |TAMS 0x0000000087400000, 0x0000000087400000| Untracked 
| 117|0x0000000087500000, 0x0000000087500000, 0x0000000087600000|  0%| F|  |TAMS 0x0000000087500000, 0x0000000087500000| Untracked 
| 118|0x0000000087600000, 0x0000000087600000, 0x0000000087700000|  0%| F|  |TAMS 0x0000000087600000, 0x0000000087600000| Untracked 
| 119|0x0000000087700000, 0x0000000087700000, 0x0000000087800000|  0%| F|  |TAMS 0x0000000087700000, 0x0000000087700000| Untracked 
| 120|0x0000000087800000, 0x0000000087800000, 0x0000000087900000|  0%| F|  |TAMS 0x0000000087800000, 0x0000000087800000| Untracked 
| 121|0x0000000087900000, 0x0000000087900000, 0x0000000087a00000|  0%| F|  |TAMS 0x0000000087900000, 0x0000000087900000| Untracked 
| 122|0x0000000087a00000, 0x0000000087a00000, 0x0000000087b00000|  0%| F|  |TAMS 0x0000000087a00000, 0x0000000087a00000| Untracked 
| 123|0x0000000087b00000, 0x0000000087b00000, 0x0000000087c00000|  0%| F|  |TAMS 0x0000000087b00000, 0x0000000087b00000| Untracked 
| 124|0x0000000087c00000, 0x0000000087c00000, 0x0000000087d00000|  0%| F|  |TAMS 0x0000000087c00000, 0x0000000087c00000| Untracked 
| 125|0x0000000087d00000, 0x0000000087d00000, 0x0000000087e00000|  0%| F|  |TAMS 0x0000000087d00000, 0x0000000087d00000| Untracked 
| 126|0x0000000087e00000, 0x0000000087e00000, 0x0000000087f00000|  0%| F|  |TAMS 0x0000000087e00000, 0x0000000087e00000| Untracked 
| 127|0x0000000087f00000, 0x0000000087f00000, 0x0000000088000000|  0%| F|  |TAMS 0x0000000087f00000, 0x0000000087f00000| Untracked 
| 128|0x0000000088000000, 0x0000000088000000, 0x0000000088100000|  0%| F|  |TAMS 0x0000000088000000, 0x0000000088000000| Untracked 
| 129|0x0000000088100000, 0x0000000088100000, 0x0000000088200000|  0%| F|  |TAMS 0x0000000088100000, 0x0000000088100000| Untracked 
| 130|0x0000000088200000, 0x0000000088200000, 0x0000000088300000|  0%| F|  |TAMS 0x0000000088200000, 0x0000000088200000| Untracked 
| 131|0x0000000088300000, 0x0000000088300000, 0x0000000088400000|  0%| F|  |TAMS 0x0000000088300000, 0x0000000088300000| Untracked 
| 132|0x0000000088400000, 0x0000000088400000, 0x0000000088500000|  0%| F|  |TAMS 0x0000000088400000, 0x0000000088400000| Untracked 
| 133|0x0000000088500000, 0x0000000088500000, 0x0000000088600000|  0%| F|  |TAMS 0x0000000088500000, 0x0000000088500000| Untracked 
| 134|0x0000000088600000, 0x0000000088600000, 0x0000000088700000|  0%| F|  |TAMS 0x0000000088600000, 0x0000000088600000| Untracked 
| 135|0x0000000088700000, 0x0000000088700000, 0x0000000088800000|  0%| F|  |TAMS 0x0000000088700000, 0x0000000088700000| Untracked 
| 136|0x0000000088800000, 0x0000000088800000, 0x0000000088900000|  0%| F|  |TAMS 0x0000000088800000, 0x0000000088800000| Untracked 
| 137|0x0000000088900000, 0x0000000088900000, 0x0000000088a00000|  0%| F|  |TAMS 0x0000000088900000, 0x0000000088900000| Untracked 
| 138|0x0000000088a00000, 0x0000000088a00000, 0x0000000088b00000|  0%| F|  |TAMS 0x0000000088a00000, 0x0000000088a00000| Untracked 
| 139|0x0000000088b00000, 0x0000000088b00000, 0x0000000088c00000|  0%| F|  |TAMS 0x0000000088b00000, 0x0000000088b00000| Untracked 
| 140|0x0000000088c00000, 0x0000000088c00000, 0x0000000088d00000|  0%| F|  |TAMS 0x0000000088c00000, 0x0000000088c00000| Untracked 
| 141|0x0000000088d00000, 0x0000000088d00000, 0x0000000088e00000|  0%| F|  |TAMS 0x0000000088d00000, 0x0000000088d00000| Untracked 
| 142|0x0000000088e00000, 0x0000000088e00000, 0x0000000088f00000|  0%| F|  |TAMS 0x0000000088e00000, 0x0000000088e00000| Untracked 
| 143|0x0000000088f00000, 0x0000000088f00000, 0x0000000089000000|  0%| F|  |TAMS 0x0000000088f00000, 0x0000000088f00000| Untracked 
| 144|0x0000000089000000, 0x0000000089000000, 0x0000000089100000|  0%| F|  |TAMS 0x0000000089000000, 0x0000000089000000| Untracked 
| 145|0x0000000089100000, 0x0000000089100000, 0x0000000089200000|  0%| F|  |TAMS 0x0000000089100000, 0x0000000089100000| Untracked 
| 146|0x0000000089200000, 0x0000000089200000, 0x0000000089300000|  0%| F|  |TAMS 0x0000000089200000, 0x0000000089200000| Untracked 

Card table byte_map: [0x000001dc25500000,0x000001dc25900000] _byte_map_base: 0x000001dc25100000

Marking Bits (Prev, Next): (CMBitMap*) 0x000001dc12ca7010, (CMBitMap*) 0x000001dc12ca6fd0
 Prev Bits: [0x000001dc27d00000, 0x000001dc29d00000)
 Next Bits: [0x000001dc25d00000, 0x000001dc27d00000)

Polling page: 0x000001dc10d90000

Metaspace:

Usage:
  Non-class:     40.02 MB used.
      Class:      6.07 MB used.
       Both:     46.09 MB used.

Virtual space:
  Non-class space:       48.00 MB reserved,      40.31 MB ( 84%) committed,  6 nodes.
      Class space:        1.00 GB reserved,       6.25 MB ( <1%) committed,  1 nodes.
             Both:        1.05 GB reserved,      46.56 MB (  4%) committed. 

Chunk freelists:
   Non-Class:  3.55 MB
       Class:  1.58 MB
        Both:  5.13 MB

MaxMetaspaceSize: unlimited
CompressedClassSpaceSize: 1.00 GB
Initial GC threshold: 21.00 MB
Current GC threshold: 77.44 MB
CDS: off
MetaspaceReclaimPolicy: balanced
 - commit_granule_bytes: 65536.
 - commit_granule_words: 8192.
 - virtual_space_node_default_size: 1048576.
 - enlarge_chunks_in_place: 1.
 - new_chunks_are_fully_committed: 0.
 - uncommit_free_chunks: 1.
 - use_allocation_guard: 0.
 - handle_deallocations: 1.


Internal statistics:

num_allocs_failed_limit: 3.
num_arena_births: 434.
num_arena_deaths: 0.
num_vsnodes_births: 7.
num_vsnodes_deaths: 0.
num_space_committed: 745.
num_space_uncommitted: 0.
num_chunks_returned_to_freelist: 3.
num_chunks_taken_from_freelist: 1881.
num_chunk_merges: 3.
num_chunk_splits: 1217.
num_chunks_enlarged: 822.
num_purges: 0.
num_inconsistent_stats: 0.

CodeHeap 'non-profiled nmethods': size=120064Kb used=2730Kb max_used=2730Kb free=117333Kb
 bounds [0x000001dc1dbc0000, 0x000001dc1de70000, 0x000001dc25100000]
CodeHeap 'profiled nmethods': size=120000Kb used=9948Kb max_used=9948Kb free=110051Kb
 bounds [0x000001dc16100000, 0x000001dc16ac0000, 0x000001dc1d630000]
CodeHeap 'non-nmethods': size=5696Kb used=2289Kb max_used=2369Kb free=3406Kb
 bounds [0x000001dc1d630000, 0x000001dc1d8b0000, 0x000001dc1dbc0000]
 total_blobs=5429 nmethods=4624 adapters=718
 compilation: enabled
              stopped_count=0, restarted_count=0
 full_count=0

Compilation events (20 events):
Event: 21.696 Thread 0x000001dc2c816860 4675       1       org.gradle.internal.classpath.InstrumentingTransformer$InstrumentingVisitor::access$200 (5 bytes)
Event: 21.697 Thread 0x000001dc2c816860 nmethod 4675 0x000001dc1de54890 code [0x000001dc1de54a20, 0x000001dc1de54ad8]
Event: 21.697 Thread 0x000001dc2c816860 4676       1       org.gradle.internal.classpath.InstrumentingTransformer$InstrumentingVisitor::access$800 (5 bytes)
Event: 21.697 Thread 0x000001dc2c816860 nmethod 4676 0x000001dc1de54b90 code [0x000001dc1de54d20, 0x000001dc1de54dd8]
Event: 21.768 Thread 0x000001dc2c816860 4677       2       org.objectweb.asm.FieldWriter::visitTypeAnnotation (45 bytes)
Event: 21.768 Thread 0x000001dc2c816860 nmethod 4677 0x000001dc16ab4a10 code [0x000001dc16ab4bc0, 0x000001dc16ab4e18]
Event: 21.787 Thread 0x000001dc2c816860 4679 %     3       java.util.Arrays::binarySearch0 @ 8 (74 bytes)
Event: 21.788 Thread 0x000001dc2c816860 nmethod 4679% 0x000001dc16ab4f10 code [0x000001dc16ab50c0, 0x000001dc16ab53d8]
Event: 21.788 Thread 0x000001dc2c816860 4680       3       java.util.Arrays::binarySearch0 (74 bytes)
Event: 21.788 Thread 0x000001dc2c816860 nmethod 4680 0x000001dc16ab5510 code [0x000001dc16ab56c0, 0x000001dc16ab5978]
Event: 21.846 Thread 0x000001dc2c811310 nmethod 4629 0x000001dc1de54e90 code [0x000001dc1de55900, 0x000001dc1de60570]
Event: 21.848 Thread 0x000001dc2c811310 4544       4       org.gradle.internal.classpath.InstrumentingBackwardsCompatibilityVisitor::fixInternalNameForBackwardCompatibility (55 bytes)
Event: 21.865 Thread 0x000001dc2c816860 4682 %     3       org.objectweb.asm.SymbolTable::addConstantUtf8Reference @ 13 (101 bytes)
Event: 21.865 Thread 0x000001dc2c811310 nmethod 4544 0x000001dc1de69310 code [0x000001dc1de694c0, 0x000001dc1de69bd8]
Event: 21.865 Thread 0x000001dc2c811310 4592       4       sun.nio.cs.UTF_8$Encoder::encodeBufferLoop (326 bytes)
Event: 21.866 Thread 0x000001dc2c816860 nmethod 4682% 0x000001dc16ab5a90 code [0x000001dc16ab5cc0, 0x000001dc16ab63d8]
Event: 21.869 Thread 0x000001dc2c816860 4683       3       org.objectweb.asm.SymbolTable::addConstantUtf8Reference (101 bytes)
Event: 21.870 Thread 0x000001dc2c816860 nmethod 4683 0x000001dc16ab6710 code [0x000001dc16ab6920, 0x000001dc16ab6ef8]
Event: 21.875 Thread 0x000001dc2c811310 nmethod 4592 0x000001dc1de69f10 code [0x000001dc1de6a0c0, 0x000001dc1de6a618]
Event: 21.875 Thread 0x000001dc2c811310 4562       4       org.objectweb.asm.SymbolTable::addConstantMemberReference (147 bytes)

GC Heap History (20 events):
Event: 17.868 GC heap after
{Heap after GC invocations=31 (full 0):
 garbage-first heap   total 137216K, used 76955K [0x0000000080000000, 0x0000000100000000)
  region size 1024K, 1 young (1024K), 1 survivors (1024K)
 Metaspace       used 46721K, committed 47168K, reserved 1097728K
  class space    used 6190K, committed 6400K, reserved 1048576K
}
Event: 18.038 GC heap before
{Heap before GC invocations=31 (full 0):
 garbage-first heap   total 137216K, used 81051K [0x0000000080000000, 0x0000000100000000)
  region size 1024K, 6 young (6144K), 1 survivors (1024K)
 Metaspace       used 46722K, committed 47168K, reserved 1097728K
  class space    used 6190K, committed 6400K, reserved 1048576K
}
Event: 18.041 GC heap after
{Heap after GC invocations=32 (full 0):
 garbage-first heap   total 137216K, used 64589K [0x0000000080000000, 0x0000000100000000)
  region size 1024K, 1 young (1024K), 1 survivors (1024K)
 Metaspace       used 46722K, committed 47168K, reserved 1097728K
  class space    used 6190K, committed 6400K, reserved 1048576K
}
Event: 18.136 GC heap before
{Heap before GC invocations=33 (full 0):
 garbage-first heap   total 137216K, used 67661K [0x0000000080000000, 0x0000000100000000)
  region size 1024K, 2 young (2048K), 1 survivors (1024K)
 Metaspace       used 46733K, committed 47232K, reserved 1097728K
  class space    used 6193K, committed 6400K, reserved 1048576K
}
Event: 18.139 GC heap after
{Heap after GC invocations=34 (full 0):
 garbage-first heap   total 137216K, used 68001K [0x0000000080000000, 0x0000000100000000)
  region size 1024K, 2 young (2048K), 2 survivors (2048K)
 Metaspace       used 46733K, committed 47232K, reserved 1097728K
  class space    used 6193K, committed 6400K, reserved 1048576K
}
Event: 19.161 GC heap before
{Heap before GC invocations=35 (full 0):
 garbage-first heap   total 138240K, used 114081K [0x0000000080000000, 0x0000000100000000)
  region size 1024K, 35 young (35840K), 2 survivors (2048K)
 Metaspace       used 47175K, committed 47552K, reserved 1097728K
  class space    used 6212K, committed 6400K, reserved 1048576K
}
Event: 19.165 GC heap after
{Heap after GC invocations=36 (full 0):
 garbage-first heap   total 138240K, used 80807K [0x0000000080000000, 0x0000000100000000)
  region size 1024K, 2 young (2048K), 2 survivors (2048K)
 Metaspace       used 47175K, committed 47552K, reserved 1097728K
  class space    used 6212K, committed 6400K, reserved 1048576K
}
Event: 19.502 GC heap before
{Heap before GC invocations=36 (full 0):
 garbage-first heap   total 138240K, used 109479K [0x0000000080000000, 0x0000000100000000)
  region size 1024K, 30 young (30720K), 2 survivors (2048K)
 Metaspace       used 47182K, committed 47552K, reserved 1097728K
  class space    used 6212K, committed 6400K, reserved 1048576K
}
Event: 19.506 GC heap after
{Heap after GC invocations=37 (full 0):
 garbage-first heap   total 138240K, used 81152K [0x0000000080000000, 0x0000000100000000)
  region size 1024K, 3 young (3072K), 3 survivors (3072K)
 Metaspace       used 47182K, committed 47552K, reserved 1097728K
  class space    used 6212K, committed 6400K, reserved 1048576K
}
Event: 19.930 GC heap before
{Heap before GC invocations=38 (full 0):
 garbage-first heap   total 150528K, used 110848K [0x0000000080000000, 0x0000000100000000)
  region size 1024K, 32 young (32768K), 3 survivors (3072K)
 Metaspace       used 47183K, committed 47552K, reserved 1097728K
  class space    used 6212K, committed 6400K, reserved 1048576K
}
Event: 19.934 GC heap after
{Heap after GC invocations=39 (full 0):
 garbage-first heap   total 150528K, used 81683K [0x0000000080000000, 0x0000000100000000)
  region size 1024K, 3 young (3072K), 3 survivors (3072K)
 Metaspace       used 47183K, committed 47552K, reserved 1097728K
  class space    used 6212K, committed 6400K, reserved 1048576K
}
Event: 20.309 GC heap before
{Heap before GC invocations=39 (full 0):
 garbage-first heap   total 150528K, used 120595K [0x0000000080000000, 0x0000000100000000)
  region size 1024K, 42 young (43008K), 3 survivors (3072K)
 Metaspace       used 47183K, committed 47552K, reserved 1097728K
  class space    used 6212K, committed 6400K, reserved 1048576K
}
Event: 20.313 GC heap after
{Heap after GC invocations=40 (full 0):
 garbage-first heap   total 150528K, used 81618K [0x0000000080000000, 0x0000000100000000)
  region size 1024K, 3 young (3072K), 3 survivors (3072K)
 Metaspace       used 47183K, committed 47552K, reserved 1097728K
  class space    used 6212K, committed 6400K, reserved 1048576K
}
Event: 20.838 GC heap before
{Heap before GC invocations=41 (full 0):
 garbage-first heap   total 150528K, used 123602K [0x0000000080000000, 0x0000000100000000)
  region size 1024K, 44 young (45056K), 3 survivors (3072K)
 Metaspace       used 47188K, committed 47616K, reserved 1097728K
  class space    used 6212K, committed 6400K, reserved 1048576K
}
Event: 20.843 GC heap after
{Heap after GC invocations=42 (full 0):
 garbage-first heap   total 150528K, used 82021K [0x0000000080000000, 0x0000000100000000)
  region size 1024K, 3 young (3072K), 3 survivors (3072K)
 Metaspace       used 47188K, committed 47616K, reserved 1097728K
  class space    used 6212K, committed 6400K, reserved 1048576K
}
Event: 21.227 GC heap before
{Heap before GC invocations=42 (full 0):
 garbage-first heap   total 150528K, used 125029K [0x0000000080000000, 0x0000000100000000)
  region size 1024K, 45 young (46080K), 3 survivors (3072K)
 Metaspace       used 47190K, committed 47616K, reserved 1097728K
  class space    used 6212K, committed 6400K, reserved 1048576K
}
Event: 21.233 GC heap after
{Heap after GC invocations=43 (full 0):
 garbage-first heap   total 150528K, used 82512K [0x0000000080000000, 0x0000000100000000)
  region size 1024K, 4 young (4096K), 4 survivors (4096K)
 Metaspace       used 47190K, committed 47616K, reserved 1097728K
  class space    used 6212K, committed 6400K, reserved 1048576K
}
Event: 21.659 GC heap before
{Heap before GC invocations=44 (full 0):
 garbage-first heap   total 150528K, used 125520K [0x0000000080000000, 0x0000000100000000)
  region size 1024K, 47 young (48128K), 4 survivors (4096K)
 Metaspace       used 47195K, committed 47680K, reserved 1097728K
  class space    used 6212K, committed 6400K, reserved 1048576K
}
Event: 21.665 GC heap after
{Heap after GC invocations=45 (full 0):
 garbage-first heap   total 150528K, used 82826K [0x0000000080000000, 0x0000000100000000)
  region size 1024K, 3 young (3072K), 3 survivors (3072K)
 Metaspace       used 47195K, committed 47680K, reserved 1097728K
  class space    used 6212K, committed 6400K, reserved 1048576K
}
Event: 21.986 GC heap before
{Heap before GC invocations=45 (full 0):
 garbage-first heap   total 150528K, used 127882K [0x0000000080000000, 0x0000000100000000)
  region size 1024K, 47 young (48128K), 3 survivors (3072K)
 Metaspace       used 47195K, committed 47680K, reserved 1097728K
  class space    used 6212K, committed 6400K, reserved 1048576K
}

Dll operation events (2 events):
Event: 0.077 Loaded shared library E:\Android Pro\jbr\bin\java.dll
Event: 1.290 Loaded shared library E:\Android Pro\jbr\bin\verify.dll

Deoptimization events (20 events):
Event: 21.451 Thread 0x000001dc2d3f6260 DEOPT PACKING pc=0x000001dc169beb7f sp=0x00000029344fdfe0
Event: 21.451 Thread 0x000001dc2d3f6260 DEOPT UNPACKING pc=0x000001dc1d687124 sp=0x00000029344fd6f0 mode 0
Event: 21.560 Thread 0x000001dc2d3f58c0 DEOPT PACKING pc=0x000001dc16a5c0be sp=0x00000029343fe450
Event: 21.560 Thread 0x000001dc2d3f58c0 DEOPT UNPACKING pc=0x000001dc1d687124 sp=0x00000029343fd910 mode 0
Event: 21.631 Thread 0x000001dc2d3f58c0 DEOPT PACKING pc=0x000001dc169beb7f sp=0x00000029343fe300
Event: 21.631 Thread 0x000001dc2d3f58c0 DEOPT UNPACKING pc=0x000001dc1d687124 sp=0x00000029343fda10 mode 0
Event: 21.709 Thread 0x000001dc2d3f58c0 DEOPT PACKING pc=0x000001dc169beb7f sp=0x00000029343fe300
Event: 21.709 Thread 0x000001dc2d3f58c0 DEOPT UNPACKING pc=0x000001dc1d687124 sp=0x00000029343fda10 mode 0
Event: 21.732 Thread 0x000001dc2d3f6260 DEOPT PACKING pc=0x000001dc169beb7f sp=0x00000029344fdfe0
Event: 21.732 Thread 0x000001dc2d3f6260 DEOPT UNPACKING pc=0x000001dc1d687124 sp=0x00000029344fd6f0 mode 0
Event: 21.759 Thread 0x000001dc2d3f58c0 DEOPT PACKING pc=0x000001dc169beb7f sp=0x00000029343fe300
Event: 21.759 Thread 0x000001dc2d3f58c0 DEOPT UNPACKING pc=0x000001dc1d687124 sp=0x00000029343fda10 mode 0
Event: 21.771 Thread 0x000001dc2d3f58c0 DEOPT PACKING pc=0x000001dc169beb7f sp=0x00000029343fe300
Event: 21.771 Thread 0x000001dc2d3f58c0 DEOPT UNPACKING pc=0x000001dc1d687124 sp=0x00000029343fda10 mode 0
Event: 21.788 Thread 0x000001dc2d3f6260 DEOPT PACKING pc=0x000001dc16a4f40e sp=0x00000029344fe4d0
Event: 21.788 Thread 0x000001dc2d3f6260 DEOPT UNPACKING pc=0x000001dc1d687124 sp=0x00000029344fd928 mode 0
Event: 21.838 Thread 0x000001dc2d3f58c0 DEOPT PACKING pc=0x000001dc169beb7f sp=0x00000029343fe300
Event: 21.838 Thread 0x000001dc2d3f58c0 DEOPT UNPACKING pc=0x000001dc1d687124 sp=0x00000029343fda10 mode 0
Event: 21.840 Thread 0x000001dc2d3f58c0 DEOPT PACKING pc=0x000001dc169beb7f sp=0x00000029343fe300
Event: 21.840 Thread 0x000001dc2d3f58c0 DEOPT UNPACKING pc=0x000001dc1d687124 sp=0x00000029343fda10 mode 0

Classes unloaded (0 events):
No events

Classes redefined (0 events):
No events

Internal exceptions (20 events):
Event: 16.390 Thread 0x000001dc2d58b920 Exception <a 'java/lang/ClassNotFoundException'{0x00000000862bad08}: org/gradle/api/internal/initialization/DefaultScriptHandlerCustomizer> (0x00000000862bad08) 
thrown [s\src\hotspot\share\classfile\systemDictionary.cpp, line 256]
Event: 16.751 Thread 0x000001dc2d58b920 Implicit null exception at 0x000001dc1dd6bfec to 0x000001dc1dd6c0a0
Event: 16.762 Thread 0x000001dc2d58b920 Exception <a 'java/lang/ClassNotFoundException'{0x0000000085b42d00}: org/gradle/api/internal/artifacts/dsl/dependencies/DefaultDependencyHandler_DecoratedBeanInfo> (0x0000000085b42d00) 
thrown [s\src\hotspot\share\classfile\systemDictionary.cpp, line 256]
Event: 16.763 Thread 0x000001dc2d58b920 Exception <a 'java/lang/ClassNotFoundException'{0x0000000085b58828}: org/gradle/api/internal/artifacts/dsl/dependencies/DefaultDependencyHandlerBeanInfo> (0x0000000085b58828) 
thrown [s\src\hotspot\share\classfile\systemDictionary.cpp, line 256]
Event: 16.764 Thread 0x000001dc2d58b920 Exception <a 'java/lang/ClassNotFoundException'{0x0000000085b6db18}: org/gradle/api/internal/artifacts/dsl/dependencies/DefaultDependencyHandlerCustomizer> (0x0000000085b6db18) 
thrown [s\src\hotspot\share\classfile\systemDictionary.cpp, line 256]
Event: 16.775 Thread 0x000001dc2d58b920 Exception <a 'java/lang/ClassNotFoundException'{0x0000000085bac900}: org/gradle/api/internal/artifacts/dsl/dependencies/DefaultDependencyHandler_DecoratedCustomizer> (0x0000000085bac900) 
thrown [s\src\hotspot\share\classfile\systemDictionary.cpp, line 256]
Event: 16.924 Thread 0x000001dc2d58b920 Exception <a 'java/lang/NoSuchMethodError'{0x00000000858ba578}: 'java.lang.Object java.lang.invoke.DirectMethodHandle$Holder.newInvokeSpecial(java.lang.Object, int, java.lang.Object)'> (0x00000000858ba578) 
thrown [s\src\hotspot\share\interpreter\linkResolver.cpp, line 771]
Event: 17.400 Thread 0x000001dc2d58b920 Exception <a 'java/lang/NoSuchMethodError'{0x00000000863d0fa0}: 'int java.lang.invoke.DirectMethodHandle$Holder.invokeStatic(java.lang.Object)'> (0x00000000863d0fa0) 
thrown [s\src\hotspot\share\interpreter\linkResolver.cpp, line 771]
Event: 17.400 Thread 0x000001dc2d58b920 Exception <a 'java/lang/NoSuchMethodError'{0x00000000863d5390}: 'int java.lang.invoke.DirectMethodHandle$Holder.invokeStaticInit(java.lang.Object)'> (0x00000000863d5390) 
thrown [s\src\hotspot\share\interpreter\linkResolver.cpp, line 771]
Event: 17.451 Thread 0x000001dc2d3f58c0 Exception <a 'sun/nio/fs/WindowsException'{0x000000008620d1a0}> (0x000000008620d1a0) 
thrown [s\src\hotspot\share\prims\jni.cpp, line 517]
Event: 17.474 Thread 0x000001dc2d3f58c0 Exception <a 'sun/nio/fs/WindowsException'{0x000000008612dc48}> (0x000000008612dc48) 
thrown [s\src\hotspot\share\prims\jni.cpp, line 517]
Event: 17.474 Thread 0x000001dc2d3f58c0 Exception <a 'sun/nio/fs/WindowsException'{0x000000008612ddb0}> (0x000000008612ddb0) 
thrown [s\src\hotspot\share\prims\jni.cpp, line 517]
Event: 17.484 Thread 0x000001dc2d58b920 Exception <a 'java/lang/ClassNotFoundException'{0x0000000086142c50}: sync_studio_tooling7_dp76c9jlbjx3d57mvclb8wqbbBeanInfo> (0x0000000086142c50) 
thrown [s\src\hotspot\share\classfile\systemDictionary.cpp, line 256]
Event: 17.484 Thread 0x000001dc2d58b920 Exception <a 'java/lang/ClassNotFoundException'{0x0000000086149500}: sync_studio_tooling7_dp76c9jlbjx3d57mvclb8wqbbCustomizer> (0x0000000086149500) 
thrown [s\src\hotspot\share\classfile\systemDictionary.cpp, line 256]
Event: 17.518 Thread 0x000001dc2d58b920 Exception <a 'java/lang/ClassNotFoundException'{0x0000000086008c88}: ijinit_ea0znhqfvqo11g8b6ui80fn5nBeanInfo> (0x0000000086008c88) 
thrown [s\src\hotspot\share\classfile\systemDictionary.cpp, line 256]
Event: 17.518 Thread 0x000001dc2d58b920 Exception <a 'java/lang/ClassNotFoundException'{0x000000008600f508}: ijinit_ea0znhqfvqo11g8b6ui80fn5nCustomizer> (0x000000008600f508) 
thrown [s\src\hotspot\share\classfile\systemDictionary.cpp, line 256]
Event: 17.554 Thread 0x000001dc2d58b920 Exception <a 'java/lang/ClassNotFoundException'{0x0000000086052330}: ijinit_ea0znhqfvqo11g8b6ui80fn5n$_run_closure1BeanInfo> (0x0000000086052330) 
thrown [s\src\hotspot\share\classfile\systemDictionary.cpp, line 256]
Event: 17.554 Thread 0x000001dc2d58b920 Exception <a 'java/lang/ClassNotFoundException'{0x0000000086059290}: ijinit_ea0znhqfvqo11g8b6ui80fn5n$_run_closure1Customizer> (0x0000000086059290) 
thrown [s\src\hotspot\share\classfile\systemDictionary.cpp, line 256]
Event: 17.988 Thread 0x000001dc2d3f6260 Exception <a 'sun/nio/fs/WindowsException'{0x0000000088149128}> (0x0000000088149128) 
thrown [s\src\hotspot\share\prims\jni.cpp, line 517]
Event: 18.107 Thread 0x000001dc2d3f58c0 Exception <a 'sun/nio/fs/WindowsException'{0x00000000885661b0}> (0x00000000885661b0) 
thrown [s\src\hotspot\share\prims\jni.cpp, line 517]

VM Operations (20 events):
Event: 19.660 Executing VM operation: G1Concurrent done
Event: 19.890 Executing VM operation: G1CollectForAllocation
Event: 19.940 Executing VM operation: G1CollectForAllocation done
Event: 20.309 Executing VM operation: G1CollectForAllocation
Event: 20.313 Executing VM operation: G1CollectForAllocation done
Event: 20.368 Executing VM operation: G1Concurrent
Event: 20.376 Executing VM operation: G1Concurrent done
Event: 20.401 Executing VM operation: G1Concurrent
Event: 20.440 Executing VM operation: G1Concurrent done
Event: 20.838 Executing VM operation: G1CollectForAllocation
Event: 20.843 Executing VM operation: G1CollectForAllocation done
Event: 21.227 Executing VM operation: G1CollectForAllocation
Event: 21.239 Executing VM operation: G1CollectForAllocation done
Event: 21.297 Executing VM operation: G1Concurrent
Event: 21.302 Executing VM operation: G1Concurrent done
Event: 21.328 Executing VM operation: G1Concurrent
Event: 21.328 Executing VM operation: G1Concurrent done
Event: 21.658 Executing VM operation: G1CollectForAllocation
Event: 21.665 Executing VM operation: G1CollectForAllocation done
Event: 21.986 Executing VM operation: G1CollectForAllocation

Events (20 events):
Event: 16.205 loading class java/nio/channels/Channels
Event: 16.205 loading class java/nio/channels/Channels done
Event: 16.205 loading class sun/nio/ch/ChannelInputStream
Event: 16.205 loading class sun/nio/ch/ChannelInputStream done
Event: 16.247 loading class java/nio/StringCharBuffer
Event: 16.248 loading class java/nio/StringCharBuffer done
Event: 16.291 loading class java/nio/file/StandardCopyOption
Event: 16.291 loading class java/nio/file/StandardCopyOption done
Event: 16.292 loading class sun/nio/fs/WindowsFileCopy
Event: 16.292 loading class sun/nio/fs/WindowsFileCopy done
Event: 17.012 loading class java/util/concurrent/LinkedBlockingDeque$Itr
Event: 17.012 loading class java/util/concurrent/LinkedBlockingDeque$AbstractItr
Event: 17.012 loading class java/util/concurrent/LinkedBlockingDeque$AbstractItr done
Event: 17.013 loading class java/util/concurrent/LinkedBlockingDeque$Itr done
Event: 17.212 loading class java/io/DeleteOnExitHook
Event: 17.212 loading class java/io/DeleteOnExitHook done
Event: 17.212 loading class java/io/DeleteOnExitHook$1
Event: 17.212 loading class java/io/DeleteOnExitHook$1 done
Event: 18.244 loading class java/security/Key
Event: 18.244 loading class java/security/Key done


Dynamic libraries:
0x00007ff6b9b10000 - 0x00007ff6b9b1a000 	E:\Android Pro\jbr\bin\java.exe
0x00007ffcf9c20000 - 0x00007ffcf9e10000 	C:\WINDOWS\SYSTEM32\ntdll.dll
0x00007ffcf89c0000 - 0x00007ffcf8a72000 	C:\WINDOWS\System32\KERNEL32.DLL
0x00007ffcf7600000 - 0x00007ffcf78a5000 	C:\WINDOWS\System32\KERNELBASE.dll
0x00007ffcf4180000 - 0x00007ffcf420f000 	C:\WINDOWS\SYSTEM32\apphelp.dll
0x00007ffcf7a30000 - 0x00007ffcf7b2a000 	C:\WINDOWS\System32\ucrtbase.dll
0x00007ffcf00c0000 - 0x00007ffcf00db000 	E:\Android Pro\jbr\bin\VCRUNTIME140.dll
0x00007ffcf02d0000 - 0x00007ffcf02e7000 	E:\Android Pro\jbr\bin\jli.dll
0x00007ffcf8820000 - 0x00007ffcf89b5000 	C:\WINDOWS\System32\USER32.dll
0x00007ffcf78b0000 - 0x00007ffcf78d1000 	C:\WINDOWS\System32\win32u.dll
0x00007ffcf9490000 - 0x00007ffcf94b6000 	C:\WINDOWS\System32\GDI32.dll
0x00007ffcf7b30000 - 0x00007ffcf7cc6000 	C:\WINDOWS\System32\gdi32full.dll
0x00007ffcf6c30000 - 0x00007ffcf6cce000 	C:\WINDOWS\System32\msvcp_win.dll
0x00007ffce4920000 - 0x00007ffce4ba4000 	C:\WINDOWS\WinSxS\amd64_microsoft.windows.common-controls_6595b64144ccf1df_6.0.18362.1082_none_9e8193e1e45b25c1\COMCTL32.dll
0x00007ffcf9b40000 - 0x00007ffcf9bde000 	C:\WINDOWS\System32\msvcrt.dll
0x00007ffcf8430000 - 0x00007ffcf8765000 	C:\WINDOWS\System32\combase.dll
0x00007ffcf9230000 - 0x00007ffcf9350000 	C:\WINDOWS\System32\RPCRT4.dll
0x00007ffcf6bb0000 - 0x00007ffcf6c30000 	C:\WINDOWS\System32\bcryptPrimitives.dll
0x00007ffcf7cd0000 - 0x00007ffcf7cfe000 	C:\WINDOWS\System32\IMM32.DLL
0x00007ffcf0470000 - 0x00007ffcf047c000 	E:\Android Pro\jbr\bin\vcruntime140_1.dll
0x00007ffce5230000 - 0x00007ffce52bd000 	E:\Android Pro\jbr\bin\msvcp140.dll
0x00007ffcb45b0000 - 0x00007ffcb521d000 	E:\Android Pro\jbr\bin\server\jvm.dll
0x00007ffcf8770000 - 0x00007ffcf8813000 	C:\WINDOWS\System32\ADVAPI32.dll
0x00007ffcf7d00000 - 0x00007ffcf7d97000 	C:\WINDOWS\System32\sechost.dll
0x00007ffcf3f50000 - 0x00007ffcf3f74000 	C:\WINDOWS\SYSTEM32\WINMM.dll
0x00007ffceb1f0000 - 0x00007ffceb1fa000 	C:\WINDOWS\SYSTEM32\VERSION.dll
0x00007ffcf4040000 - 0x00007ffcf4049000 	C:\WINDOWS\SYSTEM32\WSOCK32.dll
0x00007ffcf9420000 - 0x00007ffcf948f000 	C:\WINDOWS\System32\WS2_32.dll
0x00007ffcf3f20000 - 0x00007ffcf3f4d000 	C:\WINDOWS\SYSTEM32\winmmbase.dll
0x00007ffcf6e00000 - 0x00007ffcf6e4a000 	C:\WINDOWS\System32\cfgmgr32.dll
0x00007ffcf6af0000 - 0x00007ffcf6b01000 	C:\WINDOWS\System32\kernel.appcore.dll
0x00007ffcf2950000 - 0x00007ffcf295a000 	E:\Android Pro\jbr\bin\jimage.dll
0x00007ffcf5750000 - 0x00007ffcf5944000 	C:\WINDOWS\SYSTEM32\DBGHELP.DLL
0x00007ffcdfc20000 - 0x00007ffcdfc4a000 	C:\WINDOWS\SYSTEM32\dbgcore.DLL
0x00007ffcf02f0000 - 0x00007ffcf0315000 	E:\Android Pro\jbr\bin\java.dll
0x00007ffcf0d30000 - 0x00007ffcf0d48000 	E:\Android Pro\jbr\bin\zip.dll
0x00007ffcf8b40000 - 0x00007ffcf9227000 	C:\WINDOWS\System32\SHELL32.dll
0x00007ffcf8a90000 - 0x00007ffcf8b39000 	C:\WINDOWS\System32\shcore.dll
0x00007ffcf6e80000 - 0x00007ffcf7600000 	C:\WINDOWS\System32\windows.storage.dll
0x00007ffcf6b60000 - 0x00007ffcf6b83000 	C:\WINDOWS\System32\profapi.dll
0x00007ffcf6b10000 - 0x00007ffcf6b5a000 	C:\WINDOWS\System32\powrprof.dll
0x00007ffcf6ae0000 - 0x00007ffcf6af0000 	C:\WINDOWS\System32\UMPDC.dll
0x00007ffcf94c0000 - 0x00007ffcf9512000 	C:\WINDOWS\System32\shlwapi.dll
0x00007ffcf6de0000 - 0x00007ffcf6df7000 	C:\WINDOWS\System32\cryptsp.dll
0x00007ffcf08c0000 - 0x00007ffcf08d9000 	E:\Android Pro\jbr\bin\net.dll
0x00007ffce9f40000 - 0x00007ffcea030000 	C:\WINDOWS\SYSTEM32\WINHTTP.dll
0x00007ffcf6330000 - 0x00007ffcf6397000 	C:\WINDOWS\system32\mswsock.dll
0x00007ffcf02b0000 - 0x00007ffcf02c6000 	E:\Android Pro\jbr\bin\nio.dll
0x00007ffcf0b10000 - 0x00007ffcf0b20000 	E:\Android Pro\jbr\bin\verify.dll
0x00007ffce93f0000 - 0x00007ffce9417000 	C:\Users\DELL\.gradle\native\68d5fa5c4cc2d200863cafc0d521ce42e7d3e7ee720ec0a83991735586a16f82\windows-amd64\native-platform.dll
0x00007ffcc28c0000 - 0x00007ffcc2a04000 	C:\Users\DELL\.gradle\native\e376f236ea51e6404a007f0833ffe2c6e607c4080706a723a18a27aeea778392\windows-amd64\native-platform-file-events.dll
0x00007ffcf2930000 - 0x00007ffcf2939000 	E:\Android Pro\jbr\bin\management.dll
0x00007ffcf1040000 - 0x00007ffcf104b000 	E:\Android Pro\jbr\bin\management_ext.dll
0x00007ffcf81b0000 - 0x00007ffcf81b8000 	C:\WINDOWS\System32\PSAPI.DLL
0x00007ffcf5ea0000 - 0x00007ffcf5ed3000 	C:\WINDOWS\system32\rsaenh.dll
0x00007ffcf6e50000 - 0x00007ffcf6e76000 	C:\WINDOWS\System32\bcrypt.dll
0x00007ffcf6a00000 - 0x00007ffcf6a25000 	C:\WINDOWS\SYSTEM32\USERENV.dll
0x00007ffcf6500000 - 0x00007ffcf650c000 	C:\WINDOWS\SYSTEM32\CRYPTBASE.dll
0x00007ffcf6040000 - 0x00007ffcf607a000 	C:\WINDOWS\SYSTEM32\IPHLPAPI.DLL
0x00007ffcf8a80000 - 0x00007ffcf8a88000 	C:\WINDOWS\System32\NSI.dll
0x00007ffcea8c0000 - 0x00007ffcea8d6000 	C:\WINDOWS\SYSTEM32\dhcpcsvc6.DLL
0x00007ffcea8a0000 - 0x00007ffcea8bc000 	C:\WINDOWS\SYSTEM32\dhcpcsvc.DLL
0x00007ffcf6080000 - 0x00007ffcf614b000 	C:\WINDOWS\SYSTEM32\DNSAPI.dll
0x00007ffcf04a0000 - 0x00007ffcf04a7000 	C:\WINDOWS\system32\wshunix.dll

dbghelp: loaded successfully - version: 4.0.5 - missing functions: none
symbol engine: initialized successfully - sym options: 0x614 - pdb path: .;E:\Android Pro\jbr\bin;C:\WINDOWS\SYSTEM32;C:\WINDOWS\WinSxS\amd64_microsoft.windows.common-controls_6595b64144ccf1df_6.0.18362.1082_none_9e8193e1e45b25c1;E:\Android Pro\jbr\bin\server;C:\Users\DELL\.gradle\native\68d5fa5c4cc2d200863cafc0d521ce42e7d3e7ee720ec0a83991735586a16f82\windows-amd64;C:\Users\DELL\.gradle\native\e376f236ea51e6404a007f0833ffe2c6e607c4080706a723a18a27aeea778392\windows-amd64

VM Arguments:
jvm_args: --add-opens=java.base/java.util=ALL-UNNAMED --add-opens=java.base/java.lang=ALL-UNNAMED --add-opens=java.base/java.lang.invoke=ALL-UNNAMED --add-opens=java.prefs/java.util.prefs=ALL-UNNAMED --add-opens=java.base/java.nio.charset=ALL-UNNAMED --add-opens=java.base/java.net=ALL-UNNAMED --add-opens=java.base/java.util.concurrent.atomic=ALL-UNNAMED -Xmx2048m -Dfile.encoding=UTF-8 -Duser.country=US -Duser.language=en -Duser.variant 
java_command: org.gradle.launcher.daemon.bootstrap.GradleDaemon 8.0
java_class_path (initial): C:\Users\DELL\.gradle\wrapper\dists\gradle-8.0-bin\ca5e32bp14vu59qr306oxotwh\gradle-8.0\lib\gradle-launcher-8.0.jar
Launcher Type: SUN_STANDARD

[Global flags]
     intx CICompilerCount                          = 2                                         {product} {ergonomic}
     uint ConcGCThreads                            = 1                                         {product} {ergonomic}
     uint G1ConcRefinementThreads                  = 2                                         {product} {ergonomic}
   size_t G1HeapRegionSize                         = 1048576                                   {product} {ergonomic}
    uintx GCDrainStackTargetSize                   = 64                                        {product} {ergonomic}
   size_t InitialHeapSize                          = 132120576                                 {product} {ergonomic}
   size_t MarkStackSize                            = 4194304                                   {product} {ergonomic}
   size_t MaxHeapSize                              = 2147483648                                {product} {command line}
   size_t MaxNewSize                               = 1287651328                                {product} {ergonomic}
   size_t MinHeapDeltaBytes                        = 1048576                                   {product} {ergonomic}
   size_t MinHeapSize                              = 8388608                                   {product} {ergonomic}
    uintx NonNMethodCodeHeapSize                   = 5826188                                {pd product} {ergonomic}
    uintx NonProfiledCodeHeapSize                  = 122916026                              {pd product} {ergonomic}
    uintx ProfiledCodeHeapSize                     = 122916026                              {pd product} {ergonomic}
    uintx ReservedCodeCacheSize                    = 251658240                              {pd product} {ergonomic}
     bool SegmentedCodeCache                       = true                                      {product} {ergonomic}
   size_t SoftMaxHeapSize                          = 2147483648                             {manageable} {ergonomic}
     bool UseCompressedClassPointers               = true                           {product lp64_product} {ergonomic}
     bool UseCompressedOops                        = true                           {product lp64_product} {ergonomic}
     bool UseG1GC                                  = true                                      {product} {ergonomic}
     bool UseLargePagesIndividualAllocation        = false                                  {pd product} {ergonomic}

Logging:
Log output configuration:
 #0: stdout all=warning uptime,level,tags
 #1: stderr all=off uptime,level,tags

Environment Variables:
PATH=C:\Program Files\Common Files\Oracle\Java\javapath;C:\oraclexe\app\oracle\product\11.2.0\server\bin;C:\Program Files (x86)\Common Files\Oracle\Java\javapath;C:\WINDOWS\system32;C:\WINDOWS;C:\WINDOWS\System32\Wbem;C:\WINDOWS\System32\WindowsPowerShell\v1.0\;C:\Program Files\Microsoft SQL Server\110\Tools\Binn\;C:\WINDOWS\System32\OpenSSH\;C:\Program Files (x86)\Microsoft SQL Server\110\Tools\Binn\;C:\Program Files\Microsoft SQL Server\110\DTS\Binn\;C:\Program Files (x86)\Microsoft SQL Server\110\Tools\Binn\ManagementStudio\;C:\Program Files (x86)\Microsoft SQL Server\110\DTS\Binn\;C:\Program Files\Java\jdk-16.0.1\bin;C:\Elastic Stack\elasticsearch-7.14.0\bin;C:\Elastic Stack\kibana-7.14.0-windows-x86_64\bin;C:\Program Files\Java\jdk-16.0.1\bin;C:\Program Files\Java\jre1.8.0_261\bin;E:\Vids\Curl\Curl\bin;C:\Program Files (x86)\dotnet\;C:\Users\DELL\AppData\Local\Programs\Python\Python39\Scripts\;C:\Users\DELL\AppData\Local\Programs\Python\Python39\;C:\Users\DELL\AppData\Local\Microsoft\WindowsApps;C:\Program Files (x86)\Nmap;C:\Python27;
USERNAME=DELL
OS=Windows_NT
PROCESSOR_IDENTIFIER=Intel64 Family 6 Model 142 Stepping 9, GenuineIntel
TMP=C:\Users\DELL\AppData\Local\Temp
TEMP=C:\Users\DELL\AppData\Local\Temp



---------------  S Y S T E M  ---------------

OS:
 Windows 10 , 64 bit Build 18362 (10.0.18362.1082)
OS uptime: 1 days 0:12 hours

CPU: total 2 (initial active 2) (2 cores per cpu, 1 threads per core) family 6 model 142 stepping 9 microcode 0x8e, cx8, cmov, fxsr, mmx, 3dnowpref, sse, sse2, sse3, ssse3, sse4.1, sse4.2, popcnt, lzcnt, tsc, tscinvbit, aes, erms, clmul, clflush, clflushopt

Memory: 4k page, system-wide physical 8057M (755M free)
TotalPageFile size 8057M (AvailPageFile size 13M)
current process WorkingSet (physical memory assigned to process): 308M, peak: 314M
current process commit charge ("private bytes"): 330M, peak: 361M

vm_info: OpenJDK 64-Bit Server VM (17.0.6+0-b2043.56-9586694) for windows-amd64 JRE (17.0.6+0-b2043.56-9586694), built on Feb  9 2023 20:06:20 by "androidbuild" with MS VC++ 16.10 / 16.11 (VS2019)

END.
