#
# There is insufficient memory for the Java Runtime Environment to continue.
# Native memory allocation (malloc) failed to allocate 1048576 bytes for AllocateHeap
# Possible reasons:
#   The system is out of physical RAM or swap space
#   The process is running with CompressedOops enabled, and the Java Heap may be blocking the growth of the native heap
# Possible solutions:
#   Reduce memory load on the system
#   Increase physical memory or swap space
#   Check if swap backing store is full
#   Decrease Java heap size (-Xmx/-Xms)
#   Decrease number of Java threads
#   Decrease Java thread stack sizes (-Xss)
#   Set larger code cache with -XX:ReservedCodeCacheSize=
#   JVM is running with Unscaled Compressed Oops mode in which the Java heap is
#     placed in the first 4GB address space. The Java Heap base address is the
#     maximum limit for the native heap growth. Please use -XX:HeapBaseMinAddress
#     to set the Java Heap base and to place the Java Heap above 4GB virtual address.
# This output file may be truncated or incomplete.
#
#  Out of Memory Error (src/hotspot/share/memory/allocation.cpp:46), pid=10708, tid=9788
#
# JRE version: OpenJDK Runtime Environment (11.0.15) (build 11.0.15+0-b2043.56-9505619)
# Java VM: OpenJDK 64-Bit Server VM (11.0.15+0-b2043.56-9505619, mixed mode, tiered, compressed oops, g1 gc, windows-amd64)
# No core dump will be written. Minidumps are not enabled by default on client versions of Windows
#

---------------  S U M M A R Y ------------

Command Line: org.jetbrains.kotlin.cli.jvm.K2JVMCompiler @C:\Users\DELL\AndroidStudioProjects\Pranik\app\build\20230515_355931138266217991.compiler.options

Host: Intel(R) Celeron(R) CPU 3865U @ 1.80GHz, 2 cores, 7G,  Windows 10 , 64 bit Build 18362 (10.0.18362.1082)
Time: Mon May 15 17:22:02 2023 India Standard Time elapsed time: 8.414096 seconds (0d 0h 0m 8s)

---------------  T H R E A D  ---------------

Current thread (0x000002392af1d000):  VMThread "VM Thread" [stack: 0x00000043b9b00000,0x00000043b9c00000] [id=9788]

Stack: [0x00000043b9b00000,0x00000043b9c00000]
[error occurred during error reporting (printing stack bounds), id 0xc0000005, EXCEPTION_ACCESS_VIOLATION (0xc0000005) at pc=0x000002391548113d]

Native frames: (J=compiled Java code, j=interpreted, Vv=VM code, C=native code)
V  [jvm.dll+0x64135a]
V  [jvm.dll+0x7d39f9]
V  [jvm.dll+0x7d51b9]
V  [jvm.dll+0x7d5805]
V  [jvm.dll+0x7d57bb]
V  [jvm.dll+0x640655]
V  [jvm.dll+0x640d68]
C  [ntdll.dll+0xa11cf]
C  [ntdll.dll+0x6a209]
C  [ntdll.dll+0x9fe3e]
C  0x000002391548113d

VM_Operation (0x00000043b94f9e70): CollectForMetadataAllocation, mode: safepoint, requested by thread 0x0000023911961000


---------------  P R O C E S S  ---------------

Threads class SMR info:
_java_thread_list=0x000002392b9fe830, length=10, elements={
0x0000023911961000, 0x000002392af41000, 0x000002392af43800, 0x000002392af5c000,
0x000002392af5d000, 0x000002392af5e000, 0x000002392af61000, 0x000002392b914800,
0x000002392b91f000, 0x000002392ba0c000
}

Java Threads: ( => current thread )
  0x0000023911961000 JavaThread "main" [_thread_blocked, id=5356, stack(0x00000043b9400000,0x00000043b9500000)]
  0x000002392af41000 JavaThread "Reference Handler" daemon [_thread_blocked, id=4612, stack(0x00000043b9c00000,0x00000043b9d00000)]
  0x000002392af43800 JavaThread "Finalizer" daemon [_thread_blocked, id=14060, stack(0x00000043b9d00000,0x00000043b9e00000)]
  0x000002392af5c000 JavaThread "Signal Dispatcher" daemon [_thread_blocked, id=11164, stack(0x00000043b9e00000,0x00000043b9f00000)]
  0x000002392af5d000 JavaThread "Attach Listener" daemon [_thread_blocked, id=12880, stack(0x00000043b9f00000,0x00000043ba000000)]
  0x000002392af5e000 JavaThread "Service Thread" daemon [_thread_blocked, id=7916, stack(0x00000043ba000000,0x00000043ba100000)]
  0x000002392af61000 JavaThread "C2 CompilerThread0" daemon [_thread_blocked, id=9980, stack(0x00000043ba100000,0x00000043ba200000)]
  0x000002392b914800 JavaThread "C1 CompilerThread0" daemon [_thread_blocked, id=8044, stack(0x00000043ba200000,0x00000043ba300000)]
  0x000002392b91f000 JavaThread "Sweeper thread" daemon [_thread_blocked, id=13728, stack(0x00000043ba300000,0x00000043ba400000)]
  0x000002392ba0c000 JavaThread "Common-Cleaner" daemon [_thread_blocked, id=14124, stack(0x00000043ba500000,0x00000043ba600000)]

Other Threads:
=>0x000002392af1d000 VMThread "VM Thread" [stack: 0x00000043b9b00000,0x00000043b9c00000] [id=9788]
  0x000002392ba01800 WatcherThread [stack: 0x00000043ba400000,0x00000043ba500000] [id=5568]
  0x0000023911979000 GCTaskThread "GC Thread#0" [stack: 0x00000043b9600000,0x00000043b9700000] [id=5844]
  0x000002392bbc4000 GCTaskThread "GC Thread#1" [stack: 0x00000043ba600000,0x00000043ba700000] [id=4868]
  0x00000239119aa800 ConcurrentGCThread "G1 Main Marker" [stack: 0x00000043b9700000,0x00000043b9800000] [id=8980]
  0x00000239119ac000 ConcurrentGCThread "G1 Conc#0" [stack: 0x00000043b9800000,0x00000043b9900000] [id=5856]
  0x000002392ad90800 ConcurrentGCThread "G1 Refine#0" [stack: 0x00000043b9900000,0x00000043b9a00000] [id=12728]
  0x000002392ad91800 ConcurrentGCThread "G1 Young RemSet Sampling" [stack: 0x00000043b9a00000,0x00000043b9b00000] [id=10320]

Threads with active compile tasks:

VM state:at safepoint (normal execution)

VM Mutex/Monitor currently owned by a thread:  ([mutex/lock_event])
[0x000002391195e300] Threads_lock - owner thread: 0x000002392af1d000
[0x000002391195dbb0] Heap_lock - owner thread: 0x0000023911961000

Heap address: 0x0000000082000000, size: 2016 MB, Compressed Oops mode: 32-bit
Narrow klass base: 0x0000000000000000, Narrow klass shift: 3
Compressed class space size: 1073741824 Address: 0x0000000100000000

Heap:
 garbage-first heap   total 129024K, used 10130K [0x0000000082000000, 0x0000000100000000)
  region size 1024K, 4 young (4096K), 4 survivors (4096K)
 Metaspace       used 17153K, capacity 17303K, committed 17408K, reserved 1073152K
  class space    used 1652K, capacity 1730K, committed 1792K, reserved 1048576K
Heap Regions: E=young(eden), S=young(survivor), O=old, HS=humongous(starts), HC=humongous(continues), CS=collection set, F=free, A=archive, TAMS=top-at-mark-start (previous, next)
|   0|0x0000000082000000, 0x0000000082100000, 0x0000000082100000|100%|HS|  |TAMS 0x0000000082000000, 0x0000000082100000| Complete 
|   1|0x0000000082100000, 0x0000000082200000, 0x0000000082200000|100%|HC|  |TAMS 0x0000000082100000, 0x0000000082200000| Complete 
|   2|0x0000000082200000, 0x0000000082300000, 0x0000000082300000|100%|HC|  |TAMS 0x0000000082200000, 0x0000000082300000| Complete 
|   3|0x0000000082300000, 0x0000000082400000, 0x0000000082400000|100%|HC|  |TAMS 0x0000000082300000, 0x0000000082400000| Complete 
|   4|0x0000000082400000, 0x0000000082500000, 0x0000000082500000|100%| O|  |TAMS 0x0000000082400000, 0x0000000082500000| Untracked 
|   5|0x0000000082500000, 0x0000000082600000, 0x0000000082600000|100%| O|  |TAMS 0x0000000082500000, 0x0000000082600000| Untracked 
|   6|0x0000000082600000, 0x00000000826aec00, 0x0000000082700000| 68%| O|  |TAMS 0x0000000082600000, 0x00000000826aec00| Untracked 
|   7|0x0000000082700000, 0x0000000082700000, 0x0000000082800000|  0%| F|  |TAMS 0x0000000082700000, 0x0000000082700000| Untracked 
|   8|0x0000000082800000, 0x0000000082800000, 0x0000000082900000|  0%| F|  |TAMS 0x0000000082800000, 0x0000000082800000| Untracked 
|   9|0x0000000082900000, 0x0000000082900000, 0x0000000082a00000|  0%| F|  |TAMS 0x0000000082900000, 0x0000000082900000| Untracked 
|  10|0x0000000082a00000, 0x0000000082a00000, 0x0000000082b00000|  0%| F|  |TAMS 0x0000000082a00000, 0x0000000082a00000| Untracked 
|  11|0x0000000082b00000, 0x0000000082b00000, 0x0000000082c00000|  0%| F|  |TAMS 0x0000000082b00000, 0x0000000082b00000| Untracked 
|  12|0x0000000082c00000, 0x0000000082c00000, 0x0000000082d00000|  0%| F|  |TAMS 0x0000000082c00000, 0x0000000082c00000| Untracked 
|  13|0x0000000082d00000, 0x0000000082d00000, 0x0000000082e00000|  0%| F|  |TAMS 0x0000000082d00000, 0x0000000082d00000| Untracked 
|  14|0x0000000082e00000, 0x0000000082e00000, 0x0000000082f00000|  0%| F|  |TAMS 0x0000000082e00000, 0x0000000082e00000| Untracked 
|  15|0x0000000082f00000, 0x0000000082f00000, 0x0000000083000000|  0%| F|  |TAMS 0x0000000082f00000, 0x0000000082f00000| Untracked 
|  16|0x0000000083000000, 0x0000000083000000, 0x0000000083100000|  0%| F|  |TAMS 0x0000000083000000, 0x0000000083000000| Untracked 
|  17|0x0000000083100000, 0x0000000083100000, 0x0000000083200000|  0%| F|  |TAMS 0x0000000083100000, 0x0000000083100000| Untracked 
|  18|0x0000000083200000, 0x0000000083200000, 0x0000000083300000|  0%| F|  |TAMS 0x0000000083200000, 0x0000000083200000| Untracked 
|  19|0x0000000083300000, 0x0000000083300000, 0x0000000083400000|  0%| F|  |TAMS 0x0000000083300000, 0x0000000083300000| Untracked 
|  20|0x0000000083400000, 0x0000000083400000, 0x0000000083500000|  0%| F|  |TAMS 0x0000000083400000, 0x0000000083400000| Untracked 
|  21|0x0000000083500000, 0x0000000083500000, 0x0000000083600000|  0%| F|  |TAMS 0x0000000083500000, 0x0000000083500000| Untracked 
|  22|0x0000000083600000, 0x0000000083600000, 0x0000000083700000|  0%| F|  |TAMS 0x0000000083600000, 0x0000000083600000| Untracked 
|  23|0x0000000083700000, 0x0000000083700000, 0x0000000083800000|  0%| F|  |TAMS 0x0000000083700000, 0x0000000083700000| Untracked 
|  24|0x0000000083800000, 0x0000000083800000, 0x0000000083900000|  0%| F|  |TAMS 0x0000000083800000, 0x0000000083800000| Untracked 
|  25|0x0000000083900000, 0x0000000083900000, 0x0000000083a00000|  0%| F|  |TAMS 0x0000000083900000, 0x0000000083900000| Untracked 
|  26|0x0000000083a00000, 0x0000000083a00000, 0x0000000083b00000|  0%| F|  |TAMS 0x0000000083a00000, 0x0000000083a00000| Untracked 
|  27|0x0000000083b00000, 0x0000000083b00000, 0x0000000083c00000|  0%| F|  |TAMS 0x0000000083b00000, 0x0000000083b00000| Untracked 
|  28|0x0000000083c00000, 0x0000000083c00000, 0x0000000083d00000|  0%| F|  |TAMS 0x0000000083c00000, 0x0000000083c00000| Untracked 
|  29|0x0000000083d00000, 0x0000000083d00000, 0x0000000083e00000|  0%| F|  |TAMS 0x0000000083d00000, 0x0000000083d00000| Untracked 
|  30|0x0000000083e00000, 0x0000000083e00000, 0x0000000083f00000|  0%| F|  |TAMS 0x0000000083e00000, 0x0000000083e00000| Untracked 
|  31|0x0000000083f00000, 0x0000000083f00000, 0x0000000084000000|  0%| F|  |TAMS 0x0000000083f00000, 0x0000000083f00000| Untracked 
|  32|0x0000000084000000, 0x0000000084000000, 0x0000000084100000|  0%| F|  |TAMS 0x0000000084000000, 0x0000000084000000| Untracked 
|  33|0x0000000084100000, 0x0000000084100000, 0x0000000084200000|  0%| F|  |TAMS 0x0000000084100000, 0x0000000084100000| Untracked 
|  34|0x0000000084200000, 0x0000000084200000, 0x0000000084300000|  0%| F|  |TAMS 0x0000000084200000, 0x0000000084200000| Untracked 
|  35|0x0000000084300000, 0x0000000084300000, 0x0000000084400000|  0%| F|  |TAMS 0x0000000084300000, 0x0000000084300000| Untracked 
|  36|0x0000000084400000, 0x0000000084400000, 0x0000000084500000|  0%| F|  |TAMS 0x0000000084400000, 0x0000000084400000| Untracked 
|  37|0x0000000084500000, 0x0000000084500000, 0x0000000084600000|  0%| F|  |TAMS 0x0000000084500000, 0x0000000084500000| Untracked 
|  38|0x0000000084600000, 0x0000000084600000, 0x0000000084700000|  0%| F|  |TAMS 0x0000000084600000, 0x0000000084600000| Untracked 
|  39|0x0000000084700000, 0x0000000084700000, 0x0000000084800000|  0%| F|  |TAMS 0x0000000084700000, 0x0000000084700000| Untracked 
|  40|0x0000000084800000, 0x0000000084800000, 0x0000000084900000|  0%| F|  |TAMS 0x0000000084800000, 0x0000000084800000| Untracked 
|  41|0x0000000084900000, 0x0000000084900000, 0x0000000084a00000|  0%| F|  |TAMS 0x0000000084900000, 0x0000000084900000| Untracked 
|  42|0x0000000084a00000, 0x0000000084a00000, 0x0000000084b00000|  0%| F|  |TAMS 0x0000000084a00000, 0x0000000084a00000| Untracked 
|  43|0x0000000084b00000, 0x0000000084b00000, 0x0000000084c00000|  0%| F|  |TAMS 0x0000000084b00000, 0x0000000084b00000| Untracked 
|  44|0x0000000084c00000, 0x0000000084c00000, 0x0000000084d00000|  0%| F|  |TAMS 0x0000000084c00000, 0x0000000084c00000| Untracked 
|  45|0x0000000084d00000, 0x0000000084d00000, 0x0000000084e00000|  0%| F|  |TAMS 0x0000000084d00000, 0x0000000084d00000| Untracked 
|  46|0x0000000084e00000, 0x0000000084e00000, 0x0000000084f00000|  0%| F|  |TAMS 0x0000000084e00000, 0x0000000084e00000| Untracked 
|  47|0x0000000084f00000, 0x0000000084f00000, 0x0000000085000000|  0%| F|  |TAMS 0x0000000084f00000, 0x0000000084f00000| Untracked 
|  48|0x0000000085000000, 0x0000000085000000, 0x0000000085100000|  0%| F|  |TAMS 0x0000000085000000, 0x0000000085000000| Untracked 
|  49|0x0000000085100000, 0x0000000085100000, 0x0000000085200000|  0%| F|  |TAMS 0x0000000085100000, 0x0000000085100000| Untracked 
|  50|0x0000000085200000, 0x0000000085200000, 0x0000000085300000|  0%| F|  |TAMS 0x0000000085200000, 0x0000000085200000| Untracked 
|  51|0x0000000085300000, 0x0000000085300000, 0x0000000085400000|  0%| F|  |TAMS 0x0000000085300000, 0x0000000085300000| Untracked 
|  52|0x0000000085400000, 0x0000000085400000, 0x0000000085500000|  0%| F|  |TAMS 0x0000000085400000, 0x0000000085400000| Untracked 
|  53|0x0000000085500000, 0x0000000085500000, 0x0000000085600000|  0%| F|  |TAMS 0x0000000085500000, 0x0000000085500000| Untracked 
|  54|0x0000000085600000, 0x0000000085600000, 0x0000000085700000|  0%| F|  |TAMS 0x0000000085600000, 0x0000000085600000| Untracked 
|  55|0x0000000085700000, 0x0000000085700000, 0x0000000085800000|  0%| F|  |TAMS 0x0000000085700000, 0x0000000085700000| Untracked 
|  56|0x0000000085800000, 0x0000000085800000, 0x0000000085900000|  0%| F|  |TAMS 0x0000000085800000, 0x0000000085800000| Untracked 
|  57|0x0000000085900000, 0x0000000085900000, 0x0000000085a00000|  0%| F|  |TAMS 0x0000000085900000, 0x0000000085900000| Untracked 
|  58|0x0000000085a00000, 0x0000000085a00000, 0x0000000085b00000|  0%| F|  |TAMS 0x0000000085a00000, 0x0000000085a00000| Untracked 
|  59|0x0000000085b00000, 0x0000000085b00000, 0x0000000085c00000|  0%| F|  |TAMS 0x0000000085b00000, 0x0000000085b00000| Untracked 
|  60|0x0000000085c00000, 0x0000000085c00000, 0x0000000085d00000|  0%| F|  |TAMS 0x0000000085c00000, 0x0000000085c00000| Untracked 
|  61|0x0000000085d00000, 0x0000000085d00000, 0x0000000085e00000|  0%| F|  |TAMS 0x0000000085d00000, 0x0000000085d00000| Untracked 
|  62|0x0000000085e00000, 0x0000000085e00000, 0x0000000085f00000|  0%| F|  |TAMS 0x0000000085e00000, 0x0000000085e00000| Untracked 
|  63|0x0000000085f00000, 0x0000000085f00000, 0x0000000086000000|  0%| F|  |TAMS 0x0000000085f00000, 0x0000000085f00000| Untracked 
|  64|0x0000000086000000, 0x0000000086000000, 0x0000000086100000|  0%| F|  |TAMS 0x0000000086000000, 0x0000000086000000| Untracked 
|  65|0x0000000086100000, 0x0000000086100000, 0x0000000086200000|  0%| F|  |TAMS 0x0000000086100000, 0x0000000086100000| Untracked 
|  66|0x0000000086200000, 0x0000000086200000, 0x0000000086300000|  0%| F|  |TAMS 0x0000000086200000, 0x0000000086200000| Untracked 
|  67|0x0000000086300000, 0x0000000086300000, 0x0000000086400000|  0%| F|  |TAMS 0x0000000086300000, 0x0000000086300000| Untracked 
|  68|0x0000000086400000, 0x0000000086400000, 0x0000000086500000|  0%| F|  |TAMS 0x0000000086400000, 0x0000000086400000| Untracked 
|  69|0x0000000086500000, 0x0000000086500000, 0x0000000086600000|  0%| F|  |TAMS 0x0000000086500000, 0x0000000086500000| Untracked 
|  70|0x0000000086600000, 0x0000000086600000, 0x0000000086700000|  0%| F|  |TAMS 0x0000000086600000, 0x0000000086600000| Untracked 
|  71|0x0000000086700000, 0x0000000086700000, 0x0000000086800000|  0%| F|  |TAMS 0x0000000086700000, 0x0000000086700000| Untracked 
|  72|0x0000000086800000, 0x0000000086800000, 0x0000000086900000|  0%| F|  |TAMS 0x0000000086800000, 0x0000000086800000| Untracked 
|  73|0x0000000086900000, 0x0000000086900000, 0x0000000086a00000|  0%| F|  |TAMS 0x0000000086900000, 0x0000000086900000| Untracked 
|  74|0x0000000086a00000, 0x0000000086a00000, 0x0000000086b00000|  0%| F|  |TAMS 0x0000000086a00000, 0x0000000086a00000| Untracked 
|  75|0x0000000086b00000, 0x0000000086b00000, 0x0000000086c00000|  0%| F|  |TAMS 0x0000000086b00000, 0x0000000086b00000| Untracked 
|  76|0x0000000086c00000, 0x0000000086c00000, 0x0000000086d00000|  0%| F|  |TAMS 0x0000000086c00000, 0x0000000086c00000| Untracked 
|  77|0x0000000086d00000, 0x0000000086d00000, 0x0000000086e00000|  0%| F|  |TAMS 0x0000000086d00000, 0x0000000086d00000| Untracked 
|  78|0x0000000086e00000, 0x0000000086e00000, 0x0000000086f00000|  0%| F|  |TAMS 0x0000000086e00000, 0x0000000086e00000| Untracked 
|  79|0x0000000086f00000, 0x0000000086f00000, 0x0000000087000000|  0%| F|  |TAMS 0x0000000086f00000, 0x0000000086f00000| Untracked 
|  80|0x0000000087000000, 0x0000000087000000, 0x0000000087100000|  0%| F|  |TAMS 0x0000000087000000, 0x0000000087000000| Untracked 
|  81|0x0000000087100000, 0x0000000087100000, 0x0000000087200000|  0%| F|  |TAMS 0x0000000087100000, 0x0000000087100000| Untracked 
|  82|0x0000000087200000, 0x0000000087200000, 0x0000000087300000|  0%| F|  |TAMS 0x0000000087200000, 0x0000000087200000| Untracked 
|  83|0x0000000087300000, 0x0000000087300000, 0x0000000087400000|  0%| F|  |TAMS 0x0000000087300000, 0x0000000087300000| Untracked 
|  84|0x0000000087400000, 0x0000000087400000, 0x0000000087500000|  0%| F|  |TAMS 0x0000000087400000, 0x0000000087400000| Untracked 
|  85|0x0000000087500000, 0x0000000087500000, 0x0000000087600000|  0%| F|  |TAMS 0x0000000087500000, 0x0000000087500000| Untracked 
|  86|0x0000000087600000, 0x0000000087600000, 0x0000000087700000|  0%| F|  |TAMS 0x0000000087600000, 0x0000000087600000| Untracked 
|  87|0x0000000087700000, 0x0000000087700000, 0x0000000087800000|  0%| F|  |TAMS 0x0000000087700000, 0x0000000087700000| Untracked 
|  88|0x0000000087800000, 0x0000000087800000, 0x0000000087900000|  0%| F|  |TAMS 0x0000000087800000, 0x0000000087800000| Untracked 
|  89|0x0000000087900000, 0x0000000087900000, 0x0000000087a00000|  0%| F|  |TAMS 0x0000000087900000, 0x0000000087900000| Untracked 
|  90|0x0000000087a00000, 0x0000000087a00000, 0x0000000087b00000|  0%| F|  |TAMS 0x0000000087a00000, 0x0000000087a00000| Untracked 
|  91|0x0000000087b00000, 0x0000000087b00000, 0x0000000087c00000|  0%| F|  |TAMS 0x0000000087b00000, 0x0000000087b00000| Untracked 
|  92|0x0000000087c00000, 0x0000000087c00000, 0x0000000087d00000|  0%| F|  |TAMS 0x0000000087c00000, 0x0000000087c00000| Untracked 
|  93|0x0000000087d00000, 0x0000000087d00000, 0x0000000087e00000|  0%| F|  |TAMS 0x0000000087d00000, 0x0000000087d00000| Untracked 
|  94|0x0000000087e00000, 0x0000000087e00000, 0x0000000087f00000|  0%| F|  |TAMS 0x0000000087e00000, 0x0000000087e00000| Untracked 
|  95|0x0000000087f00000, 0x0000000087f00000, 0x0000000088000000|  0%| F|  |TAMS 0x0000000087f00000, 0x0000000087f00000| Untracked 
|  96|0x0000000088000000, 0x0000000088000000, 0x0000000088100000|  0%| F|  |TAMS 0x0000000088000000, 0x0000000088000000| Untracked 
|  97|0x0000000088100000, 0x0000000088100000, 0x0000000088200000|  0%| F|  |TAMS 0x0000000088100000, 0x0000000088100000| Untracked 
|  98|0x0000000088200000, 0x0000000088200000, 0x0000000088300000|  0%| F|  |TAMS 0x0000000088200000, 0x0000000088200000| Untracked 
|  99|0x0000000088300000, 0x0000000088300000, 0x0000000088400000|  0%| F|  |TAMS 0x0000000088300000, 0x0000000088300000| Untracked 
| 100|0x0000000088400000, 0x0000000088400000, 0x0000000088500000|  0%| F|  |TAMS 0x0000000088400000, 0x0000000088400000| Untracked 
| 101|0x0000000088500000, 0x0000000088500000, 0x0000000088600000|  0%| F|  |TAMS 0x0000000088500000, 0x0000000088500000| Untracked 
| 102|0x0000000088600000, 0x0000000088600000, 0x0000000088700000|  0%| F|  |TAMS 0x0000000088600000, 0x0000000088600000| Untracked 
| 103|0x0000000088700000, 0x0000000088700000, 0x0000000088800000|  0%| F|  |TAMS 0x0000000088700000, 0x0000000088700000| Untracked 
| 104|0x0000000088800000, 0x0000000088800000, 0x0000000088900000|  0%| F|  |TAMS 0x0000000088800000, 0x0000000088800000| Untracked 
| 105|0x0000000088900000, 0x0000000088900000, 0x0000000088a00000|  0%| F|  |TAMS 0x0000000088900000, 0x0000000088900000| Untracked 
| 106|0x0000000088a00000, 0x0000000088a00000, 0x0000000088b00000|  0%| F|  |TAMS 0x0000000088a00000, 0x0000000088a00000| Untracked 
| 107|0x0000000088b00000, 0x0000000088b00000, 0x0000000088c00000|  0%| F|  |TAMS 0x0000000088b00000, 0x0000000088b00000| Untracked 
| 108|0x0000000088c00000, 0x0000000088c00000, 0x0000000088d00000|  0%| F|  |TAMS 0x0000000088c00000, 0x0000000088c00000| Untracked 
| 109|0x0000000088d00000, 0x0000000088d00000, 0x0000000088e00000|  0%| F|  |TAMS 0x0000000088d00000, 0x0000000088d00000| Untracked 
| 110|0x0000000088e00000, 0x0000000088e00000, 0x0000000088f00000|  0%| F|  |TAMS 0x0000000088e00000, 0x0000000088e00000| Untracked 
| 111|0x0000000088f00000, 0x0000000088f00000, 0x0000000089000000|  0%| F|  |TAMS 0x0000000088f00000, 0x0000000088f00000| Untracked 
| 112|0x0000000089000000, 0x0000000089035dc8, 0x0000000089100000| 21%| S|CS|TAMS 0x0000000089000000, 0x0000000089000000| Complete 
| 113|0x0000000089100000, 0x0000000089200000, 0x0000000089200000|100%| S|CS|TAMS 0x0000000089100000, 0x0000000089100000| Complete 
| 114|0x0000000089200000, 0x0000000089300000, 0x0000000089300000|100%| S|CS|TAMS 0x0000000089200000, 0x0000000089200000| Complete 
| 115|0x0000000089300000, 0x0000000089400000, 0x0000000089400000|100%| S|CS|TAMS 0x0000000089300000, 0x0000000089300000| Complete 
| 116|0x0000000089400000, 0x0000000089400000, 0x0000000089500000|  0%| F|  |TAMS 0x0000000089400000, 0x0000000089400000| Untracked 
| 117|0x0000000089500000, 0x0000000089500000, 0x0000000089600000|  0%| F|  |TAMS 0x0000000089500000, 0x0000000089500000| Untracked 
| 118|0x0000000089600000, 0x0000000089600000, 0x0000000089700000|  0%| F|  |TAMS 0x0000000089600000, 0x0000000089600000| Untracked 
| 119|0x0000000089700000, 0x0000000089700000, 0x0000000089800000|  0%| F|  |TAMS 0x0000000089700000, 0x0000000089700000| Untracked 
| 120|0x0000000089800000, 0x0000000089800000, 0x0000000089900000|  0%| F|  |TAMS 0x0000000089800000, 0x0000000089800000| Untracked 
| 121|0x0000000089900000, 0x0000000089900000, 0x0000000089a00000|  0%| F|  |TAMS 0x0000000089900000, 0x0000000089900000| Untracked 
| 122|0x0000000089a00000, 0x0000000089a00000, 0x0000000089b00000|  0%| F|  |TAMS 0x0000000089a00000, 0x0000000089a00000| Untracked 
| 123|0x0000000089b00000, 0x0000000089b00000, 0x0000000089c00000|  0%| F|  |TAMS 0x0000000089b00000, 0x0000000089b00000| Untracked 
| 124|0x0000000089c00000, 0x0000000089c00000, 0x0000000089d00000|  0%| F|  |TAMS 0x0000000089c00000, 0x0000000089c00000| Untracked 
| 125|0x0000000089d00000, 0x0000000089d00000, 0x0000000089e00000|  0%| F|  |TAMS 0x0000000089d00000, 0x0000000089d00000| Untracked 

Card table byte_map: [0x0000023924480000,0x0000023924870000] _byte_map_base: 0x0000023924070000

Marking Bits (Prev, Next): (CMBitMap*) 0x000002391199ff18, (CMBitMap*) 0x000002391199ff50
 Prev Bits: [0x0000023924c60000, 0x0000023926be0000)
 Next Bits: [0x0000023926be0000, 0x0000023928b60000)

Polling page: 0x000002390f6f0000

Metaspace:

Usage:
  Non-class:     15.21 MB capacity,    15.14 MB (>99%) used,    53.79 KB ( <1%) free+waste,    18.75 KB ( <1%) overhead. 
      Class:      1.69 MB capacity,     1.61 MB ( 96%) used,    68.96 KB (  4%) free+waste,     8.13 KB ( <1%) overhead. 
       Both:     16.90 MB capacity,    16.75 MB (>99%) used,   122.75 KB ( <1%) free+waste,    26.88 KB ( <1%) overhead. 

Virtual space:
  Non-class space:       24.00 MB reserved,      15.25 MB ( 64%) committed 
      Class space:        1.00 GB reserved,       1.75 MB ( <1%) committed 
             Both:        1.02 GB reserved,      17.00 MB (  2%) committed 

Chunk freelists:
   Non-Class:  43.00 KB
       Class:  0 bytes
        Both:  43.00 KB

MaxMetaspaceSize: 17179869184.00 GB
CompressedClassSpaceSize: 1.00 GB
Initial GC threshold: 20.80 MB
Current GC threshold: 21.12 MB
CDS: off

CodeHeap 'non-profiled nmethods': size=120064Kb used=506Kb max_used=506Kb free=119557Kb
 bounds [0x000002391cf40000, 0x000002391d1b0000, 0x0000023924480000]
CodeHeap 'profiled nmethods': size=120000Kb used=3806Kb max_used=3806Kb free=116193Kb
 bounds [0x0000023915a10000, 0x0000023915dd0000, 0x000002391cf40000]
CodeHeap 'non-nmethods': size=5696Kb used=1178Kb max_used=1190Kb free=4517Kb
 bounds [0x0000023915480000, 0x00000239156f0000, 0x0000023915a10000]
 total_blobs=2220 nmethods=1783 adapters=350
 compilation: enabled
              stopped_count=0, restarted_count=0
 full_count=0

Compilation events (20 events):
Event: 8.264 Thread 0x000002392b914800 1774       3       java.nio.MappedByteBuffer::limit (6 bytes)
Event: 8.264 Thread 0x000002392b914800 nmethod 1774 0x0000023915dc4490 code [0x0000023915dc4660, 0x0000023915dc4868]
Event: 8.264 Thread 0x000002392b914800 1775       3       java.nio.MappedByteBuffer::position (6 bytes)
Event: 8.264 Thread 0x000002392b914800 nmethod 1775 0x0000023915dc4990 code [0x0000023915dc4b60, 0x0000023915dc4d68]
Event: 8.265 Thread 0x000002392af61000 1776       4       jdk.internal.jimage.ImageStringsReader::unmaskedHashCode (173 bytes)
Event: 8.268 Thread 0x000002392b914800 1777       3       java.nio.DirectByteBuffer::<init> (35 bytes)
Event: 8.268 Thread 0x000002392af61000 nmethod 1776 0x000002391cfbe390 code [0x000002391cfbe540, 0x000002391cfbe6c8]
Event: 8.269 Thread 0x000002392b914800 nmethod 1777 0x0000023915dc4e90 code [0x0000023915dc5080, 0x0000023915dc5458]
Event: 8.269 Thread 0x000002392b914800 1778   !   3       jdk.internal.jimage.BasicImageReader::slice (32 bytes)
Event: 8.269 Thread 0x000002392b914800 nmethod 1778 0x0000023915dc5610 code [0x0000023915dc5800, 0x0000023915dc5ca8]
Event: 8.269 Thread 0x000002392b914800 1779       3       java.nio.MappedByteBuffer::limit (6 bytes)
Event: 8.269 Thread 0x000002392b914800 nmethod 1779 0x0000023915dc5e90 code [0x0000023915dc6060, 0x0000023915dc6268]
Event: 8.270 Thread 0x000002392b914800 1780       1       java.lang.invoke.MethodHandles$Lookup::lookupClass (5 bytes)
Event: 8.270 Thread 0x000002392b914800 nmethod 1780 0x000002391cfbe890 code [0x000002391cfbea40, 0x000002391cfbeaf8]
Event: 8.270 Thread 0x000002392b914800 1781       3       java.util.Arrays$ArrayList::size (6 bytes)
Event: 8.270 Thread 0x000002392b914800 nmethod 1781 0x0000023915dc6390 code [0x0000023915dc6540, 0x0000023915dc6658]
Event: 8.271 Thread 0x000002392b914800 1782       3       java.lang.invoke.MethodHandle::<init> (37 bytes)
Event: 8.272 Thread 0x000002392b914800 nmethod 1782 0x0000023915dc6710 code [0x0000023915dc6920, 0x0000023915dc6e78]
Event: 8.272 Thread 0x000002392b914800 1783       3       java.lang.invoke.LambdaForm::prepare (112 bytes)
Event: 8.273 Thread 0x000002392b914800 nmethod 1783 0x0000023915dc7110 code [0x0000023915dc7340, 0x0000023915dc7918]

GC Heap History (8 events):
Event: 2.252 GC heap before
{Heap before GC invocations=0 (full 0):
 garbage-first heap   total 129024K, used 10240K [0x0000000082000000, 0x0000000100000000)
  region size 1024K, 7 young (7168K), 0 survivors (0K)
 Metaspace       used 7248K, capacity 7407K, committed 7680K, reserved 1056768K
  class space    used 607K, capacity 660K, committed 768K, reserved 1048576K
}
Event: 2.489 GC heap after
{Heap after GC invocations=1 (full 0):
 garbage-first heap   total 129024K, used 6182K [0x0000000082000000, 0x0000000100000000)
  region size 1024K, 1 young (1024K), 1 survivors (1024K)
 Metaspace       used 7248K, capacity 7407K, committed 7680K, reserved 1056768K
  class space    used 607K, capacity 660K, committed 768K, reserved 1048576K
}
Event: 5.265 GC heap before
{Heap before GC invocations=1 (full 0):
 garbage-first heap   total 129024K, used 21542K [0x0000000082000000, 0x0000000100000000)
  region size 1024K, 16 young (16384K), 1 survivors (1024K)
 Metaspace       used 11505K, capacity 11602K, committed 11904K, reserved 1060864K
  class space    used 1033K, capacity 1077K, committed 1152K, reserved 1048576K
}
Event: 5.269 GC heap after
{Heap after GC invocations=2 (full 0):
 garbage-first heap   total 129024K, used 6876K [0x0000000082000000, 0x0000000100000000)
  region size 1024K, 2 young (2048K), 2 survivors (2048K)
 Metaspace       used 11505K, capacity 11602K, committed 11904K, reserved 1060864K
  class space    used 1033K, capacity 1077K, committed 1152K, reserved 1048576K
}
Event: 6.965 GC heap before
{Heap before GC invocations=2 (full 0):
 garbage-first heap   total 129024K, used 24284K [0x0000000082000000, 0x0000000100000000)
  region size 1024K, 19 young (19456K), 2 survivors (2048K)
 Metaspace       used 14894K, capacity 15064K, committed 15360K, reserved 1062912K
  class space    used 1407K, capacity 1463K, committed 1536K, reserved 1048576K
}
Event: 6.974 GC heap after
{Heap after GC invocations=3 (full 0):
 garbage-first heap   total 129024K, used 8815K [0x0000000082000000, 0x0000000100000000)
  region size 1024K, 3 young (3072K), 3 survivors (3072K)
 Metaspace       used 14894K, capacity 15064K, committed 15360K, reserved 1062912K
  class space    used 1407K, capacity 1463K, committed 1536K, reserved 1048576K
}
Event: 8.276 GC heap before
{Heap before GC invocations=3 (full 0):
 garbage-first heap   total 129024K, used 18031K [0x0000000082000000, 0x0000000100000000)
  region size 1024K, 13 young (13312K), 3 survivors (3072K)
 Metaspace       used 17153K, capacity 17303K, committed 17408K, reserved 1071104K
  class space    used 1652K, capacity 1730K, committed 1792K, reserved 1048576K
}
Event: 8.284 GC heap after
{Heap after GC invocations=4 (full 0):
 garbage-first heap   total 129024K, used 10130K [0x0000000082000000, 0x0000000100000000)
  region size 1024K, 4 young (4096K), 4 survivors (4096K)
 Metaspace       used 17153K, capacity 17303K, committed 17408K, reserved 1071104K
  class space    used 1652K, capacity 1730K, committed 1792K, reserved 1048576K
}

Deoptimization events (20 events):
Event: 6.729 Thread 0x0000023911961000 DEOPT PACKING pc=0x000002391cf74c34 sp=0x00000043b94fbdd0
Event: 6.729 Thread 0x0000023911961000 DEOPT UNPACKING pc=0x00000239154ca1a9 sp=0x00000043b94fbd48 mode 2
Event: 6.729 Thread 0x0000023911961000 Uncommon trap: trap_request=0xffffffc6 fr.pc=0x000002391cf74c34 relative=0x0000000000000354
Event: 6.729 Thread 0x0000023911961000 Uncommon trap: reason=bimorphic_or_optimized_type_check action=maybe_recompile pc=0x000002391cf74c34 method=java.util.HashMap.getNode(ILjava/lang/Object;)Ljava/util/HashMap$Node; @ 126 c2
Event: 6.729 Thread 0x0000023911961000 DEOPT PACKING pc=0x000002391cf74c34 sp=0x00000043b94fc090
Event: 6.729 Thread 0x0000023911961000 DEOPT UNPACKING pc=0x00000239154ca1a9 sp=0x00000043b94fc008 mode 2
Event: 6.955 Thread 0x0000023911961000 Uncommon trap: trap_request=0xffffffc6 fr.pc=0x000002391cf74c34 relative=0x0000000000000354
Event: 6.955 Thread 0x0000023911961000 Uncommon trap: reason=bimorphic_or_optimized_type_check action=maybe_recompile pc=0x000002391cf74c34 method=java.util.HashMap.getNode(ILjava/lang/Object;)Ljava/util/HashMap$Node; @ 126 c2
Event: 6.955 Thread 0x0000023911961000 DEOPT PACKING pc=0x000002391cf74c34 sp=0x00000043b94fcff0
Event: 6.955 Thread 0x0000023911961000 DEOPT UNPACKING pc=0x00000239154ca1a9 sp=0x00000043b94fcf68 mode 2
Event: 7.107 Thread 0x0000023911961000 Uncommon trap: trap_request=0xffffff4d fr.pc=0x000002391cf64cf0 relative=0x0000000000000230
Event: 7.107 Thread 0x0000023911961000 Uncommon trap: reason=unstable_if action=reinterpret pc=0x000002391cf64cf0 method=java.lang.String.startsWith(Ljava/lang/String;I)Z @ 14 c2
Event: 7.107 Thread 0x0000023911961000 DEOPT PACKING pc=0x000002391cf64cf0 sp=0x00000043b94fc390
Event: 7.107 Thread 0x0000023911961000 DEOPT UNPACKING pc=0x00000239154ca1a9 sp=0x00000043b94fc2f8 mode 2
Event: 7.604 Thread 0x0000023911961000 DEOPT PACKING pc=0x0000023915d14034 sp=0x00000043b94fda60
Event: 7.604 Thread 0x0000023911961000 DEOPT UNPACKING pc=0x00000239154ca93f sp=0x00000043b94fd040 mode 0
Event: 8.151 Thread 0x0000023911961000 Uncommon trap: trap_request=0xffffff4d fr.pc=0x000002391cf772fc relative=0x00000000000000bc
Event: 8.151 Thread 0x0000023911961000 Uncommon trap: reason=unstable_if action=reinterpret pc=0x000002391cf772fc method=java.lang.Integer.valueOf(I)Ljava/lang/Integer; @ 3 c2
Event: 8.152 Thread 0x0000023911961000 DEOPT PACKING pc=0x000002391cf772fc sp=0x00000043b94fc6b0
Event: 8.152 Thread 0x0000023911961000 DEOPT UNPACKING pc=0x00000239154ca1a9 sp=0x00000043b94fc648 mode 2

Classes redefined (0 events):
No events

Internal exceptions (10 events):
Event: 8.015 Thread 0x0000023911961000 Exception <a 'java/lang/NoSuchMethodError'{0x0000000089515278}: 'int java.lang.invoke.DelegatingMethodHandle$Holder.reinvoke_L(java.lang.Object, java.lang.Object, java.lang.Object, long, int, int)'> (0x0000000089515278) thrown at [src/hotspot/share/interpreter/linkResolver.cpp, line 773]
Event: 8.021 Thread 0x0000023911961000 Exception <a 'java/lang/NoSuchMethodError'{0x0000000089522c00}: 'int java.lang.invoke.DelegatingMethodHandle$Holder.reinvoke_L(java.lang.Object, java.lang.Object, java.lang.Object, long, long, long)'> (0x0000000089522c00) thrown at [src/hotspot/share/interpreter/linkResolver.cpp, line 773]
Event: 8.025 Thread 0x0000023911961000 Exception <a 'java/lang/NoSuchMethodError'{0x000000008952fdb8}: 'int java.lang.invoke.DelegatingMethodHandle$Holder.reinvoke_L(java.lang.Object, java.lang.Object, java.lang.Object, long, java.lang.Object, java.lang.Object)'> (0x000000008952fdb8) thrown at [src/hotspot/share/interpreter/linkResolver.cpp, line 773]
Event: 8.029 Thread 0x0000023911961000 Exception <a 'java/lang/NoSuchMethodError'{0x000000008953d220}: 'void java.lang.invoke.DelegatingMethodHandle$Holder.reinvoke_L(java.lang.Object, java.lang.Object, java.lang.Object, long, java.lang.Object)'> (0x000000008953d220) thrown at [src/hotspot/share/interpreter/linkResolver.cpp, line 773]
Event: 8.033 Thread 0x0000023911961000 Exception <a 'java/lang/NoSuchMethodError'{0x0000000089546aa0}: 'java.lang.Object java.lang.invoke.DirectMethodHandle$Holder.invokeSpecial(java.lang.Object, java.lang.Object, java.lang.Object, java.lang.Object, long)'> (0x0000000089546aa0) thrown at [src/hotspot/share/interpreter/linkResolver.cpp, line 773]
Event: 8.035 Thread 0x0000023911961000 Exception <a 'java/lang/NoSuchMethodError'{0x0000000089549ff8}: 'java.lang.Object java.lang.invoke.DelegatingMethodHandle$Holder.reinvoke_L(java.lang.Object, java.lang.Object, java.lang.Object, long)'> (0x0000000089549ff8) thrown at [src/hotspot/share/interpreter/linkResolver.cpp, line 773]
Event: 8.048 Thread 0x0000023911961000 Exception <a 'java/lang/NoSuchMethodError'{0x00000000895645f8}: 'long java.lang.invoke.Invokers$Holder.invoke_MT(java.lang.Object, java.lang.Object, java.lang.Object, java.lang.Object)'> (0x00000000895645f8) thrown at [src/hotspot/share/interpreter/linkResolver.cpp, line 773]
Event: 8.051 Thread 0x0000023911961000 Exception <a 'java/lang/NoSuchMethodError'{0x0000000089567c78}: 'long java.lang.invoke.DelegatingMethodHandle$Holder.reinvoke_L(java.lang.Object, java.lang.Object, java.lang.Object)'> (0x0000000089567c78) thrown at [src/hotspot/share/interpreter/linkResolver.cpp, line 773]
Event: 8.056 Thread 0x0000023911961000 Exception <a 'java/lang/NoSuchMethodError'{0x00000000895719a8}: 'int java.lang.invoke.DirectMethodHandle$Holder.invokeSpecial(java.lang.Object, java.lang.Object, java.lang.Object, java.lang.Object)'> (0x00000000895719a8) thrown at [src/hotspot/share/interpreter/linkResolver.cpp, line 773]
Event: 8.069 Thread 0x0000023911961000 Exception <a 'java/lang/NoSuchMethodError'{0x00000000895809f8}: 'int java.lang.invoke.DelegatingMethodHandle$Holder.reinvoke_L(java.lang.Object, java.lang.Object, java.lang.Object, long, int)'> (0x00000000895809f8) thrown at [src/hotspot/share/interpreter/linkResolver.cpp, line 773]

Events (20 events):
Event: 8.269 loading class jdk/internal/logger/BootstrapLogger$LoggingBackend done
Event: 8.270 loading class jdk/internal/logger/BootstrapLogger$RedirectedLoggers
Event: 8.270 loading class jdk/internal/logger/BootstrapLogger$RedirectedLoggers done
Event: 8.270 loading class jdk/internal/logger/BootstrapLogger$BootstrapExecutors
Event: 8.270 loading class jdk/internal/logger/BootstrapLogger$BootstrapExecutors done
Event: 8.271 loading class java/util/logging/LogManager$4
Event: 8.271 loading class java/util/logging/LogManager$4 done
Event: 8.271 loading class java/util/logging/Logger$SystemLoggerHelper
Event: 8.271 loading class java/util/logging/Logger$SystemLoggerHelper done
Event: 8.271 loading class java/util/logging/Logger$SystemLoggerHelper$1
Event: 8.271 loading class java/util/logging/Logger$SystemLoggerHelper$1 done
Event: 8.271 loading class jdk/internal/logger/DefaultLoggerFinder$1
Event: 8.271 loading class jdk/internal/logger/DefaultLoggerFinder$1 done
Event: 8.272 loading class org/jetbrains/kotlin/com/google/common/collect/Maps
Event: 8.272 loading class org/jetbrains/kotlin/com/google/common/collect/Maps done
Event: 8.275 loading class org/jetbrains/kotlin/com/google/common/base/Function
Event: 8.275 loading class org/jetbrains/kotlin/com/google/common/base/Function done
Event: 8.275 loading class java/util/NavigableSet
Event: 8.275 loading class java/util/SortedSet
Event: 8.275 Executing VM operation: CollectForMetadataAllocation


Dynamic libraries:
0x00007ff6ce3f0000 - 0x00007ff6ce3fa000 	E:\Android Pro\jbr\bin\java.exe
0x00007ff9a2080000 - 0x00007ff9a2270000 	C:\WINDOWS\SYSTEM32\ntdll.dll
0x00007ff9a1100000 - 0x00007ff9a11b2000 	C:\WINDOWS\System32\KERNEL32.DLL
0x00007ff99f250000 - 0x00007ff99f4f5000 	C:\WINDOWS\System32\KERNELBASE.dll
0x00007ff9a0030000 - 0x00007ff9a012a000 	C:\WINDOWS\System32\ucrtbase.dll
0x00007ff9945f0000 - 0x00007ff994607000 	E:\Android Pro\jbr\bin\jli.dll
0x00007ff9a11f0000 - 0x00007ff9a1385000 	C:\WINDOWS\System32\USER32.dll
0x00007ff99f6a0000 - 0x00007ff99f6c1000 	C:\WINDOWS\System32\win32u.dll
0x00007ff9a0740000 - 0x00007ff9a0766000 	C:\WINDOWS\System32\GDI32.dll
0x00007ff99f500000 - 0x00007ff99f696000 	C:\WINDOWS\System32\gdi32full.dll
0x00007ff99f1b0000 - 0x00007ff99f24e000 	C:\WINDOWS\System32\msvcp_win.dll
0x00007ff997440000 - 0x00007ff99745b000 	E:\Android Pro\jbr\bin\VCRUNTIME140.dll
0x00007ff98c730000 - 0x00007ff98c9b4000 	C:\WINDOWS\WinSxS\amd64_microsoft.windows.common-controls_6595b64144ccf1df_6.0.18362.1082_none_9e8193e1e45b25c1\COMCTL32.dll
0x00007ff9a1b30000 - 0x00007ff9a1bce000 	C:\WINDOWS\System32\msvcrt.dll
0x00007ff9a0be0000 - 0x00007ff9a0f15000 	C:\WINDOWS\System32\combase.dll
0x00007ff9a05f0000 - 0x00007ff9a0710000 	C:\WINDOWS\System32\RPCRT4.dll
0x00007ff99f6d0000 - 0x00007ff99f750000 	C:\WINDOWS\System32\bcryptPrimitives.dll
0x00007ff9a0710000 - 0x00007ff9a073e000 	C:\WINDOWS\System32\IMM32.DLL
0x00007ff9983e0000 - 0x00007ff9983ec000 	E:\Android Pro\jbr\bin\vcruntime140_1.dll
0x00007ff98ede0000 - 0x00007ff98ee6d000 	E:\Android Pro\jbr\bin\msvcp140.dll
0x00007ff95d5a0000 - 0x00007ff95e15c000 	E:\Android Pro\jbr\bin\server\jvm.dll
0x00007ff9a0f20000 - 0x00007ff9a0fc3000 	C:\WINDOWS\System32\ADVAPI32.dll
0x00007ff9a0990000 - 0x00007ff9a0a27000 	C:\WINDOWS\System32\sechost.dll
0x00007ff9a11c0000 - 0x00007ff9a11c8000 	C:\WINDOWS\System32\PSAPI.DLL
0x00007ff9974c0000 - 0x00007ff9974c9000 	C:\WINDOWS\SYSTEM32\WSOCK32.dll
0x00007ff9a0b60000 - 0x00007ff9a0bcf000 	C:\WINDOWS\System32\WS2_32.dll
0x00007ff99c8a0000 - 0x00007ff99c8c4000 	C:\WINDOWS\SYSTEM32\WINMM.dll
0x00007ff992f90000 - 0x00007ff992f9a000 	C:\WINDOWS\SYSTEM32\VERSION.dll
0x00007ff99c850000 - 0x00007ff99c87d000 	C:\WINDOWS\SYSTEM32\WINMMBASE.dll
0x00007ff99f7b0000 - 0x00007ff99f7fa000 	C:\WINDOWS\System32\cfgmgr32.dll
0x00007ff99eff0000 - 0x00007ff99f001000 	C:\WINDOWS\System32\kernel.appcore.dll
0x00007ff9971c0000 - 0x00007ff9971d0000 	E:\Android Pro\jbr\bin\verify.dll
0x00007ff99d860000 - 0x00007ff99da54000 	C:\WINDOWS\SYSTEM32\DBGHELP.DLL
0x00007ff986950000 - 0x00007ff98697a000 	C:\WINDOWS\SYSTEM32\dbgcore.DLL
0x00007ff995740000 - 0x00007ff995768000 	E:\Android Pro\jbr\bin\java.dll
0x00007ff995ae0000 - 0x00007ff995aea000 	E:\Android Pro\jbr\bin\jimage.dll
0x00007ff995a90000 - 0x00007ff995aa8000 	E:\Android Pro\jbr\bin\zip.dll
0x00007ff9a1390000 - 0x00007ff9a1a77000 	C:\WINDOWS\System32\SHELL32.dll
0x00007ff9a1a80000 - 0x00007ff9a1b29000 	C:\WINDOWS\System32\shcore.dll
0x00007ff99f8b0000 - 0x00007ff9a0030000 	C:\WINDOWS\System32\windows.storage.dll
0x00007ff99efc0000 - 0x00007ff99efe3000 	C:\WINDOWS\System32\profapi.dll
0x00007ff99ef70000 - 0x00007ff99efba000 	C:\WINDOWS\System32\powrprof.dll
0x00007ff99ef40000 - 0x00007ff99ef50000 	C:\WINDOWS\System32\UMPDC.dll
0x00007ff9a0770000 - 0x00007ff9a07c2000 	C:\WINDOWS\System32\shlwapi.dll
0x00007ff99f040000 - 0x00007ff99f057000 	C:\WINDOWS\System32\cryptsp.dll
0x00007ff994630000 - 0x00007ff994649000 	E:\Android Pro\jbr\bin\net.dll
0x00007ff992730000 - 0x00007ff992820000 	C:\WINDOWS\SYSTEM32\WINHTTP.dll
0x00007ff99e730000 - 0x00007ff99e797000 	C:\WINDOWS\system32\mswsock.dll
0x00007ff994610000 - 0x00007ff994623000 	E:\Android Pro\jbr\bin\nio.dll

dbghelp: loaded successfully - version: 4.0.5 - missing functions: none
symbol engine: initialized successfully - sym options: 0x614 - pdb path: .;E:\Android Pro\jbr\bin;C:\WINDOWS\SYSTEM32;C:\WINDOWS\WinSxS\amd64_microsoft.windows.common-controls_6595b64144ccf1df_6.0.18362.1082_none_9e8193e1e45b25c1;E:\Android Pro\jbr\bin\server

VM Arguments:
java_command: org.jetbrains.kotlin.cli.jvm.K2JVMCompiler @C:\Users\DELL\AndroidStudioProjects\Pranik\app\build\20230515_355931138266217991.compiler.options
java_class_path (initial): C:\Users\DELL\.gradle\caches\modules-2\files-2.1\org.jetbrains.kotlin\kotlin-compiler-embeddable\1.8.20-RC2\9520696eb583b74b079e88d856d5b7f47bc62c1c\kotlin-compiler-embeddable-1.8.20-RC2.jar;C:\Users\DELL\.gradle\caches\modules-2\files-2.1\org.jetbrains.kotlin\kotlin-stdlib\1.8.20-RC2\436a3cf44ea8dc1c65d7a59abda28e232b05d84a\kotlin-stdlib-1.8.20-RC2.jar;C:\Users\DELL\.gradle\caches\modules-2\files-2.1\org.jetbrains.kotlin\kotlin-script-runtime\1.8.20-RC2\6bb20a918d97a63b0fcb5b010abc27c5268050eb\kotlin-script-runtime-1.8.20-RC2.jar;C:\Users\DELL\.gradle\caches\modules-2\files-2.1\org.jetbrains.kotlin\kotlin-reflect\1.6.10\1cbe9c92c12a94eea200d23c2bbaedaf3daf5132\kotlin-reflect-1.6.10.jar;C:\Users\DELL\.gradle\caches\modules-2\files-2.1\org.jetbrains.kotlin\kotlin-daemon-embeddable\1.8.20-RC2\3c9f0221c6eff157405c47741f1fb61059af2e9c\kotlin-daemon-embeddable-1.8.20-RC2.jar;C:\Users\DELL\.gradle\caches\modules-2\files-2.1\org.jetbrains.intellij.deps\trove4j\1.0.20200330\3afb14d5f9ceb459d724e907a21145e8ff394f02\trove4j-1.0.20200330.jar;C:\Users\DELL\.gradle\caches\modules-2\files-2.1\net.java.dev.jna\jna\5.6.0\330f2244e9030119ab3030fc3fededc86713d9cc\jna-5.6.0.jar;C:\Users\DELL\.gradle\caches\modules-2\files-2.1\org.jetbrains.kotlin\kotlin-stdlib-common\1.8.20-RC2\948fe79545343155ae7e6669c40ac9e086170e82\kotlin-stdlib-common-1.8.20-RC2.jar;C:\Users\DELL\.gradle\caches\modules-2\files-2.1\org.jetbrains\annotations\13.0\919f0dfe192fb4e063e7dacadee7f8bb9a2672a9\annotations-13.0.jar
Launcher Type: SUN_STANDARD

[Global flags]
     intx CICompilerCount                          = 2                                         {product} {ergonomic}
     uint ConcGCThreads                            = 1                                         {product} {ergonomic}
     uint G1ConcRefinementThreads                  = 2                                         {product} {ergonomic}
   size_t G1HeapRegionSize                         = 1048576                                   {product} {ergonomic}
    uintx GCDrainStackTargetSize                   = 64                                        {product} {ergonomic}
   size_t InitialHeapSize                          = 132120576                                 {product} {ergonomic}
   size_t MarkStackSize                            = 4194304                                   {product} {ergonomic}
   size_t MaxHeapSize                              = 2113929216                                {product} {ergonomic}
   size_t MaxNewSize                               = 1267728384                                {product} {ergonomic}
   size_t MinHeapDeltaBytes                        = 1048576                                   {product} {ergonomic}
    uintx NonNMethodCodeHeapSize                   = 5825164                                {pd product} {ergonomic}
    uintx NonProfiledCodeHeapSize                  = 122916538                              {pd product} {ergonomic}
    uintx ProfiledCodeHeapSize                     = 122916538                              {pd product} {ergonomic}
    uintx ReservedCodeCacheSize                    = 251658240                              {pd product} {ergonomic}
     bool SegmentedCodeCache                       = true                                      {product} {ergonomic}
     bool UseCompressedClassPointers               = true                                 {lp64_product} {ergonomic}
     bool UseCompressedOops                        = true                                 {lp64_product} {ergonomic}
     bool UseG1GC                                  = true                                      {product} {ergonomic}
     bool UseLargePagesIndividualAllocation        = false                                  {pd product} {ergonomic}

Logging:
Log output configuration:
 #0: stdout all=warning uptime,level,tags
 #1: stderr all=off uptime,level,tags

Environment Variables:
PATH=C:\Program Files\Common Files\Oracle\Java\javapath;C:\oraclexe\app\oracle\product\11.2.0\server\bin;C:\Program Files (x86)\Common Files\Oracle\Java\javapath;C:\WINDOWS\system32;C:\WINDOWS;C:\WINDOWS\System32\Wbem;C:\WINDOWS\System32\WindowsPowerShell\v1.0\;C:\Program Files\Microsoft SQL Server\110\Tools\Binn\;C:\WINDOWS\System32\OpenSSH\;C:\Program Files (x86)\Microsoft SQL Server\110\Tools\Binn\;C:\Program Files\Microsoft SQL Server\110\DTS\Binn\;C:\Program Files (x86)\Microsoft SQL Server\110\Tools\Binn\ManagementStudio\;C:\Program Files (x86)\Microsoft SQL Server\110\DTS\Binn\;C:\Program Files\Java\jdk-16.0.1\bin;C:\Elastic Stack\elasticsearch-7.14.0\bin;C:\Elastic Stack\kibana-7.14.0-windows-x86_64\bin;C:\Program Files\Java\jdk-16.0.1\bin;C:\Program Files\Java\jre1.8.0_261\bin;E:\Vids\Curl\Curl\bin;C:\Program Files (x86)\dotnet\;C:\Users\DELL\AppData\Local\Programs\Python\Python39\Scripts\;C:\Users\DELL\AppData\Local\Programs\Python\Python39\;C:\Users\DELL\AppData\Local\Microsoft\WindowsApps;C:\Program Files (x86)\Nmap;C:\Python27;
USERNAME=DELL
OS=Windows_NT
PROCESSOR_IDENTIFIER=Intel64 Family 6 Model 142 Stepping 9, GenuineIntel



---------------  S Y S T E M  ---------------

OS: Windows 10 , 64 bit Build 18362 (10.0.18362.1082)
OS uptime: 5 days 23:44 hours

CPU:total 2 (initial active 2) (2 cores per cpu, 1 threads per core) family 6 model 142 stepping 9 microcode 0x8e, cmov, cx8, fxsr, mmx, sse, sse2, sse3, ssse3, sse4.1, sse4.2, popcnt, aes, clmul, erms, 3dnowpref, lzcnt, tsc, tscinvbit

Memory: 4k page, system-wide physical 8057M (522M free)
TotalPageFile size 8057M (AvailPageFile size 2M)
current process WorkingSet (physical memory assigned to process): 87M, peak: 87M
current process commit charge ("private bytes"): 212M, peak: 213M

vm_info: OpenJDK 64-Bit Server VM (11.0.15+0-b2043.56-9505619) for windows-amd64 JRE (11.0.15+0-b2043.56-9505619), built on Jan 19 2023 02:48:00 by "builduser" with unknown MS VC++:1929

END.
