#
# There is insufficient memory for the Java Runtime Environment to continue.
# Native memory allocation (mmap) failed to map 57671680 bytes for G1 virtual space
# Possible reasons:
#   The system is out of physical RAM or swap space
#   The process is running with CompressedOops enabled, and the Java Heap may be blocking the growth of the native heap
# Possible solutions:
#   Reduce memory load on the system
#   Increase physical memory or swap space
#   Check if swap backing store is full
#   Decrease Java heap size (-Xmx/-Xms)
#   Decrease number of Java threads
#   Decrease Java thread stack sizes (-Xss)
#   Set larger code cache with -XX:ReservedCodeCacheSize=
#   JVM is running with Unscaled Compressed Oops mode in which the Java heap is
#     placed in the first 4GB address space. The Java Heap base address is the
#     maximum limit for the native heap growth. Please use -XX:HeapBaseMinAddress
#     to set the Java Heap base and to place the Java Heap above 4GB virtual address.
# This output file may be truncated or incomplete.
#
#  Out of Memory Error (os_windows.cpp:3769), pid=9780, tid=9676
#
# JRE version: OpenJDK Runtime Environment (17.0.6) (build 17.0.6+0-b2043.56-9586694)
# Java VM: OpenJDK 64-Bit Server VM (17.0.6+0-b2043.56-9586694, mixed mode, tiered, compressed oops, compressed class ptrs, g1 gc, windows-amd64)
# No core dump will be written. Minidumps are not enabled by default on client versions of Windows
#

---------------  S U M M A R Y ------------

Command Line: --add-opens=java.base/java.util=ALL-UNNAMED --add-opens=java.base/java.lang=ALL-UNNAMED --add-opens=java.base/java.lang.invoke=ALL-UNNAMED --add-opens=java.prefs/java.util.prefs=ALL-UNNAMED --add-opens=java.base/java.nio.charset=ALL-UNNAMED --add-opens=java.base/java.net=ALL-UNNAMED --add-opens=java.base/java.util.concurrent.atomic=ALL-UNNAMED -Xmx2048m -Dfile.encoding=UTF-8 -Duser.country=US -Duser.language=en -Duser.variant org.gradle.launcher.daemon.bootstrap.GradleDaemon 8.0

Host: Intel(R) Celeron(R) CPU 3865U @ 1.80GHz, 2 cores, 7G,  Windows 10 , 64 bit Build 18362 (10.0.18362.1082)
Time: Thu May 18 13:20:21 2023 India Standard Time elapsed time: 37.122171 seconds (0d 0h 0m 37s)

---------------  T H R E A D  ---------------

Current thread (0x000001e57e59e060):  VMThread "VM Thread" [stack: 0x00000018dc100000,0x00000018dc200000] [id=9676]

Stack: [0x00000018dc100000,0x00000018dc200000]
Native frames: (J=compiled Java code, j=interpreted, Vv=VM code, C=native code)
V  [jvm.dll+0x683b4a]
V  [jvm.dll+0x842654]
V  [jvm.dll+0x843dfe]
V  [jvm.dll+0x844463]
V  [jvm.dll+0x249b75]
V  [jvm.dll+0x680a19]
V  [jvm.dll+0x674f0a]
V  [jvm.dll+0x309acb]
V  [jvm.dll+0x310f86]
V  [jvm.dll+0x3608ee]
V  [jvm.dll+0x360b1f]
V  [jvm.dll+0x2dfbf8]
V  [jvm.dll+0x2ddec4]
V  [jvm.dll+0x2dd4cc]
V  [jvm.dll+0x321f3b]
V  [jvm.dll+0x84893b]
V  [jvm.dll+0x849674]
V  [jvm.dll+0x849b8d]
V  [jvm.dll+0x849f64]
V  [jvm.dll+0x84a030]
V  [jvm.dll+0x7f25fa]
V  [jvm.dll+0x682985]
C  [ucrtbase.dll+0x20e82]
C  [KERNEL32.DLL+0x17bd4]
C  [ntdll.dll+0x6ce51]

VM_Operation (0x00000018dd5f8e90): G1CollectForAllocation, mode: safepoint, requested by thread 0x000001e513e4ee90


---------------  P R O C E S S  ---------------

Threads class SMR info:
_java_thread_list=0x000001e516a58140, length=35, elements={
0x000001e57643dfa0, 0x000001e57e5a3340, 0x000001e57e5a50d0, 0x000001e57e5da3c0,
0x000001e57e5ddda0, 0x000001e57e5de660, 0x000001e57f012470, 0x000001e57f013060,
0x000001e57f079410, 0x000001e57f07b930, 0x000001e57f135330, 0x000001e57f137810,
0x000001e513193ed0, 0x000001e513e4cce0, 0x000001e513e4e020, 0x000001e513e4db50,
0x000001e513e4e9c0, 0x000001e513e4e4f0, 0x000001e513e4ee90, 0x000001e513e4fd00,
0x000001e513e501d0, 0x000001e513e4c810, 0x000001e513e4d1b0, 0x000001e513e4d680,
0x000001e513e4f360, 0x000001e514945570, 0x000001e51493f060, 0x000001e514941210,
0x000001e514945f10, 0x000001e5149433c0, 0x000001e51493f530, 0x000001e514945a40,
0x000001e514940d40, 0x000001e514943890, 0x000001e514944bd0
}

Java Threads: ( => current thread )
  0x000001e57643dfa0 JavaThread "main" [_thread_blocked, id=6352, stack(0x00000018dba00000,0x00000018dbb00000)]
  0x000001e57e5a3340 JavaThread "Reference Handler" daemon [_thread_blocked, id=5112, stack(0x00000018dc200000,0x00000018dc300000)]
  0x000001e57e5a50d0 JavaThread "Finalizer" daemon [_thread_blocked, id=5424, stack(0x00000018dc300000,0x00000018dc400000)]
  0x000001e57e5da3c0 JavaThread "Signal Dispatcher" daemon [_thread_blocked, id=9820, stack(0x00000018dc400000,0x00000018dc500000)]
  0x000001e57e5ddda0 JavaThread "Attach Listener" daemon [_thread_blocked, id=1828, stack(0x00000018dc500000,0x00000018dc600000)]
  0x000001e57e5de660 JavaThread "Service Thread" daemon [_thread_blocked, id=7028, stack(0x00000018dc600000,0x00000018dc700000)]
  0x000001e57f012470 JavaThread "Monitor Deflation Thread" daemon [_thread_blocked, id=7628, stack(0x00000018dc700000,0x00000018dc800000)]
  0x000001e57f013060 JavaThread "C2 CompilerThread0" daemon [_thread_blocked, id=1788, stack(0x00000018dc800000,0x00000018dc900000)]
  0x000001e57f079410 JavaThread "C1 CompilerThread0" daemon [_thread_blocked, id=7268, stack(0x00000018dc900000,0x00000018dca00000)]
  0x000001e57f07b930 JavaThread "Sweeper thread" daemon [_thread_blocked, id=3812, stack(0x00000018dca00000,0x00000018dcb00000)]
  0x000001e57f135330 JavaThread "Common-Cleaner" daemon [_thread_blocked, id=9716, stack(0x00000018dcb00000,0x00000018dcc00000)]
  0x000001e57f137810 JavaThread "Notification Thread" daemon [_thread_blocked, id=10868, stack(0x00000018dcc00000,0x00000018dcd00000)]
  0x000001e513193ed0 JavaThread "Daemon health stats" [_thread_blocked, id=10792, stack(0x00000018dcf00000,0x00000018dd000000)]
  0x000001e513e4cce0 JavaThread "Incoming local TCP Connector on port 38013" [_thread_in_native, id=10564, stack(0x00000018dd000000,0x00000018dd100000)]
  0x000001e513e4e020 JavaThread "Daemon periodic checks" [_thread_blocked, id=9436, stack(0x00000018dd100000,0x00000018dd200000)]
  0x000001e513e4db50 JavaThread "Daemon" [_thread_blocked, id=4264, stack(0x00000018dd200000,0x00000018dd300000)]
  0x000001e513e4e9c0 JavaThread "Handler for socket connection from /127.0.0.1:38013 to /127.0.0.1:38014" [_thread_in_native, id=4668, stack(0x00000018dd300000,0x00000018dd400000)]
  0x000001e513e4e4f0 JavaThread "Cancel handler" [_thread_blocked, id=6052, stack(0x00000018dd400000,0x00000018dd500000)]
  0x000001e513e4ee90 JavaThread "Daemon worker" [_thread_blocked, id=3476, stack(0x00000018dd500000,0x00000018dd600000)]
  0x000001e513e4fd00 JavaThread "Asynchronous log dispatcher for DefaultDaemonConnection: socket connection from /127.0.0.1:38013 to /127.0.0.1:38014" [_thread_blocked, id=8068, stack(0x00000018dd600000,0x00000018dd700000)]
  0x000001e513e501d0 JavaThread "Stdin handler" [_thread_blocked, id=688, stack(0x00000018dd700000,0x00000018dd800000)]
  0x000001e513e4c810 JavaThread "Daemon client event forwarder" [_thread_blocked, id=4928, stack(0x00000018dd800000,0x00000018dd900000)]
  0x000001e513e4d1b0 JavaThread "Cache worker for journal cache (C:\Users\DELL\.gradle\caches\journal-1)" [_thread_blocked, id=6084, stack(0x00000018dd900000,0x00000018dda00000)]
  0x000001e513e4d680 JavaThread "File lock request listener" [_thread_in_native, id=5332, stack(0x00000018dda00000,0x00000018ddb00000)]
  0x000001e513e4f360 JavaThread "Cache worker for file hash cache (C:\Users\DELL\.gradle\caches\8.0\fileHashes)" [_thread_blocked, id=1292, stack(0x00000018ddb00000,0x00000018ddc00000)]
  0x000001e514945570 JavaThread "File watcher server" daemon [_thread_in_native, id=11168, stack(0x00000018ddc00000,0x00000018ddd00000)]
  0x000001e51493f060 JavaThread "File watcher consumer" daemon [_thread_blocked, id=4864, stack(0x00000018ddd00000,0x00000018dde00000)]
  0x000001e514941210 JavaThread "jar transforms" [_thread_blocked, id=7020, stack(0x00000018dde00000,0x00000018ddf00000)]
  0x000001e514945f10 JavaThread "jar transforms Thread 2" [_thread_blocked, id=9580, stack(0x00000018ddf00000,0x00000018de000000)]
  0x000001e5149433c0 JavaThread "Cache worker for checksums cache (C:\Users\DELL\AndroidStudioProjects\Pranik\.gradle\8.0\checksums)" [_thread_blocked, id=10584, stack(0x00000018de000000,0x00000018de100000)]
  0x000001e51493f530 JavaThread "Cache worker for cache directory md-rule (C:\Users\DELL\.gradle\caches\8.0\md-rule)" [_thread_blocked, id=10936, stack(0x00000018de100000,0x00000018de200000)]
  0x000001e514945a40 JavaThread "Cache worker for file content cache (C:\Users\DELL\.gradle\caches\8.0\fileContent)" [_thread_blocked, id=11136, stack(0x00000018de200000,0x00000018de300000)]
  0x000001e514940d40 JavaThread "Cache worker for file hash cache (C:\Users\DELL\AndroidStudioProjects\Pranik\.gradle\8.0\fileHashes)" [_thread_blocked, id=10988, stack(0x00000018de300000,0x00000018de400000)]
  0x000001e514943890 JavaThread "Cache worker for cache directory md-supplier (C:\Users\DELL\.gradle\caches\8.0\md-supplier)" [_thread_blocked, id=5276, stack(0x00000018de400000,0x00000018de500000)]
  0x000001e514944bd0 JavaThread "Cache worker for execution history cache (C:\Users\DELL\.gradle\caches\8.0\executionHistory)" [_thread_blocked, id=2248, stack(0x00000018de500000,0x00000018de600000)]

Other Threads:
=>0x000001e57e59e060 VMThread "VM Thread" [stack: 0x00000018dc100000,0x00000018dc200000] [id=9676]
  0x000001e57f0a04c0 WatcherThread [stack: 0x00000018dcd00000,0x00000018dce00000] [id=3196]
  0x000001e578555b30 GCTaskThread "GC Thread#0" [stack: 0x00000018dbc00000,0x00000018dbd00000] [id=7004]
  0x000001e57f279020 GCTaskThread "GC Thread#1" [stack: 0x00000018dce00000,0x00000018dcf00000] [id=9672]
  0x000001e578566980 ConcurrentGCThread "G1 Main Marker" [stack: 0x00000018dbd00000,0x00000018dbe00000] [id=4304]
  0x000001e578567310 ConcurrentGCThread "G1 Conc#0" [stack: 0x00000018dbe00000,0x00000018dbf00000] [id=7080]
  0x000001e57e4020b0 ConcurrentGCThread "G1 Refine#0" [stack: 0x00000018dbf00000,0x00000018dc000000] [id=2416]
  0x000001e57e402a50 ConcurrentGCThread "G1 Service" [stack: 0x00000018dc000000,0x00000018dc100000] [id=7056]

Threads with active compile tasks:

VM state: at safepoint (normal execution)

VM Mutex/Monitor currently owned by a thread:  ([mutex/lock_event])
[0x000001e5784fae30] Threads_lock - owner thread: 0x000001e57e59e060
[0x000001e5784fa800] Heap_lock - owner thread: 0x000001e513e4ee90

Heap address: 0x0000000080000000, size: 2048 MB, Compressed Oops mode: 32-bit

CDS archive(s) not mapped
Compressed class space mapped at: 0x0000000100000000-0x0000000140000000, reserved size: 1073741824
Narrow klass base: 0x0000000000000000, Narrow klass shift: 3, Narrow klass range: 0x140000000

GC Precious Log:
 CPUs: 2 total, 2 available
 Memory: 8057M
 Large Page Support: Disabled
 NUMA Support: Disabled
 Compressed Oops: Enabled (32-bit)
 Heap Region Size: 1M
 Heap Min Capacity: 8M
 Heap Initial Capacity: 126M
 Heap Max Capacity: 2G
 Pre-touch: Disabled
 Parallel Workers: 2
 Concurrent Workers: 1
 Concurrent Refinement Workers: 2
 Periodic GC: Disabled

Heap:
 garbage-first heap   total 162816K, used 85575K [0x0000000080000000, 0x0000000100000000)
  region size 1024K, 5 young (5120K), 5 survivors (5120K)
 Metaspace       used 46314K, committed 46784K, reserved 1089536K
  class space    used 6138K, committed 6336K, reserved 1048576K

Heap Regions: E=young(eden), S=young(survivor), O=old, HS=humongous(starts), HC=humongous(continues), CS=collection set, F=free, OA=open archive, CA=closed archive, TAMS=top-at-mark-start (previous, next)
|   0|0x0000000080000000, 0x0000000080100000, 0x0000000080100000|100%| O|  |TAMS 0x0000000080100000, 0x0000000080100000| Untracked 
|   1|0x0000000080100000, 0x0000000080200000, 0x0000000080200000|100%| O|  |TAMS 0x0000000080200000, 0x0000000080200000| Untracked 
|   2|0x0000000080200000, 0x0000000080300000, 0x0000000080300000|100%| O|  |TAMS 0x0000000080300000, 0x0000000080300000| Untracked 
|   3|0x0000000080300000, 0x0000000080400000, 0x0000000080400000|100%|HS|  |TAMS 0x0000000080400000, 0x0000000080400000| Complete 
|   4|0x0000000080400000, 0x0000000080500000, 0x0000000080500000|100%|HC|  |TAMS 0x0000000080500000, 0x0000000080500000| Complete 
|   5|0x0000000080500000, 0x0000000080600000, 0x0000000080600000|100%|HC|  |TAMS 0x0000000080600000, 0x0000000080600000| Complete 
|   6|0x0000000080600000, 0x0000000080700000, 0x0000000080700000|100%|HC|  |TAMS 0x0000000080700000, 0x0000000080700000| Complete 
|   7|0x0000000080700000, 0x0000000080800000, 0x0000000080800000|100%| O|  |TAMS 0x0000000080800000, 0x0000000080800000| Untracked 
|   8|0x0000000080800000, 0x00000000808f1800, 0x0000000080900000| 94%| O|  |TAMS 0x00000000808f1800, 0x00000000808f1800| Untracked 
|   9|0x0000000080900000, 0x0000000080a00000, 0x0000000080a00000|100%| O|  |TAMS 0x0000000080a00000, 0x0000000080a00000| Untracked 
|  10|0x0000000080a00000, 0x0000000080b00000, 0x0000000080b00000|100%| O|  |TAMS 0x0000000080b00000, 0x0000000080b00000| Untracked 
|  11|0x0000000080b00000, 0x0000000080c00000, 0x0000000080c00000|100%| O|  |TAMS 0x0000000080c00000, 0x0000000080c00000| Untracked 
|  12|0x0000000080c00000, 0x0000000080d00000, 0x0000000080d00000|100%| O|  |TAMS 0x0000000080d00000, 0x0000000080d00000| Untracked 
|  13|0x0000000080d00000, 0x0000000080e00000, 0x0000000080e00000|100%| O|  |TAMS 0x0000000080e00000, 0x0000000080e00000| Untracked 
|  14|0x0000000080e00000, 0x0000000080f00000, 0x0000000080f00000|100%| O|  |TAMS 0x0000000080f00000, 0x0000000080f00000| Untracked 
|  15|0x0000000080f00000, 0x0000000081000000, 0x0000000081000000|100%| O|  |TAMS 0x0000000081000000, 0x0000000081000000| Untracked 
|  16|0x0000000081000000, 0x0000000081100000, 0x0000000081100000|100%| O|  |TAMS 0x0000000081100000, 0x0000000081100000| Untracked 
|  17|0x0000000081100000, 0x0000000081200000, 0x0000000081200000|100%| O|  |TAMS 0x0000000081200000, 0x0000000081200000| Untracked 
|  18|0x0000000081200000, 0x0000000081300000, 0x0000000081300000|100%| O|  |TAMS 0x0000000081300000, 0x0000000081300000| Untracked 
|  19|0x0000000081300000, 0x0000000081400000, 0x0000000081400000|100%| O|  |TAMS 0x0000000081400000, 0x0000000081400000| Untracked 
|  20|0x0000000081400000, 0x0000000081500000, 0x0000000081500000|100%| O|  |TAMS 0x0000000081500000, 0x0000000081500000| Untracked 
|  21|0x0000000081500000, 0x0000000081600000, 0x0000000081600000|100%|HS|  |TAMS 0x0000000081600000, 0x0000000081600000| Complete 
|  22|0x0000000081600000, 0x0000000081700000, 0x0000000081700000|100%|HC|  |TAMS 0x0000000081700000, 0x0000000081700000| Complete 
|  23|0x0000000081700000, 0x0000000081800000, 0x0000000081800000|100%|HS|  |TAMS 0x0000000081800000, 0x0000000081800000| Complete 
|  24|0x0000000081800000, 0x0000000081900000, 0x0000000081900000|100%|HC|  |TAMS 0x0000000081900000, 0x0000000081900000| Complete 
|  25|0x0000000081900000, 0x0000000081a00000, 0x0000000081a00000|100%|HC|  |TAMS 0x0000000081a00000, 0x0000000081a00000| Complete 
|  26|0x0000000081a00000, 0x0000000081b00000, 0x0000000081b00000|100%|HS|  |TAMS 0x0000000081b00000, 0x0000000081b00000| Complete 
|  27|0x0000000081b00000, 0x0000000081c00000, 0x0000000081c00000|100%|HC|  |TAMS 0x0000000081c00000, 0x0000000081c00000| Complete 
|  28|0x0000000081c00000, 0x0000000081d00000, 0x0000000081d00000|100%|HC|  |TAMS 0x0000000081d00000, 0x0000000081d00000| Complete 
|  29|0x0000000081d00000, 0x0000000081e00000, 0x0000000081e00000|100%|HS|  |TAMS 0x0000000081e00000, 0x0000000081e00000| Complete 
|  30|0x0000000081e00000, 0x0000000081f00000, 0x0000000081f00000|100%|HC|  |TAMS 0x0000000081f00000, 0x0000000081f00000| Complete 
|  31|0x0000000081f00000, 0x0000000082000000, 0x0000000082000000|100%| O|  |TAMS 0x0000000082000000, 0x0000000082000000| Untracked 
|  32|0x0000000082000000, 0x0000000082100000, 0x0000000082100000|100%| O|  |TAMS 0x0000000082100000, 0x0000000082100000| Untracked 
|  33|0x0000000082100000, 0x0000000082200000, 0x0000000082200000|100%|HS|  |TAMS 0x0000000082200000, 0x0000000082200000| Complete 
|  34|0x0000000082200000, 0x0000000082300000, 0x0000000082300000|100%|HC|  |TAMS 0x0000000082300000, 0x0000000082300000| Complete 
|  35|0x0000000082300000, 0x0000000082400000, 0x0000000082400000|100%|HC|  |TAMS 0x0000000082400000, 0x0000000082400000| Complete 
|  36|0x0000000082400000, 0x0000000082500000, 0x0000000082500000|100%|HC|  |TAMS 0x0000000082500000, 0x0000000082500000| Complete 
|  37|0x0000000082500000, 0x0000000082600000, 0x0000000082600000|100%|HC|  |TAMS 0x0000000082600000, 0x0000000082600000| Complete 
|  38|0x0000000082600000, 0x0000000082700000, 0x0000000082700000|100%|HC|  |TAMS 0x0000000082700000, 0x0000000082700000| Complete 
|  39|0x0000000082700000, 0x0000000082800000, 0x0000000082800000|100%|HS|  |TAMS 0x0000000082800000, 0x0000000082800000| Complete 
|  40|0x0000000082800000, 0x0000000082900000, 0x0000000082900000|100%|HS|  |TAMS 0x0000000082900000, 0x0000000082900000| Complete 
|  41|0x0000000082900000, 0x0000000082a00000, 0x0000000082a00000|100%|HC|  |TAMS 0x0000000082a00000, 0x0000000082a00000| Complete 
|  42|0x0000000082a00000, 0x0000000082b00000, 0x0000000082b00000|100%|HC|  |TAMS 0x0000000082b00000, 0x0000000082b00000| Complete 
|  43|0x0000000082b00000, 0x0000000082c00000, 0x0000000082c00000|100%|HC|  |TAMS 0x0000000082c00000, 0x0000000082c00000| Complete 
|  44|0x0000000082c00000, 0x0000000082d00000, 0x0000000082d00000|100%|HC|  |TAMS 0x0000000082d00000, 0x0000000082d00000| Complete 
|  45|0x0000000082d00000, 0x0000000082e00000, 0x0000000082e00000|100%|HC|  |TAMS 0x0000000082e00000, 0x0000000082e00000| Complete 
|  46|0x0000000082e00000, 0x0000000082f00000, 0x0000000082f00000|100%|HC|  |TAMS 0x0000000082f00000, 0x0000000082f00000| Complete 
|  47|0x0000000082f00000, 0x0000000083000000, 0x0000000083000000|100%|HC|  |TAMS 0x0000000083000000, 0x0000000083000000| Complete 
|  48|0x0000000083000000, 0x0000000083100000, 0x0000000083100000|100%|HC|  |TAMS 0x0000000083100000, 0x0000000083100000| Complete 
|  49|0x0000000083100000, 0x0000000083200000, 0x0000000083200000|100%|HC|  |TAMS 0x0000000083200000, 0x0000000083200000| Complete 
|  50|0x0000000083200000, 0x0000000083300000, 0x0000000083300000|100%|HS|  |TAMS 0x0000000083300000, 0x0000000083300000| Complete 
|  51|0x0000000083300000, 0x0000000083400000, 0x0000000083400000|100%|HC|  |TAMS 0x0000000083400000, 0x0000000083400000| Complete 
|  52|0x0000000083400000, 0x0000000083500000, 0x0000000083500000|100%| O|  |TAMS 0x0000000083500000, 0x0000000083500000| Untracked 
|  53|0x0000000083500000, 0x0000000083600000, 0x0000000083600000|100%| O|  |TAMS 0x0000000083600000, 0x0000000083600000| Untracked 
|  54|0x0000000083600000, 0x0000000083700000, 0x0000000083700000|100%| O|  |TAMS 0x0000000083700000, 0x0000000083700000| Untracked 
|  55|0x0000000083700000, 0x0000000083800000, 0x0000000083800000|100%| O|  |TAMS 0x0000000083800000, 0x0000000083800000| Untracked 
|  56|0x0000000083800000, 0x0000000083900000, 0x0000000083900000|100%| O|  |TAMS 0x0000000083900000, 0x0000000083900000| Untracked 
|  57|0x0000000083900000, 0x0000000083a00000, 0x0000000083a00000|100%| O|  |TAMS 0x0000000083a00000, 0x0000000083a00000| Untracked 
|  58|0x0000000083a00000, 0x0000000083b00000, 0x0000000083b00000|100%| O|  |TAMS 0x0000000083b00000, 0x0000000083b00000| Untracked 
|  59|0x0000000083b00000, 0x0000000083c00000, 0x0000000083c00000|100%| O|  |TAMS 0x0000000083c00000, 0x0000000083c00000| Untracked 
|  60|0x0000000083c00000, 0x0000000083d00000, 0x0000000083d00000|100%|HS|  |TAMS 0x0000000083d00000, 0x0000000083d00000| Complete 
|  61|0x0000000083d00000, 0x0000000083e00000, 0x0000000083e00000|100%|HC|  |TAMS 0x0000000083e00000, 0x0000000083e00000| Complete 
|  62|0x0000000083e00000, 0x0000000083f00000, 0x0000000083f00000|100%| O|  |TAMS 0x0000000083f00000, 0x0000000083f00000| Untracked 
|  63|0x0000000083f00000, 0x0000000084000000, 0x0000000084000000|100%| O|  |TAMS 0x0000000084000000, 0x0000000084000000| Untracked 
|  64|0x0000000084000000, 0x0000000084100000, 0x0000000084100000|100%| O|  |TAMS 0x0000000084100000, 0x0000000084100000| Untracked 
|  65|0x0000000084100000, 0x0000000084200000, 0x0000000084200000|100%|HS|  |TAMS 0x0000000084200000, 0x0000000084200000| Complete 
|  66|0x0000000084200000, 0x0000000084300000, 0x0000000084300000|100%|HC|  |TAMS 0x0000000084300000, 0x0000000084300000| Complete 
|  67|0x0000000084300000, 0x0000000084400000, 0x0000000084400000|100%|HC|  |TAMS 0x0000000084400000, 0x0000000084400000| Complete 
|  68|0x0000000084400000, 0x0000000084500000, 0x0000000084500000|100%|HC|  |TAMS 0x0000000084500000, 0x0000000084500000| Complete 
|  69|0x0000000084500000, 0x0000000084600000, 0x0000000084600000|100%|HC|  |TAMS 0x0000000084600000, 0x0000000084600000| Complete 
|  70|0x0000000084600000, 0x0000000084700000, 0x0000000084700000|100%|HC|  |TAMS 0x0000000084700000, 0x0000000084700000| Complete 
|  71|0x0000000084700000, 0x0000000084800000, 0x0000000084800000|100%|HC|  |TAMS 0x0000000084800000, 0x0000000084800000| Complete 
|  72|0x0000000084800000, 0x0000000084900000, 0x0000000084900000|100%|HC|  |TAMS 0x0000000084900000, 0x0000000084900000| Complete 
|  73|0x0000000084900000, 0x0000000084a00000, 0x0000000084a00000|100%|HC|  |TAMS 0x0000000084a00000, 0x0000000084a00000| Complete 
|  74|0x0000000084a00000, 0x0000000084b00000, 0x0000000084b00000|100%|HC|  |TAMS 0x0000000084b00000, 0x0000000084b00000| Complete 
|  75|0x0000000084b00000, 0x0000000084c00000, 0x0000000084c00000|100%|HC|  |TAMS 0x0000000084c00000, 0x0000000084c00000| Complete 
|  76|0x0000000084c00000, 0x0000000084d00000, 0x0000000084d00000|100%| O|  |TAMS 0x0000000084cdb200, 0x0000000084d00000| Untracked 
|  77|0x0000000084d00000, 0x0000000084da0400, 0x0000000084e00000| 62%| O|  |TAMS 0x0000000084d00000, 0x0000000084da0400| Untracked 
|  78|0x0000000084e00000, 0x0000000084e00000, 0x0000000084f00000|  0%| F|  |TAMS 0x0000000084e00000, 0x0000000084e00000| Untracked 
|  79|0x0000000084f00000, 0x0000000084f00000, 0x0000000085000000|  0%| F|  |TAMS 0x0000000084f00000, 0x0000000084f00000| Untracked 
|  80|0x0000000085000000, 0x0000000085000000, 0x0000000085100000|  0%| F|  |TAMS 0x0000000085000000, 0x0000000085000000| Untracked 
|  81|0x0000000085100000, 0x0000000085100000, 0x0000000085200000|  0%| F|  |TAMS 0x0000000085100000, 0x0000000085100000| Untracked 
|  82|0x0000000085200000, 0x0000000085200000, 0x0000000085300000|  0%| F|  |TAMS 0x0000000085200000, 0x0000000085200000| Untracked 
|  83|0x0000000085300000, 0x0000000085300000, 0x0000000085400000|  0%| F|  |TAMS 0x0000000085300000, 0x0000000085300000| Untracked 
|  84|0x0000000085400000, 0x0000000085400000, 0x0000000085500000|  0%| F|  |TAMS 0x0000000085400000, 0x0000000085400000| Untracked 
|  85|0x0000000085500000, 0x0000000085500000, 0x0000000085600000|  0%| F|  |TAMS 0x0000000085500000, 0x0000000085500000| Untracked 
|  86|0x0000000085600000, 0x0000000085600000, 0x0000000085700000|  0%| F|  |TAMS 0x0000000085600000, 0x0000000085600000| Untracked 
|  87|0x0000000085700000, 0x0000000085700000, 0x0000000085800000|  0%| F|  |TAMS 0x0000000085700000, 0x0000000085700000| Untracked 
|  88|0x0000000085800000, 0x0000000085800000, 0x0000000085900000|  0%| F|  |TAMS 0x0000000085800000, 0x0000000085800000| Untracked 
|  89|0x0000000085900000, 0x0000000085900000, 0x0000000085a00000|  0%| F|  |TAMS 0x0000000085900000, 0x0000000085900000| Untracked 
|  90|0x0000000085a00000, 0x0000000085a00000, 0x0000000085b00000|  0%| F|  |TAMS 0x0000000085a00000, 0x0000000085a00000| Untracked 
|  91|0x0000000085b00000, 0x0000000085b00000, 0x0000000085c00000|  0%| F|  |TAMS 0x0000000085b00000, 0x0000000085b00000| Untracked 
|  92|0x0000000085c00000, 0x0000000085c00000, 0x0000000085d00000|  0%| F|  |TAMS 0x0000000085c00000, 0x0000000085c00000| Untracked 
|  93|0x0000000085d00000, 0x0000000085d00000, 0x0000000085e00000|  0%| F|  |TAMS 0x0000000085d00000, 0x0000000085d00000| Untracked 
|  94|0x0000000085e00000, 0x0000000085e00000, 0x0000000085f00000|  0%| F|  |TAMS 0x0000000085e00000, 0x0000000085e00000| Untracked 
|  95|0x0000000085f00000, 0x0000000085f00000, 0x0000000086000000|  0%| F|  |TAMS 0x0000000085f00000, 0x0000000085f00000| Untracked 
|  96|0x0000000086000000, 0x0000000086100000, 0x0000000086100000|100%| S|CS|TAMS 0x0000000086000000, 0x0000000086000000| Complete 
|  97|0x0000000086100000, 0x0000000086200000, 0x0000000086200000|100%| S|CS|TAMS 0x0000000086100000, 0x0000000086100000| Complete 
|  98|0x0000000086200000, 0x0000000086300000, 0x0000000086300000|100%| S|CS|TAMS 0x0000000086200000, 0x0000000086200000| Complete 
|  99|0x0000000086300000, 0x0000000086400000, 0x0000000086400000|100%| S|CS|TAMS 0x0000000086300000, 0x0000000086300000| Complete 
| 100|0x0000000086400000, 0x0000000086500000, 0x0000000086500000|100%| S|CS|TAMS 0x0000000086400000, 0x0000000086400000| Complete 
| 101|0x0000000086500000, 0x0000000086500000, 0x0000000086600000|  0%| F|  |TAMS 0x0000000086500000, 0x0000000086500000| Untracked 
| 102|0x0000000086600000, 0x0000000086600000, 0x0000000086700000|  0%| F|  |TAMS 0x0000000086600000, 0x0000000086600000| Untracked 
| 103|0x0000000086700000, 0x0000000086700000, 0x0000000086800000|  0%| F|  |TAMS 0x0000000086700000, 0x0000000086700000| Untracked 
| 104|0x0000000086800000, 0x0000000086800000, 0x0000000086900000|  0%| F|  |TAMS 0x0000000086800000, 0x0000000086800000| Untracked 
| 105|0x0000000086900000, 0x0000000086900000, 0x0000000086a00000|  0%| F|  |TAMS 0x0000000086900000, 0x0000000086900000| Untracked 
| 106|0x0000000086a00000, 0x0000000086a00000, 0x0000000086b00000|  0%| F|  |TAMS 0x0000000086a00000, 0x0000000086a00000| Untracked 
| 107|0x0000000086b00000, 0x0000000086b00000, 0x0000000086c00000|  0%| F|  |TAMS 0x0000000086b00000, 0x0000000086b00000| Untracked 
| 108|0x0000000086c00000, 0x0000000086c00000, 0x0000000086d00000|  0%| F|  |TAMS 0x0000000086c00000, 0x0000000086c00000| Untracked 
| 109|0x0000000086d00000, 0x0000000086d00000, 0x0000000086e00000|  0%| F|  |TAMS 0x0000000086d00000, 0x0000000086d00000| Untracked 
| 110|0x0000000086e00000, 0x0000000086e00000, 0x0000000086f00000|  0%| F|  |TAMS 0x0000000086e00000, 0x0000000086e00000| Untracked 
| 111|0x0000000086f00000, 0x0000000086f00000, 0x0000000087000000|  0%| F|  |TAMS 0x0000000086f00000, 0x0000000086f00000| Untracked 
| 112|0x0000000087000000, 0x0000000087000000, 0x0000000087100000|  0%| F|  |TAMS 0x0000000087000000, 0x0000000087000000| Untracked 
| 113|0x0000000087100000, 0x0000000087100000, 0x0000000087200000|  0%| F|  |TAMS 0x0000000087100000, 0x0000000087100000| Untracked 
| 114|0x0000000087200000, 0x0000000087200000, 0x0000000087300000|  0%| F|  |TAMS 0x0000000087200000, 0x0000000087200000| Untracked 
| 115|0x0000000087300000, 0x0000000087300000, 0x0000000087400000|  0%| F|  |TAMS 0x0000000087300000, 0x0000000087300000| Untracked 
| 116|0x0000000087400000, 0x0000000087400000, 0x0000000087500000|  0%| F|  |TAMS 0x0000000087400000, 0x0000000087400000| Untracked 
| 117|0x0000000087500000, 0x0000000087500000, 0x0000000087600000|  0%| F|  |TAMS 0x0000000087500000, 0x0000000087500000| Untracked 
| 118|0x0000000087600000, 0x0000000087600000, 0x0000000087700000|  0%| F|  |TAMS 0x0000000087600000, 0x0000000087600000| Untracked 
| 119|0x0000000087700000, 0x0000000087700000, 0x0000000087800000|  0%| F|  |TAMS 0x0000000087700000, 0x0000000087700000| Untracked 
| 120|0x0000000087800000, 0x0000000087800000, 0x0000000087900000|  0%| F|  |TAMS 0x0000000087800000, 0x0000000087800000| Untracked 
| 121|0x0000000087900000, 0x0000000087900000, 0x0000000087a00000|  0%| F|  |TAMS 0x0000000087900000, 0x0000000087900000| Untracked 
| 122|0x0000000087a00000, 0x0000000087a00000, 0x0000000087b00000|  0%| F|  |TAMS 0x0000000087a00000, 0x0000000087a00000| Untracked 
| 123|0x0000000087b00000, 0x0000000087b00000, 0x0000000087c00000|  0%| F|  |TAMS 0x0000000087b00000, 0x0000000087b00000| Untracked 
| 124|0x0000000087c00000, 0x0000000087c00000, 0x0000000087d00000|  0%| F|  |TAMS 0x0000000087c00000, 0x0000000087c00000| Untracked 
| 125|0x0000000087d00000, 0x0000000087d00000, 0x0000000087e00000|  0%| F|  |TAMS 0x0000000087d00000, 0x0000000087d00000| Untracked 
| 126|0x0000000087e00000, 0x0000000087e00000, 0x0000000087f00000|  0%| F|  |TAMS 0x0000000087e00000, 0x0000000087e00000| Untracked 
| 127|0x0000000087f00000, 0x0000000087f00000, 0x0000000088000000|  0%| F|  |TAMS 0x0000000087f00000, 0x0000000087f00000| Untracked 
| 128|0x0000000088000000, 0x0000000088000000, 0x0000000088100000|  0%| F|  |TAMS 0x0000000088000000, 0x0000000088000000| Untracked 
| 129|0x0000000088100000, 0x0000000088100000, 0x0000000088200000|  0%| F|  |TAMS 0x0000000088100000, 0x0000000088100000| Untracked 
| 130|0x0000000088200000, 0x0000000088200000, 0x0000000088300000|  0%| F|  |TAMS 0x0000000088200000, 0x0000000088200000| Untracked 
| 131|0x0000000088300000, 0x0000000088300000, 0x0000000088400000|  0%| F|  |TAMS 0x0000000088300000, 0x0000000088300000| Untracked 
| 132|0x0000000088400000, 0x0000000088400000, 0x0000000088500000|  0%| F|  |TAMS 0x0000000088400000, 0x0000000088400000| Untracked 
| 133|0x0000000088500000, 0x0000000088500000, 0x0000000088600000|  0%| F|  |TAMS 0x0000000088500000, 0x0000000088500000| Untracked 
| 134|0x0000000088600000, 0x0000000088600000, 0x0000000088700000|  0%| F|  |TAMS 0x0000000088600000, 0x0000000088600000| Untracked 
| 135|0x0000000088700000, 0x0000000088700000, 0x0000000088800000|  0%| F|  |TAMS 0x0000000088700000, 0x0000000088700000| Untracked 
| 136|0x0000000088800000, 0x0000000088800000, 0x0000000088900000|  0%| F|  |TAMS 0x0000000088800000, 0x0000000088800000| Untracked 
| 137|0x0000000088900000, 0x0000000088900000, 0x0000000088a00000|  0%| F|  |TAMS 0x0000000088900000, 0x0000000088900000| Untracked 
| 138|0x0000000088a00000, 0x0000000088a00000, 0x0000000088b00000|  0%| F|  |TAMS 0x0000000088a00000, 0x0000000088a00000| Untracked 
| 139|0x0000000088b00000, 0x0000000088b00000, 0x0000000088c00000|  0%| F|  |TAMS 0x0000000088b00000, 0x0000000088b00000| Untracked 
| 140|0x0000000088c00000, 0x0000000088c00000, 0x0000000088d00000|  0%| F|  |TAMS 0x0000000088c00000, 0x0000000088c00000| Untracked 
| 141|0x0000000088d00000, 0x0000000088d00000, 0x0000000088e00000|  0%| F|  |TAMS 0x0000000088d00000, 0x0000000088d00000| Untracked 
| 142|0x0000000088e00000, 0x0000000088e00000, 0x0000000088f00000|  0%| F|  |TAMS 0x0000000088e00000, 0x0000000088e00000| Untracked 
| 143|0x0000000088f00000, 0x0000000088f00000, 0x0000000089000000|  0%| F|  |TAMS 0x0000000088f00000, 0x0000000088f00000| Untracked 
| 144|0x0000000089000000, 0x0000000089000000, 0x0000000089100000|  0%| F|  |TAMS 0x0000000089000000, 0x0000000089000000| Untracked 
| 145|0x0000000089100000, 0x0000000089100000, 0x0000000089200000|  0%| F|  |TAMS 0x0000000089100000, 0x0000000089100000| Untracked 
| 146|0x0000000089200000, 0x0000000089200000, 0x0000000089300000|  0%| F|  |TAMS 0x0000000089200000, 0x0000000089200000| Untracked 
| 147|0x0000000089300000, 0x0000000089300000, 0x0000000089400000|  0%| F|  |TAMS 0x0000000089300000, 0x0000000089300000| Untracked 
| 148|0x0000000089400000, 0x0000000089400000, 0x0000000089500000|  0%| F|  |TAMS 0x0000000089400000, 0x0000000089400000| Untracked 
| 149|0x0000000089500000, 0x0000000089500000, 0x0000000089600000|  0%| F|  |TAMS 0x0000000089500000, 0x0000000089500000| Untracked 
| 150|0x0000000089600000, 0x0000000089600000, 0x0000000089700000|  0%| F|  |TAMS 0x0000000089600000, 0x0000000089600000| Untracked 
| 151|0x0000000089700000, 0x0000000089700000, 0x0000000089800000|  0%| F|  |TAMS 0x0000000089700000, 0x0000000089700000| Untracked 
| 152|0x0000000089800000, 0x0000000089800000, 0x0000000089900000|  0%| F|  |TAMS 0x0000000089800000, 0x0000000089800000| Untracked 
| 153|0x0000000089900000, 0x0000000089900000, 0x0000000089a00000|  0%| F|  |TAMS 0x0000000089900000, 0x0000000089900000| Untracked 
| 154|0x0000000089a00000, 0x0000000089a00000, 0x0000000089b00000|  0%| F|  |TAMS 0x0000000089a00000, 0x0000000089a00000| Untracked 
| 155|0x0000000089b00000, 0x0000000089b00000, 0x0000000089c00000|  0%| F|  |TAMS 0x0000000089b00000, 0x0000000089b00000| Untracked 
| 156|0x0000000089c00000, 0x0000000089c00000, 0x0000000089d00000|  0%| F|  |TAMS 0x0000000089c00000, 0x0000000089c00000| Untracked 
| 157|0x0000000089d00000, 0x0000000089d00000, 0x0000000089e00000|  0%| F|  |TAMS 0x0000000089d00000, 0x0000000089d00000| Untracked 
|2047|0x00000000fff00000, 0x0000000100000000, 0x0000000100000000|100%| O|  |TAMS 0x0000000100000000, 0x0000000100000000| Untracked 

Card table byte_map: [0x000001e57b9c0000,0x000001e57bdc0000] _byte_map_base: 0x000001e57b5c0000

Marking Bits (Prev, Next): (CMBitMap*) 0x000001e578556090, (CMBitMap*) 0x000001e578556050
 Prev Bits: [0x000001e50f000000, 0x000001e511000000)
 Next Bits: [0x000001e57c1c0000, 0x000001e57e1c0000)

Polling page: 0x000001e576470000

Metaspace:

Usage:
  Non-class:     39.23 MB used.
      Class:      5.99 MB used.
       Both:     45.23 MB used.

Virtual space:
  Non-class space:       40.00 MB reserved,      39.50 MB ( 99%) committed,  5 nodes.
      Class space:        1.00 GB reserved,       6.19 MB ( <1%) committed,  1 nodes.
             Both:        1.04 GB reserved,      45.69 MB (  4%) committed. 

Chunk freelists:
   Non-Class:  382.00 KB
       Class:  1.66 MB
        Both:  2.03 MB

MaxMetaspaceSize: unlimited
CompressedClassSpaceSize: 1.00 GB
Initial GC threshold: 21.00 MB
Current GC threshold: 76.06 MB
CDS: off
MetaspaceReclaimPolicy: balanced
 - commit_granule_bytes: 65536.
 - commit_granule_words: 8192.
 - virtual_space_node_default_size: 1048576.
 - enlarge_chunks_in_place: 1.
 - new_chunks_are_fully_committed: 0.
 - uncommit_free_chunks: 1.
 - use_allocation_guard: 0.
 - handle_deallocations: 1.


Internal statistics:

num_allocs_failed_limit: 3.
num_arena_births: 434.
num_arena_deaths: 0.
num_vsnodes_births: 6.
num_vsnodes_deaths: 0.
num_space_committed: 731.
num_space_uncommitted: 0.
num_chunks_returned_to_freelist: 3.
num_chunks_taken_from_freelist: 1853.
num_chunk_merges: 3.
num_chunk_splits: 1192.
num_chunks_enlarged: 808.
num_purges: 0.
num_inconsistent_stats: 0.

CodeHeap 'non-profiled nmethods': size=120064Kb used=2644Kb max_used=2644Kb free=117419Kb
 bounds [0x000001e507ac0000, 0x000001e507d60000, 0x000001e50f000000]
CodeHeap 'profiled nmethods': size=120000Kb used=8988Kb max_used=8988Kb free=111011Kb
 bounds [0x000001e500000000, 0x000001e5008d0000, 0x000001e507530000]
CodeHeap 'non-nmethods': size=5696Kb used=2284Kb max_used=2361Kb free=3411Kb
 bounds [0x000001e507530000, 0x000001e5077a0000, 0x000001e507ac0000]
 total_blobs=5130 nmethods=4330 adapters=713
 compilation: enabled
              stopped_count=0, restarted_count=0
 full_count=0

Compilation events (20 events):
Event: 36.154 Thread 0x000001e57f013060 4328       4       org.gradle.api.internal.changedetection.state.DefaultZipEntryContext::<init> (20 bytes)
Event: 36.157 Thread 0x000001e57f013060 nmethod 4328 0x000001e507d50810 code [0x000001e507d50980, 0x000001e507d50cb8]
Event: 36.157 Thread 0x000001e57f013060 4329       4       org.gradle.api.internal.changedetection.state.ZipHasher::fingerprintZipEntry (40 bytes)
Event: 36.173 Thread 0x000001e57f013060 nmethod 4329 0x000001e507d50d10 code [0x000001e507d50ee0, 0x000001e507d51a68]
Event: 36.173 Thread 0x000001e57f013060 4330       4       org.gradle.api.internal.changedetection.state.IgnoringResourceHasher::hash (33 bytes)
Event: 36.175 Thread 0x000001e57f013060 nmethod 4330 0x000001e507d52010 code [0x000001e507d521a0, 0x000001e507d52308]
Event: 36.176 Thread 0x000001e57f013060 4331       4       org.gradle.api.internal.changedetection.state.MetaInfAwareClasspathResourceHasher::hash (6 bytes)
Event: 36.176 Thread 0x000001e57f013060 nmethod 4331 0x000001e507d52510 code [0x000001e507d526a0, 0x000001e507d52748]
Event: 36.183 Thread 0x000001e57f013060 4332       4       com.google.common.collect.ImmutableMapEntrySet$RegularEntrySet::spliterator (8 bytes)
Event: 36.185 Thread 0x000001e57f013060 nmethod 4332 0x000001e507d52810 code [0x000001e507d529a0, 0x000001e507d52b58]
Event: 36.231 Thread 0x000001e57f079410 4333       3       org.apache.commons.io.FilenameUtils::getExtension (27 bytes)
Event: 36.232 Thread 0x000001e57f079410 nmethod 4333 0x000001e5008c4190 code [0x000001e5008c4380, 0x000001e5008c4738]
Event: 36.232 Thread 0x000001e57f079410 4334       3       org.gradle.api.internal.changedetection.state.ZipHasher::isZipFile (19 bytes)
Event: 36.232 Thread 0x000001e57f079410 nmethod 4334 0x000001e5008c4890 code [0x000001e5008c4ac0, 0x000001e5008c50c8]
Event: 36.435 Thread 0x000001e57f079410 4335       3       org.apache.commons.io.FilenameUtils::indexOfExtension (61 bytes)
Event: 36.436 Thread 0x000001e57f079410 nmethod 4335 0x000001e5008c5310 code [0x000001e5008c55e0, 0x000001e5008c63b8]
Event: 36.466 Thread 0x000001e57f013060 4336       4       org.gradle.api.internal.changedetection.state.ZipHasher::isZipFile (19 bytes)
Event: 36.522 Thread 0x000001e57f013060 nmethod 4336 0x000001e507d52c90 code [0x000001e507d52ec0, 0x000001e507d54588]
Event: 36.722 Thread 0x000001e57f079410 4337       3       java.util.ComparableTimSort::reverseRange (32 bytes)
Event: 36.723 Thread 0x000001e57f079410 nmethod 4337 0x000001e5008c6890 code [0x000001e5008c6a60, 0x000001e5008c6f38]

GC Heap History (20 events):
Event: 18.751 GC heap after
{Heap after GC invocations=20 (full 0):
 garbage-first heap   total 113664K, used 65504K [0x0000000080000000, 0x0000000100000000)
  region size 1024K, 4 young (4096K), 4 survivors (4096K)
 Metaspace       used 42328K, committed 42688K, reserved 1089536K
  class space    used 5621K, committed 5824K, reserved 1048576K
}
Event: 20.218 GC heap before
{Heap before GC invocations=21 (full 0):
 garbage-first heap   total 117760K, used 92128K [0x0000000080000000, 0x0000000100000000)
  region size 1024K, 27 young (27648K), 4 survivors (4096K)
 Metaspace       used 45884K, committed 46272K, reserved 1089536K
  class space    used 6069K, committed 6272K, reserved 1048576K
}
Event: 20.227 GC heap after
{Heap after GC invocations=22 (full 0):
 garbage-first heap   total 117760K, used 65977K [0x0000000080000000, 0x0000000100000000)
  region size 1024K, 2 young (2048K), 2 survivors (2048K)
 Metaspace       used 45884K, committed 46272K, reserved 1089536K
  class space    used 6069K, committed 6272K, reserved 1048576K
}
Event: 35.093 GC heap before
{Heap before GC invocations=22 (full 0):
 garbage-first heap   total 117760K, used 73145K [0x0000000080000000, 0x0000000100000000)
  region size 1024K, 10 young (10240K), 2 survivors (2048K)
 Metaspace       used 46287K, committed 46720K, reserved 1089536K
  class space    used 6136K, committed 6336K, reserved 1048576K
}
Event: 35.100 GC heap after
{Heap after GC invocations=23 (full 0):
 garbage-first heap   total 117760K, used 66386K [0x0000000080000000, 0x0000000100000000)
  region size 1024K, 2 young (2048K), 2 survivors (2048K)
 Metaspace       used 46287K, committed 46720K, reserved 1089536K
  class space    used 6136K, committed 6336K, reserved 1048576K
}
Event: 35.395 GC heap before
{Heap before GC invocations=24 (full 0):
 garbage-first heap   total 135168K, used 107346K [0x0000000080000000, 0x0000000100000000)
  region size 1024K, 29 young (29696K), 2 survivors (2048K)
 Metaspace       used 46303K, committed 46720K, reserved 1089536K
  class space    used 6136K, committed 6336K, reserved 1048576K
}
Event: 35.402 GC heap after
{Heap after GC invocations=25 (full 0):
 garbage-first heap   total 135168K, used 80447K [0x0000000080000000, 0x0000000100000000)
  region size 1024K, 3 young (3072K), 3 survivors (3072K)
 Metaspace       used 46303K, committed 46720K, reserved 1089536K
  class space    used 6136K, committed 6336K, reserved 1048576K
}
Event: 35.690 GC heap before
{Heap before GC invocations=25 (full 0):
 garbage-first heap   total 135168K, used 110143K [0x0000000080000000, 0x0000000100000000)
  region size 1024K, 32 young (32768K), 3 survivors (3072K)
 Metaspace       used 46303K, committed 46720K, reserved 1089536K
  class space    used 6136K, committed 6336K, reserved 1048576K
}
Event: 35.697 GC heap after
{Heap after GC invocations=26 (full 0):
 garbage-first heap   total 135168K, used 81052K [0x0000000080000000, 0x0000000100000000)
  region size 1024K, 2 young (2048K), 2 survivors (2048K)
 Metaspace       used 46303K, committed 46720K, reserved 1089536K
  class space    used 6136K, committed 6336K, reserved 1048576K
}
Event: 36.061 GC heap before
{Heap before GC invocations=27 (full 0):
 garbage-first heap   total 138240K, used 111772K [0x0000000080000000, 0x0000000100000000)
  region size 1024K, 32 young (32768K), 2 survivors (2048K)
 Metaspace       used 46314K, committed 46784K, reserved 1089536K
  class space    used 6138K, committed 6336K, reserved 1048576K
}
Event: 36.066 GC heap after
{Heap after GC invocations=28 (full 0):
 garbage-first heap   total 138240K, used 81589K [0x0000000080000000, 0x0000000100000000)
  region size 1024K, 3 young (3072K), 3 survivors (3072K)
 Metaspace       used 46314K, committed 46784K, reserved 1089536K
  class space    used 6138K, committed 6336K, reserved 1048576K
}
Event: 36.240 GC heap before
{Heap before GC invocations=28 (full 0):
 garbage-first heap   total 138240K, used 114357K [0x0000000080000000, 0x0000000100000000)
  region size 1024K, 35 young (35840K), 3 survivors (3072K)
 Metaspace       used 46314K, committed 46784K, reserved 1089536K
  class space    used 6138K, committed 6336K, reserved 1048576K
}
Event: 36.245 GC heap after
{Heap after GC invocations=29 (full 0):
 garbage-first heap   total 138240K, used 82275K [0x0000000080000000, 0x0000000100000000)
  region size 1024K, 4 young (4096K), 4 survivors (4096K)
 Metaspace       used 46314K, committed 46784K, reserved 1089536K
  class space    used 6138K, committed 6336K, reserved 1048576K
}
Event: 36.414 GC heap before
{Heap before GC invocations=30 (full 0):
 garbage-first heap   total 158720K, used 115043K [0x0000000080000000, 0x0000000100000000)
  region size 1024K, 36 young (36864K), 4 survivors (4096K)
 Metaspace       used 46314K, committed 46784K, reserved 1089536K
  class space    used 6138K, committed 6336K, reserved 1048576K
}
Event: 36.419 GC heap after
{Heap after GC invocations=31 (full 0):
 garbage-first heap   total 158720K, used 82738K [0x0000000080000000, 0x0000000100000000)
  region size 1024K, 3 young (3072K), 3 survivors (3072K)
 Metaspace       used 46314K, committed 46784K, reserved 1089536K
  class space    used 6138K, committed 6336K, reserved 1048576K
}
Event: 36.613 GC heap before
{Heap before GC invocations=31 (full 0):
 garbage-first heap   total 158720K, used 132914K [0x0000000080000000, 0x0000000100000000)
  region size 1024K, 52 young (53248K), 3 survivors (3072K)
 Metaspace       used 46314K, committed 46784K, reserved 1089536K
  class space    used 6138K, committed 6336K, reserved 1048576K
}
Event: 36.618 GC heap after
{Heap after GC invocations=32 (full 0):
 garbage-first heap   total 158720K, used 83762K [0x0000000080000000, 0x0000000100000000)
  region size 1024K, 4 young (4096K), 4 survivors (4096K)
 Metaspace       used 46314K, committed 46784K, reserved 1089536K
  class space    used 6138K, committed 6336K, reserved 1048576K
}
Event: 36.830 GC heap before
{Heap before GC invocations=33 (full 0):
 garbage-first heap   total 162816K, used 133938K [0x0000000080000000, 0x0000000100000000)
  region size 1024K, 53 young (54272K), 4 survivors (4096K)
 Metaspace       used 46314K, committed 46784K, reserved 1089536K
  class space    used 6138K, committed 6336K, reserved 1048576K
}
Event: 36.836 GC heap after
{Heap after GC invocations=34 (full 0):
 garbage-first heap   total 162816K, used 84897K [0x0000000080000000, 0x0000000100000000)
  region size 1024K, 5 young (5120K), 5 survivors (5120K)
 Metaspace       used 46314K, committed 46784K, reserved 1089536K
  class space    used 6138K, committed 6336K, reserved 1048576K
}
Event: 37.076 GC heap before
{Heap before GC invocations=34 (full 0):
 garbage-first heap   total 162816K, used 138145K [0x0000000080000000, 0x0000000100000000)
  region size 1024K, 57 young (58368K), 5 survivors (5120K)
 Metaspace       used 46314K, committed 46784K, reserved 1089536K
  class space    used 6138K, committed 6336K, reserved 1048576K
}

Dll operation events (2 events):
Event: 0.009 Loaded shared library E:\Android Pro\jbr\bin\java.dll
Event: 1.274 Loaded shared library E:\Android Pro\jbr\bin\verify.dll

Deoptimization events (20 events):
Event: 19.538 Thread 0x000001e513e4ee90 DEOPT PACKING pc=0x000001e507c87f3c sp=0x00000018dd5f78a0
Event: 19.538 Thread 0x000001e513e4ee90 DEOPT UNPACKING pc=0x000001e50758699d sp=0x00000018dd5f7818 mode 2
Event: 20.714 Thread 0x000001e514945f10 DEOPT PACKING pc=0x000001e5004057d4 sp=0x00000018ddffece0
Event: 20.714 Thread 0x000001e514945f10 DEOPT UNPACKING pc=0x000001e507587124 sp=0x00000018ddffe238 mode 0
Event: 20.957 Thread 0x000001e513e4ee90 DEOPT PACKING pc=0x000001e500363257 sp=0x00000018dd5f8d10
Event: 20.957 Thread 0x000001e513e4ee90 DEOPT UNPACKING pc=0x000001e507587124 sp=0x00000018dd5f8130 mode 0
Event: 35.088 Thread 0x000001e513e4ee90 Uncommon trap: trap_request=0xffffff45 fr.pc=0x000001e507d1bbf0 relative=0x0000000000000590
Event: 35.088 Thread 0x000001e513e4ee90 Uncommon trap: reason=unstable_if action=reinterpret pc=0x000001e507d1bbf0 method=sun.security.provider.DigestBase.engineUpdate([BII)V @ 1 c2
Event: 35.088 Thread 0x000001e513e4ee90 DEOPT PACKING pc=0x000001e507d1bbf0 sp=0x00000018dd5f8ff0
Event: 35.088 Thread 0x000001e513e4ee90 DEOPT UNPACKING pc=0x000001e50758699d sp=0x00000018dd5f8fc8 mode 2
Event: 35.117 Thread 0x000001e513e4ee90 DEOPT PACKING pc=0x000001e5005a44e9 sp=0x00000018dd5f8cf0
Event: 35.117 Thread 0x000001e513e4ee90 DEOPT UNPACKING pc=0x000001e507587124 sp=0x00000018dd5f8280 mode 0
Event: 36.229 Thread 0x000001e513e4ee90 Uncommon trap: trap_request=0xffffff45 fr.pc=0x000001e507d4d5e0 relative=0x0000000000001520
Event: 36.229 Thread 0x000001e513e4ee90 Uncommon trap: reason=unstable_if action=reinterpret pc=0x000001e507d4d5e0 method=org.apache.commons.io.FilenameUtils.getExtension(Ljava/lang/String;)Ljava/lang/String; @ 13 c2
Event: 36.229 Thread 0x000001e513e4ee90 DEOPT PACKING pc=0x000001e507d4d5e0 sp=0x00000018dd5f9200
Event: 36.229 Thread 0x000001e513e4ee90 DEOPT UNPACKING pc=0x000001e50758699d sp=0x00000018dd5f9168 mode 2
Event: 36.431 Thread 0x000001e513e4ee90 Uncommon trap: trap_request=0xffffff45 fr.pc=0x000001e507d4b990 relative=0x00000000000006f0
Event: 36.431 Thread 0x000001e513e4ee90 Uncommon trap: reason=unstable_if action=reinterpret pc=0x000001e507d4b990 method=org.apache.commons.io.FilenameUtils.indexOfExtension(Ljava/lang/String;)I @ 52 c2
Event: 36.431 Thread 0x000001e513e4ee90 DEOPT PACKING pc=0x000001e507d4b990 sp=0x00000018dd5f9170
Event: 36.431 Thread 0x000001e513e4ee90 DEOPT UNPACKING pc=0x000001e50758699d sp=0x00000018dd5f9110 mode 2

Classes unloaded (0 events):
No events

Classes redefined (0 events):
No events

Internal exceptions (20 events):
Event: 19.144 Thread 0x000001e513e4ee90 Exception <a 'java/lang/ClassNotFoundException'{0x0000000086e44d90}: sync_studio_tooling10_hl53a0v6o5m7i0w8bjkm7slaBeanInfo> (0x0000000086e44d90) 
thrown [s\src\hotspot\share\classfile\systemDictionary.cpp, line 256]
Event: 19.145 Thread 0x000001e513e4ee90 Exception <a 'java/lang/ClassNotFoundException'{0x0000000086e4b6a0}: sync_studio_tooling10_hl53a0v6o5m7i0w8bjkm7slaCustomizer> (0x0000000086e4b6a0) 
thrown [s\src\hotspot\share\classfile\systemDictionary.cpp, line 256]
Event: 19.155 Thread 0x000001e513e4ee90 Exception <a 'java/lang/ClassNotFoundException'{0x0000000086e976f8}: org/gradle/internal/metaobject/ConfigureDelegateBeanInfo> (0x0000000086e976f8) 
thrown [s\src\hotspot\share\classfile\systemDictionary.cpp, line 256]
Event: 19.156 Thread 0x000001e513e4ee90 Exception <a 'java/lang/ClassNotFoundException'{0x0000000086ea7b08}: org/gradle/internal/metaobject/ConfigureDelegateCustomizer> (0x0000000086ea7b08) 
thrown [s\src\hotspot\share\classfile\systemDictionary.cpp, line 256]
Event: 19.179 Thread 0x000001e513e4ee90 Exception <a 'java/lang/ClassNotFoundException'{0x0000000086ef7ad8}: org/gradle/api/internal/initialization/DefaultScriptHandlerBeanInfo> (0x0000000086ef7ad8) 
thrown [s\src\hotspot\share\classfile\systemDictionary.cpp, line 256]
Event: 19.180 Thread 0x000001e513e4ee90 Exception <a 'java/lang/ClassNotFoundException'{0x0000000086d08550}: org/gradle/api/internal/initialization/DefaultScriptHandlerCustomizer> (0x0000000086d08550) 
thrown [s\src\hotspot\share\classfile\systemDictionary.cpp, line 256]
Event: 19.538 Thread 0x000001e513e4ee90 Implicit null exception at 0x000001e507c87e6c to 0x000001e507c87f20
Event: 19.549 Thread 0x000001e513e4ee90 Exception <a 'java/lang/ClassNotFoundException'{0x000000008678ab90}: org/gradle/api/internal/artifacts/dsl/dependencies/DefaultDependencyHandler_DecoratedBeanInfo> (0x000000008678ab90) 
thrown [s\src\hotspot\share\classfile\systemDictionary.cpp, line 256]
Event: 19.550 Thread 0x000001e513e4ee90 Exception <a 'java/lang/ClassNotFoundException'{0x00000000867a06b8}: org/gradle/api/internal/artifacts/dsl/dependencies/DefaultDependencyHandlerBeanInfo> (0x00000000867a06b8) 
thrown [s\src\hotspot\share\classfile\systemDictionary.cpp, line 256]
Event: 19.552 Thread 0x000001e513e4ee90 Exception <a 'java/lang/ClassNotFoundException'{0x00000000867b5700}: org/gradle/api/internal/artifacts/dsl/dependencies/DefaultDependencyHandlerCustomizer> (0x00000000867b5700) 
thrown [s\src\hotspot\share\classfile\systemDictionary.cpp, line 256]
Event: 19.569 Thread 0x000001e513e4ee90 Exception <a 'java/lang/ClassNotFoundException'{0x00000000867f5418}: org/gradle/api/internal/artifacts/dsl/dependencies/DefaultDependencyHandler_DecoratedCustomizer> (0x00000000867f5418) 
thrown [s\src\hotspot\share\classfile\systemDictionary.cpp, line 256]
Event: 19.769 Thread 0x000001e513e4ee90 Exception <a 'java/lang/NoSuchMethodError'{0x00000000864ed528}: 'java.lang.Object java.lang.invoke.DirectMethodHandle$Holder.newInvokeSpecial(java.lang.Object, int, java.lang.Object)'> (0x00000000864ed528) 
thrown [s\src\hotspot\share\interpreter\linkResolver.cpp, line 771]
Event: 20.248 Thread 0x000001e513e4ee90 Exception <a 'java/lang/NoSuchMethodError'{0x0000000087dd7508}: 'int java.lang.invoke.DirectMethodHandle$Holder.invokeStatic(java.lang.Object)'> (0x0000000087dd7508) 
thrown [s\src\hotspot\share\interpreter\linkResolver.cpp, line 771]
Event: 20.249 Thread 0x000001e513e4ee90 Exception <a 'java/lang/NoSuchMethodError'{0x0000000087ddb8f8}: 'int java.lang.invoke.DirectMethodHandle$Holder.invokeStaticInit(java.lang.Object)'> (0x0000000087ddb8f8) 
thrown [s\src\hotspot\share\interpreter\linkResolver.cpp, line 771]
Event: 20.382 Thread 0x000001e513e4ee90 Exception <a 'java/lang/ClassNotFoundException'{0x0000000086f25a68}: sync_studio_tooling10_hl53a0v6o5m7i0w8bjkm7slaBeanInfo> (0x0000000086f25a68) 
thrown [s\src\hotspot\share\classfile\systemDictionary.cpp, line 256]
Event: 20.383 Thread 0x000001e513e4ee90 Exception <a 'java/lang/ClassNotFoundException'{0x0000000086f2c318}: sync_studio_tooling10_hl53a0v6o5m7i0w8bjkm7slaCustomizer> (0x0000000086f2c318) 
thrown [s\src\hotspot\share\classfile\systemDictionary.cpp, line 256]
Event: 20.517 Thread 0x000001e513e4ee90 Exception <a 'java/lang/ClassNotFoundException'{0x0000000086ffc188}: ijinit_ea0znhqfvqo11g8b6ui80fn5nBeanInfo> (0x0000000086ffc188) 
thrown [s\src\hotspot\share\classfile\systemDictionary.cpp, line 256]
Event: 20.517 Thread 0x000001e513e4ee90 Exception <a 'java/lang/ClassNotFoundException'{0x0000000086e0d8b8}: ijinit_ea0znhqfvqo11g8b6ui80fn5nCustomizer> (0x0000000086e0d8b8) 
thrown [s\src\hotspot\share\classfile\systemDictionary.cpp, line 256]
Event: 20.527 Thread 0x000001e513e4ee90 Exception <a 'java/lang/ClassNotFoundException'{0x0000000086e506f0}: ijinit_ea0znhqfvqo11g8b6ui80fn5n$_run_closure1BeanInfo> (0x0000000086e506f0) 
thrown [s\src\hotspot\share\classfile\systemDictionary.cpp, line 256]
Event: 20.528 Thread 0x000001e513e4ee90 Exception <a 'java/lang/ClassNotFoundException'{0x0000000086e57650}: ijinit_ea0znhqfvqo11g8b6ui80fn5n$_run_closure1Customizer> (0x0000000086e57650) 
thrown [s\src\hotspot\share\classfile\systemDictionary.cpp, line 256]

VM Operations (20 events):
Event: 35.785 Executing VM operation: G1Concurrent done
Event: 36.061 Executing VM operation: G1CollectForAllocation
Event: 36.066 Executing VM operation: G1CollectForAllocation done
Event: 36.239 Executing VM operation: G1CollectForAllocation
Event: 36.245 Executing VM operation: G1CollectForAllocation done
Event: 36.301 Executing VM operation: G1Concurrent
Event: 36.306 Executing VM operation: G1Concurrent done
Event: 36.332 Executing VM operation: G1Concurrent
Event: 36.332 Executing VM operation: G1Concurrent done
Event: 36.413 Executing VM operation: G1CollectForAllocation
Event: 36.419 Executing VM operation: G1CollectForAllocation done
Event: 36.613 Executing VM operation: G1CollectForAllocation
Event: 36.618 Executing VM operation: G1CollectForAllocation done
Event: 36.675 Executing VM operation: G1Concurrent
Event: 36.680 Executing VM operation: G1Concurrent done
Event: 36.708 Executing VM operation: G1Concurrent
Event: 36.709 Executing VM operation: G1Concurrent done
Event: 36.830 Executing VM operation: G1CollectForAllocation
Event: 36.836 Executing VM operation: G1CollectForAllocation done
Event: 37.076 Executing VM operation: G1CollectForAllocation

Events (20 events):
Event: 18.391 loading class java/util/WeakHashMap$HashIterator done
Event: 18.391 loading class java/util/WeakHashMap$KeyIterator done
Event: 18.701 loading class jdk/internal/reflect/UnsafeObjectFieldAccessorImpl
Event: 18.734 loading class jdk/internal/reflect/UnsafeObjectFieldAccessorImpl done
Event: 18.855 loading class sun/reflect/MagicAccessorImpl
Event: 18.855 loading class sun/reflect/MagicAccessorImpl done
Event: 18.981 loading class com/sun/beans/finder/MethodFinder
Event: 18.981 loading class com/sun/beans/finder/AbstractFinder
Event: 18.981 loading class com/sun/beans/finder/AbstractFinder done
Event: 18.981 loading class com/sun/beans/finder/MethodFinder done
Event: 18.981 loading class com/sun/beans/finder/MethodFinder$1
Event: 18.982 loading class com/sun/beans/finder/MethodFinder$1 done
Event: 18.982 loading class com/sun/beans/finder/FinderUtils
Event: 18.982 loading class com/sun/beans/finder/FinderUtils done
Event: 20.179 loading class java/io/DeleteOnExitHook
Event: 20.179 loading class java/io/DeleteOnExitHook done
Event: 20.179 loading class java/io/DeleteOnExitHook$1
Event: 20.179 loading class java/io/DeleteOnExitHook$1 done
Event: 35.912 loading class jdk/internal/access/foreign/MemorySegmentProxy
Event: 35.912 loading class jdk/internal/access/foreign/MemorySegmentProxy done


Dynamic libraries:
0x00007ff6b9b10000 - 0x00007ff6b9b1a000 	E:\Android Pro\jbr\bin\java.exe
0x00007ffcf9c20000 - 0x00007ffcf9e10000 	C:\WINDOWS\SYSTEM32\ntdll.dll
0x00007ffcf89c0000 - 0x00007ffcf8a72000 	C:\WINDOWS\System32\KERNEL32.DLL
0x00007ffcf7600000 - 0x00007ffcf78a5000 	C:\WINDOWS\System32\KERNELBASE.dll
0x00007ffcf7a30000 - 0x00007ffcf7b2a000 	C:\WINDOWS\System32\ucrtbase.dll
0x00007ffcf02d0000 - 0x00007ffcf02e7000 	E:\Android Pro\jbr\bin\jli.dll
0x00007ffcf8820000 - 0x00007ffcf89b5000 	C:\WINDOWS\System32\USER32.dll
0x00007ffcf78b0000 - 0x00007ffcf78d1000 	C:\WINDOWS\System32\win32u.dll
0x00007ffcf9490000 - 0x00007ffcf94b6000 	C:\WINDOWS\System32\GDI32.dll
0x00007ffcf7b30000 - 0x00007ffcf7cc6000 	C:\WINDOWS\System32\gdi32full.dll
0x00007ffcf6c30000 - 0x00007ffcf6cce000 	C:\WINDOWS\System32\msvcp_win.dll
0x00007ffcf00c0000 - 0x00007ffcf00db000 	E:\Android Pro\jbr\bin\VCRUNTIME140.dll
0x00007ffce4920000 - 0x00007ffce4ba4000 	C:\WINDOWS\WinSxS\amd64_microsoft.windows.common-controls_6595b64144ccf1df_6.0.18362.1082_none_9e8193e1e45b25c1\COMCTL32.dll
0x00007ffcf9b40000 - 0x00007ffcf9bde000 	C:\WINDOWS\System32\msvcrt.dll
0x00007ffcf8430000 - 0x00007ffcf8765000 	C:\WINDOWS\System32\combase.dll
0x00007ffcf9230000 - 0x00007ffcf9350000 	C:\WINDOWS\System32\RPCRT4.dll
0x00007ffcf6bb0000 - 0x00007ffcf6c30000 	C:\WINDOWS\System32\bcryptPrimitives.dll
0x00007ffcf7cd0000 - 0x00007ffcf7cfe000 	C:\WINDOWS\System32\IMM32.DLL
0x00007ffcf0470000 - 0x00007ffcf047c000 	E:\Android Pro\jbr\bin\vcruntime140_1.dll
0x00007ffce5230000 - 0x00007ffce52bd000 	E:\Android Pro\jbr\bin\msvcp140.dll
0x00007ffcb45b0000 - 0x00007ffcb521d000 	E:\Android Pro\jbr\bin\server\jvm.dll
0x00007ffcf8770000 - 0x00007ffcf8813000 	C:\WINDOWS\System32\ADVAPI32.dll
0x00007ffcf7d00000 - 0x00007ffcf7d97000 	C:\WINDOWS\System32\sechost.dll
0x00007ffcf4040000 - 0x00007ffcf4049000 	C:\WINDOWS\SYSTEM32\WSOCK32.dll
0x00007ffcf9420000 - 0x00007ffcf948f000 	C:\WINDOWS\System32\WS2_32.dll
0x00007ffcf3f50000 - 0x00007ffcf3f74000 	C:\WINDOWS\SYSTEM32\WINMM.dll
0x00007ffceb1f0000 - 0x00007ffceb1fa000 	C:\WINDOWS\SYSTEM32\VERSION.dll
0x00007ffcf3f20000 - 0x00007ffcf3f4d000 	C:\WINDOWS\SYSTEM32\WINMMBASE.dll
0x00007ffcf6e00000 - 0x00007ffcf6e4a000 	C:\WINDOWS\System32\cfgmgr32.dll
0x00007ffcf6af0000 - 0x00007ffcf6b01000 	C:\WINDOWS\System32\kernel.appcore.dll
0x00007ffcf2950000 - 0x00007ffcf295a000 	E:\Android Pro\jbr\bin\jimage.dll
0x00007ffcf5750000 - 0x00007ffcf5944000 	C:\WINDOWS\SYSTEM32\DBGHELP.DLL
0x00007ffcdfc20000 - 0x00007ffcdfc4a000 	C:\WINDOWS\SYSTEM32\dbgcore.DLL
0x00007ffcf02f0000 - 0x00007ffcf0315000 	E:\Android Pro\jbr\bin\java.dll
0x00007ffcf0d30000 - 0x00007ffcf0d48000 	E:\Android Pro\jbr\bin\zip.dll
0x00007ffcf8b40000 - 0x00007ffcf9227000 	C:\WINDOWS\System32\SHELL32.dll
0x00007ffcf8a90000 - 0x00007ffcf8b39000 	C:\WINDOWS\System32\shcore.dll
0x00007ffcf6e80000 - 0x00007ffcf7600000 	C:\WINDOWS\System32\windows.storage.dll
0x00007ffcf6b60000 - 0x00007ffcf6b83000 	C:\WINDOWS\System32\profapi.dll
0x00007ffcf6b10000 - 0x00007ffcf6b5a000 	C:\WINDOWS\System32\powrprof.dll
0x00007ffcf6ae0000 - 0x00007ffcf6af0000 	C:\WINDOWS\System32\UMPDC.dll
0x00007ffcf94c0000 - 0x00007ffcf9512000 	C:\WINDOWS\System32\shlwapi.dll
0x00007ffcf6de0000 - 0x00007ffcf6df7000 	C:\WINDOWS\System32\cryptsp.dll
0x00007ffcf08c0000 - 0x00007ffcf08d9000 	E:\Android Pro\jbr\bin\net.dll
0x00007ffce9f40000 - 0x00007ffcea030000 	C:\WINDOWS\SYSTEM32\WINHTTP.dll
0x00007ffcf6330000 - 0x00007ffcf6397000 	C:\WINDOWS\system32\mswsock.dll
0x00007ffcf02b0000 - 0x00007ffcf02c6000 	E:\Android Pro\jbr\bin\nio.dll
0x00007ffcf0b10000 - 0x00007ffcf0b20000 	E:\Android Pro\jbr\bin\verify.dll
0x00007ffce93f0000 - 0x00007ffce9417000 	C:\Users\DELL\.gradle\native\68d5fa5c4cc2d200863cafc0d521ce42e7d3e7ee720ec0a83991735586a16f82\windows-amd64\native-platform.dll
0x00007ffcb8670000 - 0x00007ffcb87b4000 	C:\Users\DELL\.gradle\native\e376f236ea51e6404a007f0833ffe2c6e607c4080706a723a18a27aeea778392\windows-amd64\native-platform-file-events.dll
0x00007ffcf2930000 - 0x00007ffcf2939000 	E:\Android Pro\jbr\bin\management.dll
0x00007ffcf1040000 - 0x00007ffcf104b000 	E:\Android Pro\jbr\bin\management_ext.dll
0x00007ffcf81b0000 - 0x00007ffcf81b8000 	C:\WINDOWS\System32\PSAPI.DLL
0x00007ffcf5ea0000 - 0x00007ffcf5ed3000 	C:\WINDOWS\system32\rsaenh.dll
0x00007ffcf6e50000 - 0x00007ffcf6e76000 	C:\WINDOWS\System32\bcrypt.dll
0x00007ffcf6a00000 - 0x00007ffcf6a25000 	C:\WINDOWS\SYSTEM32\USERENV.dll
0x00007ffcf6500000 - 0x00007ffcf650c000 	C:\WINDOWS\SYSTEM32\CRYPTBASE.dll
0x00007ffcf6040000 - 0x00007ffcf607a000 	C:\WINDOWS\SYSTEM32\IPHLPAPI.DLL
0x00007ffcf8a80000 - 0x00007ffcf8a88000 	C:\WINDOWS\System32\NSI.dll
0x00007ffcea8c0000 - 0x00007ffcea8d6000 	C:\WINDOWS\SYSTEM32\dhcpcsvc6.DLL
0x00007ffcea8a0000 - 0x00007ffcea8bc000 	C:\WINDOWS\SYSTEM32\dhcpcsvc.DLL
0x00007ffcf6080000 - 0x00007ffcf614b000 	C:\WINDOWS\SYSTEM32\DNSAPI.dll
0x00007ffcf04a0000 - 0x00007ffcf04a7000 	C:\WINDOWS\system32\wshunix.dll

dbghelp: loaded successfully - version: 4.0.5 - missing functions: none
symbol engine: initialized successfully - sym options: 0x614 - pdb path: .;E:\Android Pro\jbr\bin;C:\WINDOWS\SYSTEM32;C:\WINDOWS\WinSxS\amd64_microsoft.windows.common-controls_6595b64144ccf1df_6.0.18362.1082_none_9e8193e1e45b25c1;E:\Android Pro\jbr\bin\server;C:\Users\DELL\.gradle\native\68d5fa5c4cc2d200863cafc0d521ce42e7d3e7ee720ec0a83991735586a16f82\windows-amd64;C:\Users\DELL\.gradle\native\e376f236ea51e6404a007f0833ffe2c6e607c4080706a723a18a27aeea778392\windows-amd64

VM Arguments:
jvm_args: --add-opens=java.base/java.util=ALL-UNNAMED --add-opens=java.base/java.lang=ALL-UNNAMED --add-opens=java.base/java.lang.invoke=ALL-UNNAMED --add-opens=java.prefs/java.util.prefs=ALL-UNNAMED --add-opens=java.base/java.nio.charset=ALL-UNNAMED --add-opens=java.base/java.net=ALL-UNNAMED --add-opens=java.base/java.util.concurrent.atomic=ALL-UNNAMED -Xmx2048m -Dfile.encoding=UTF-8 -Duser.country=US -Duser.language=en -Duser.variant 
java_command: org.gradle.launcher.daemon.bootstrap.GradleDaemon 8.0
java_class_path (initial): C:\Users\DELL\.gradle\wrapper\dists\gradle-8.0-bin\ca5e32bp14vu59qr306oxotwh\gradle-8.0\lib\gradle-launcher-8.0.jar
Launcher Type: SUN_STANDARD

[Global flags]
     intx CICompilerCount                          = 2                                         {product} {ergonomic}
     uint ConcGCThreads                            = 1                                         {product} {ergonomic}
     uint G1ConcRefinementThreads                  = 2                                         {product} {ergonomic}
   size_t G1HeapRegionSize                         = 1048576                                   {product} {ergonomic}
    uintx GCDrainStackTargetSize                   = 64                                        {product} {ergonomic}
   size_t InitialHeapSize                          = 132120576                                 {product} {ergonomic}
   size_t MarkStackSize                            = 4194304                                   {product} {ergonomic}
   size_t MaxHeapSize                              = 2147483648                                {product} {command line}
   size_t MaxNewSize                               = 1287651328                                {product} {ergonomic}
   size_t MinHeapDeltaBytes                        = 1048576                                   {product} {ergonomic}
   size_t MinHeapSize                              = 8388608                                   {product} {ergonomic}
    uintx NonNMethodCodeHeapSize                   = 5826188                                {pd product} {ergonomic}
    uintx NonProfiledCodeHeapSize                  = 122916026                              {pd product} {ergonomic}
    uintx ProfiledCodeHeapSize                     = 122916026                              {pd product} {ergonomic}
    uintx ReservedCodeCacheSize                    = 251658240                              {pd product} {ergonomic}
     bool SegmentedCodeCache                       = true                                      {product} {ergonomic}
   size_t SoftMaxHeapSize                          = 2147483648                             {manageable} {ergonomic}
     bool UseCompressedClassPointers               = true                           {product lp64_product} {ergonomic}
     bool UseCompressedOops                        = true                           {product lp64_product} {ergonomic}
     bool UseG1GC                                  = true                                      {product} {ergonomic}
     bool UseLargePagesIndividualAllocation        = false                                  {pd product} {ergonomic}

Logging:
Log output configuration:
 #0: stdout all=warning uptime,level,tags
 #1: stderr all=off uptime,level,tags

Environment Variables:
PATH=C:\Program Files\Common Files\Oracle\Java\javapath;C:\oraclexe\app\oracle\product\11.2.0\server\bin;C:\Program Files (x86)\Common Files\Oracle\Java\javapath;C:\WINDOWS\system32;C:\WINDOWS;C:\WINDOWS\System32\Wbem;C:\WINDOWS\System32\WindowsPowerShell\v1.0\;C:\Program Files\Microsoft SQL Server\110\Tools\Binn\;C:\WINDOWS\System32\OpenSSH\;C:\Program Files (x86)\Microsoft SQL Server\110\Tools\Binn\;C:\Program Files\Microsoft SQL Server\110\DTS\Binn\;C:\Program Files (x86)\Microsoft SQL Server\110\Tools\Binn\ManagementStudio\;C:\Program Files (x86)\Microsoft SQL Server\110\DTS\Binn\;C:\Program Files\Java\jdk-16.0.1\bin;C:\Elastic Stack\elasticsearch-7.14.0\bin;C:\Elastic Stack\kibana-7.14.0-windows-x86_64\bin;C:\Program Files\Java\jdk-16.0.1\bin;C:\Program Files\Java\jre1.8.0_261\bin;E:\Vids\Curl\Curl\bin;C:\Program Files (x86)\dotnet\;C:\Users\DELL\AppData\Local\Programs\Python\Python39\Scripts\;C:\Users\DELL\AppData\Local\Programs\Python\Python39\;C:\Users\DELL\AppData\Local\Microsoft\WindowsApps;C:\Program Files (x86)\Nmap;C:\Python27;
USERNAME=DELL
OS=Windows_NT
PROCESSOR_IDENTIFIER=Intel64 Family 6 Model 142 Stepping 9, GenuineIntel
TMP=C:\Users\DELL\AppData\Local\Temp
TEMP=C:\Users\DELL\AppData\Local\Temp



---------------  S Y S T E M  ---------------

OS:
 Windows 10 , 64 bit Build 18362 (10.0.18362.1082)
OS uptime: 1 days 1:24 hours

CPU: total 2 (initial active 2) (2 cores per cpu, 1 threads per core) family 6 model 142 stepping 9 microcode 0x8e, cx8, cmov, fxsr, mmx, 3dnowpref, sse, sse2, sse3, ssse3, sse4.1, sse4.2, popcnt, lzcnt, tsc, tscinvbit, aes, erms, clmul, clflush, clflushopt

Memory: 4k page, system-wide physical 8057M (895M free)
TotalPageFile size 8057M (AvailPageFile size 18M)
current process WorkingSet (physical memory assigned to process): 296M, peak: 296M
current process commit charge ("private bytes"): 320M, peak: 375M

vm_info: OpenJDK 64-Bit Server VM (17.0.6+0-b2043.56-9586694) for windows-amd64 JRE (17.0.6+0-b2043.56-9586694), built on Feb  9 2023 20:06:20 by "androidbuild" with MS VC++ 16.10 / 16.11 (VS2019)

END.
