#
# There is insufficient memory for the Java Runtime Environment to continue.
# Native memory allocation (malloc) failed to allocate 1560176 bytes for Chunk::new
# Possible reasons:
#   The system is out of physical RAM or swap space
#   The process is running with CompressedOops enabled, and the Java Heap may be blocking the growth of the native heap
# Possible solutions:
#   Reduce memory load on the system
#   Increase physical memory or swap space
#   Check if swap backing store is full
#   Decrease Java heap size (-Xmx/-Xms)
#   Decrease number of Java threads
#   Decrease Java thread stack sizes (-Xss)
#   Set larger code cache with -XX:ReservedCodeCacheSize=
#   JVM is running with Unscaled Compressed Oops mode in which the Java heap is
#     placed in the first 4GB address space. The Java Heap base address is the
#     maximum limit for the native heap growth. Please use -XX:HeapBaseMinAddress
#     to set the Java Heap base and to place the Java Heap above 4GB virtual address.
# This output file may be truncated or incomplete.
#
#  Out of Memory Error (arena.cpp:189), pid=9788, tid=6468
#
# JRE version: OpenJDK Runtime Environment (17.0.6) (build 17.0.6+0-b2043.56-9586694)
# Java VM: OpenJDK 64-Bit Server VM (17.0.6+0-b2043.56-9586694, mixed mode, tiered, compressed oops, compressed class ptrs, g1 gc, windows-amd64)
# No core dump will be written. Minidumps are not enabled by default on client versions of Windows
#

---------------  S U M M A R Y ------------

Command Line: --add-opens=java.base/java.util=ALL-UNNAMED --add-opens=java.base/java.lang=ALL-UNNAMED --add-opens=java.base/java.lang.invoke=ALL-UNNAMED --add-opens=java.prefs/java.util.prefs=ALL-UNNAMED --add-opens=java.base/java.nio.charset=ALL-UNNAMED --add-opens=java.base/java.net=ALL-UNNAMED --add-opens=java.base/java.util.concurrent.atomic=ALL-UNNAMED -Xmx2048m -Dfile.encoding=UTF-8 -Duser.country=US -Duser.language=en -Duser.variant org.gradle.launcher.daemon.bootstrap.GradleDaemon 8.0

Host: Intel(R) Celeron(R) CPU 3865U @ 1.80GHz, 2 cores, 7G,  Windows 10 , 64 bit Build 18362 (10.0.18362.1082)
Time: Thu May 18 12:18:28 2023 India Standard Time elapsed time: 11.280967 seconds (0d 0h 0m 11s)

---------------  T H R E A D  ---------------

Current thread (0x00000242ce30c310):  JavaThread "C2 CompilerThread0" daemon [_thread_in_native, id=6468, stack(0x0000004cd5500000,0x0000004cd5600000)]


Current CompileTask:
C2:  11281 2969   !   4       java.lang.ClassLoader::loadClass (121 bytes)

Stack: [0x0000004cd5500000,0x0000004cd5600000]
Native frames: (J=compiled Java code, j=interpreted, Vv=VM code, C=native code)
V  [jvm.dll+0x683b4a]
V  [jvm.dll+0x842654]
V  [jvm.dll+0x843dfe]
V  [jvm.dll+0x844463]
V  [jvm.dll+0x249b75]
V  [jvm.dll+0xabcac]
V  [jvm.dll+0xac27c]
V  [jvm.dll+0x368802]
V  [jvm.dll+0x1bced2]
V  [jvm.dll+0x21c359]
V  [jvm.dll+0x21b621]
V  [jvm.dll+0x1a4fdd]
V  [jvm.dll+0x22b098]
V  [jvm.dll+0x229159]
V  [jvm.dll+0x7f809c]
V  [jvm.dll+0x7f25fa]
V  [jvm.dll+0x682985]
C  [ucrtbase.dll+0x20e82]
C  [KERNEL32.DLL+0x17bd4]
C  [ntdll.dll+0x6ce51]


---------------  P R O C E S S  ---------------

Threads class SMR info:
_java_thread_list=0x00000242d064bf60, length=35, elements={
0x00000242b508a7b0, 0x00000242ce332610, 0x00000242ce333390, 0x00000242ce335420,
0x00000242ce306240, 0x00000242ce3086b0, 0x00000242ce308f70, 0x00000242ce30c310,
0x00000242ce30d950, 0x00000242cec4eeb0, 0x00000242ced8b740, 0x00000242cedb1020,
0x00000242d005ce10, 0x00000242cf81cbc0, 0x00000242cf81d560, 0x00000242cf81aa10,
0x00000242cf81da30, 0x00000242cf81b3b0, 0x00000242cf81c6f0, 0x00000242cf81a070,
0x00000242cf81b880, 0x00000242cf81bd50, 0x00000242cf81c220, 0x00000242cf81a540,
0x00000242d154b3d0, 0x00000242d15483b0, 0x00000242d1549bc0, 0x00000242d1549220,
0x00000242d1547a10, 0x00000242d1547ee0, 0x00000242d1548880, 0x00000242d154da50,
0x00000242d154c710, 0x00000242d1548d50, 0x00000242d154cbe0
}

Java Threads: ( => current thread )
  0x00000242b508a7b0 JavaThread "main" [_thread_blocked, id=10836, stack(0x0000004cd4800000,0x0000004cd4900000)]
  0x00000242ce332610 JavaThread "Reference Handler" daemon [_thread_blocked, id=2400, stack(0x0000004cd4f00000,0x0000004cd5000000)]
  0x00000242ce333390 JavaThread "Finalizer" daemon [_thread_blocked, id=4432, stack(0x0000004cd5000000,0x0000004cd5100000)]
  0x00000242ce335420 JavaThread "Signal Dispatcher" daemon [_thread_blocked, id=2568, stack(0x0000004cd5100000,0x0000004cd5200000)]
  0x00000242ce306240 JavaThread "Attach Listener" daemon [_thread_blocked, id=956, stack(0x0000004cd5200000,0x0000004cd5300000)]
  0x00000242ce3086b0 JavaThread "Service Thread" daemon [_thread_blocked, id=1596, stack(0x0000004cd5300000,0x0000004cd5400000)]
  0x00000242ce308f70 JavaThread "Monitor Deflation Thread" daemon [_thread_blocked, id=8680, stack(0x0000004cd5400000,0x0000004cd5500000)]
=>0x00000242ce30c310 JavaThread "C2 CompilerThread0" daemon [_thread_in_native, id=6468, stack(0x0000004cd5500000,0x0000004cd5600000)]
  0x00000242ce30d950 JavaThread "C1 CompilerThread0" daemon [_thread_blocked, id=1080, stack(0x0000004cd5600000,0x0000004cd5700000)]
  0x00000242cec4eeb0 JavaThread "Sweeper thread" daemon [_thread_blocked, id=8904, stack(0x0000004cd5700000,0x0000004cd5800000)]
  0x00000242ced8b740 JavaThread "Common-Cleaner" daemon [_thread_blocked, id=5988, stack(0x0000004cd5800000,0x0000004cd5900000)]
  0x00000242cedb1020 JavaThread "Notification Thread" daemon [_thread_blocked, id=5392, stack(0x0000004cd5900000,0x0000004cd5a00000)]
  0x00000242d005ce10 JavaThread "Daemon health stats" [_thread_blocked, id=6108, stack(0x0000004cd5c00000,0x0000004cd5d00000)]
  0x00000242cf81cbc0 JavaThread "Incoming local TCP Connector on port 35561" [_thread_in_native, id=10136, stack(0x0000004cd5d00000,0x0000004cd5e00000)]
  0x00000242cf81d560 JavaThread "Daemon periodic checks" [_thread_blocked, id=8684, stack(0x0000004cd5e00000,0x0000004cd5f00000)]
  0x00000242cf81aa10 JavaThread "Daemon" [_thread_blocked, id=4384, stack(0x0000004cd5f00000,0x0000004cd6000000)]
  0x00000242cf81da30 JavaThread "Handler for socket connection from /127.0.0.1:35561 to /127.0.0.1:35562" [_thread_in_native, id=9720, stack(0x0000004cd6000000,0x0000004cd6100000)]
  0x00000242cf81b3b0 JavaThread "Cancel handler" [_thread_blocked, id=2416, stack(0x0000004cd6100000,0x0000004cd6200000)]
  0x00000242cf81c6f0 JavaThread "Daemon worker" [_thread_in_vm, id=2628, stack(0x0000004cd6200000,0x0000004cd6300000)]
  0x00000242cf81a070 JavaThread "Asynchronous log dispatcher for DefaultDaemonConnection: socket connection from /127.0.0.1:35561 to /127.0.0.1:35562" [_thread_blocked, id=5432, stack(0x0000004cd6300000,0x0000004cd6400000)]
  0x00000242cf81b880 JavaThread "Stdin handler" [_thread_blocked, id=10924, stack(0x0000004cd6400000,0x0000004cd6500000)]
  0x00000242cf81bd50 JavaThread "Daemon client event forwarder" [_thread_blocked, id=2256, stack(0x0000004cd6500000,0x0000004cd6600000)]
  0x00000242cf81c220 JavaThread "Cache worker for journal cache (C:\Users\DELL\.gradle\caches\journal-1)" [_thread_blocked, id=9448, stack(0x0000004cd6600000,0x0000004cd6700000)]
  0x00000242cf81a540 JavaThread "File lock request listener" [_thread_in_native, id=3608, stack(0x0000004cd6700000,0x0000004cd6800000)]
  0x00000242d154b3d0 JavaThread "Cache worker for file hash cache (C:\Users\DELL\.gradle\caches\8.0\fileHashes)" [_thread_blocked, id=9196, stack(0x0000004cd6800000,0x0000004cd6900000)]
  0x00000242d15483b0 JavaThread "File watcher server" daemon [_thread_in_native, id=1128, stack(0x0000004cd6900000,0x0000004cd6a00000)]
  0x00000242d1549bc0 JavaThread "File watcher consumer" daemon [_thread_blocked, id=9988, stack(0x0000004cd6a00000,0x0000004cd6b00000)]
  0x00000242d1549220 JavaThread "jar transforms" [_thread_blocked, id=7252, stack(0x0000004cd6b00000,0x0000004cd6c00000)]
  0x00000242d1547a10 JavaThread "jar transforms Thread 2" [_thread_blocked, id=11156, stack(0x0000004cd6c00000,0x0000004cd6d00000)]
  0x00000242d1547ee0 JavaThread "Cache worker for checksums cache (C:\Users\DELL\AndroidStudioProjects\Pranik\.gradle\8.0\checksums)" [_thread_blocked, id=9284, stack(0x0000004cd6d00000,0x0000004cd6e00000)]
  0x00000242d1548880 JavaThread "Cache worker for cache directory md-rule (C:\Users\DELL\.gradle\caches\8.0\md-rule)" [_thread_blocked, id=4884, stack(0x0000004cd6e00000,0x0000004cd6f00000)]
  0x00000242d154da50 JavaThread "Cache worker for file content cache (C:\Users\DELL\.gradle\caches\8.0\fileContent)" [_thread_blocked, id=10264, stack(0x0000004cd6f00000,0x0000004cd7000000)]
  0x00000242d154c710 JavaThread "Cache worker for file hash cache (C:\Users\DELL\AndroidStudioProjects\Pranik\.gradle\8.0\fileHashes)" [_thread_blocked, id=8216, stack(0x0000004cd7000000,0x0000004cd7100000)]
  0x00000242d1548d50 JavaThread "Cache worker for cache directory md-supplier (C:\Users\DELL\.gradle\caches\8.0\md-supplier)" [_thread_blocked, id=7624, stack(0x0000004cd7100000,0x0000004cd7200000)]
  0x00000242d154cbe0 JavaThread "Cache worker for execution history cache (C:\Users\DELL\.gradle\caches\8.0\executionHistory)" [_thread_blocked, id=8188, stack(0x0000004cd7200000,0x0000004cd7300000)]

Other Threads:
  0x00000242ce2ec4b0 VMThread "VM Thread" [stack: 0x0000004cd4e00000,0x0000004cd4f00000] [id=9136]
  0x00000242ced89410 WatcherThread [stack: 0x0000004cd5a00000,0x0000004cd5b00000] [id=10256]
  0x00000242b50e4530 GCTaskThread "GC Thread#0" [stack: 0x0000004cd4900000,0x0000004cd4a00000] [id=8064]
  0x00000242cef4b320 GCTaskThread "GC Thread#1" [stack: 0x0000004cd5b00000,0x0000004cd5c00000] [id=10120]
  0x00000242b50f5380 ConcurrentGCThread "G1 Main Marker" [stack: 0x0000004cd4a00000,0x0000004cd4b00000] [id=5712]
  0x00000242b50f5ca0 ConcurrentGCThread "G1 Conc#0" [stack: 0x0000004cd4b00000,0x0000004cd4c00000] [id=4188]
  0x00000242b513e0e0 ConcurrentGCThread "G1 Refine#0" [stack: 0x0000004cd4c00000,0x0000004cd4d00000] [id=9536]
  0x00000242b513ea10 ConcurrentGCThread "G1 Service" [stack: 0x0000004cd4d00000,0x0000004cd4e00000] [id=3584]

Threads with active compile tasks:
C2 CompilerThread0    11320 2969   !   4       java.lang.ClassLoader::loadClass (121 bytes)
C1 CompilerThread0    11321 3044       3       java.lang.String::join (281 bytes)

VM state: not at safepoint (normal execution)

VM Mutex/Monitor currently owned by a thread: None

Heap address: 0x0000000080000000, size: 2048 MB, Compressed Oops mode: 32-bit

CDS archive(s) not mapped
Compressed class space mapped at: 0x0000000100000000-0x0000000140000000, reserved size: 1073741824
Narrow klass base: 0x0000000000000000, Narrow klass shift: 3, Narrow klass range: 0x140000000

GC Precious Log:
 CPUs: 2 total, 2 available
 Memory: 8057M
 Large Page Support: Disabled
 NUMA Support: Disabled
 Compressed Oops: Enabled (32-bit)
 Heap Region Size: 1M
 Heap Min Capacity: 8M
 Heap Initial Capacity: 126M
 Heap Max Capacity: 2G
 Pre-touch: Disabled
 Parallel Workers: 2
 Concurrent Workers: 1
 Concurrent Refinement Workers: 2
 Periodic GC: Disabled

Heap:
 garbage-first heap   total 97280K, used 61852K [0x0000000080000000, 0x0000000100000000)
  region size 1024K, 7 young (7168K), 1 survivors (1024K)
 Metaspace       used 33849K, committed 34240K, reserved 1081344K
  class space    used 4673K, committed 4864K, reserved 1048576K

Heap Regions: E=young(eden), S=young(survivor), O=old, HS=humongous(starts), HC=humongous(continues), CS=collection set, F=free, OA=open archive, CA=closed archive, TAMS=top-at-mark-start (previous, next)
|   0|0x0000000080000000, 0x0000000080100000, 0x0000000080100000|100%| O|  |TAMS 0x0000000080100000, 0x0000000080000000| Untracked 
|   1|0x0000000080100000, 0x0000000080200000, 0x0000000080200000|100%| O|  |TAMS 0x0000000080200000, 0x0000000080100000| Untracked 
|   2|0x0000000080200000, 0x0000000080300000, 0x0000000080300000|100%| O|  |TAMS 0x0000000080300000, 0x0000000080200000| Untracked 
|   3|0x0000000080300000, 0x0000000080400000, 0x0000000080400000|100%|HS|  |TAMS 0x0000000080400000, 0x0000000080300000| Complete 
|   4|0x0000000080400000, 0x0000000080500000, 0x0000000080500000|100%|HC|  |TAMS 0x0000000080500000, 0x0000000080400000| Complete 
|   5|0x0000000080500000, 0x0000000080600000, 0x0000000080600000|100%|HC|  |TAMS 0x0000000080600000, 0x0000000080500000| Complete 
|   6|0x0000000080600000, 0x0000000080700000, 0x0000000080700000|100%|HC|  |TAMS 0x0000000080700000, 0x0000000080600000| Complete 
|   7|0x0000000080700000, 0x0000000080800000, 0x0000000080800000|100%| O|  |TAMS 0x0000000080800000, 0x0000000080700000| Untracked 
|   8|0x0000000080800000, 0x0000000080900000, 0x0000000080900000|100%| O|  |TAMS 0x0000000080900000, 0x0000000080800000| Untracked 
|   9|0x0000000080900000, 0x0000000080a00000, 0x0000000080a00000|100%|HS|  |TAMS 0x0000000080a00000, 0x0000000080900000| Complete 
|  10|0x0000000080a00000, 0x0000000080b00000, 0x0000000080b00000|100%| O|  |TAMS 0x0000000080b00000, 0x0000000080a00000| Untracked 
|  11|0x0000000080b00000, 0x0000000080c00000, 0x0000000080c00000|100%| O|  |TAMS 0x0000000080c00000, 0x0000000080b00000| Untracked 
|  12|0x0000000080c00000, 0x0000000080d00000, 0x0000000080d00000|100%| O|  |TAMS 0x0000000080d00000, 0x0000000080c00000| Untracked 
|  13|0x0000000080d00000, 0x0000000080e00000, 0x0000000080e00000|100%| O|  |TAMS 0x0000000080e00000, 0x0000000080d00000| Untracked 
|  14|0x0000000080e00000, 0x0000000080f00000, 0x0000000080f00000|100%| O|  |TAMS 0x0000000080f00000, 0x0000000080e00000| Untracked 
|  15|0x0000000080f00000, 0x0000000081000000, 0x0000000081000000|100%| O|  |TAMS 0x0000000081000000, 0x0000000080f00000| Untracked 
|  16|0x0000000081000000, 0x0000000081100000, 0x0000000081100000|100%| O|  |TAMS 0x0000000081100000, 0x0000000081000000| Untracked 
|  17|0x0000000081100000, 0x0000000081200000, 0x0000000081200000|100%| O|  |TAMS 0x0000000081200000, 0x0000000081100000| Untracked 
|  18|0x0000000081200000, 0x0000000081300000, 0x0000000081300000|100%| O|  |TAMS 0x0000000081300000, 0x0000000081200000| Untracked 
|  19|0x0000000081300000, 0x0000000081400000, 0x0000000081400000|100%| O|  |TAMS 0x0000000081400000, 0x0000000081300000| Untracked 
|  20|0x0000000081400000, 0x0000000081500000, 0x0000000081500000|100%| O|  |TAMS 0x0000000081500000, 0x0000000081400000| Untracked 
|  21|0x0000000081500000, 0x0000000081600000, 0x0000000081600000|100%|HS|  |TAMS 0x0000000081600000, 0x0000000081500000| Complete 
|  22|0x0000000081600000, 0x0000000081700000, 0x0000000081700000|100%|HC|  |TAMS 0x0000000081700000, 0x0000000081600000| Complete 
|  23|0x0000000081700000, 0x0000000081800000, 0x0000000081800000|100%|HS|  |TAMS 0x0000000081800000, 0x0000000081700000| Complete 
|  24|0x0000000081800000, 0x0000000081900000, 0x0000000081900000|100%|HC|  |TAMS 0x0000000081900000, 0x0000000081800000| Complete 
|  25|0x0000000081900000, 0x0000000081a00000, 0x0000000081a00000|100%|HC|  |TAMS 0x0000000081a00000, 0x0000000081900000| Complete 
|  26|0x0000000081a00000, 0x0000000081b00000, 0x0000000081b00000|100%|HS|  |TAMS 0x0000000081b00000, 0x0000000081a00000| Complete 
|  27|0x0000000081b00000, 0x0000000081c00000, 0x0000000081c00000|100%|HC|  |TAMS 0x0000000081c00000, 0x0000000081b00000| Complete 
|  28|0x0000000081c00000, 0x0000000081d00000, 0x0000000081d00000|100%|HC|  |TAMS 0x0000000081d00000, 0x0000000081c00000| Complete 
|  29|0x0000000081d00000, 0x0000000081e00000, 0x0000000081e00000|100%|HC|  |TAMS 0x0000000081e00000, 0x0000000081d00000| Complete 
|  30|0x0000000081e00000, 0x0000000081f00000, 0x0000000081f00000|100%|HC|  |TAMS 0x0000000081f00000, 0x0000000081e00000| Complete 
|  31|0x0000000081f00000, 0x0000000082000000, 0x0000000082000000|100%|HC|  |TAMS 0x0000000082000000, 0x0000000081f00000| Complete 
|  32|0x0000000082000000, 0x0000000082100000, 0x0000000082100000|100%|HS|  |TAMS 0x0000000082100000, 0x0000000082000000| Complete 
|  33|0x0000000082100000, 0x0000000082200000, 0x0000000082200000|100%|HC|  |TAMS 0x0000000082200000, 0x0000000082100000| Complete 
|  34|0x0000000082200000, 0x0000000082300000, 0x0000000082300000|100%|HS|  |TAMS 0x0000000082300000, 0x0000000082200000| Complete 
|  35|0x0000000082300000, 0x0000000082400000, 0x0000000082400000|100%|HC|  |TAMS 0x0000000082400000, 0x0000000082300000| Complete 
|  36|0x0000000082400000, 0x0000000082500000, 0x0000000082500000|100%|HC|  |TAMS 0x0000000082500000, 0x0000000082400000| Complete 
|  37|0x0000000082500000, 0x0000000082600000, 0x0000000082600000|100%|HC|  |TAMS 0x0000000082600000, 0x0000000082500000| Complete 
|  38|0x0000000082600000, 0x0000000082700000, 0x0000000082700000|100%|HC|  |TAMS 0x0000000082700000, 0x0000000082600000| Complete 
|  39|0x0000000082700000, 0x0000000082800000, 0x0000000082800000|100%|HC|  |TAMS 0x0000000082800000, 0x0000000082700000| Complete 
|  40|0x0000000082800000, 0x0000000082900000, 0x0000000082900000|100%|HC|  |TAMS 0x0000000082900000, 0x0000000082800000| Complete 
|  41|0x0000000082900000, 0x0000000082a00000, 0x0000000082a00000|100%|HC|  |TAMS 0x0000000082a00000, 0x0000000082900000| Complete 
|  42|0x0000000082a00000, 0x0000000082b00000, 0x0000000082b00000|100%|HC|  |TAMS 0x0000000082b00000, 0x0000000082a00000| Complete 
|  43|0x0000000082b00000, 0x0000000082c00000, 0x0000000082c00000|100%|HC|  |TAMS 0x0000000082c00000, 0x0000000082b00000| Complete 
|  44|0x0000000082c00000, 0x0000000082d00000, 0x0000000082d00000|100%| O|  |TAMS 0x0000000082d00000, 0x0000000082c00000| Untracked 
|  45|0x0000000082d00000, 0x0000000082e00000, 0x0000000082e00000|100%| O|  |TAMS 0x0000000082e00000, 0x0000000082d00000| Untracked 
|  46|0x0000000082e00000, 0x0000000082f00000, 0x0000000082f00000|100%| O|  |TAMS 0x0000000082f00000, 0x0000000082e00000| Untracked 
|  47|0x0000000082f00000, 0x0000000083000000, 0x0000000083000000|100%|HS|  |TAMS 0x0000000083000000, 0x0000000082f00000| Complete 
|  48|0x0000000083000000, 0x0000000083100000, 0x0000000083100000|100%|HC|  |TAMS 0x0000000083100000, 0x0000000083000000| Complete 
|  49|0x0000000083100000, 0x0000000083200000, 0x0000000083200000|100%|HS|  |TAMS 0x0000000083200000, 0x0000000083100000| Complete 
|  50|0x0000000083200000, 0x0000000083300000, 0x0000000083300000|100%|HC|  |TAMS 0x0000000083300000, 0x0000000083200000| Complete 
|  51|0x0000000083300000, 0x0000000083400000, 0x0000000083400000|100%|HC|  |TAMS 0x0000000083400000, 0x0000000083300000| Complete 
|  52|0x0000000083400000, 0x0000000083500000, 0x0000000083500000|100%| O|  |TAMS 0x0000000083460c00, 0x0000000083400000| Untracked 
|  53|0x0000000083500000, 0x0000000083600000, 0x0000000083600000|100%| O|  |TAMS 0x0000000083500000, 0x0000000083500000| Untracked 
|  54|0x0000000083600000, 0x00000000836b6a00, 0x0000000083700000| 71%| O|  |TAMS 0x0000000083600000, 0x0000000083600000| Untracked 
|  55|0x0000000083700000, 0x0000000083700000, 0x0000000083800000|  0%| F|  |TAMS 0x0000000083700000, 0x0000000083700000| Untracked 
|  56|0x0000000083800000, 0x0000000083800000, 0x0000000083900000|  0%| F|  |TAMS 0x0000000083800000, 0x0000000083800000| Untracked 
|  57|0x0000000083900000, 0x0000000083900000, 0x0000000083a00000|  0%| F|  |TAMS 0x0000000083900000, 0x0000000083900000| Untracked 
|  58|0x0000000083a00000, 0x0000000083a00000, 0x0000000083b00000|  0%| F|  |TAMS 0x0000000083a00000, 0x0000000083a00000| Untracked 
|  59|0x0000000083b00000, 0x0000000083b00000, 0x0000000083c00000|  0%| F|  |TAMS 0x0000000083b00000, 0x0000000083b00000| Untracked 
|  60|0x0000000083c00000, 0x0000000083c00000, 0x0000000083d00000|  0%| F|  |TAMS 0x0000000083c00000, 0x0000000083c00000| Untracked 
|  61|0x0000000083d00000, 0x0000000083d00000, 0x0000000083e00000|  0%| F|  |TAMS 0x0000000083d00000, 0x0000000083d00000| Untracked 
|  62|0x0000000083e00000, 0x0000000083e00000, 0x0000000083f00000|  0%| F|  |TAMS 0x0000000083e00000, 0x0000000083e00000| Untracked 
|  63|0x0000000083f00000, 0x0000000083f00000, 0x0000000084000000|  0%| F|  |TAMS 0x0000000083f00000, 0x0000000083f00000| Untracked 
|  64|0x0000000084000000, 0x0000000084000000, 0x0000000084100000|  0%| F|  |TAMS 0x0000000084000000, 0x0000000084000000| Untracked 
|  65|0x0000000084100000, 0x0000000084100000, 0x0000000084200000|  0%| F|  |TAMS 0x0000000084100000, 0x0000000084100000| Untracked 
|  66|0x0000000084200000, 0x0000000084200000, 0x0000000084300000|  0%| F|  |TAMS 0x0000000084200000, 0x0000000084200000| Untracked 
|  67|0x0000000084300000, 0x0000000084300000, 0x0000000084400000|  0%| F|  |TAMS 0x0000000084300000, 0x0000000084300000| Untracked 
|  68|0x0000000084400000, 0x0000000084400000, 0x0000000084500000|  0%| F|  |TAMS 0x0000000084400000, 0x0000000084400000| Untracked 
|  69|0x0000000084500000, 0x0000000084500000, 0x0000000084600000|  0%| F|  |TAMS 0x0000000084500000, 0x0000000084500000| Untracked 
|  70|0x0000000084600000, 0x0000000084600000, 0x0000000084700000|  0%| F|  |TAMS 0x0000000084600000, 0x0000000084600000| Untracked 
|  71|0x0000000084700000, 0x0000000084700000, 0x0000000084800000|  0%| F|  |TAMS 0x0000000084700000, 0x0000000084700000| Untracked 
|  72|0x0000000084800000, 0x0000000084800000, 0x0000000084900000|  0%| F|  |TAMS 0x0000000084800000, 0x0000000084800000| Untracked 
|  73|0x0000000084900000, 0x0000000084900000, 0x0000000084a00000|  0%| F|  |TAMS 0x0000000084900000, 0x0000000084900000| Untracked 
|  74|0x0000000084a00000, 0x0000000084a00000, 0x0000000084b00000|  0%| F|  |TAMS 0x0000000084a00000, 0x0000000084a00000| Untracked 
|  75|0x0000000084b00000, 0x0000000084b00000, 0x0000000084c00000|  0%| F|  |TAMS 0x0000000084b00000, 0x0000000084b00000| Untracked 
|  76|0x0000000084c00000, 0x0000000084c00000, 0x0000000084d00000|  0%| F|  |TAMS 0x0000000084c00000, 0x0000000084c00000| Untracked 
|  77|0x0000000084d00000, 0x0000000084d00000, 0x0000000084e00000|  0%| F|  |TAMS 0x0000000084d00000, 0x0000000084d00000| Untracked 
|  78|0x0000000084e00000, 0x0000000084e00000, 0x0000000084f00000|  0%| F|  |TAMS 0x0000000084e00000, 0x0000000084e00000| Untracked 
|  79|0x0000000084f00000, 0x0000000084f00000, 0x0000000085000000|  0%| F|  |TAMS 0x0000000084f00000, 0x0000000084f00000| Untracked 
|  80|0x0000000085000000, 0x0000000085000000, 0x0000000085100000|  0%| F|  |TAMS 0x0000000085000000, 0x0000000085000000| Untracked 
|  81|0x0000000085100000, 0x00000000851b0910, 0x0000000085200000| 68%| S|CS|TAMS 0x0000000085100000, 0x0000000085100000| Complete 
|  82|0x0000000085200000, 0x0000000085200000, 0x0000000085300000|  0%| F|  |TAMS 0x0000000085200000, 0x0000000085200000| Untracked 
|  83|0x0000000085300000, 0x0000000085300000, 0x0000000085400000|  0%| F|  |TAMS 0x0000000085300000, 0x0000000085300000| Untracked 
|  84|0x0000000085400000, 0x0000000085400000, 0x0000000085500000|  0%| F|  |TAMS 0x0000000085400000, 0x0000000085400000| Untracked 
|  85|0x0000000085500000, 0x0000000085500000, 0x0000000085600000|  0%| F|  |TAMS 0x0000000085500000, 0x0000000085500000| Untracked 
|  86|0x0000000085600000, 0x0000000085600000, 0x0000000085700000|  0%| F|  |TAMS 0x0000000085600000, 0x0000000085600000| Untracked 
|  87|0x0000000085700000, 0x0000000085700000, 0x0000000085800000|  0%| F|  |TAMS 0x0000000085700000, 0x0000000085700000| Untracked 
|  88|0x0000000085800000, 0x0000000085800000, 0x0000000085900000|  0%| F|  |TAMS 0x0000000085800000, 0x0000000085800000| Untracked 
|  89|0x0000000085900000, 0x00000000859458f0, 0x0000000085a00000| 27%| E|  |TAMS 0x0000000085900000, 0x0000000085900000| Complete 
|  90|0x0000000085a00000, 0x0000000085b00000, 0x0000000085b00000|100%| E|CS|TAMS 0x0000000085a00000, 0x0000000085a00000| Complete 
|  91|0x0000000085b00000, 0x0000000085c00000, 0x0000000085c00000|100%| E|CS|TAMS 0x0000000085b00000, 0x0000000085b00000| Complete 
|  92|0x0000000085c00000, 0x0000000085d00000, 0x0000000085d00000|100%| E|CS|TAMS 0x0000000085c00000, 0x0000000085c00000| Complete 
|  93|0x0000000085d00000, 0x0000000085e00000, 0x0000000085e00000|100%| E|CS|TAMS 0x0000000085d00000, 0x0000000085d00000| Complete 
| 125|0x0000000087d00000, 0x0000000087e00000, 0x0000000087e00000|100%| E|CS|TAMS 0x0000000087d00000, 0x0000000087d00000| Complete 

Card table byte_map: [0x00000242c7940000,0x00000242c7d40000] _byte_map_base: 0x00000242c7540000

Marking Bits (Prev, Next): (CMBitMap*) 0x00000242b50e4a50, (CMBitMap*) 0x00000242b50e4a90
 Prev Bits: [0x00000242c8140000, 0x00000242ca140000)
 Next Bits: [0x00000242ca140000, 0x00000242cc140000)

Polling page: 0x00000242b2f70000

Metaspace:

Usage:
  Non-class:     28.50 MB used.
      Class:      4.56 MB used.
       Both:     33.06 MB used.

Virtual space:
  Non-class space:       32.00 MB reserved,      28.69 MB ( 90%) committed,  4 nodes.
      Class space:        1.00 GB reserved,       4.75 MB ( <1%) committed,  1 nodes.
             Both:        1.03 GB reserved,      33.44 MB (  3%) committed. 

Chunk freelists:
   Non-Class:  2.39 MB
       Class:  3.17 MB
        Both:  5.56 MB

MaxMetaspaceSize: unlimited
CompressedClassSpaceSize: 1.00 GB
Initial GC threshold: 21.00 MB
Current GC threshold: 54.50 MB
CDS: off
MetaspaceReclaimPolicy: balanced
 - commit_granule_bytes: 65536.
 - commit_granule_words: 8192.
 - virtual_space_node_default_size: 1048576.
 - enlarge_chunks_in_place: 1.
 - new_chunks_are_fully_committed: 0.
 - uncommit_free_chunks: 1.
 - use_allocation_guard: 0.
 - handle_deallocations: 1.


Internal statistics:

num_allocs_failed_limit: 3.
num_arena_births: 350.
num_arena_deaths: 0.
num_vsnodes_births: 5.
num_vsnodes_deaths: 0.
num_space_committed: 535.
num_space_uncommitted: 0.
num_chunks_returned_to_freelist: 3.
num_chunks_taken_from_freelist: 1337.
num_chunk_merges: 3.
num_chunk_splits: 850.
num_chunks_enlarged: 574.
num_purges: 0.
num_inconsistent_stats: 0.

CodeHeap 'non-profiled nmethods': size=120064Kb used=1553Kb max_used=1553Kb free=118510Kb
 bounds [0x00000242c0000000, 0x00000242c0270000, 0x00000242c7540000]
CodeHeap 'profiled nmethods': size=120000Kb used=6553Kb max_used=6553Kb free=113446Kb
 bounds [0x00000242b8540000, 0x00000242b8bb0000, 0x00000242bfa70000]
CodeHeap 'non-nmethods': size=5696Kb used=1231Kb max_used=1297Kb free=4464Kb
 bounds [0x00000242bfa70000, 0x00000242bfce0000, 0x00000242c0000000]
 total_blobs=3580 nmethods=3040 adapters=452
 compilation: enabled
              stopped_count=0, restarted_count=0
 full_count=0

Compilation events (20 events):
Event: 11.137 Thread 0x00000242ce30d950 3022       3       org.gradle.model.internal.asm.ClassVisitorScope::publicMethod (11 bytes)
Event: 11.137 Thread 0x00000242ce30d950 nmethod 3022 0x00000242b8b89410 code [0x00000242b8b895a0, 0x00000242b8b89708]
Event: 11.138 Thread 0x00000242ce30d950 3023       3       jdk.internal.misc.VM::isSupportedClassFileVersion (39 bytes)
Event: 11.138 Thread 0x00000242ce30d950 nmethod 3023 0x00000242b8b89810 code [0x00000242b8b899c0, 0x00000242b8b89c58]
Event: 11.138 Thread 0x00000242ce30d950 3024       3       jdk.internal.org.objectweb.asm.ClassReader::readShort (27 bytes)
Event: 11.138 Thread 0x00000242ce30d950 nmethod 3024 0x00000242b8b89d10 code [0x00000242b8b89ea0, 0x00000242b8b8a018]
Event: 11.138 Thread 0x00000242ce30d950 3025       3       jdk.internal.org.objectweb.asm.ClassReader::readConst (276 bytes)
Event: 11.140 Thread 0x00000242ce30d950 nmethod 3025 0x00000242b8b8a110 code [0x00000242b8b8a5a0, 0x00000242b8b8c358]
Event: 11.141 Thread 0x00000242ce30d950 3026       3       jdk.internal.org.objectweb.asm.Type::getClassName (172 bytes)
Event: 11.143 Thread 0x00000242ce30d950 nmethod 3026 0x00000242b8b8cd90 code [0x00000242b8b8d120, 0x00000242b8b8e5a8]
Event: 11.146 Thread 0x00000242ce30d950 3027       3       org.gradle.model.internal.asm.MethodVisitorScope::_IRETURN_OF (12 bytes)
Event: 11.147 Thread 0x00000242ce30d950 nmethod 3027 0x00000242b8b8ec90 code [0x00000242b8b8ee40, 0x00000242b8b8f0f8]
Event: 11.185 Thread 0x00000242ce30d950 3028       3       java.util.Arrays::fill (21 bytes)
Event: 11.185 Thread 0x00000242ce30d950 nmethod 3028 0x00000242b8b8f210 code [0x00000242b8b8f3a0, 0x00000242b8b8f558]
Event: 11.185 Thread 0x00000242ce30d950 3029       3       com.google.common.base.Preconditions::checkArgument (28 bytes)
Event: 11.186 Thread 0x00000242ce30d950 nmethod 3029 0x00000242b8b8f690 code [0x00000242b8b8f880, 0x00000242b8b8fe78]
Event: 11.186 Thread 0x00000242ce30d950 3030       3       com.google.common.io.BaseEncoding$Alphabet::encode (7 bytes)
Event: 11.186 Thread 0x00000242ce30d950 nmethod 3030 0x00000242b8b90090 code [0x00000242b8b90220, 0x00000242b8b90358]
Event: 11.218 Thread 0x00000242ce30d950 3031       3       java.util.regex.CharPredicates$$Lambda$37/0x0000000100144a68::is (9 bytes)
Event: 11.218 Thread 0x00000242ce30d950 nmethod 3031 0x00000242b8b90410 code [0x00000242b8b905c0, 0x00000242b8b90958]

GC Heap History (20 events):
Event: 2.786 GC heap before
{Heap before GC invocations=3 (full 0):
 garbage-first heap   total 129024K, used 23425K [0x0000000080000000, 0x0000000100000000)
  region size 1024K, 15 young (15360K), 2 survivors (2048K)
 Metaspace       used 11168K, committed 11392K, reserved 1064960K
  class space    used 1159K, committed 1280K, reserved 1048576K
}
Event: 2.792 GC heap after
{Heap after GC invocations=4 (full 0):
 garbage-first heap   total 129024K, used 10638K [0x0000000080000000, 0x0000000100000000)
  region size 1024K, 1 young (1024K), 1 survivors (1024K)
 Metaspace       used 11168K, committed 11392K, reserved 1064960K
  class space    used 1159K, committed 1280K, reserved 1048576K
}
Event: 6.663 GC heap before
{Heap before GC invocations=4 (full 0):
 garbage-first heap   total 129024K, used 63886K [0x0000000080000000, 0x0000000100000000)
  region size 1024K, 53 young (54272K), 1 survivors (1024K)
 Metaspace       used 21285K, committed 21504K, reserved 1073152K
  class space    used 2559K, committed 2688K, reserved 1048576K
}
Event: 6.679 GC heap after
{Heap after GC invocations=5 (full 0):
 garbage-first heap   total 129024K, used 18036K [0x0000000080000000, 0x0000000100000000)
  region size 1024K, 8 young (8192K), 8 survivors (8192K)
 Metaspace       used 21285K, committed 21504K, reserved 1073152K
  class space    used 2559K, committed 2688K, reserved 1048576K
}
Event: 8.230 GC heap before
{Heap before GC invocations=6 (full 0):
 garbage-first heap   total 65536K, used 48756K [0x0000000080000000, 0x0000000100000000)
  region size 1024K, 38 young (38912K), 8 survivors (8192K)
 Metaspace       used 26204K, committed 26560K, reserved 1073152K
  class space    used 3415K, committed 3584K, reserved 1048576K
}
Event: 8.252 GC heap after
{Heap after GC invocations=7 (full 0):
 garbage-first heap   total 65536K, used 20757K [0x0000000080000000, 0x0000000100000000)
  region size 1024K, 3 young (3072K), 3 survivors (3072K)
 Metaspace       used 26204K, committed 26560K, reserved 1073152K
  class space    used 3415K, committed 3584K, reserved 1048576K
}
Event: 8.294 GC heap before
{Heap before GC invocations=7 (full 0):
 garbage-first heap   total 65536K, used 21781K [0x0000000080000000, 0x0000000100000000)
  region size 1024K, 4 young (4096K), 3 survivors (3072K)
 Metaspace       used 26301K, committed 26624K, reserved 1073152K
  class space    used 3434K, committed 3584K, reserved 1048576K
}
Event: 8.302 GC heap after
{Heap after GC invocations=8 (full 0):
 garbage-first heap   total 65536K, used 20917K [0x0000000080000000, 0x0000000100000000)
  region size 1024K, 1 young (1024K), 1 survivors (1024K)
 Metaspace       used 26301K, committed 26624K, reserved 1073152K
  class space    used 3434K, committed 3584K, reserved 1048576K
}
Event: 9.416 GC heap before
{Heap before GC invocations=8 (full 0):
 garbage-first heap   total 65536K, used 44469K [0x0000000080000000, 0x0000000100000000)
  region size 1024K, 20 young (20480K), 1 survivors (1024K)
 Metaspace       used 29359K, committed 29760K, reserved 1081344K
  class space    used 3960K, committed 4160K, reserved 1048576K
}
Event: 9.422 GC heap after
{Heap after GC invocations=9 (full 0):
 garbage-first heap   total 97280K, used 27727K [0x0000000080000000, 0x0000000100000000)
  region size 1024K, 3 young (3072K), 3 survivors (3072K)
 Metaspace       used 29359K, committed 29760K, reserved 1081344K
  class space    used 3960K, committed 4160K, reserved 1048576K
}
Event: 9.534 GC heap before
{Heap before GC invocations=9 (full 0):
 garbage-first heap   total 97280K, used 37967K [0x0000000080000000, 0x0000000100000000)
  region size 1024K, 5 young (5120K), 3 survivors (3072K)
 Metaspace       used 29443K, committed 29760K, reserved 1081344K
  class space    used 3971K, committed 4160K, reserved 1048576K
}
Event: 9.541 GC heap after
{Heap after GC invocations=10 (full 0):
 garbage-first heap   total 97280K, used 38225K [0x0000000080000000, 0x0000000100000000)
  region size 1024K, 4 young (4096K), 4 survivors (4096K)
 Metaspace       used 29443K, committed 29760K, reserved 1081344K
  class space    used 3971K, committed 4160K, reserved 1048576K
}
Event: 9.556 GC heap before
{Heap before GC invocations=10 (full 0):
 garbage-first heap   total 97280K, used 48465K [0x0000000080000000, 0x0000000100000000)
  region size 1024K, 4 young (4096K), 4 survivors (4096K)
 Metaspace       used 29443K, committed 29760K, reserved 1081344K
  class space    used 3971K, committed 4160K, reserved 1048576K
}
Event: 9.562 GC heap after
{Heap after GC invocations=11 (full 0):
 garbage-first heap   total 97280K, used 48755K [0x0000000080000000, 0x0000000100000000)
  region size 1024K, 2 young (2048K), 2 survivors (2048K)
 Metaspace       used 29443K, committed 29760K, reserved 1081344K
  class space    used 3971K, committed 4160K, reserved 1048576K
}
Event: 9.664 GC heap before
{Heap before GC invocations=12 (full 0):
 garbage-first heap   total 97280K, used 50803K [0x0000000080000000, 0x0000000100000000)
  region size 1024K, 3 young (3072K), 2 survivors (2048K)
 Metaspace       used 29453K, committed 29824K, reserved 1081344K
  class space    used 3971K, committed 4160K, reserved 1048576K
}
Event: 9.666 GC heap after
{Heap after GC invocations=13 (full 0):
 garbage-first heap   total 97280K, used 51499K [0x0000000080000000, 0x0000000100000000)
  region size 1024K, 3 young (3072K), 3 survivors (3072K)
 Metaspace       used 29453K, committed 29824K, reserved 1081344K
  class space    used 3971K, committed 4160K, reserved 1048576K
}
Event: 10.365 GC heap before
{Heap before GC invocations=14 (full 0):
 garbage-first heap   total 97280K, used 67883K [0x0000000080000000, 0x0000000100000000)
  region size 1024K, 17 young (17408K), 3 survivors (3072K)
 Metaspace       used 31289K, committed 31616K, reserved 1081344K
  class space    used 4272K, committed 4416K, reserved 1048576K
}
Event: 10.371 GC heap after
{Heap after GC invocations=15 (full 0):
 garbage-first heap   total 97280K, used 56139K [0x0000000080000000, 0x0000000100000000)
  region size 1024K, 3 young (3072K), 3 survivors (3072K)
 Metaspace       used 31289K, committed 31616K, reserved 1081344K
  class space    used 4272K, committed 4416K, reserved 1048576K
}
Event: 11.048 GC heap before
{Heap before GC invocations=15 (full 0):
 garbage-first heap   total 97280K, used 69451K [0x0000000080000000, 0x0000000100000000)
  region size 1024K, 16 young (16384K), 3 survivors (3072K)
 Metaspace       used 33124K, committed 33472K, reserved 1081344K
  class space    used 4561K, committed 4736K, reserved 1048576K
}
Event: 11.053 GC heap after
{Heap after GC invocations=16 (full 0):
 garbage-first heap   total 97280K, used 56732K [0x0000000080000000, 0x0000000100000000)
  region size 1024K, 1 young (1024K), 1 survivors (1024K)
 Metaspace       used 33124K, committed 33472K, reserved 1081344K
  class space    used 4561K, committed 4736K, reserved 1048576K
}

Dll operation events (2 events):
Event: 0.015 Loaded shared library E:\Android Pro\jbr\bin\java.dll
Event: 1.072 Loaded shared library E:\Android Pro\jbr\bin\verify.dll

Deoptimization events (20 events):
Event: 9.368 Thread 0x00000242cf81c6f0 DEOPT PACKING pc=0x00000242c011d1f8 sp=0x0000004cd62fb610
Event: 9.368 Thread 0x00000242cf81c6f0 DEOPT UNPACKING pc=0x00000242bfac699d sp=0x0000004cd62fb640 mode 2
Event: 9.373 Thread 0x00000242cf81c6f0 Uncommon trap: trap_request=0xffffff45 fr.pc=0x00000242c013249c relative=0x000000000000671c
Event: 9.374 Thread 0x00000242cf81c6f0 Uncommon trap: reason=unstable_if action=reinterpret pc=0x00000242c013249c method=java.net.URLClassLoader.getAndVerifyPackage(Ljava/lang/String;Ljava/util/jar/Manifest;Ljava/net/URL;)Ljava/lang/Package; @ 62 c2
Event: 9.374 Thread 0x00000242cf81c6f0 DEOPT PACKING pc=0x00000242c013249c sp=0x0000004cd62fb900
Event: 9.374 Thread 0x00000242cf81c6f0 DEOPT UNPACKING pc=0x00000242bfac699d sp=0x0000004cd62fb688 mode 2
Event: 9.412 Thread 0x00000242cf81c6f0 DEOPT PACKING pc=0x00000242b8ac31cc sp=0x0000004cd62fbd80
Event: 9.412 Thread 0x00000242cf81c6f0 DEOPT UNPACKING pc=0x00000242bfac7124 sp=0x0000004cd62fb210 mode 0
Event: 9.720 Thread 0x00000242cf81c6f0 DEOPT PACKING pc=0x00000242b8ac1069 sp=0x0000004cd62f9b00
Event: 9.720 Thread 0x00000242cf81c6f0 DEOPT UNPACKING pc=0x00000242bfac7124 sp=0x0000004cd62f9080 mode 0
Event: 9.805 Thread 0x00000242cf81c6f0 DEOPT PACKING pc=0x00000242b89b4dd4 sp=0x0000004cd62f8560
Event: 9.805 Thread 0x00000242cf81c6f0 DEOPT UNPACKING pc=0x00000242bfac7124 sp=0x0000004cd62f7ab8 mode 0
Event: 10.074 Thread 0x00000242cf81c6f0 Uncommon trap: trap_request=0xffffff45 fr.pc=0x00000242c00c8064 relative=0x0000000000000644
Event: 10.074 Thread 0x00000242cf81c6f0 Uncommon trap: reason=unstable_if action=reinterpret pc=0x00000242c00c8064 method=java.util.Properties$LineReader.readLine()I @ 95 c2
Event: 10.074 Thread 0x00000242cf81c6f0 DEOPT PACKING pc=0x00000242c00c8064 sp=0x0000004cd62fa6d0
Event: 10.074 Thread 0x00000242cf81c6f0 DEOPT UNPACKING pc=0x00000242bfac699d sp=0x0000004cd62fa680 mode 2
Event: 10.639 Thread 0x00000242cf81c6f0 Uncommon trap: trap_request=0xffffff45 fr.pc=0x00000242c004e668 relative=0x00000000000004a8
Event: 10.639 Thread 0x00000242cf81c6f0 Uncommon trap: reason=unstable_if action=reinterpret pc=0x00000242c004e668 method=java.util.HashMap.hash(Ljava/lang/Object;)I @ 1 c2
Event: 10.639 Thread 0x00000242cf81c6f0 DEOPT PACKING pc=0x00000242c004e668 sp=0x0000004cd62f6e40
Event: 10.639 Thread 0x00000242cf81c6f0 DEOPT UNPACKING pc=0x00000242bfac699d sp=0x0000004cd62f6ce8 mode 2

Classes unloaded (0 events):
No events

Classes redefined (0 events):
No events

Internal exceptions (20 events):
Event: 9.819 Thread 0x00000242cf81c6f0 Exception <a 'java/lang/NoSuchMethodError'{0x0000000085caf468}: static Lorg/jetbrains/plugins/gradle/model/ExternalLibraryDependency;.<clinit>()V> (0x0000000085caf468) 
thrown [s\src\hotspot\share\prims\jni.cpp, line 1108]
Event: 9.820 Thread 0x00000242cf81c6f0 Exception <a 'java/lang/NoSuchMethodError'{0x0000000085cb8990}: static Lorg/jetbrains/plugins/gradle/model/FileCollectionDependency;.<clinit>()V> (0x0000000085cb8990) 
thrown [s\src\hotspot\share\prims\jni.cpp, line 1108]
Event: 9.822 Thread 0x00000242cf81c6f0 Exception <a 'java/lang/NoSuchMethodError'{0x0000000085cc1e88}: static Lorg/jetbrains/plugins/gradle/model/ExternalProjectDependency;.<clinit>()V> (0x0000000085cc1e88) 
thrown [s\src\hotspot\share\prims\jni.cpp, line 1108]
Event: 9.840 Thread 0x00000242cf81c6f0 Exception <a 'java/lang/NoSuchMethodError'{0x0000000085854b00}: static Lorg/gradle/tooling/internal/consumer/versioning/VersionDetails;.<clinit>()V> (0x0000000085854b00) 
thrown [s\src\hotspot\share\prims\jni.cpp, line 1108]
Event: 9.883 Thread 0x00000242cf81c6f0 Exception <a 'java/lang/NoSuchMethodError'{0x00000000858574a8}: static Lorg/gradle/tooling/internal/consumer/versioning/VersionDetails$R26VersionDetails;.<clinit>()V> (0x00000000858574a8) 
thrown [s\src\hotspot\share\prims\jni.cpp, line 1108]
Event: 9.883 Thread 0x00000242cf81c6f0 Exception <a 'java/lang/NoSuchMethodError'{0x0000000085858a20}: static Lorg/gradle/tooling/internal/consumer/versioning/VersionDetails$R28VersionDetails;.<clinit>()V> (0x0000000085858a20) 
thrown [s\src\hotspot\share\prims\jni.cpp, line 1108]
Event: 9.883 Thread 0x00000242cf81c6f0 Exception <a 'java/lang/NoSuchMethodError'{0x0000000085859f28}: static Lorg/gradle/tooling/internal/consumer/versioning/VersionDetails$R35VersionDetails;.<clinit>()V> (0x0000000085859f28) 
thrown [s\src\hotspot\share\prims\jni.cpp, line 1108]
Event: 9.884 Thread 0x00000242cf81c6f0 Exception <a 'java/lang/NoSuchMethodError'{0x000000008585b5f8}: static Lorg/gradle/tooling/internal/consumer/versioning/VersionDetails$R44VersionDetails;.<clinit>()V> (0x000000008585b5f8) 
thrown [s\src\hotspot\share\prims\jni.cpp, line 1108]
Event: 9.884 Thread 0x00000242cf81c6f0 Exception <a 'java/lang/NoSuchMethodError'{0x000000008585cc00}: static Lorg/gradle/tooling/internal/consumer/versioning/VersionDetails$R48VersionDetails;.<clinit>()V> (0x000000008585cc00) 
thrown [s\src\hotspot\share\prims\jni.cpp, line 1108]
Event: 9.884 Thread 0x00000242cf81c6f0 Exception <a 'java/lang/NoSuchMethodError'{0x000000008585de00}: static Lorg/gradle/tooling/internal/consumer/versioning/VersionDetails$R51VersionDetails;.<clinit>()V> (0x000000008585de00) 
thrown [s\src\hotspot\share\prims\jni.cpp, line 1108]
Event: 9.917 Thread 0x00000242cf81c6f0 Exception <a 'java/lang/NoSuchMethodError'{0x000000008574ba90}: 'java.lang.Object java.lang.invoke.DirectMethodHandle$Holder.newInvokeSpecial(java.lang.Object, java.lang.Object, int)'> (0x000000008574ba90) 
thrown [s\src\hotspot\share\interpreter\linkResolver.cpp, line 771]
Event: 10.389 Thread 0x00000242cf81c6f0 Exception <a 'java/lang/NoSuchMethodError'{0x0000000087d9db38}: 'java.lang.Object java.lang.invoke.DirectMethodHandle$Holder.invokeSpecialIFC(java.lang.Object, java.lang.Object, java.lang.Object, java.lang.Object)'> (0x0000000087d9db38) 
thrown [s\src\hotspot\share\interpreter\linkResolver.cpp, line 771]
Event: 10.639 Thread 0x00000242cf81c6f0 Implicit null exception at 0x00000242c004e213 to 0x00000242c004e650
Event: 10.842 Thread 0x00000242cf81c6f0 Exception <a 'java/lang/NoSuchMethodError'{0x00000000856139a0}: 'java.lang.Object java.lang.invoke.DirectMethodHandle$Holder.invokeSpecial(java.lang.Object, java.lang.Object, java.lang.Object, java.lang.Object, java.lang.Object, java.lang.Object, java.lang.Object, java.lang.Object, java.lang.Object, java.lang.Object, java.lang.Object, java.lang.Object, java.lang.Object)'> (0x00000000856139a0) 
thrown [s\src\hotspot\share\interpreter\linkResolver.cpp, line 771]
Event: 10.843 Thread 0x00000242cf81c6f0 Exception <a 'java/lang/NoSuchMethodError'{0x0000000085624fc8}: 'java.lang.Object java.lang.invoke.DirectMethodHandle$Holder.newInvokeSpecial(java.lang.Object, java.lang.Object, java.lang.Object, java.lang.Object, java.lang.Object, java.lang.Object, java.lang.Object, java.lang.Object, java.lang.Object, java.lang.Object, java.lang.Object)'> (0x0000000085624fc8) 
thrown [s\src\hotspot\share\interpreter\linkResolver.cpp, line 771]
Event: 10.844 Thread 0x00000242cf81c6f0 Exception <a 'java/lang/NoSuchMethodError'{0x000000008562a060}: 'java.lang.Object java.lang.invoke.Invokers$Holder.linkToTargetMethod(java.lang.Object, java.lang.Object, java.lang.Object, java.lang.Object, java.lang.Object, java.lang.Object, java.lang.Object, java.lang.Object, java.lang.Object, java.lang.Object, java.lang.Object)'> (0x000000008562a060) 
thrown [s\src\hotspot\share\interpreter\linkResolver.cpp, line 771]
Event: 10.850 Thread 0x00000242cf81c6f0 Exception <a 'java/lang/NoSuchMethodError'{0x0000000085673e88}: 'java.lang.Object java.lang.invoke.DirectMethodHandle$Holder.invokeSpecial(java.lang.Object, java.lang.Object, java.lang.Object, java.lang.Object, java.lang.Object, java.lang.Object, java.lang.Object, java.lang.Object, java.lang.Object, java.lang.Object, java.lang.Object, java.lang.Object, java.lang.Object, java.lang.Object)'> (0x0000000085673e88) 
thrown [s\src\hotspot\share\interpreter\linkResolver.cpp, line 771]
Event: 10.851 Thread 0x00000242cf81c6f0 Exception <a 'java/lang/NoSuchMethodError'{0x00000000856864b0}: 'java.lang.Object java.lang.invoke.DirectMethodHandle$Holder.newInvokeSpecial(java.lang.Object, java.lang.Object, java.lang.Object, java.lang.Object, java.lang.Object, java.lang.Object, java.lang.Object, java.lang.Object, java.lang.Object, java.lang.Object, java.lang.Object, java.lang.Object)'> (0x00000000856864b0) 
thrown [s\src\hotspot\share\interpreter\linkResolver.cpp, line 771]
Event: 10.852 Thread 0x00000242cf81c6f0 Exception <a 'java/lang/NoSuchMethodError'{0x000000008568be48}: 'java.lang.Object java.lang.invoke.Invokers$Holder.linkToTargetMethod(java.lang.Object, java.lang.Object, java.lang.Object, java.lang.Object, java.lang.Object, java.lang.Object, java.lang.Object, java.lang.Object, java.lang.Object, java.lang.Object, java.lang.Object, java.lang.Object)'> (0x000000008568be48) 
thrown [s\src\hotspot\share\interpreter\linkResolver.cpp, line 771]
Event: 10.872 Thread 0x00000242cf81c6f0 Exception <a 'java/lang/NoSuchMethodError'{0x0000000085522868}: 'java.lang.Object java.lang.invoke.DirectMethodHandle$Holder.invokeStaticInit(java.lang.Object, java.lang.Object, java.lang.Object, java.lang.Object)'> (0x0000000085522868) 
thrown [s\src\hotspot\share\interpreter\linkResolver.cpp, line 771]

VM Operations (20 events):
Event: 9.664 Executing VM operation: G1TryInitiateConcMark
Event: 9.666 Executing VM operation: G1TryInitiateConcMark done
Event: 9.695 Executing VM operation: G1Concurrent
Event: 9.698 Executing VM operation: G1Concurrent done
Event: 9.713 Executing VM operation: G1Concurrent
Event: 9.713 Executing VM operation: G1Concurrent done
Event: 9.914 Executing VM operation: HandshakeAllThreads
Event: 9.914 Executing VM operation: HandshakeAllThreads done
Event: 9.954 Executing VM operation: HandshakeAllThreads
Event: 9.960 Executing VM operation: HandshakeAllThreads done
Event: 10.365 Executing VM operation: G1CollectForAllocation
Event: 10.371 Executing VM operation: G1CollectForAllocation done
Event: 10.647 Executing VM operation: HandshakeAllThreads
Event: 10.647 Executing VM operation: HandshakeAllThreads done
Event: 11.047 Executing VM operation: G1CollectForAllocation
Event: 11.067 Executing VM operation: G1CollectForAllocation done
Event: 11.085 Executing VM operation: G1Concurrent
Event: 11.100 Executing VM operation: G1Concurrent done
Event: 11.116 Executing VM operation: G1Concurrent
Event: 11.117 Executing VM operation: G1Concurrent done

Events (20 events):
Event: 9.898 loading class java/util/concurrent/locks/ReentrantReadWriteLock$WriteLock done
Event: 9.913 loading class java/util/concurrent/Executors$FinalizableDelegatedExecutorService
Event: 9.914 loading class java/util/concurrent/Executors$DelegatedExecutorService
Event: 9.914 loading class java/util/concurrent/Executors$DelegatedExecutorService done
Event: 9.914 loading class java/util/concurrent/Executors$FinalizableDelegatedExecutorService done
Event: 10.381 Thread 0x00000242d1547ee0 Thread added: 0x00000242d1547ee0
Event: 10.474 Thread 0x00000242d1548880 Thread added: 0x00000242d1548880
Event: 10.518 Thread 0x00000242d154da50 Thread added: 0x00000242d154da50
Event: 10.649 loading class java/lang/Class$EnclosingMethodInfo
Event: 10.649 loading class java/lang/Class$EnclosingMethodInfo done
Event: 10.654 loading class sun/reflect/generics/tree/IntSignature
Event: 10.654 loading class sun/reflect/generics/tree/IntSignature done
Event: 10.654 loading class sun/reflect/generics/tree/ArrayTypeSignature
Event: 10.654 loading class sun/reflect/generics/tree/ArrayTypeSignature done
Event: 10.787 loading class java/lang/SafeVarargs
Event: 10.787 loading class java/lang/SafeVarargs done
Event: 10.800 loading class java/util/regex/Pattern$GroupCurly
Event: 10.801 loading class java/util/regex/Pattern$GroupCurly done
Event: 10.865 Thread 0x00000242d154c710 Thread added: 0x00000242d154c710
Event: 10.914 Thread 0x00000242d1548d50 Thread added: 0x00000242d1548d50


Dynamic libraries:
0x00007ff6b9b10000 - 0x00007ff6b9b1a000 	E:\Android Pro\jbr\bin\java.exe
0x00007ffcf9c20000 - 0x00007ffcf9e10000 	C:\WINDOWS\SYSTEM32\ntdll.dll
0x00007ffcf89c0000 - 0x00007ffcf8a72000 	C:\WINDOWS\System32\KERNEL32.DLL
0x00007ffcf7600000 - 0x00007ffcf78a5000 	C:\WINDOWS\System32\KERNELBASE.dll
0x00007ffcf4180000 - 0x00007ffcf420f000 	C:\WINDOWS\SYSTEM32\apphelp.dll
0x00007ffcf7a30000 - 0x00007ffcf7b2a000 	C:\WINDOWS\System32\ucrtbase.dll
0x00007ffcf02d0000 - 0x00007ffcf02e7000 	E:\Android Pro\jbr\bin\jli.dll
0x00007ffcf8820000 - 0x00007ffcf89b5000 	C:\WINDOWS\System32\USER32.dll
0x00007ffcf78b0000 - 0x00007ffcf78d1000 	C:\WINDOWS\System32\win32u.dll
0x00007ffcf9490000 - 0x00007ffcf94b6000 	C:\WINDOWS\System32\GDI32.dll
0x00007ffcf7b30000 - 0x00007ffcf7cc6000 	C:\WINDOWS\System32\gdi32full.dll
0x00007ffcf6c30000 - 0x00007ffcf6cce000 	C:\WINDOWS\System32\msvcp_win.dll
0x00007ffcf00c0000 - 0x00007ffcf00db000 	E:\Android Pro\jbr\bin\VCRUNTIME140.dll
0x00007ffce4920000 - 0x00007ffce4ba4000 	C:\WINDOWS\WinSxS\amd64_microsoft.windows.common-controls_6595b64144ccf1df_6.0.18362.1082_none_9e8193e1e45b25c1\COMCTL32.dll
0x00007ffcf9b40000 - 0x00007ffcf9bde000 	C:\WINDOWS\System32\msvcrt.dll
0x00007ffcf8430000 - 0x00007ffcf8765000 	C:\WINDOWS\System32\combase.dll
0x00007ffcf9230000 - 0x00007ffcf9350000 	C:\WINDOWS\System32\RPCRT4.dll
0x00007ffcf6bb0000 - 0x00007ffcf6c30000 	C:\WINDOWS\System32\bcryptPrimitives.dll
0x00007ffcf7cd0000 - 0x00007ffcf7cfe000 	C:\WINDOWS\System32\IMM32.DLL
0x00007ffcf0470000 - 0x00007ffcf047c000 	E:\Android Pro\jbr\bin\vcruntime140_1.dll
0x00007ffce5230000 - 0x00007ffce52bd000 	E:\Android Pro\jbr\bin\msvcp140.dll
0x00007ffcb45b0000 - 0x00007ffcb521d000 	E:\Android Pro\jbr\bin\server\jvm.dll
0x00007ffcf8770000 - 0x00007ffcf8813000 	C:\WINDOWS\System32\ADVAPI32.dll
0x00007ffcf7d00000 - 0x00007ffcf7d97000 	C:\WINDOWS\System32\sechost.dll
0x00007ffcf4040000 - 0x00007ffcf4049000 	C:\WINDOWS\SYSTEM32\WSOCK32.dll
0x00007ffcf9420000 - 0x00007ffcf948f000 	C:\WINDOWS\System32\WS2_32.dll
0x00007ffcf3f50000 - 0x00007ffcf3f74000 	C:\WINDOWS\SYSTEM32\WINMM.dll
0x00007ffceb1f0000 - 0x00007ffceb1fa000 	C:\WINDOWS\SYSTEM32\VERSION.dll
0x00007ffcf3f20000 - 0x00007ffcf3f4d000 	C:\WINDOWS\SYSTEM32\WINMMBASE.dll
0x00007ffcf6e00000 - 0x00007ffcf6e4a000 	C:\WINDOWS\System32\cfgmgr32.dll
0x00007ffcf6af0000 - 0x00007ffcf6b01000 	C:\WINDOWS\System32\kernel.appcore.dll
0x00007ffcf2950000 - 0x00007ffcf295a000 	E:\Android Pro\jbr\bin\jimage.dll
0x00007ffcf5750000 - 0x00007ffcf5944000 	C:\WINDOWS\SYSTEM32\DBGHELP.DLL
0x00007ffcdfc20000 - 0x00007ffcdfc4a000 	C:\WINDOWS\SYSTEM32\dbgcore.DLL
0x00007ffcf02f0000 - 0x00007ffcf0315000 	E:\Android Pro\jbr\bin\java.dll
0x00007ffcf0d30000 - 0x00007ffcf0d48000 	E:\Android Pro\jbr\bin\zip.dll
0x00007ffcf8b40000 - 0x00007ffcf9227000 	C:\WINDOWS\System32\SHELL32.dll
0x00007ffcf8a90000 - 0x00007ffcf8b39000 	C:\WINDOWS\System32\shcore.dll
0x00007ffcf6e80000 - 0x00007ffcf7600000 	C:\WINDOWS\System32\windows.storage.dll
0x00007ffcf6b60000 - 0x00007ffcf6b83000 	C:\WINDOWS\System32\profapi.dll
0x00007ffcf6b10000 - 0x00007ffcf6b5a000 	C:\WINDOWS\System32\powrprof.dll
0x00007ffcf6ae0000 - 0x00007ffcf6af0000 	C:\WINDOWS\System32\UMPDC.dll
0x00007ffcf94c0000 - 0x00007ffcf9512000 	C:\WINDOWS\System32\shlwapi.dll
0x00007ffcf6de0000 - 0x00007ffcf6df7000 	C:\WINDOWS\System32\cryptsp.dll
0x00007ffcf08c0000 - 0x00007ffcf08d9000 	E:\Android Pro\jbr\bin\net.dll
0x00007ffce9f40000 - 0x00007ffcea030000 	C:\WINDOWS\SYSTEM32\WINHTTP.dll
0x00007ffcf6330000 - 0x00007ffcf6397000 	C:\WINDOWS\system32\mswsock.dll
0x00007ffcf02b0000 - 0x00007ffcf02c6000 	E:\Android Pro\jbr\bin\nio.dll
0x00007ffcf0b10000 - 0x00007ffcf0b20000 	E:\Android Pro\jbr\bin\verify.dll
0x00007ffce93f0000 - 0x00007ffce9417000 	C:\Users\DELL\.gradle\native\68d5fa5c4cc2d200863cafc0d521ce42e7d3e7ee720ec0a83991735586a16f82\windows-amd64\native-platform.dll
0x00007ffcc2ac0000 - 0x00007ffcc2c04000 	C:\Users\DELL\.gradle\native\e376f236ea51e6404a007f0833ffe2c6e607c4080706a723a18a27aeea778392\windows-amd64\native-platform-file-events.dll
0x00007ffcf2930000 - 0x00007ffcf2939000 	E:\Android Pro\jbr\bin\management.dll
0x00007ffcf1040000 - 0x00007ffcf104b000 	E:\Android Pro\jbr\bin\management_ext.dll
0x00007ffcf81b0000 - 0x00007ffcf81b8000 	C:\WINDOWS\System32\PSAPI.DLL
0x00007ffcf5ea0000 - 0x00007ffcf5ed3000 	C:\WINDOWS\system32\rsaenh.dll
0x00007ffcf6e50000 - 0x00007ffcf6e76000 	C:\WINDOWS\System32\bcrypt.dll
0x00007ffcf6a00000 - 0x00007ffcf6a25000 	C:\WINDOWS\SYSTEM32\USERENV.dll
0x00007ffcf6500000 - 0x00007ffcf650c000 	C:\WINDOWS\SYSTEM32\CRYPTBASE.dll
0x00007ffcf6040000 - 0x00007ffcf607a000 	C:\WINDOWS\SYSTEM32\IPHLPAPI.DLL
0x00007ffcf8a80000 - 0x00007ffcf8a88000 	C:\WINDOWS\System32\NSI.dll
0x00007ffcea8c0000 - 0x00007ffcea8d6000 	C:\WINDOWS\SYSTEM32\dhcpcsvc6.DLL
0x00007ffcea8a0000 - 0x00007ffcea8bc000 	C:\WINDOWS\SYSTEM32\dhcpcsvc.DLL
0x00007ffcf6080000 - 0x00007ffcf614b000 	C:\WINDOWS\SYSTEM32\DNSAPI.dll
0x00007ffcf04a0000 - 0x00007ffcf04a7000 	C:\WINDOWS\system32\wshunix.dll

dbghelp: loaded successfully - version: 4.0.5 - missing functions: none
symbol engine: initialized successfully - sym options: 0x614 - pdb path: .;E:\Android Pro\jbr\bin;C:\WINDOWS\SYSTEM32;C:\WINDOWS\WinSxS\amd64_microsoft.windows.common-controls_6595b64144ccf1df_6.0.18362.1082_none_9e8193e1e45b25c1;E:\Android Pro\jbr\bin\server;C:\Users\DELL\.gradle\native\68d5fa5c4cc2d200863cafc0d521ce42e7d3e7ee720ec0a83991735586a16f82\windows-amd64;C:\Users\DELL\.gradle\native\e376f236ea51e6404a007f0833ffe2c6e607c4080706a723a18a27aeea778392\windows-amd64

VM Arguments:
jvm_args: --add-opens=java.base/java.util=ALL-UNNAMED --add-opens=java.base/java.lang=ALL-UNNAMED --add-opens=java.base/java.lang.invoke=ALL-UNNAMED --add-opens=java.prefs/java.util.prefs=ALL-UNNAMED --add-opens=java.base/java.nio.charset=ALL-UNNAMED --add-opens=java.base/java.net=ALL-UNNAMED --add-opens=java.base/java.util.concurrent.atomic=ALL-UNNAMED -Xmx2048m -Dfile.encoding=UTF-8 -Duser.country=US -Duser.language=en -Duser.variant 
java_command: org.gradle.launcher.daemon.bootstrap.GradleDaemon 8.0
java_class_path (initial): C:\Users\DELL\.gradle\wrapper\dists\gradle-8.0-bin\ca5e32bp14vu59qr306oxotwh\gradle-8.0\lib\gradle-launcher-8.0.jar
Launcher Type: SUN_STANDARD

[Global flags]
     intx CICompilerCount                          = 2                                         {product} {ergonomic}
     uint ConcGCThreads                            = 1                                         {product} {ergonomic}
     uint G1ConcRefinementThreads                  = 2                                         {product} {ergonomic}
   size_t G1HeapRegionSize                         = 1048576                                   {product} {ergonomic}
    uintx GCDrainStackTargetSize                   = 64                                        {product} {ergonomic}
   size_t InitialHeapSize                          = 132120576                                 {product} {ergonomic}
   size_t MarkStackSize                            = 4194304                                   {product} {ergonomic}
   size_t MaxHeapSize                              = 2147483648                                {product} {command line}
   size_t MaxNewSize                               = 1287651328                                {product} {ergonomic}
   size_t MinHeapDeltaBytes                        = 1048576                                   {product} {ergonomic}
   size_t MinHeapSize                              = 8388608                                   {product} {ergonomic}
    uintx NonNMethodCodeHeapSize                   = 5826188                                {pd product} {ergonomic}
    uintx NonProfiledCodeHeapSize                  = 122916026                              {pd product} {ergonomic}
    uintx ProfiledCodeHeapSize                     = 122916026                              {pd product} {ergonomic}
    uintx ReservedCodeCacheSize                    = 251658240                              {pd product} {ergonomic}
     bool SegmentedCodeCache                       = true                                      {product} {ergonomic}
   size_t SoftMaxHeapSize                          = 2147483648                             {manageable} {ergonomic}
     bool UseCompressedClassPointers               = true                           {product lp64_product} {ergonomic}
     bool UseCompressedOops                        = true                           {product lp64_product} {ergonomic}
     bool UseG1GC                                  = true                                      {product} {ergonomic}
     bool UseLargePagesIndividualAllocation        = false                                  {pd product} {ergonomic}

Logging:
Log output configuration:
 #0: stdout all=warning uptime,level,tags
 #1: stderr all=off uptime,level,tags

Environment Variables:
PATH=C:\Program Files\Common Files\Oracle\Java\javapath;C:\oraclexe\app\oracle\product\11.2.0\server\bin;C:\Program Files (x86)\Common Files\Oracle\Java\javapath;C:\WINDOWS\system32;C:\WINDOWS;C:\WINDOWS\System32\Wbem;C:\WINDOWS\System32\WindowsPowerShell\v1.0\;C:\Program Files\Microsoft SQL Server\110\Tools\Binn\;C:\WINDOWS\System32\OpenSSH\;C:\Program Files (x86)\Microsoft SQL Server\110\Tools\Binn\;C:\Program Files\Microsoft SQL Server\110\DTS\Binn\;C:\Program Files (x86)\Microsoft SQL Server\110\Tools\Binn\ManagementStudio\;C:\Program Files (x86)\Microsoft SQL Server\110\DTS\Binn\;C:\Program Files\Java\jdk-16.0.1\bin;C:\Elastic Stack\elasticsearch-7.14.0\bin;C:\Elastic Stack\kibana-7.14.0-windows-x86_64\bin;C:\Program Files\Java\jdk-16.0.1\bin;C:\Program Files\Java\jre1.8.0_261\bin;E:\Vids\Curl\Curl\bin;C:\Program Files (x86)\dotnet\;C:\Users\DELL\AppData\Local\Programs\Python\Python39\Scripts\;C:\Users\DELL\AppData\Local\Programs\Python\Python39\;C:\Users\DELL\AppData\Local\Microsoft\WindowsApps;C:\Program Files (x86)\Nmap;C:\Python27;
USERNAME=DELL
OS=Windows_NT
PROCESSOR_IDENTIFIER=Intel64 Family 6 Model 142 Stepping 9, GenuineIntel
TMP=C:\Users\DELL\AppData\Local\Temp
TEMP=C:\Users\DELL\AppData\Local\Temp



---------------  S Y S T E M  ---------------

OS:
 Windows 10 , 64 bit Build 18362 (10.0.18362.1082)
OS uptime: 1 days 0:22 hours

CPU: total 2 (initial active 2) (2 cores per cpu, 1 threads per core) family 6 model 142 stepping 9 microcode 0x8e, cx8, cmov, fxsr, mmx, 3dnowpref, sse, sse2, sse3, ssse3, sse4.1, sse4.2, popcnt, lzcnt, tsc, tscinvbit, aes, erms, clmul, clflush, clflushopt

Memory: 4k page, system-wide physical 8057M (794M free)
TotalPageFile size 8057M (AvailPageFile size 6M)
current process WorkingSet (physical memory assigned to process): 202M, peak: 203M
current process commit charge ("private bytes"): 241M, peak: 242M

vm_info: OpenJDK 64-Bit Server VM (17.0.6+0-b2043.56-9586694) for windows-amd64 JRE (17.0.6+0-b2043.56-9586694), built on Feb  9 2023 20:06:20 by "androidbuild" with MS VC++ 16.10 / 16.11 (VS2019)

END.
