#
# There is insufficient memory for the Java Runtime Environment to continue.
# Native memory allocation (malloc) failed to allocate 1525584 bytes for Chunk::new
# Possible reasons:
#   The system is out of physical RAM or swap space
#   The process is running with CompressedOops enabled, and the Java Heap may be blocking the growth of the native heap
# Possible solutions:
#   Reduce memory load on the system
#   Increase physical memory or swap space
#   Check if swap backing store is full
#   Decrease Java heap size (-Xmx/-Xms)
#   Decrease number of Java threads
#   Decrease Java thread stack sizes (-Xss)
#   Set larger code cache with -XX:ReservedCodeCacheSize=
#   JVM is running with Unscaled Compressed Oops mode in which the Java heap is
#     placed in the first 4GB address space. The Java Heap base address is the
#     maximum limit for the native heap growth. Please use -XX:HeapBaseMinAddress
#     to set the Java Heap base and to place the Java Heap above 4GB virtual address.
# This output file may be truncated or incomplete.
#
#  Out of Memory Error (arena.cpp:189), pid=10660, tid=2024
#
# JRE version: OpenJDK Runtime Environment (17.0.6) (build 17.0.6+0-b2043.56-9586694)
# Java VM: OpenJDK 64-Bit Server VM (17.0.6+0-b2043.56-9586694, mixed mode, tiered, compressed oops, compressed class ptrs, g1 gc, windows-amd64)
# No core dump will be written. Minidumps are not enabled by default on client versions of Windows
#

---------------  S U M M A R Y ------------

Command Line: --add-opens=java.base/java.util=ALL-UNNAMED --add-opens=java.base/java.lang=ALL-UNNAMED --add-opens=java.base/java.lang.invoke=ALL-UNNAMED --add-opens=java.prefs/java.util.prefs=ALL-UNNAMED --add-opens=java.base/java.nio.charset=ALL-UNNAMED --add-opens=java.base/java.net=ALL-UNNAMED --add-opens=java.base/java.util.concurrent.atomic=ALL-UNNAMED -Xmx2048m -Dfile.encoding=UTF-8 -Duser.country=US -Duser.language=en -Duser.variant org.gradle.launcher.daemon.bootstrap.GradleDaemon 8.0.1

Host: Intel(R) Celeron(R) CPU 3865U @ 1.80GHz, 2 cores, 7G,  Windows 10 , 64 bit Build 18362 (10.0.18362.1082)
Time: Thu May 18 12:43:38 2023 India Standard Time elapsed time: 67.756215 seconds (0d 0h 1m 7s)

---------------  T H R E A D  ---------------

Current thread (0x000001e2f985b660):  JavaThread "C2 CompilerThread0" daemon [_thread_in_native, id=2024, stack(0x000000b04cc00000,0x000000b04cd00000)]


Current CompileTask:
C2:  67756 9848       4       groovy.lang.MetaClassImpl::inheritInterfaceNewMetaMethods (195 bytes)

Stack: [0x000000b04cc00000,0x000000b04cd00000]
Native frames: (J=compiled Java code, j=interpreted, Vv=VM code, C=native code)
V  [jvm.dll+0x683b4a]
V  [jvm.dll+0x842654]
V  [jvm.dll+0x843dfe]
V  [jvm.dll+0x844463]
V  [jvm.dll+0x249b75]
V  [jvm.dll+0xabcac]
V  [jvm.dll+0xac27c]
V  [jvm.dll+0x368857]
V  [jvm.dll+0x332f31]
V  [jvm.dll+0x3323da]
V  [jvm.dll+0x21c201]
V  [jvm.dll+0x21b621]
V  [jvm.dll+0x1a4fdd]
V  [jvm.dll+0x22b098]
V  [jvm.dll+0x229159]
V  [jvm.dll+0x7f809c]
V  [jvm.dll+0x7f25fa]
V  [jvm.dll+0x682985]
C  [ucrtbase.dll+0x20e82]
C  [KERNEL32.DLL+0x17bd4]
C  [ntdll.dll+0x6ce51]


---------------  P R O C E S S  ---------------

Threads class SMR info:
_java_thread_list=0x000001e28fb7fb70, length=62, elements={
0x000001e2eecdbde0, 0x000001e2f9832250, 0x000001e2f9833fe0, 0x000001e2f98537f0,
0x000001e2f98570d0, 0x000001e2f98581a0, 0x000001e2f985aa70, 0x000001e2f985b660,
0x000001e2f9861520, 0x000001e2f98d6560, 0x000001e2f99f9760, 0x000001e2f99fbc40,
0x000001e2faa0a260, 0x000001e2faba54d0, 0x000001e2fb1a2030, 0x000001e2fb103910,
0x000001e2fa9f6a40, 0x000001e2fa81d4f0, 0x000001e2fb158460, 0x000001e2fbf77210,
0x000001e2fbf776e0, 0x000001e2fbf75530, 0x000001e2fbf77bb0, 0x000001e2fbf78550,
0x000001e2fbf78a20, 0x000001e2fbf76870, 0x000001e2fbf75060, 0x000001e2fbf75a00,
0x000001e2fbf75ed0, 0x000001e2fbf763a0, 0x000001e2fbf76d40, 0x000001e2fdaa1230,
0x000001e2fdaa0890, 0x000001e2fda9f550, 0x000001e2fda9f080, 0x000001e2fdaa2570,
0x000001e2fdaa20a0, 0x000001e2fdaa2a40, 0x000001e2fda9fa20, 0x000001e2fda9fef0,
0x000001e2fdaa03c0, 0x000001e2fe7221b0, 0x000001e2fe729060, 0x000001e2fe725b70,
0x000001e2fe724360, 0x000001e2fe724d00, 0x000001e2fe726040, 0x000001e2fe726510,
0x000001e2fe727850, 0x000001e2fe724830, 0x000001e2fe723e90, 0x000001e2fe7269e0,
0x000001e2fe721ce0, 0x000001e2fe7239c0, 0x000001e2fe7251d0, 0x000001e2fe7256a0,
0x000001e2fe726eb0, 0x000001e2fe7281f0, 0x000001e2fe729530, 0x000001e2fe722b50,
0x000001e2fe7286c0, 0x000001e2fe728b90
}
_to_delete_list=0x000001e28fb7def0, length=63, elements={
0x000001e2eecdbde0, 0x000001e2f9832250, 0x000001e2f9833fe0, 0x000001e2f98537f0,
0x000001e2f98570d0, 0x000001e2f98581a0, 0x000001e2f985aa70, 0x000001e2f985b660,
0x000001e2f9861520, 0x000001e2f98d6560, 0x000001e2f99f9760, 0x000001e2f99fbc40,
0x000001e2faa0a260, 0x000001e2faba54d0, 0x000001e2fb1a2030, 0x000001e2fb103910,
0x000001e2fa9f6a40, 0x000001e2fa81d4f0, 0x000001e2fb158460, 0x000001e2fbf77210,
0x000001e2fbf78080, 0x000001e2fbf776e0, 0x000001e2fbf75530, 0x000001e2fbf77bb0,
0x000001e2fbf78550, 0x000001e2fbf78a20, 0x000001e2fbf76870, 0x000001e2fbf75060,
0x000001e2fbf75a00, 0x000001e2fbf75ed0, 0x000001e2fbf763a0, 0x000001e2fbf76d40,
0x000001e2fdaa1230, 0x000001e2fdaa0890, 0x000001e2fda9f550, 0x000001e2fda9f080,
0x000001e2fdaa2570, 0x000001e2fdaa20a0, 0x000001e2fdaa2a40, 0x000001e2fda9fa20,
0x000001e2fda9fef0, 0x000001e2fdaa03c0, 0x000001e2fe7221b0, 0x000001e2fe729060,
0x000001e2fe725b70, 0x000001e2fe724360, 0x000001e2fe724d00, 0x000001e2fe726040,
0x000001e2fe726510, 0x000001e2fe727850, 0x000001e2fe724830, 0x000001e2fe723e90,
0x000001e2fe7269e0, 0x000001e2fe721ce0, 0x000001e2fe7239c0, 0x000001e2fe7251d0,
0x000001e2fe7256a0, 0x000001e2fe726eb0, 0x000001e2fe7281f0, 0x000001e2fe729530,
0x000001e2fe722b50, 0x000001e2fe7286c0, 0x000001e2fe728b90
}

Java Threads: ( => current thread )
  0x000001e2eecdbde0 JavaThread "main" [_thread_blocked, id=9880, stack(0x000000b04bf00000,0x000000b04c000000)]
  0x000001e2f9832250 JavaThread "Reference Handler" daemon [_thread_blocked, id=1176, stack(0x000000b04c600000,0x000000b04c700000)]
  0x000001e2f9833fe0 JavaThread "Finalizer" daemon [_thread_blocked, id=8548, stack(0x000000b04c700000,0x000000b04c800000)]
  0x000001e2f98537f0 JavaThread "Signal Dispatcher" daemon [_thread_blocked, id=4088, stack(0x000000b04c800000,0x000000b04c900000)]
  0x000001e2f98570d0 JavaThread "Attach Listener" daemon [_thread_blocked, id=2240, stack(0x000000b04c900000,0x000000b04ca00000)]
  0x000001e2f98581a0 JavaThread "Service Thread" daemon [_thread_blocked, id=8668, stack(0x000000b04ca00000,0x000000b04cb00000)]
  0x000001e2f985aa70 JavaThread "Monitor Deflation Thread" daemon [_thread_blocked, id=9660, stack(0x000000b04cb00000,0x000000b04cc00000)]
=>0x000001e2f985b660 JavaThread "C2 CompilerThread0" daemon [_thread_in_native, id=2024, stack(0x000000b04cc00000,0x000000b04cd00000)]
  0x000001e2f9861520 JavaThread "C1 CompilerThread0" daemon [_thread_blocked, id=2648, stack(0x000000b04cd00000,0x000000b04ce00000)]
  0x000001e2f98d6560 JavaThread "Sweeper thread" daemon [_thread_blocked, id=10620, stack(0x000000b04ce00000,0x000000b04cf00000)]
  0x000001e2f99f9760 JavaThread "Common-Cleaner" daemon [_thread_blocked, id=3180, stack(0x000000b04cf00000,0x000000b04d000000)]
  0x000001e2f99fbc40 JavaThread "Notification Thread" daemon [_thread_blocked, id=10888, stack(0x000000b04d000000,0x000000b04d100000)]
  0x000001e2faa0a260 JavaThread "Daemon health stats" [_thread_blocked, id=11232, stack(0x000000b04d300000,0x000000b04d400000)]
  0x000001e2faba54d0 JavaThread "Incoming local TCP Connector on port 36328" [_thread_in_native, id=6684, stack(0x000000b04d400000,0x000000b04d500000)]
  0x000001e2fb1a2030 JavaThread "Daemon periodic checks" [_thread_blocked, id=11076, stack(0x000000b04d500000,0x000000b04d600000)]
  0x000001e2fb103910 JavaThread "Daemon" [_thread_blocked, id=2228, stack(0x000000b04d600000,0x000000b04d700000)]
  0x000001e2fa9f6a40 JavaThread "Handler for socket connection from /127.0.0.1:36328 to /127.0.0.1:36329" [_thread_in_native, id=5972, stack(0x000000b04d700000,0x000000b04d800000)]
  0x000001e2fa81d4f0 JavaThread "Cancel handler" [_thread_blocked, id=8824, stack(0x000000b04d800000,0x000000b04d900000)]
  0x000001e2fb158460 JavaThread "Daemon worker" [_thread_in_vm, id=484, stack(0x000000b04d900000,0x000000b04da00000)]
  0x000001e2fbf77210 JavaThread "Asynchronous log dispatcher for DefaultDaemonConnection: socket connection from /127.0.0.1:36328 to /127.0.0.1:36329" [_thread_blocked, id=9324, stack(0x000000b04da00000,0x000000b04db00000)]
  0x000001e2fbf776e0 JavaThread "Daemon client event forwarder" [_thread_blocked, id=2104, stack(0x000000b04dc00000,0x000000b04dd00000)]
  0x000001e2fbf75530 JavaThread "Cache worker for journal cache (C:\Users\DELL\.gradle\caches\journal-1)" [_thread_blocked, id=9500, stack(0x000000b04dd00000,0x000000b04de00000)]
  0x000001e2fbf77bb0 JavaThread "File lock request listener" [_thread_in_native, id=4928, stack(0x000000b04de00000,0x000000b04df00000)]
  0x000001e2fbf78550 JavaThread "Cache worker for file hash cache (C:\Users\DELL\.gradle\caches\8.0.1\fileHashes)" [_thread_blocked, id=9388, stack(0x000000b04df00000,0x000000b04e000000)]
  0x000001e2fbf78a20 JavaThread "File watcher server" daemon [_thread_in_native, id=984, stack(0x000000b04e000000,0x000000b04e100000)]
  0x000001e2fbf76870 JavaThread "File watcher consumer" daemon [_thread_blocked, id=3728, stack(0x000000b04e100000,0x000000b04e200000)]
  0x000001e2fbf75060 JavaThread "jar transforms" [_thread_blocked, id=5492, stack(0x000000b04e200000,0x000000b04e300000)]
  0x000001e2fbf75a00 JavaThread "jar transforms Thread 2" [_thread_blocked, id=7296, stack(0x000000b04e300000,0x000000b04e400000)]
  0x000001e2fbf75ed0 JavaThread "Cache worker for checksums cache (C:\Users\DELL\AndroidStudioProjects\Pranik\.gradle\8.0.1\checksums)" [_thread_blocked, id=9124, stack(0x000000b04e400000,0x000000b04e500000)]
  0x000001e2fbf763a0 JavaThread "Cache worker for cache directory md-rule (C:\Users\DELL\.gradle\caches\8.0.1\md-rule)" [_thread_blocked, id=816, stack(0x000000b04e500000,0x000000b04e600000)]
  0x000001e2fbf76d40 JavaThread "Cache worker for file content cache (C:\Users\DELL\.gradle\caches\8.0.1\fileContent)" [_thread_blocked, id=1004, stack(0x000000b04e600000,0x000000b04e700000)]
  0x000001e2fdaa1230 JavaThread "Cache worker for file hash cache (C:\Users\DELL\AndroidStudioProjects\Pranik\.gradle\8.0.1\fileHashes)" [_thread_blocked, id=11260, stack(0x000000b04e700000,0x000000b04e800000)]
  0x000001e2fdaa0890 JavaThread "Cache worker for cache directory md-supplier (C:\Users\DELL\.gradle\caches\8.0.1\md-supplier)" [_thread_blocked, id=1320, stack(0x000000b04e800000,0x000000b04e900000)]
  0x000001e2fda9f550 JavaThread "Cache worker for execution history cache (C:\Users\DELL\.gradle\caches\8.0.1\executionHistory)" [_thread_blocked, id=7552, stack(0x000000b04e900000,0x000000b04ea00000)]
  0x000001e2fda9f080 JavaThread "Cache worker for dependencies-accessors (C:\Users\DELL\AndroidStudioProjects\Pranik\.gradle\8.0.1\dependencies-accessors)" [_thread_blocked, id=6332, stack(0x000000b04eb00000,0x000000b04ec00000)]
  0x000001e2fdaa2570 JavaThread "Cache worker for Build Output Cleanup Cache (C:\Users\DELL\AndroidStudioProjects\Pranik\.gradle\buildOutputCleanup)" [_thread_blocked, id=3920, stack(0x000000b04ec00000,0x000000b04ed00000)]
  0x000001e2fdaa20a0 JavaThread "Unconstrained build operations" [_thread_blocked, id=3508, stack(0x000000b04ed00000,0x000000b04ee00000)]
  0x000001e2fdaa2a40 JavaThread "Unconstrained build operations Thread 2" [_thread_blocked, id=4076, stack(0x000000b04ee00000,0x000000b04ef00000)]
  0x000001e2fda9fa20 JavaThread "Unconstrained build operations Thread 3" [_thread_blocked, id=8216, stack(0x000000b04ef00000,0x000000b04f000000)]
  0x000001e2fda9fef0 JavaThread "Unconstrained build operations Thread 4" [_thread_blocked, id=7304, stack(0x000000b04f000000,0x000000b04f100000)]
  0x000001e2fdaa03c0 JavaThread "Unconstrained build operations Thread 5" [_thread_blocked, id=6844, stack(0x000000b04f100000,0x000000b04f200000)]
  0x000001e2fe7221b0 JavaThread "Unconstrained build operations Thread 6" [_thread_blocked, id=1128, stack(0x000000b04f200000,0x000000b04f300000)]
  0x000001e2fe729060 JavaThread "Unconstrained build operations Thread 7" [_thread_blocked, id=7484, stack(0x000000b04f300000,0x000000b04f400000)]
  0x000001e2fe725b70 JavaThread "Unconstrained build operations Thread 8" [_thread_blocked, id=7280, stack(0x000000b04f400000,0x000000b04f500000)]
  0x000001e2fe724360 JavaThread "Unconstrained build operations Thread 9" [_thread_blocked, id=2792, stack(0x000000b04f500000,0x000000b04f600000)]
  0x000001e2fe724d00 JavaThread "Unconstrained build operations Thread 10" [_thread_blocked, id=8796, stack(0x000000b04f600000,0x000000b04f700000)]
  0x000001e2fe726040 JavaThread "Unconstrained build operations Thread 11" [_thread_blocked, id=4952, stack(0x000000b04f700000,0x000000b04f800000)]
  0x000001e2fe726510 JavaThread "Unconstrained build operations Thread 12" [_thread_blocked, id=5104, stack(0x000000b04f800000,0x000000b04f900000)]
  0x000001e2fe727850 JavaThread "Unconstrained build operations Thread 13" [_thread_blocked, id=10268, stack(0x000000b04f900000,0x000000b04fa00000)]
  0x000001e2fe724830 JavaThread "Unconstrained build operations Thread 14" [_thread_blocked, id=11096, stack(0x000000b04fa00000,0x000000b04fb00000)]
  0x000001e2fe723e90 JavaThread "Unconstrained build operations Thread 15" [_thread_blocked, id=4636, stack(0x000000b04fb00000,0x000000b04fc00000)]
  0x000001e2fe7269e0 JavaThread "Unconstrained build operations Thread 16" [_thread_blocked, id=7576, stack(0x000000b04fc00000,0x000000b04fd00000)]
  0x000001e2fe721ce0 JavaThread "Unconstrained build operations Thread 17" [_thread_blocked, id=8544, stack(0x000000b04fd00000,0x000000b04fe00000)]
  0x000001e2fe7239c0 JavaThread "Unconstrained build operations Thread 18" [_thread_blocked, id=6244, stack(0x000000b04fe00000,0x000000b04ff00000)]
  0x000001e2fe7251d0 JavaThread "Unconstrained build operations Thread 19" [_thread_blocked, id=3404, stack(0x000000b04ff00000,0x000000b050000000)]
  0x000001e2fe7256a0 JavaThread "Unconstrained build operations Thread 20" [_thread_blocked, id=9228, stack(0x000000b050000000,0x000000b050100000)]
  0x000001e2fe726eb0 JavaThread "Memory manager" [_thread_blocked, id=9252, stack(0x000000b050300000,0x000000b050400000)]
  0x000001e2fe7281f0 JavaThread "pool-3-thread-1" [_thread_blocked, id=10536, stack(0x000000b04bd00000,0x000000b04be00000)]
  0x000001e2fe729530 JavaThread "included builds" [_thread_blocked, id=9156, stack(0x000000b04be00000,0x000000b04bf00000)]
  0x000001e2fe722b50 JavaThread "Execution worker" [_thread_blocked, id=4720, stack(0x000000b050400000,0x000000b050500000)]
  0x000001e2fe7286c0 JavaThread "Cache worker for execution history cache (C:\Users\DELL\AndroidStudioProjects\Pranik\.gradle\8.0.1\executionHistory)" [_thread_blocked, id=564, stack(0x000000b050500000,0x000000b050600000)]
  0x000001e2fe728b90 JavaThread "idea-tooling-model-converter" [_thread_blocked, id=8872, stack(0x000000b050600000,0x000000b050700000)]

Other Threads:
  0x000001e2f8d69360 VMThread "VM Thread" [stack: 0x000000b04c500000,0x000000b04c600000] [id=10860]
  0x000001e2f99f7430 WatcherThread [stack: 0x000000b04d100000,0x000000b04d200000] [id=7564]
  0x000001e2eed38e00 GCTaskThread "GC Thread#0" [stack: 0x000000b04c000000,0x000000b04c100000] [id=11192]
  0x000001e2f9a903f0 GCTaskThread "GC Thread#1" [stack: 0x000000b04d200000,0x000000b04d300000] [id=5948]
  0x000001e2eed49c50 ConcurrentGCThread "G1 Main Marker" [stack: 0x000000b04c100000,0x000000b04c200000] [id=6400]
  0x000001e2eed4a570 ConcurrentGCThread "G1 Conc#0" [stack: 0x000000b04c200000,0x000000b04c300000] [id=3476]
  0x000001e2eed9d600 ConcurrentGCThread "G1 Refine#0" [stack: 0x000000b04c300000,0x000000b04c400000] [id=6996]
  0x000001e2fc57d640 ConcurrentGCThread "G1 Refine#1" [stack: 0x000000b04ea00000,0x000000b04eb00000] [id=7668]
  0x000001e2eed9df30 ConcurrentGCThread "G1 Service" [stack: 0x000000b04c400000,0x000000b04c500000] [id=8564]

Threads with active compile tasks:
C2 CompilerThread0    67796 9848       4       groovy.lang.MetaClassImpl::inheritInterfaceNewMetaMethods (195 bytes)

VM state: not at safepoint (normal execution)

VM Mutex/Monitor currently owned by a thread:  ([mutex/lock_event])
[0x000001e2eecd6290] Metaspace_lock - owner thread: 0x000001e2fb158460

Heap address: 0x0000000080000000, size: 2048 MB, Compressed Oops mode: 32-bit

CDS archive(s) not mapped
Compressed class space mapped at: 0x0000000100000000-0x0000000140000000, reserved size: 1073741824
Narrow klass base: 0x0000000000000000, Narrow klass shift: 3, Narrow klass range: 0x140000000

GC Precious Log:
 CPUs: 2 total, 2 available
 Memory: 8057M
 Large Page Support: Disabled
 NUMA Support: Disabled
 Compressed Oops: Enabled (32-bit)
 Heap Region Size: 1M
 Heap Min Capacity: 8M
 Heap Initial Capacity: 126M
 Heap Max Capacity: 2G
 Pre-touch: Disabled
 Parallel Workers: 2
 Concurrent Workers: 1
 Concurrent Refinement Workers: 2
 Periodic GC: Disabled

Heap:
 garbage-first heap   total 301056K, used 188681K [0x0000000080000000, 0x0000000100000000)
  region size 1024K, 10 young (10240K), 5 survivors (5120K)
 Metaspace       used 95579K, committed 96256K, reserved 1138688K
  class space    used 12827K, committed 13120K, reserved 1048576K

Heap Regions: E=young(eden), S=young(survivor), O=old, HS=humongous(starts), HC=humongous(continues), CS=collection set, F=free, OA=open archive, CA=closed archive, TAMS=top-at-mark-start (previous, next)
|   0|0x0000000080000000, 0x0000000080100000, 0x0000000080100000|100%| O|  |TAMS 0x0000000080100000, 0x0000000080000000| Untracked 
|   1|0x0000000080100000, 0x0000000080200000, 0x0000000080200000|100%| O|  |TAMS 0x0000000080200000, 0x0000000080100000| Untracked 
|   2|0x0000000080200000, 0x0000000080300000, 0x0000000080300000|100%| O|  |TAMS 0x0000000080300000, 0x0000000080200000| Untracked 
|   3|0x0000000080300000, 0x0000000080400000, 0x0000000080400000|100%|HS|  |TAMS 0x0000000080400000, 0x0000000080300000| Complete 
|   4|0x0000000080400000, 0x0000000080500000, 0x0000000080500000|100%|HC|  |TAMS 0x0000000080500000, 0x0000000080400000| Complete 
|   5|0x0000000080500000, 0x0000000080600000, 0x0000000080600000|100%|HC|  |TAMS 0x0000000080600000, 0x0000000080500000| Complete 
|   6|0x0000000080600000, 0x0000000080700000, 0x0000000080700000|100%|HC|  |TAMS 0x0000000080700000, 0x0000000080600000| Complete 
|   7|0x0000000080700000, 0x0000000080800000, 0x0000000080800000|100%| O|  |TAMS 0x0000000080800000, 0x0000000080700000| Untracked 
|   8|0x0000000080800000, 0x0000000080900000, 0x0000000080900000|100%| O|  |TAMS 0x0000000080900000, 0x0000000080800000| Untracked 
|   9|0x0000000080900000, 0x0000000080a00000, 0x0000000080a00000|100%| O|  |TAMS 0x0000000080a00000, 0x0000000080900000| Untracked 
|  10|0x0000000080a00000, 0x0000000080b00000, 0x0000000080b00000|100%| O|  |TAMS 0x0000000080b00000, 0x0000000080a00000| Untracked 
|  11|0x0000000080b00000, 0x0000000080c00000, 0x0000000080c00000|100%| O|  |TAMS 0x0000000080c00000, 0x0000000080b00000| Untracked 
|  12|0x0000000080c00000, 0x0000000080d00000, 0x0000000080d00000|100%| O|  |TAMS 0x0000000080d00000, 0x0000000080c00000| Untracked 
|  13|0x0000000080d00000, 0x0000000080e00000, 0x0000000080e00000|100%| O|  |TAMS 0x0000000080e00000, 0x0000000080d00000| Untracked 
|  14|0x0000000080e00000, 0x0000000080f00000, 0x0000000080f00000|100%| O|  |TAMS 0x0000000080f00000, 0x0000000080e00000| Untracked 
|  15|0x0000000080f00000, 0x0000000081000000, 0x0000000081000000|100%| O|  |TAMS 0x0000000081000000, 0x0000000080f00000| Untracked 
|  16|0x0000000081000000, 0x0000000081100000, 0x0000000081100000|100%| O|  |TAMS 0x0000000081100000, 0x0000000081000000| Untracked 
|  17|0x0000000081100000, 0x0000000081200000, 0x0000000081200000|100%| O|  |TAMS 0x0000000081200000, 0x0000000081100000| Untracked 
|  18|0x0000000081200000, 0x0000000081300000, 0x0000000081300000|100%|HS|  |TAMS 0x0000000081300000, 0x0000000081200000| Complete 
|  19|0x0000000081300000, 0x0000000081400000, 0x0000000081400000|100%|HC|  |TAMS 0x0000000081400000, 0x0000000081300000| Complete 
|  20|0x0000000081400000, 0x0000000081500000, 0x0000000081500000|100%|HS|  |TAMS 0x0000000081500000, 0x0000000081400000| Complete 
|  21|0x0000000081500000, 0x0000000081600000, 0x0000000081600000|100%|HC|  |TAMS 0x0000000081600000, 0x0000000081500000| Complete 
|  22|0x0000000081600000, 0x0000000081700000, 0x0000000081700000|100%|HC|  |TAMS 0x0000000081700000, 0x0000000081600000| Complete 
|  23|0x0000000081700000, 0x0000000081800000, 0x0000000081800000|100%|HS|  |TAMS 0x0000000081800000, 0x0000000081700000| Complete 
|  24|0x0000000081800000, 0x0000000081900000, 0x0000000081900000|100%|HC|  |TAMS 0x0000000081900000, 0x0000000081800000| Complete 
|  25|0x0000000081900000, 0x0000000081a00000, 0x0000000081a00000|100%|HS|  |TAMS 0x0000000081a00000, 0x0000000081900000| Complete 
|  26|0x0000000081a00000, 0x0000000081b00000, 0x0000000081b00000|100%|HS|  |TAMS 0x0000000081b00000, 0x0000000081a00000| Complete 
|  27|0x0000000081b00000, 0x0000000081c00000, 0x0000000081c00000|100%|HC|  |TAMS 0x0000000081c00000, 0x0000000081b00000| Complete 
|  28|0x0000000081c00000, 0x0000000081d00000, 0x0000000081d00000|100%|HC|  |TAMS 0x0000000081d00000, 0x0000000081c00000| Complete 
|  29|0x0000000081d00000, 0x0000000081e00000, 0x0000000081e00000|100%|HS|  |TAMS 0x0000000081e00000, 0x0000000081d00000| Complete 
|  30|0x0000000081e00000, 0x0000000081f00000, 0x0000000081f00000|100%|HC|  |TAMS 0x0000000081f00000, 0x0000000081e00000| Complete 
|  31|0x0000000081f00000, 0x0000000082000000, 0x0000000082000000|100%| O|  |TAMS 0x0000000082000000, 0x0000000081f00000| Untracked 
|  32|0x0000000082000000, 0x0000000082100000, 0x0000000082100000|100%|HS|  |TAMS 0x0000000082100000, 0x0000000082000000| Complete 
|  33|0x0000000082100000, 0x0000000082200000, 0x0000000082200000|100%| O|  |TAMS 0x0000000082200000, 0x0000000082100000| Untracked 
|  34|0x0000000082200000, 0x0000000082300000, 0x0000000082300000|100%|HS|  |TAMS 0x0000000082300000, 0x0000000082200000| Complete 
|  35|0x0000000082300000, 0x0000000082400000, 0x0000000082400000|100%| O|  |TAMS 0x0000000082400000, 0x0000000082300000| Untracked 
|  36|0x0000000082400000, 0x0000000082500000, 0x0000000082500000|100%| O|  |TAMS 0x0000000082500000, 0x0000000082400000| Untracked 
|  37|0x0000000082500000, 0x0000000082600000, 0x0000000082600000|100%| O|  |TAMS 0x0000000082600000, 0x0000000082500000| Untracked 
|  38|0x0000000082600000, 0x0000000082700000, 0x0000000082700000|100%| O|  |TAMS 0x0000000082700000, 0x0000000082600000| Untracked 
|  39|0x0000000082700000, 0x0000000082800000, 0x0000000082800000|100%| O|  |TAMS 0x0000000082800000, 0x0000000082700000| Untracked 
|  40|0x0000000082800000, 0x0000000082900000, 0x0000000082900000|100%| O|  |TAMS 0x0000000082900000, 0x0000000082800000| Untracked 
|  41|0x0000000082900000, 0x0000000082a00000, 0x0000000082a00000|100%|HS|  |TAMS 0x0000000082a00000, 0x0000000082900000| Complete 
|  42|0x0000000082a00000, 0x0000000082b00000, 0x0000000082b00000|100%|HC|  |TAMS 0x0000000082b00000, 0x0000000082a00000| Complete 
|  43|0x0000000082b00000, 0x0000000082c00000, 0x0000000082c00000|100%|HC|  |TAMS 0x0000000082c00000, 0x0000000082b00000| Complete 
|  44|0x0000000082c00000, 0x0000000082d00000, 0x0000000082d00000|100%|HC|  |TAMS 0x0000000082d00000, 0x0000000082c00000| Complete 
|  45|0x0000000082d00000, 0x0000000082e00000, 0x0000000082e00000|100%|HC|  |TAMS 0x0000000082e00000, 0x0000000082d00000| Complete 
|  46|0x0000000082e00000, 0x0000000082f00000, 0x0000000082f00000|100%|HC|  |TAMS 0x0000000082f00000, 0x0000000082e00000| Complete 
|  47|0x0000000082f00000, 0x0000000083000000, 0x0000000083000000|100%|HC|  |TAMS 0x0000000083000000, 0x0000000082f00000| Complete 
|  48|0x0000000083000000, 0x0000000083100000, 0x0000000083100000|100%|HC|  |TAMS 0x0000000083100000, 0x0000000083000000| Complete 
|  49|0x0000000083100000, 0x0000000083200000, 0x0000000083200000|100%|HC|  |TAMS 0x0000000083200000, 0x0000000083100000| Complete 
|  50|0x0000000083200000, 0x0000000083300000, 0x0000000083300000|100%|HC|  |TAMS 0x0000000083300000, 0x0000000083200000| Complete 
|  51|0x0000000083300000, 0x0000000083400000, 0x0000000083400000|100%|HS|  |TAMS 0x0000000083400000, 0x0000000083300000| Complete 
|  52|0x0000000083400000, 0x0000000083500000, 0x0000000083500000|100%|HC|  |TAMS 0x0000000083500000, 0x0000000083400000| Complete 
|  53|0x0000000083500000, 0x0000000083600000, 0x0000000083600000|100%|HC|  |TAMS 0x0000000083600000, 0x0000000083500000| Complete 
|  54|0x0000000083600000, 0x0000000083700000, 0x0000000083700000|100%|HC|  |TAMS 0x0000000083700000, 0x0000000083600000| Complete 
|  55|0x0000000083700000, 0x0000000083800000, 0x0000000083800000|100%|HC|  |TAMS 0x0000000083800000, 0x0000000083700000| Complete 
|  56|0x0000000083800000, 0x0000000083900000, 0x0000000083900000|100%|HC|  |TAMS 0x0000000083900000, 0x0000000083800000| Complete 
|  57|0x0000000083900000, 0x0000000083a00000, 0x0000000083a00000|100%| O|  |TAMS 0x0000000083a00000, 0x0000000083900000| Untracked 
|  58|0x0000000083a00000, 0x0000000083b00000, 0x0000000083b00000|100%| O|  |TAMS 0x0000000083b00000, 0x0000000083a00000| Untracked 
|  59|0x0000000083b00000, 0x0000000083c00000, 0x0000000083c00000|100%| O|  |TAMS 0x0000000083c00000, 0x0000000083b00000| Untracked 
|  60|0x0000000083c00000, 0x0000000083d00000, 0x0000000083d00000|100%| O|  |TAMS 0x0000000083d00000, 0x0000000083c00000| Untracked 
|  61|0x0000000083d00000, 0x0000000083e00000, 0x0000000083e00000|100%| O|  |TAMS 0x0000000083e00000, 0x0000000083d00000| Untracked 
|  62|0x0000000083e00000, 0x0000000083f00000, 0x0000000083f00000|100%| O|  |TAMS 0x0000000083f00000, 0x0000000083e00000| Untracked 
|  63|0x0000000083f00000, 0x0000000084000000, 0x0000000084000000|100%|HS|  |TAMS 0x0000000084000000, 0x0000000083f00000| Complete 
|  64|0x0000000084000000, 0x0000000084100000, 0x0000000084100000|100%|HC|  |TAMS 0x0000000084100000, 0x0000000084000000| Complete 
|  65|0x0000000084100000, 0x0000000084200000, 0x0000000084200000|100%|HC|  |TAMS 0x0000000084200000, 0x0000000084100000| Complete 
|  66|0x0000000084200000, 0x0000000084300000, 0x0000000084300000|100%|HC|  |TAMS 0x0000000084300000, 0x0000000084200000| Complete 
|  67|0x0000000084300000, 0x0000000084400000, 0x0000000084400000|100%|HC|  |TAMS 0x0000000084400000, 0x0000000084300000| Complete 
|  68|0x0000000084400000, 0x0000000084500000, 0x0000000084500000|100%|HC|  |TAMS 0x0000000084500000, 0x0000000084400000| Complete 
|  69|0x0000000084500000, 0x0000000084600000, 0x0000000084600000|100%|HC|  |TAMS 0x0000000084600000, 0x0000000084500000| Complete 
|  70|0x0000000084600000, 0x0000000084700000, 0x0000000084700000|100%|HC|  |TAMS 0x0000000084700000, 0x0000000084600000| Complete 
|  71|0x0000000084700000, 0x0000000084800000, 0x0000000084800000|100%|HC|  |TAMS 0x0000000084800000, 0x0000000084700000| Complete 
|  72|0x0000000084800000, 0x0000000084900000, 0x0000000084900000|100%|HC|  |TAMS 0x0000000084900000, 0x0000000084800000| Complete 
|  73|0x0000000084900000, 0x0000000084a00000, 0x0000000084a00000|100%|HC|  |TAMS 0x0000000084a00000, 0x0000000084900000| Complete 
|  74|0x0000000084a00000, 0x0000000084b00000, 0x0000000084b00000|100%|HS|  |TAMS 0x0000000084b00000, 0x0000000084a00000| Complete 
|  75|0x0000000084b00000, 0x0000000084c00000, 0x0000000084c00000|100%|HC|  |TAMS 0x0000000084c00000, 0x0000000084b00000| Complete 
|  76|0x0000000084c00000, 0x0000000084d00000, 0x0000000084d00000|100%|HS|  |TAMS 0x0000000084d00000, 0x0000000084c00000| Complete 
|  77|0x0000000084d00000, 0x0000000084e00000, 0x0000000084e00000|100%|HC|  |TAMS 0x0000000084e00000, 0x0000000084d00000| Complete 
|  78|0x0000000084e00000, 0x0000000084f00000, 0x0000000084f00000|100%|HC|  |TAMS 0x0000000084f00000, 0x0000000084e00000| Complete 
|  79|0x0000000084f00000, 0x0000000085000000, 0x0000000085000000|100%|HS|  |TAMS 0x0000000085000000, 0x0000000084f00000| Complete 
|  80|0x0000000085000000, 0x0000000085100000, 0x0000000085100000|100%|HC|  |TAMS 0x0000000085100000, 0x0000000085000000| Complete 
|  81|0x0000000085100000, 0x0000000085200000, 0x0000000085200000|100%|HS|  |TAMS 0x0000000085200000, 0x0000000085100000| Complete 
|  82|0x0000000085200000, 0x0000000085300000, 0x0000000085300000|100%|HC|  |TAMS 0x0000000085300000, 0x0000000085200000| Complete 
|  83|0x0000000085300000, 0x0000000085400000, 0x0000000085400000|100%|HC|  |TAMS 0x0000000085400000, 0x0000000085300000| Complete 
|  84|0x0000000085400000, 0x0000000085500000, 0x0000000085500000|100%| O|  |TAMS 0x0000000085500000, 0x0000000085400000| Untracked 
|  85|0x0000000085500000, 0x0000000085600000, 0x0000000085600000|100%| O|  |TAMS 0x0000000085600000, 0x0000000085500000| Untracked 
|  86|0x0000000085600000, 0x0000000085700000, 0x0000000085700000|100%| O|  |TAMS 0x0000000085700000, 0x0000000085600000| Untracked 
|  87|0x0000000085700000, 0x0000000085800000, 0x0000000085800000|100%|HS|  |TAMS 0x0000000085800000, 0x0000000085700000| Complete 
|  88|0x0000000085800000, 0x0000000085900000, 0x0000000085900000|100%|HC|  |TAMS 0x0000000085900000, 0x0000000085800000| Complete 
|  89|0x0000000085900000, 0x0000000085a00000, 0x0000000085a00000|100%|HC|  |TAMS 0x0000000085a00000, 0x0000000085900000| Complete 
|  90|0x0000000085a00000, 0x0000000085b00000, 0x0000000085b00000|100%|HC|  |TAMS 0x0000000085b00000, 0x0000000085a00000| Complete 
|  91|0x0000000085b00000, 0x0000000085c00000, 0x0000000085c00000|100%|HC|  |TAMS 0x0000000085c00000, 0x0000000085b00000| Complete 
|  92|0x0000000085c00000, 0x0000000085d00000, 0x0000000085d00000|100%|HC|  |TAMS 0x0000000085d00000, 0x0000000085c00000| Complete 
|  93|0x0000000085d00000, 0x0000000085e00000, 0x0000000085e00000|100%| O|  |TAMS 0x0000000085e00000, 0x0000000085d00000| Untracked 
|  94|0x0000000085e00000, 0x0000000085f00000, 0x0000000085f00000|100%| O|  |TAMS 0x0000000085f00000, 0x0000000085e00000| Untracked 
|  95|0x0000000085f00000, 0x0000000086000000, 0x0000000086000000|100%| O|  |TAMS 0x0000000086000000, 0x0000000085f00000| Untracked 
|  96|0x0000000086000000, 0x0000000086100000, 0x0000000086100000|100%| O|  |TAMS 0x0000000086100000, 0x0000000086000000| Untracked 
|  97|0x0000000086100000, 0x0000000086200000, 0x0000000086200000|100%| O|  |TAMS 0x0000000086200000, 0x0000000086100000| Untracked 
|  98|0x0000000086200000, 0x0000000086300000, 0x0000000086300000|100%| O|  |TAMS 0x0000000086300000, 0x0000000086200000| Untracked 
|  99|0x0000000086300000, 0x0000000086400000, 0x0000000086400000|100%| O|  |TAMS 0x0000000086400000, 0x0000000086300000| Untracked 
| 100|0x0000000086400000, 0x0000000086500000, 0x0000000086500000|100%| O|  |TAMS 0x0000000086500000, 0x0000000086400000| Untracked 
| 101|0x0000000086500000, 0x0000000086600000, 0x0000000086600000|100%|HS|  |TAMS 0x0000000086600000, 0x0000000086500000| Complete 
| 102|0x0000000086600000, 0x0000000086700000, 0x0000000086700000|100%|HC|  |TAMS 0x0000000086700000, 0x0000000086600000| Complete 
| 103|0x0000000086700000, 0x0000000086800000, 0x0000000086800000|100%|HS|  |TAMS 0x0000000086800000, 0x0000000086700000| Complete 
| 104|0x0000000086800000, 0x0000000086900000, 0x0000000086900000|100%|HS|  |TAMS 0x0000000086900000, 0x0000000086800000| Complete 
| 105|0x0000000086900000, 0x0000000086a00000, 0x0000000086a00000|100%|HC|  |TAMS 0x0000000086a00000, 0x0000000086900000| Complete 
| 106|0x0000000086a00000, 0x0000000086b00000, 0x0000000086b00000|100%|HC|  |TAMS 0x0000000086b00000, 0x0000000086a00000| Complete 
| 107|0x0000000086b00000, 0x0000000086c00000, 0x0000000086c00000|100%|HC|  |TAMS 0x0000000086c00000, 0x0000000086b00000| Complete 
| 108|0x0000000086c00000, 0x0000000086d00000, 0x0000000086d00000|100%| O|  |TAMS 0x0000000086d00000, 0x0000000086c00000| Untracked 
| 109|0x0000000086d00000, 0x0000000086e00000, 0x0000000086e00000|100%| O|  |TAMS 0x0000000086e00000, 0x0000000086d00000| Untracked 
| 110|0x0000000086e00000, 0x0000000086f00000, 0x0000000086f00000|100%| O|  |TAMS 0x0000000086f00000, 0x0000000086e00000| Untracked 
| 111|0x0000000086f00000, 0x0000000087000000, 0x0000000087000000|100%| O|  |TAMS 0x0000000087000000, 0x0000000086f00000| Untracked 
| 112|0x0000000087000000, 0x0000000087100000, 0x0000000087100000|100%| O|  |TAMS 0x0000000087100000, 0x0000000087000000| Untracked 
| 113|0x0000000087100000, 0x0000000087200000, 0x0000000087200000|100%| O|  |TAMS 0x0000000087200000, 0x0000000087100000| Untracked 
| 114|0x0000000087200000, 0x0000000087300000, 0x0000000087300000|100%| O|  |TAMS 0x0000000087300000, 0x0000000087200000| Untracked 
| 115|0x0000000087300000, 0x0000000087400000, 0x0000000087400000|100%| O|  |TAMS 0x0000000087400000, 0x0000000087300000| Untracked 
| 116|0x0000000087400000, 0x0000000087500000, 0x0000000087500000|100%| O|  |TAMS 0x0000000087500000, 0x0000000087400000| Untracked 
| 117|0x0000000087500000, 0x0000000087500000, 0x0000000087600000|  0%| F|  |TAMS 0x0000000087500000, 0x0000000087500000| Untracked 
| 118|0x0000000087600000, 0x0000000087700000, 0x0000000087700000|100%| O|  |TAMS 0x0000000087700000, 0x0000000087600000| Untracked 
| 119|0x0000000087700000, 0x0000000087800000, 0x0000000087800000|100%| O|  |TAMS 0x0000000087800000, 0x0000000087700000| Untracked 
| 120|0x0000000087800000, 0x0000000087900000, 0x0000000087900000|100%| O|  |TAMS 0x0000000087900000, 0x0000000087800000| Untracked 
| 121|0x0000000087900000, 0x0000000087a00000, 0x0000000087a00000|100%| O|  |TAMS 0x0000000087a00000, 0x0000000087900000| Untracked 
| 122|0x0000000087a00000, 0x0000000087b00000, 0x0000000087b00000|100%| O|  |TAMS 0x0000000087b00000, 0x0000000087a00000| Untracked 
| 123|0x0000000087b00000, 0x0000000087c00000, 0x0000000087c00000|100%| O|  |TAMS 0x0000000087c00000, 0x0000000087b00000| Untracked 
| 124|0x0000000087c00000, 0x0000000087d00000, 0x0000000087d00000|100%| O|  |TAMS 0x0000000087d00000, 0x0000000087c00000| Untracked 
| 125|0x0000000087d00000, 0x0000000087e00000, 0x0000000087e00000|100%| O|  |TAMS 0x0000000087e00000, 0x0000000087d00000| Untracked 
| 126|0x0000000087e00000, 0x0000000087f00000, 0x0000000087f00000|100%| O|  |TAMS 0x0000000087f00000, 0x0000000087e00000| Untracked 
| 127|0x0000000087f00000, 0x0000000088000000, 0x0000000088000000|100%| O|  |TAMS 0x0000000088000000, 0x0000000087f00000| Untracked 
| 128|0x0000000088000000, 0x0000000088100000, 0x0000000088100000|100%| O|  |TAMS 0x0000000088100000, 0x0000000088000000| Untracked 
| 129|0x0000000088100000, 0x0000000088200000, 0x0000000088200000|100%| O|  |TAMS 0x0000000088200000, 0x0000000088100000| Untracked 
| 130|0x0000000088200000, 0x0000000088300000, 0x0000000088300000|100%| O|  |TAMS 0x0000000088300000, 0x0000000088200000| Untracked 
| 131|0x0000000088300000, 0x0000000088400000, 0x0000000088400000|100%| O|  |TAMS 0x0000000088400000, 0x0000000088300000| Untracked 
| 132|0x0000000088400000, 0x0000000088500000, 0x0000000088500000|100%| O|  |TAMS 0x0000000088500000, 0x0000000088400000| Untracked 
| 133|0x0000000088500000, 0x0000000088600000, 0x0000000088600000|100%| O|  |TAMS 0x0000000088600000, 0x0000000088500000| Untracked 
| 134|0x0000000088600000, 0x0000000088700000, 0x0000000088700000|100%| O|  |TAMS 0x0000000088700000, 0x0000000088600000| Untracked 
| 135|0x0000000088700000, 0x0000000088800000, 0x0000000088800000|100%| O|  |TAMS 0x0000000088800000, 0x0000000088700000| Untracked 
| 136|0x0000000088800000, 0x0000000088900000, 0x0000000088900000|100%| O|  |TAMS 0x0000000088900000, 0x0000000088800000| Untracked 
| 137|0x0000000088900000, 0x0000000088a00000, 0x0000000088a00000|100%| O|  |TAMS 0x0000000088a00000, 0x0000000088900000| Untracked 
| 138|0x0000000088a00000, 0x0000000088b00000, 0x0000000088b00000|100%| O|  |TAMS 0x0000000088b00000, 0x0000000088a00000| Untracked 
| 139|0x0000000088b00000, 0x0000000088c00000, 0x0000000088c00000|100%| O|  |TAMS 0x0000000088c00000, 0x0000000088b00000| Untracked 
| 140|0x0000000088c00000, 0x0000000088d00000, 0x0000000088d00000|100%| O|  |TAMS 0x0000000088d00000, 0x0000000088c00000| Untracked 
| 141|0x0000000088d00000, 0x0000000088e00000, 0x0000000088e00000|100%| O|  |TAMS 0x0000000088e00000, 0x0000000088d00000| Untracked 
| 142|0x0000000088e00000, 0x0000000088f00000, 0x0000000088f00000|100%|HS|  |TAMS 0x0000000088f00000, 0x0000000088e00000| Complete 
| 143|0x0000000088f00000, 0x0000000089000000, 0x0000000089000000|100%|HC|  |TAMS 0x0000000089000000, 0x0000000088f00000| Complete 
| 144|0x0000000089000000, 0x0000000089100000, 0x0000000089100000|100%|HS|  |TAMS 0x0000000089100000, 0x0000000089000000| Complete 
| 145|0x0000000089100000, 0x0000000089200000, 0x0000000089200000|100%|HC|  |TAMS 0x0000000089200000, 0x0000000089100000| Complete 
| 146|0x0000000089200000, 0x0000000089300000, 0x0000000089300000|100%|HC|  |TAMS 0x0000000089300000, 0x0000000089200000| Complete 
| 147|0x0000000089300000, 0x0000000089400000, 0x0000000089400000|100%| O|  |TAMS 0x0000000089400000, 0x0000000089300000| Untracked 
| 148|0x0000000089400000, 0x0000000089500000, 0x0000000089500000|100%|HS|  |TAMS 0x0000000089500000, 0x0000000089400000| Complete 
| 149|0x0000000089500000, 0x0000000089600000, 0x0000000089600000|100%|HC|  |TAMS 0x0000000089600000, 0x0000000089500000| Complete 
| 150|0x0000000089600000, 0x0000000089700000, 0x0000000089700000|100%|HC|  |TAMS 0x0000000089700000, 0x0000000089600000| Complete 
| 151|0x0000000089700000, 0x0000000089800000, 0x0000000089800000|100%| O|  |TAMS 0x0000000089700000, 0x0000000089700000| Untracked 
| 152|0x0000000089800000, 0x0000000089900000, 0x0000000089900000|100%|HS|  |TAMS 0x0000000089800000, 0x0000000089800000| Complete 
| 153|0x0000000089900000, 0x0000000089a00000, 0x0000000089a00000|100%|HC|  |TAMS 0x0000000089900000, 0x0000000089900000| Complete 
| 154|0x0000000089a00000, 0x0000000089b00000, 0x0000000089b00000|100%|HS|  |TAMS 0x0000000089a00000, 0x0000000089a00000| Complete 
| 155|0x0000000089b00000, 0x0000000089c00000, 0x0000000089c00000|100%|HC|  |TAMS 0x0000000089b00000, 0x0000000089b00000| Complete 
| 156|0x0000000089c00000, 0x0000000089d00000, 0x0000000089d00000|100%|HC|  |TAMS 0x0000000089c00000, 0x0000000089c00000| Complete 
| 157|0x0000000089d00000, 0x0000000089e00000, 0x0000000089e00000|100%|HC|  |TAMS 0x0000000089d00000, 0x0000000089d00000| Complete 
| 158|0x0000000089e00000, 0x0000000089f00000, 0x0000000089f00000|100%|HC|  |TAMS 0x0000000089e00000, 0x0000000089e00000| Complete 
| 159|0x0000000089f00000, 0x000000008a000000, 0x000000008a000000|100%|HC|  |TAMS 0x0000000089f00000, 0x0000000089f00000| Complete 
| 160|0x000000008a000000, 0x000000008a100000, 0x000000008a100000|100%|HC|  |TAMS 0x000000008a000000, 0x000000008a000000| Complete 
| 161|0x000000008a100000, 0x000000008a200000, 0x000000008a200000|100%|HC|  |TAMS 0x000000008a100000, 0x000000008a100000| Complete 
| 162|0x000000008a200000, 0x000000008a300000, 0x000000008a300000|100%|HC|  |TAMS 0x000000008a200000, 0x000000008a200000| Complete 
| 163|0x000000008a300000, 0x000000008a400000, 0x000000008a400000|100%|HC|  |TAMS 0x000000008a300000, 0x000000008a300000| Complete 
| 164|0x000000008a400000, 0x000000008a500000, 0x000000008a500000|100%|HS|  |TAMS 0x000000008a400000, 0x000000008a400000| Complete 
| 165|0x000000008a500000, 0x000000008a600000, 0x000000008a600000|100%|HC|  |TAMS 0x000000008a500000, 0x000000008a500000| Complete 
| 166|0x000000008a600000, 0x000000008a700000, 0x000000008a700000|100%|HS|  |TAMS 0x000000008a600000, 0x000000008a600000| Complete 
| 167|0x000000008a700000, 0x000000008a800000, 0x000000008a800000|100%| O|  |TAMS 0x000000008a700000, 0x000000008a700000| Untracked 
| 168|0x000000008a800000, 0x000000008a900000, 0x000000008a900000|100%| O|  |TAMS 0x000000008a800000, 0x000000008a800000| Untracked 
| 169|0x000000008a900000, 0x000000008a9b3c00, 0x000000008aa00000| 70%| O|  |TAMS 0x000000008a900000, 0x000000008a900000| Untracked 
| 170|0x000000008aa00000, 0x000000008aa00000, 0x000000008ab00000|  0%| F|  |TAMS 0x000000008aa00000, 0x000000008aa00000| Untracked 
| 171|0x000000008ab00000, 0x000000008ab00000, 0x000000008ac00000|  0%| F|  |TAMS 0x000000008ab00000, 0x000000008ab00000| Untracked 
| 172|0x000000008ac00000, 0x000000008ad00000, 0x000000008ad00000|100%|HS|  |TAMS 0x000000008ac00000, 0x000000008ac00000| Complete 
| 173|0x000000008ad00000, 0x000000008ae00000, 0x000000008ae00000|100%|HC|  |TAMS 0x000000008ad00000, 0x000000008ad00000| Complete 
| 174|0x000000008ae00000, 0x000000008af00000, 0x000000008af00000|100%|HC|  |TAMS 0x000000008ae00000, 0x000000008ae00000| Complete 
| 175|0x000000008af00000, 0x000000008b000000, 0x000000008b000000|100%|HC|  |TAMS 0x000000008af00000, 0x000000008af00000| Complete 
| 176|0x000000008b000000, 0x000000008b100000, 0x000000008b100000|100%|HC|  |TAMS 0x000000008b000000, 0x000000008b000000| Complete 
| 177|0x000000008b100000, 0x000000008b200000, 0x000000008b200000|100%|HC|  |TAMS 0x000000008b100000, 0x000000008b100000| Complete 
| 178|0x000000008b200000, 0x000000008b300000, 0x000000008b300000|100%| O|  |TAMS 0x000000008b200000, 0x000000008b200000| Untracked 
| 179|0x000000008b300000, 0x000000008b300000, 0x000000008b400000|  0%| F|  |TAMS 0x000000008b300000, 0x000000008b300000| Untracked 
| 180|0x000000008b400000, 0x000000008b400000, 0x000000008b500000|  0%| F|  |TAMS 0x000000008b400000, 0x000000008b400000| Untracked 
| 181|0x000000008b500000, 0x000000008b500000, 0x000000008b600000|  0%| F|  |TAMS 0x000000008b500000, 0x000000008b500000| Untracked 
| 182|0x000000008b600000, 0x000000008b600000, 0x000000008b700000|  0%| F|  |TAMS 0x000000008b600000, 0x000000008b600000| Untracked 
| 183|0x000000008b700000, 0x000000008b700000, 0x000000008b800000|  0%| F|  |TAMS 0x000000008b700000, 0x000000008b700000| Untracked 
| 184|0x000000008b800000, 0x000000008b800000, 0x000000008b900000|  0%| F|  |TAMS 0x000000008b800000, 0x000000008b800000| Untracked 
| 185|0x000000008b900000, 0x000000008b900000, 0x000000008ba00000|  0%| F|  |TAMS 0x000000008b900000, 0x000000008b900000| Untracked 
| 186|0x000000008ba00000, 0x000000008ba00000, 0x000000008bb00000|  0%| F|  |TAMS 0x000000008ba00000, 0x000000008ba00000| Untracked 
| 187|0x000000008bb00000, 0x000000008bb00000, 0x000000008bc00000|  0%| F|  |TAMS 0x000000008bb00000, 0x000000008bb00000| Untracked 
| 188|0x000000008bc00000, 0x000000008bc00000, 0x000000008bd00000|  0%| F|  |TAMS 0x000000008bc00000, 0x000000008bc00000| Untracked 
| 189|0x000000008bd00000, 0x000000008bd00000, 0x000000008be00000|  0%| F|  |TAMS 0x000000008bd00000, 0x000000008bd00000| Untracked 
| 190|0x000000008be00000, 0x000000008be00000, 0x000000008bf00000|  0%| F|  |TAMS 0x000000008be00000, 0x000000008be00000| Untracked 
| 191|0x000000008bf00000, 0x000000008bf00000, 0x000000008c000000|  0%| F|  |TAMS 0x000000008bf00000, 0x000000008bf00000| Untracked 
| 192|0x000000008c000000, 0x000000008c000000, 0x000000008c100000|  0%| F|  |TAMS 0x000000008c000000, 0x000000008c000000| Untracked 
| 193|0x000000008c100000, 0x000000008c100000, 0x000000008c200000|  0%| F|  |TAMS 0x000000008c100000, 0x000000008c100000| Untracked 
| 194|0x000000008c200000, 0x000000008c200000, 0x000000008c300000|  0%| F|  |TAMS 0x000000008c200000, 0x000000008c200000| Untracked 
| 195|0x000000008c300000, 0x000000008c300000, 0x000000008c400000|  0%| F|  |TAMS 0x000000008c300000, 0x000000008c300000| Untracked 
| 196|0x000000008c400000, 0x000000008c400000, 0x000000008c500000|  0%| F|  |TAMS 0x000000008c400000, 0x000000008c400000| Untracked 
| 197|0x000000008c500000, 0x000000008c500000, 0x000000008c600000|  0%| F|  |TAMS 0x000000008c500000, 0x000000008c500000| Untracked 
| 198|0x000000008c600000, 0x000000008c600000, 0x000000008c700000|  0%| F|  |TAMS 0x000000008c600000, 0x000000008c600000| Untracked 
| 199|0x000000008c700000, 0x000000008c700000, 0x000000008c800000|  0%| F|  |TAMS 0x000000008c700000, 0x000000008c700000| Untracked 
| 200|0x000000008c800000, 0x000000008c800000, 0x000000008c900000|  0%| F|  |TAMS 0x000000008c800000, 0x000000008c800000| Untracked 
| 201|0x000000008c900000, 0x000000008c900000, 0x000000008ca00000|  0%| F|  |TAMS 0x000000008c900000, 0x000000008c900000| Untracked 
| 202|0x000000008ca00000, 0x000000008ca00000, 0x000000008cb00000|  0%| F|  |TAMS 0x000000008ca00000, 0x000000008ca00000| Untracked 
| 203|0x000000008cb00000, 0x000000008cb00000, 0x000000008cc00000|  0%| F|  |TAMS 0x000000008cb00000, 0x000000008cb00000| Untracked 
| 204|0x000000008cc00000, 0x000000008cc00000, 0x000000008cd00000|  0%| F|  |TAMS 0x000000008cc00000, 0x000000008cc00000| Untracked 
| 205|0x000000008cd00000, 0x000000008cd00000, 0x000000008ce00000|  0%| F|  |TAMS 0x000000008cd00000, 0x000000008cd00000| Untracked 
| 206|0x000000008ce00000, 0x000000008ce00000, 0x000000008cf00000|  0%| F|  |TAMS 0x000000008ce00000, 0x000000008ce00000| Untracked 
| 207|0x000000008cf00000, 0x000000008cf00000, 0x000000008d000000|  0%| F|  |TAMS 0x000000008cf00000, 0x000000008cf00000| Untracked 
| 208|0x000000008d000000, 0x000000008d000000, 0x000000008d100000|  0%| F|  |TAMS 0x000000008d000000, 0x000000008d000000| Untracked 
| 209|0x000000008d100000, 0x000000008d100000, 0x000000008d200000|  0%| F|  |TAMS 0x000000008d100000, 0x000000008d100000| Untracked 
| 210|0x000000008d200000, 0x000000008d200000, 0x000000008d300000|  0%| F|  |TAMS 0x000000008d200000, 0x000000008d200000| Untracked 
| 211|0x000000008d300000, 0x000000008d300000, 0x000000008d400000|  0%| F|  |TAMS 0x000000008d300000, 0x000000008d300000| Untracked 
| 212|0x000000008d400000, 0x000000008d400000, 0x000000008d500000|  0%| F|  |TAMS 0x000000008d400000, 0x000000008d400000| Untracked 
| 213|0x000000008d500000, 0x000000008d500000, 0x000000008d600000|  0%| F|  |TAMS 0x000000008d500000, 0x000000008d500000| Untracked 
| 214|0x000000008d600000, 0x000000008d600000, 0x000000008d700000|  0%| F|  |TAMS 0x000000008d600000, 0x000000008d600000| Untracked 
| 215|0x000000008d700000, 0x000000008d700000, 0x000000008d800000|  0%| F|  |TAMS 0x000000008d700000, 0x000000008d700000| Untracked 
| 216|0x000000008d800000, 0x000000008d800000, 0x000000008d900000|  0%| F|  |TAMS 0x000000008d800000, 0x000000008d800000| Untracked 
| 217|0x000000008d900000, 0x000000008d900000, 0x000000008da00000|  0%| F|  |TAMS 0x000000008d900000, 0x000000008d900000| Untracked 
| 218|0x000000008da00000, 0x000000008da00000, 0x000000008db00000|  0%| F|  |TAMS 0x000000008da00000, 0x000000008da00000| Untracked 
| 219|0x000000008db00000, 0x000000008db00000, 0x000000008dc00000|  0%| F|  |TAMS 0x000000008db00000, 0x000000008db00000| Untracked 
| 220|0x000000008dc00000, 0x000000008dc00000, 0x000000008dd00000|  0%| F|  |TAMS 0x000000008dc00000, 0x000000008dc00000| Untracked 
| 221|0x000000008dd00000, 0x000000008dd00000, 0x000000008de00000|  0%| F|  |TAMS 0x000000008dd00000, 0x000000008dd00000| Untracked 
| 222|0x000000008de00000, 0x000000008de00000, 0x000000008df00000|  0%| F|  |TAMS 0x000000008de00000, 0x000000008de00000| Untracked 
| 223|0x000000008df00000, 0x000000008df00000, 0x000000008e000000|  0%| F|  |TAMS 0x000000008df00000, 0x000000008df00000| Untracked 
| 224|0x000000008e000000, 0x000000008e000000, 0x000000008e100000|  0%| F|  |TAMS 0x000000008e000000, 0x000000008e000000| Untracked 
| 225|0x000000008e100000, 0x000000008e100000, 0x000000008e200000|  0%| F|  |TAMS 0x000000008e100000, 0x000000008e100000| Untracked 
| 226|0x000000008e200000, 0x000000008e200000, 0x000000008e300000|  0%| F|  |TAMS 0x000000008e200000, 0x000000008e200000| Untracked 
| 227|0x000000008e300000, 0x000000008e300000, 0x000000008e400000|  0%| F|  |TAMS 0x000000008e300000, 0x000000008e300000| Untracked 
| 228|0x000000008e400000, 0x000000008e400000, 0x000000008e500000|  0%| F|  |TAMS 0x000000008e400000, 0x000000008e400000| Untracked 
| 229|0x000000008e500000, 0x000000008e500000, 0x000000008e600000|  0%| F|  |TAMS 0x000000008e500000, 0x000000008e500000| Untracked 
| 230|0x000000008e600000, 0x000000008e600000, 0x000000008e700000|  0%| F|  |TAMS 0x000000008e600000, 0x000000008e600000| Untracked 
| 231|0x000000008e700000, 0x000000008e700000, 0x000000008e800000|  0%| F|  |TAMS 0x000000008e700000, 0x000000008e700000| Untracked 
| 232|0x000000008e800000, 0x000000008e800000, 0x000000008e900000|  0%| F|  |TAMS 0x000000008e800000, 0x000000008e800000| Untracked 
| 233|0x000000008e900000, 0x000000008e900000, 0x000000008ea00000|  0%| F|  |TAMS 0x000000008e900000, 0x000000008e900000| Untracked 
| 234|0x000000008ea00000, 0x000000008ea00000, 0x000000008eb00000|  0%| F|  |TAMS 0x000000008ea00000, 0x000000008ea00000| Untracked 
| 235|0x000000008eb00000, 0x000000008eb00000, 0x000000008ec00000|  0%| F|  |TAMS 0x000000008eb00000, 0x000000008eb00000| Untracked 
| 236|0x000000008ec00000, 0x000000008ec00000, 0x000000008ed00000|  0%| F|  |TAMS 0x000000008ec00000, 0x000000008ec00000| Untracked 
| 237|0x000000008ed00000, 0x000000008ed00000, 0x000000008ee00000|  0%| F|  |TAMS 0x000000008ed00000, 0x000000008ed00000| Untracked 
| 238|0x000000008ee00000, 0x000000008ee00000, 0x000000008ef00000|  0%| F|  |TAMS 0x000000008ee00000, 0x000000008ee00000| Untracked 
| 239|0x000000008ef00000, 0x000000008ef00000, 0x000000008f000000|  0%| F|  |TAMS 0x000000008ef00000, 0x000000008ef00000| Untracked 
| 240|0x000000008f000000, 0x000000008f000000, 0x000000008f100000|  0%| F|  |TAMS 0x000000008f000000, 0x000000008f000000| Untracked 
| 241|0x000000008f100000, 0x000000008f100000, 0x000000008f200000|  0%| F|  |TAMS 0x000000008f100000, 0x000000008f100000| Untracked 
| 242|0x000000008f200000, 0x000000008f200000, 0x000000008f300000|  0%| F|  |TAMS 0x000000008f200000, 0x000000008f200000| Untracked 
| 243|0x000000008f300000, 0x000000008f300000, 0x000000008f400000|  0%| F|  |TAMS 0x000000008f300000, 0x000000008f300000| Untracked 
| 244|0x000000008f400000, 0x000000008f400000, 0x000000008f500000|  0%| F|  |TAMS 0x000000008f400000, 0x000000008f400000| Untracked 
| 245|0x000000008f500000, 0x000000008f500000, 0x000000008f600000|  0%| F|  |TAMS 0x000000008f500000, 0x000000008f500000| Untracked 
| 246|0x000000008f600000, 0x000000008f600000, 0x000000008f700000|  0%| F|  |TAMS 0x000000008f600000, 0x000000008f600000| Untracked 
| 247|0x000000008f700000, 0x000000008f700000, 0x000000008f800000|  0%| F|  |TAMS 0x000000008f700000, 0x000000008f700000| Untracked 
| 248|0x000000008f800000, 0x000000008f800000, 0x000000008f900000|  0%| F|  |TAMS 0x000000008f800000, 0x000000008f800000| Untracked 
| 249|0x000000008f900000, 0x000000008f900000, 0x000000008fa00000|  0%| F|  |TAMS 0x000000008f900000, 0x000000008f900000| Untracked 
| 250|0x000000008fa00000, 0x000000008fa00000, 0x000000008fb00000|  0%| F|  |TAMS 0x000000008fa00000, 0x000000008fa00000| Untracked 
| 251|0x000000008fb00000, 0x000000008fb8e878, 0x000000008fc00000| 55%| S|CS|TAMS 0x000000008fb00000, 0x000000008fb00000| Complete 
| 252|0x000000008fc00000, 0x000000008fd00000, 0x000000008fd00000|100%| S|CS|TAMS 0x000000008fc00000, 0x000000008fc00000| Complete 
| 253|0x000000008fd00000, 0x000000008fe00000, 0x000000008fe00000|100%| S|CS|TAMS 0x000000008fd00000, 0x000000008fd00000| Complete 
| 254|0x000000008fe00000, 0x000000008ff00000, 0x000000008ff00000|100%| S|CS|TAMS 0x000000008fe00000, 0x000000008fe00000| Complete 
| 255|0x000000008ff00000, 0x0000000090000000, 0x0000000090000000|100%| S|CS|TAMS 0x000000008ff00000, 0x000000008ff00000| Complete 
| 256|0x0000000090000000, 0x0000000090000000, 0x0000000090100000|  0%| F|  |TAMS 0x0000000090000000, 0x0000000090000000| Untracked 
| 257|0x0000000090100000, 0x0000000090100000, 0x0000000090200000|  0%| F|  |TAMS 0x0000000090100000, 0x0000000090100000| Untracked 
| 258|0x0000000090200000, 0x0000000090200000, 0x0000000090300000|  0%| F|  |TAMS 0x0000000090200000, 0x0000000090200000| Untracked 
| 259|0x0000000090300000, 0x0000000090300000, 0x0000000090400000|  0%| F|  |TAMS 0x0000000090300000, 0x0000000090300000| Untracked 
| 260|0x0000000090400000, 0x0000000090400000, 0x0000000090500000|  0%| F|  |TAMS 0x0000000090400000, 0x0000000090400000| Untracked 
| 261|0x0000000090500000, 0x0000000090500000, 0x0000000090600000|  0%| F|  |TAMS 0x0000000090500000, 0x0000000090500000| Untracked 
| 262|0x0000000090600000, 0x0000000090600000, 0x0000000090700000|  0%| F|  |TAMS 0x0000000090600000, 0x0000000090600000| Untracked 
| 263|0x0000000090700000, 0x0000000090700000, 0x0000000090800000|  0%| F|  |TAMS 0x0000000090700000, 0x0000000090700000| Untracked 
| 264|0x0000000090800000, 0x0000000090800000, 0x0000000090900000|  0%| F|  |TAMS 0x0000000090800000, 0x0000000090800000| Untracked 
| 265|0x0000000090900000, 0x0000000090900000, 0x0000000090a00000|  0%| F|  |TAMS 0x0000000090900000, 0x0000000090900000| Untracked 
| 266|0x0000000090a00000, 0x0000000090a00000, 0x0000000090b00000|  0%| F|  |TAMS 0x0000000090a00000, 0x0000000090a00000| Untracked 
| 267|0x0000000090b00000, 0x0000000090b00000, 0x0000000090c00000|  0%| F|  |TAMS 0x0000000090b00000, 0x0000000090b00000| Untracked 
| 268|0x0000000090c00000, 0x0000000090c00000, 0x0000000090d00000|  0%| F|  |TAMS 0x0000000090c00000, 0x0000000090c00000| Untracked 
| 269|0x0000000090d00000, 0x0000000090d00000, 0x0000000090e00000|  0%| F|  |TAMS 0x0000000090d00000, 0x0000000090d00000| Untracked 
| 270|0x0000000090e00000, 0x0000000090e00000, 0x0000000090f00000|  0%| F|  |TAMS 0x0000000090e00000, 0x0000000090e00000| Untracked 
| 271|0x0000000090f00000, 0x0000000090f00000, 0x0000000091000000|  0%| F|  |TAMS 0x0000000090f00000, 0x0000000090f00000| Untracked 
| 272|0x0000000091000000, 0x0000000091000000, 0x0000000091100000|  0%| F|  |TAMS 0x0000000091000000, 0x0000000091000000| Untracked 
| 273|0x0000000091100000, 0x0000000091100000, 0x0000000091200000|  0%| F|  |TAMS 0x0000000091100000, 0x0000000091100000| Untracked 
| 274|0x0000000091200000, 0x0000000091200000, 0x0000000091300000|  0%| F|  |TAMS 0x0000000091200000, 0x0000000091200000| Untracked 
| 275|0x0000000091300000, 0x0000000091300000, 0x0000000091400000|  0%| F|  |TAMS 0x0000000091300000, 0x0000000091300000| Untracked 
| 276|0x0000000091400000, 0x0000000091400000, 0x0000000091500000|  0%| F|  |TAMS 0x0000000091400000, 0x0000000091400000| Untracked 
| 277|0x0000000091500000, 0x0000000091500000, 0x0000000091600000|  0%| F|  |TAMS 0x0000000091500000, 0x0000000091500000| Untracked 
| 278|0x0000000091600000, 0x0000000091600000, 0x0000000091700000|  0%| F|  |TAMS 0x0000000091600000, 0x0000000091600000| Untracked 
| 279|0x0000000091700000, 0x0000000091700000, 0x0000000091800000|  0%| F|  |TAMS 0x0000000091700000, 0x0000000091700000| Untracked 
| 280|0x0000000091800000, 0x0000000091800000, 0x0000000091900000|  0%| F|  |TAMS 0x0000000091800000, 0x0000000091800000| Untracked 
| 281|0x0000000091900000, 0x0000000091900000, 0x0000000091a00000|  0%| F|  |TAMS 0x0000000091900000, 0x0000000091900000| Untracked 
| 282|0x0000000091a00000, 0x0000000091a00000, 0x0000000091b00000|  0%| F|  |TAMS 0x0000000091a00000, 0x0000000091a00000| Untracked 
| 283|0x0000000091b00000, 0x0000000091b00000, 0x0000000091c00000|  0%| F|  |TAMS 0x0000000091b00000, 0x0000000091b00000| Untracked 
| 284|0x0000000091c00000, 0x0000000091c00000, 0x0000000091d00000|  0%| F|  |TAMS 0x0000000091c00000, 0x0000000091c00000| Untracked 
| 285|0x0000000091d00000, 0x0000000091d00000, 0x0000000091e00000|  0%| F|  |TAMS 0x0000000091d00000, 0x0000000091d00000| Untracked 
| 286|0x0000000091e00000, 0x0000000091e00000, 0x0000000091f00000|  0%| F|  |TAMS 0x0000000091e00000, 0x0000000091e00000| Untracked 
| 287|0x0000000091f00000, 0x0000000091f00000, 0x0000000092000000|  0%| F|  |TAMS 0x0000000091f00000, 0x0000000091f00000| Untracked 
| 288|0x0000000092000000, 0x0000000092000000, 0x0000000092100000|  0%| F|  |TAMS 0x0000000092000000, 0x0000000092000000| Untracked 
| 289|0x0000000092100000, 0x0000000092200000, 0x0000000092200000|100%| E|  |TAMS 0x0000000092100000, 0x0000000092100000| Complete 
| 290|0x0000000092200000, 0x0000000092300000, 0x0000000092300000|100%| E|CS|TAMS 0x0000000092200000, 0x0000000092200000| Complete 
| 291|0x0000000092300000, 0x0000000092400000, 0x0000000092400000|100%| E|CS|TAMS 0x0000000092300000, 0x0000000092300000| Complete 
| 292|0x0000000092400000, 0x0000000092500000, 0x0000000092500000|100%| E|CS|TAMS 0x0000000092400000, 0x0000000092400000| Complete 
| 293|0x0000000092500000, 0x0000000092600000, 0x0000000092600000|100%| E|CS|TAMS 0x0000000092500000, 0x0000000092500000| Complete 

Card table byte_map: [0x000001e2f21a0000,0x000001e2f25a0000] _byte_map_base: 0x000001e2f1da0000

Marking Bits (Prev, Next): (CMBitMap*) 0x000001e2eed39320, (CMBitMap*) 0x000001e2eed39360
 Prev Bits: [0x000001e2f29a0000, 0x000001e2f49a0000)
 Next Bits: [0x000001e2f49a0000, 0x000001e2f69a0000)

Polling page: 0x000001e2ecb30000

Metaspace:

Usage:
  Non-class:     80.81 MB used.
      Class:     12.53 MB used.
       Both:     93.34 MB used.

Virtual space:
  Non-class space:       88.00 MB reserved,      81.19 MB ( 92%) committed,  11 nodes.
      Class space:        1.00 GB reserved,      12.81 MB (  1%) committed,  1 nodes.
             Both:        1.09 GB reserved,      94.00 MB (  8%) committed. 

Chunk freelists:
   Non-Class:  1.98 MB
       Class:  3.13 MB
        Both:  5.11 MB

MaxMetaspaceSize: unlimited
CompressedClassSpaceSize: 1.00 GB
Initial GC threshold: 21.00 MB
Current GC threshold: 150.31 MB
CDS: off
MetaspaceReclaimPolicy: balanced
 - commit_granule_bytes: 65536.
 - commit_granule_words: 8192.
 - virtual_space_node_default_size: 1048576.
 - enlarge_chunks_in_place: 1.
 - new_chunks_are_fully_committed: 0.
 - uncommit_free_chunks: 1.
 - use_allocation_guard: 0.
 - handle_deallocations: 1.


Internal statistics:

num_allocs_failed_limit: 3.
num_arena_births: 894.
num_arena_deaths: 0.
num_vsnodes_births: 12.
num_vsnodes_deaths: 0.
num_space_committed: 1504.
num_space_uncommitted: 0.
num_chunks_returned_to_freelist: 3.
num_chunks_taken_from_freelist: 4421.
num_chunk_merges: 3.
num_chunk_splits: 2952.
num_chunks_enlarged: 1986.
num_purges: 0.
num_inconsistent_stats: 0.

CodeHeap 'non-profiled nmethods': size=120064Kb used=5600Kb max_used=5600Kb free=114463Kb
 bounds [0x000001e287ac0000, 0x000001e288040000, 0x000001e28f000000]
CodeHeap 'profiled nmethods': size=120000Kb used=18660Kb max_used=18660Kb free=101339Kb
 bounds [0x000001e280000000, 0x000001e281240000, 0x000001e287530000]
CodeHeap 'non-nmethods': size=5696Kb used=2390Kb max_used=2473Kb free=3305Kb
 bounds [0x000001e287530000, 0x000001e2877b0000, 0x000001e287ac0000]
 total_blobs=9966 nmethods=9034 adapters=844
 compilation: enabled
              stopped_count=0, restarted_count=0
 full_count=0

Compilation events (20 events):
Event: 67.682 Thread 0x000001e2f9861520 9892       3       org.gradle.internal.instantiation.generator.AsmBackedClassGenerator$ClassBuilderImpl$$Lambda$119/0x00000001002adc38::emit (9 bytes)
Event: 67.683 Thread 0x000001e2f9861520 nmethod 9892 0x000001e28122e810 code [0x000001e28122ea00, 0x000001e28122f0a8]
Event: 67.683 Thread 0x000001e2f9861520 9893       3       org.gradle.internal.instantiation.generator.AsmBackedClassGenerator$ClassBuilderImpl$$Lambda$120/0x00000001002ae360::emit (9 bytes)
Event: 67.684 Thread 0x000001e2f9861520 nmethod 9893 0x000001e28122f310 code [0x000001e28122f500, 0x000001e28122fba8]
Event: 67.684 Thread 0x000001e2f9861520 9894       3       org.gradle.internal.instantiation.generator.AsmBackedClassGenerator$ClassBuilderImpl::generateModelObjectMethods (94 bytes)
Event: 67.685 Thread 0x000001e2f9861520 nmethod 9894 0x000001e28122fe10 code [0x000001e2812301e0, 0x000001e281231cb8]
Event: 67.685 Thread 0x000001e2f9861520 9895       3       org.gradle.internal.instantiation.generator.AsmBackedClassGenerator$ClassBuilderImpl$$Lambda$121/0x00000001002aea88::emit (9 bytes)
Event: 67.686 Thread 0x000001e2f9861520 nmethod 9895 0x000001e281232490 code [0x000001e281232640, 0x000001e281232848]
Event: 67.686 Thread 0x000001e2f9861520 9896       3       org.gradle.internal.instantiation.generator.AsmBackedClassGenerator$ClassBuilderImpl$$Lambda$122/0x00000001002af3e0::emit (9 bytes)
Event: 67.686 Thread 0x000001e2f9861520 nmethod 9896 0x000001e281232990 code [0x000001e281232b40, 0x000001e281232d48]
Event: 67.689 Thread 0x000001e2f9861520 9897       3       org.gradle.internal.instantiation.generator.AsmBackedClassGenerator$ClassBuilderImpl$$Lambda$123/0x00000001002afd28::emit (9 bytes)
Event: 67.689 Thread 0x000001e2f9861520 nmethod 9897 0x000001e281232e90 code [0x000001e281233040, 0x000001e281233248]
Event: 67.689 Thread 0x000001e2f9861520 9898       3       org.gradle.internal.instantiation.generator.AsmBackedClassGenerator$ClassBuilderImpl$$Lambda$124/0x00000001002b44e0::emit (9 bytes)
Event: 67.690 Thread 0x000001e2f9861520 nmethod 9898 0x000001e281233390 code [0x000001e281233540, 0x000001e281233748]
Event: 67.691 Thread 0x000001e2f9861520 9899       3       org.gradle.internal.instantiation.generator.AsmBackedClassGenerator$ClassBuilderImpl::addDynamicMethods (91 bytes)
Event: 67.692 Thread 0x000001e2f9861520 nmethod 9899 0x000001e281233890 code [0x000001e281233c20, 0x000001e2812353d8]
Event: 67.693 Thread 0x000001e2f9861520 9900       3       org.gradle.internal.instantiation.generator.AsmBackedClassGenerator$ClassBuilderImpl::generate (34 bytes)
Event: 67.694 Thread 0x000001e2f9861520 nmethod 9900 0x000001e281235b10 code [0x000001e281235e40, 0x000001e281236ed8]
Event: 67.694 Thread 0x000001e2f9861520 9901       3       org.objectweb.asm.MethodWriter::computeMethodInfoSize (571 bytes)
Event: 67.696 Thread 0x000001e2f9861520 nmethod 9901 0x000001e281237710 code [0x000001e281237a40, 0x000001e2812389e8]

GC Heap History (20 events):
Event: 57.550 GC heap before
{Heap before GC invocations=42 (full 0):
 garbage-first heap   total 176128K, used 152911K [0x0000000080000000, 0x0000000100000000)
  region size 1024K, 16 young (16384K), 2 survivors (2048K)
 Metaspace       used 86151K, committed 86848K, reserved 1130496K
  class space    used 11588K, committed 11904K, reserved 1048576K
}
Event: 57.558 GC heap after
{Heap after GC invocations=43 (full 0):
 garbage-first heap   total 176128K, used 140711K [0x0000000080000000, 0x0000000100000000)
  region size 1024K, 2 young (2048K), 2 survivors (2048K)
 Metaspace       used 86151K, committed 86848K, reserved 1130496K
  class space    used 11588K, committed 11904K, reserved 1048576K
}
Event: 58.856 GC heap before
{Heap before GC invocations=43 (full 0):
 garbage-first heap   total 176128K, used 154023K [0x0000000080000000, 0x0000000100000000)
  region size 1024K, 15 young (15360K), 2 survivors (2048K)
 Metaspace       used 87521K, committed 88192K, reserved 1130496K
  class space    used 11787K, committed 12096K, reserved 1048576K
}
Event: 58.875 GC heap after
{Heap after GC invocations=44 (full 0):
 garbage-first heap   total 176128K, used 141557K [0x0000000080000000, 0x0000000100000000)
  region size 1024K, 1 young (1024K), 1 survivors (1024K)
 Metaspace       used 87521K, committed 88192K, reserved 1130496K
  class space    used 11787K, committed 12096K, reserved 1048576K
}
Event: 60.090 GC heap before
{Heap before GC invocations=44 (full 0):
 garbage-first heap   total 176128K, used 153845K [0x0000000080000000, 0x0000000100000000)
  region size 1024K, 13 young (13312K), 1 survivors (1024K)
 Metaspace       used 88774K, committed 89472K, reserved 1130496K
  class space    used 11971K, committed 12288K, reserved 1048576K
}
Event: 60.097 GC heap after
{Heap after GC invocations=45 (full 0):
 garbage-first heap   total 176128K, used 142464K [0x0000000080000000, 0x0000000100000000)
  region size 1024K, 2 young (2048K), 2 survivors (2048K)
 Metaspace       used 88774K, committed 89472K, reserved 1130496K
  class space    used 11971K, committed 12288K, reserved 1048576K
}
Event: 61.085 GC heap before
{Heap before GC invocations=45 (full 0):
 garbage-first heap   total 176128K, used 152704K [0x0000000080000000, 0x0000000100000000)
  region size 1024K, 13 young (13312K), 2 survivors (2048K)
 Metaspace       used 89605K, committed 90304K, reserved 1130496K
  class space    used 12071K, committed 12352K, reserved 1048576K
}
Event: 61.097 GC heap after
{Heap after GC invocations=46 (full 0):
 garbage-first heap   total 176128K, used 144867K [0x0000000080000000, 0x0000000100000000)
  region size 1024K, 2 young (2048K), 2 survivors (2048K)
 Metaspace       used 89605K, committed 90304K, reserved 1130496K
  class space    used 12071K, committed 12352K, reserved 1048576K
}
Event: 61.946 GC heap before
{Heap before GC invocations=46 (full 0):
 garbage-first heap   total 176128K, used 152035K [0x0000000080000000, 0x0000000100000000)
  region size 1024K, 10 young (10240K), 2 survivors (2048K)
 Metaspace       used 90803K, committed 91520K, reserved 1130496K
  class space    used 12132K, committed 12416K, reserved 1048576K
}
Event: 61.957 GC heap after
{Heap after GC invocations=47 (full 0):
 garbage-first heap   total 176128K, used 146281K [0x0000000080000000, 0x0000000100000000)
  region size 1024K, 2 young (2048K), 2 survivors (2048K)
 Metaspace       used 90803K, committed 91520K, reserved 1130496K
  class space    used 12132K, committed 12416K, reserved 1048576K
}
Event: 62.595 GC heap before
{Heap before GC invocations=47 (full 0):
 garbage-first heap   total 176128K, used 155497K [0x0000000080000000, 0x0000000100000000)
  region size 1024K, 7 young (7168K), 2 survivors (2048K)
 Metaspace       used 91621K, committed 92352K, reserved 1130496K
  class space    used 12244K, committed 12544K, reserved 1048576K
}
Event: 62.602 GC heap after
{Heap after GC invocations=48 (full 0):
 garbage-first heap   total 176128K, used 152576K [0x0000000080000000, 0x0000000100000000)
  region size 1024K, 1 young (1024K), 1 survivors (1024K)
 Metaspace       used 91621K, committed 92352K, reserved 1130496K
  class space    used 12244K, committed 12544K, reserved 1048576K
}
Event: 62.619 GC heap before
{Heap before GC invocations=48 (full 0):
 garbage-first heap   total 176128K, used 155648K [0x0000000080000000, 0x0000000100000000)
  region size 1024K, 2 young (2048K), 1 survivors (1024K)
 Metaspace       used 91622K, committed 92352K, reserved 1130496K
  class space    used 12244K, committed 12544K, reserved 1048576K
}
Event: 62.624 GC heap after
{Heap after GC invocations=49 (full 0):
 garbage-first heap   total 176128K, used 156374K [0x0000000080000000, 0x0000000100000000)
  region size 1024K, 1 young (1024K), 1 survivors (1024K)
 Metaspace       used 91622K, committed 92352K, reserved 1130496K
  class space    used 12244K, committed 12544K, reserved 1048576K
}
Event: 63.347 GC heap before
{Heap before GC invocations=50 (full 0):
 garbage-first heap   total 301056K, used 184022K [0x0000000080000000, 0x0000000100000000)
  region size 1024K, 8 young (8192K), 1 survivors (1024K)
 Metaspace       used 92266K, committed 92992K, reserved 1130496K
  class space    used 12358K, committed 12672K, reserved 1048576K
}
Event: 63.352 GC heap after
{Heap after GC invocations=51 (full 0):
 garbage-first heap   total 301056K, used 180988K [0x0000000080000000, 0x0000000100000000)
  region size 1024K, 1 young (1024K), 1 survivors (1024K)
 Metaspace       used 92266K, committed 92992K, reserved 1130496K
  class space    used 12358K, committed 12672K, reserved 1048576K
}
Event: 64.311 GC heap before
{Heap before GC invocations=51 (full 0):
 garbage-first heap   total 301056K, used 194300K [0x0000000080000000, 0x0000000100000000)
  region size 1024K, 14 young (14336K), 1 survivors (1024K)
 Metaspace       used 93084K, committed 93760K, reserved 1130496K
  class space    used 12498K, committed 12800K, reserved 1048576K
}
Event: 64.320 GC heap after
{Heap after GC invocations=52 (full 0):
 garbage-first heap   total 301056K, used 181967K [0x0000000080000000, 0x0000000100000000)
  region size 1024K, 2 young (2048K), 2 survivors (2048K)
 Metaspace       used 93084K, committed 93760K, reserved 1130496K
  class space    used 12498K, committed 12800K, reserved 1048576K
}
Event: 67.277 GC heap before
{Heap before GC invocations=52 (full 0):
 garbage-first heap   total 301056K, used 217807K [0x0000000080000000, 0x0000000100000000)
  region size 1024K, 38 young (38912K), 2 survivors (2048K)
 Metaspace       used 95296K, committed 96064K, reserved 1138688K
  class space    used 12792K, committed 13120K, reserved 1048576K
}
Event: 67.305 GC heap after
{Heap after GC invocations=53 (full 0):
 garbage-first heap   total 301056K, used 184585K [0x0000000080000000, 0x0000000100000000)
  region size 1024K, 5 young (5120K), 5 survivors (5120K)
 Metaspace       used 95296K, committed 96064K, reserved 1138688K
  class space    used 12792K, committed 13120K, reserved 1048576K
}

Dll operation events (2 events):
Event: 0.008 Loaded shared library E:\Android Pro\jbr\bin\java.dll
Event: 0.878 Loaded shared library E:\Android Pro\jbr\bin\verify.dll

Deoptimization events (20 events):
Event: 67.458 Thread 0x000001e2fb158460 DEOPT PACKING pc=0x000001e287cf2600 sp=0x000000b04d9fa080
Event: 67.458 Thread 0x000001e2fb158460 DEOPT UNPACKING pc=0x000001e28758699d sp=0x000000b04d9fa010 mode 2
Event: 67.644 Thread 0x000001e2fb158460 Uncommon trap: trap_request=0xffffff45 fr.pc=0x000001e287e91348 relative=0x00000000000000a8
Event: 67.644 Thread 0x000001e2fb158460 Uncommon trap: reason=unstable_if action=reinterpret pc=0x000001e287e91348 method=org.objectweb.asm.Attribute.computeAttributesSize(Lorg/objectweb/asm/SymbolTable;II)I @ 47 c2
Event: 67.644 Thread 0x000001e2fb158460 DEOPT PACKING pc=0x000001e287e91348 sp=0x000000b04d9f9260
Event: 67.644 Thread 0x000001e2fb158460 DEOPT UNPACKING pc=0x000001e28758699d sp=0x000000b04d9f91e0 mode 2
Event: 67.644 Thread 0x000001e2fb158460 Uncommon trap: trap_request=0xffffff45 fr.pc=0x000001e287ee4854 relative=0x0000000000000574
Event: 67.644 Thread 0x000001e2fb158460 Uncommon trap: reason=unstable_if action=reinterpret pc=0x000001e287ee4854 method=org.objectweb.asm.Attribute.computeAttributesSize(Lorg/objectweb/asm/SymbolTable;II)I @ 47 c2
Event: 67.644 Thread 0x000001e2fb158460 DEOPT PACKING pc=0x000001e287ee4854 sp=0x000000b04d9f92b0
Event: 67.644 Thread 0x000001e2fb158460 DEOPT UNPACKING pc=0x000001e28758699d sp=0x000000b04d9f91c8 mode 2
Event: 67.644 Thread 0x000001e2fb158460 Uncommon trap: trap_request=0xffffff45 fr.pc=0x000001e287ee6e94 relative=0x0000000000000334
Event: 67.644 Thread 0x000001e2fb158460 Uncommon trap: reason=unstable_if action=reinterpret pc=0x000001e287ee6e94 method=org.objectweb.asm.Attribute.putAttributes(Lorg/objectweb/asm/SymbolTable;IILorg/objectweb/asm/ByteVector;)V @ 59 c2
Event: 67.644 Thread 0x000001e2fb158460 DEOPT PACKING pc=0x000001e287ee6e94 sp=0x000000b04d9f9210
Event: 67.644 Thread 0x000001e2fb158460 DEOPT UNPACKING pc=0x000001e28758699d sp=0x000000b04d9f91c0 mode 2
Event: 67.644 Thread 0x000001e2fb158460 Uncommon trap: trap_request=0xffffff45 fr.pc=0x000001e287f39204 relative=0x0000000000001e04
Event: 67.644 Thread 0x000001e2fb158460 Uncommon trap: reason=unstable_if action=reinterpret pc=0x000001e287f39204 method=org.objectweb.asm.MethodWriter.putMethodInfo(Lorg/objectweb/asm/ByteVector;)V @ 150 c2
Event: 67.644 Thread 0x000001e2fb158460 DEOPT PACKING pc=0x000001e287f39204 sp=0x000000b04d9f9260
Event: 67.644 Thread 0x000001e2fb158460 DEOPT UNPACKING pc=0x000001e28758699d sp=0x000000b04d9f9218 mode 2
Event: 67.699 Thread 0x000001e2fb158460 DEOPT PACKING pc=0x000001e280a449d1 sp=0x000000b04d9f8f00
Event: 67.699 Thread 0x000001e2fb158460 DEOPT UNPACKING pc=0x000001e287587124 sp=0x000000b04d9f83f8 mode 0

Classes unloaded (0 events):
No events

Classes redefined (0 events):
No events

Internal exceptions (20 events):
Event: 66.834 Thread 0x000001e2fb158460 Exception <a 'java/lang/ClassNotFoundException'{0x00000000906d2358}: org/jetbrains/plugins/gradle/tooling/util/JavaPluginUtilBeanInfo> (0x00000000906d2358) 
thrown [s\src\hotspot\share\classfile\systemDictionary.cpp, line 256]
Event: 66.835 Thread 0x000001e2fb158460 Exception <a 'java/lang/ClassNotFoundException'{0x00000000906daad8}: org/jetbrains/plugins/gradle/tooling/util/JavaPluginUtilCustomizer> (0x00000000906daad8) 
thrown [s\src\hotspot\share\classfile\systemDictionary.cpp, line 256]
Event: 67.245 Thread 0x000001e2fb158460 Exception <a 'java/lang/ClassNotFoundException'{0x000000009019b658}: org/gradle/api/internal/tasks/DefaultTaskContainer_DecoratedBeanInfo> (0x000000009019b658) 
thrown [s\src\hotspot\share\classfile\systemDictionary.cpp, line 256]
Event: 67.245 Thread 0x000001e2fb158460 Exception <a 'java/lang/ClassNotFoundException'{0x00000000901a4b90}: org/gradle/api/internal/tasks/DefaultTaskContainerBeanInfo> (0x00000000901a4b90) 
thrown [s\src\hotspot\share\classfile\systemDictionary.cpp, line 256]
Event: 67.246 Thread 0x000001e2fb158460 Exception <a 'java/lang/ClassNotFoundException'{0x00000000901ae388}: org/gradle/api/internal/tasks/DefaultTaskCollectionBeanInfo> (0x00000000901ae388) 
thrown [s\src\hotspot\share\classfile\systemDictionary.cpp, line 256]
Event: 67.246 Thread 0x000001e2fb158460 Exception <a 'java/lang/ClassNotFoundException'{0x00000000901b7df8}: org/gradle/api/internal/tasks/DefaultTaskCollectionCustomizer> (0x00000000901b7df8) 
thrown [s\src\hotspot\share\classfile\systemDictionary.cpp, line 256]
Event: 67.250 Thread 0x000001e2fb158460 Exception <a 'java/lang/ClassNotFoundException'{0x00000000901edf18}: org/gradle/api/internal/tasks/DefaultTaskContainerCustomizer> (0x00000000901edf18) 
thrown [s\src\hotspot\share\classfile\systemDictionary.cpp, line 256]
Event: 67.259 Thread 0x000001e2fb158460 Exception <a 'java/lang/ClassNotFoundException'{0x00000000900486b0}: org/gradle/api/internal/tasks/DefaultTaskContainer_DecoratedCustomizer> (0x00000000900486b0) 
thrown [s\src\hotspot\share\classfile\systemDictionary.cpp, line 256]
Event: 67.308 Thread 0x000001e2fb158460 Exception <a 'java/lang/ClassNotFoundException'{0x00000000925b32b8}: java/util/ArrayListBeanInfo> (0x00000000925b32b8) 
thrown [s\src\hotspot\share\classfile\systemDictionary.cpp, line 256]
Event: 67.309 Thread 0x000001e2fb158460 Exception <a 'java/lang/ClassNotFoundException'{0x00000000925b7b00}: java/util/ArrayListCustomizer> (0x00000000925b7b00) 
thrown [s\src\hotspot\share\classfile\systemDictionary.cpp, line 256]
Event: 67.418 Thread 0x000001e2fb158460 Exception <a 'java/lang/ClassNotFoundException'{0x0000000092441c68}: java/util/CollectionBeanInfo> (0x0000000092441c68) 
thrown [s\src\hotspot\share\classfile\systemDictionary.cpp, line 256]
Event: 67.418 Thread 0x000001e2fb158460 Exception <a 'java/lang/ClassNotFoundException'{0x00000000924464b0}: java/util/CollectionCustomizer> (0x00000000924464b0) 
thrown [s\src\hotspot\share\classfile\systemDictionary.cpp, line 256]
Event: 67.435 Thread 0x000001e2fb158460 Exception <a 'java/lang/ClassNotFoundException'{0x0000000092496840}: org/gradle/api/tasks/SourceSetBeanInfo> (0x0000000092496840) 
thrown [s\src\hotspot\share\classfile\systemDictionary.cpp, line 256]
Event: 67.436 Thread 0x000001e2fb158460 Exception <a 'java/lang/ClassNotFoundException'{0x00000000924a1360}: org/gradle/api/tasks/SourceSetCustomizer> (0x00000000924a1360) 
thrown [s\src\hotspot\share\classfile\systemDictionary.cpp, line 256]
Event: 67.441 Thread 0x000001e2fb158460 Exception <a 'java/lang/ClassNotFoundException'{0x0000000092310c58}: java/util/LinkedHashMapBeanInfo> (0x0000000092310c58) 
thrown [s\src\hotspot\share\classfile\systemDictionary.cpp, line 256]
Event: 67.442 Thread 0x000001e2fb158460 Exception <a 'java/lang/ClassNotFoundException'{0x00000000923154c0}: java/util/HashMapBeanInfo> (0x00000000923154c0) 
thrown [s\src\hotspot\share\classfile\systemDictionary.cpp, line 256]
Event: 67.442 Thread 0x000001e2fb158460 Exception <a 'java/lang/ClassNotFoundException'{0x000000009231a280}: java/util/AbstractMapBeanInfo> (0x000000009231a280) 
thrown [s\src\hotspot\share\classfile\systemDictionary.cpp, line 256]
Event: 67.442 Thread 0x000001e2fb158460 Exception <a 'java/lang/ClassNotFoundException'{0x000000009231eae8}: java/util/AbstractMapCustomizer> (0x000000009231eae8) 
thrown [s\src\hotspot\share\classfile\systemDictionary.cpp, line 256]
Event: 67.443 Thread 0x000001e2fb158460 Exception <a 'java/lang/ClassNotFoundException'{0x000000009232d520}: java/util/HashMapCustomizer> (0x000000009232d520) 
thrown [s\src\hotspot\share\classfile\systemDictionary.cpp, line 256]
Event: 67.447 Thread 0x000001e2fb158460 Exception <a 'java/lang/ClassNotFoundException'{0x0000000092349d88}: java/util/LinkedHashMapCustomizer> (0x0000000092349d88) 
thrown [s\src\hotspot\share\classfile\systemDictionary.cpp, line 256]

VM Operations (20 events):
Event: 63.780 Executing VM operation: HandshakeAllThreads
Event: 63.781 Executing VM operation: HandshakeAllThreads done
Event: 63.800 Executing VM operation: HandshakeAllThreads
Event: 63.800 Executing VM operation: HandshakeAllThreads done
Event: 63.814 Executing VM operation: HandshakeAllThreads
Event: 63.814 Executing VM operation: HandshakeAllThreads done
Event: 64.196 Executing VM operation: HandshakeAllThreads
Event: 64.196 Executing VM operation: HandshakeAllThreads done
Event: 64.198 Executing VM operation: HandshakeAllThreads
Event: 64.198 Executing VM operation: HandshakeAllThreads done
Event: 64.311 Executing VM operation: G1CollectForAllocation
Event: 64.321 Executing VM operation: G1CollectForAllocation done
Event: 65.321 Executing VM operation: Cleanup
Event: 65.352 Executing VM operation: Cleanup done
Event: 65.359 Executing VM operation: HandshakeAllThreads
Event: 65.359 Executing VM operation: HandshakeAllThreads done
Event: 66.380 Executing VM operation: Cleanup
Event: 66.449 Executing VM operation: Cleanup done
Event: 67.277 Executing VM operation: G1CollectForAllocation
Event: 67.305 Executing VM operation: G1CollectForAllocation done

Events (20 events):
Event: 67.441 loading class java/util/HashMapBeanInfo
Event: 67.441 loading class java/util/HashMapBeanInfo done
Event: 67.441 loading class java/util/HashMapBeanInfo
Event: 67.441 loading class java/util/HashMapBeanInfo done
Event: 67.442 loading class java/util/AbstractMapBeanInfo
Event: 67.442 loading class java/util/AbstractMapBeanInfo done
Event: 67.442 loading class java/util/AbstractMapBeanInfo
Event: 67.442 loading class java/util/AbstractMapBeanInfo done
Event: 67.442 loading class java/util/AbstractMapCustomizer
Event: 67.442 loading class java/util/AbstractMapCustomizer done
Event: 67.442 loading class java/util/AbstractMapCustomizer
Event: 67.442 loading class java/util/AbstractMapCustomizer done
Event: 67.443 loading class java/util/HashMapCustomizer
Event: 67.443 loading class java/util/HashMapCustomizer done
Event: 67.443 loading class java/util/HashMapCustomizer
Event: 67.443 loading class java/util/HashMapCustomizer done
Event: 67.447 loading class java/util/LinkedHashMapCustomizer
Event: 67.447 loading class java/util/LinkedHashMapCustomizer done
Event: 67.447 loading class java/util/LinkedHashMapCustomizer
Event: 67.447 loading class java/util/LinkedHashMapCustomizer done


Dynamic libraries:
0x00007ff6b9b10000 - 0x00007ff6b9b1a000 	E:\Android Pro\jbr\bin\java.exe
0x00007ffcf9c20000 - 0x00007ffcf9e10000 	C:\WINDOWS\SYSTEM32\ntdll.dll
0x00007ffcf89c0000 - 0x00007ffcf8a72000 	C:\WINDOWS\System32\KERNEL32.DLL
0x00007ffcf7600000 - 0x00007ffcf78a5000 	C:\WINDOWS\System32\KERNELBASE.dll
0x00007ffcf7a30000 - 0x00007ffcf7b2a000 	C:\WINDOWS\System32\ucrtbase.dll
0x00007ffcf02d0000 - 0x00007ffcf02e7000 	E:\Android Pro\jbr\bin\jli.dll
0x00007ffcf00c0000 - 0x00007ffcf00db000 	E:\Android Pro\jbr\bin\VCRUNTIME140.dll
0x00007ffcf8820000 - 0x00007ffcf89b5000 	C:\WINDOWS\System32\USER32.dll
0x00007ffce4920000 - 0x00007ffce4ba4000 	C:\WINDOWS\WinSxS\amd64_microsoft.windows.common-controls_6595b64144ccf1df_6.0.18362.1082_none_9e8193e1e45b25c1\COMCTL32.dll
0x00007ffcf78b0000 - 0x00007ffcf78d1000 	C:\WINDOWS\System32\win32u.dll
0x00007ffcf9b40000 - 0x00007ffcf9bde000 	C:\WINDOWS\System32\msvcrt.dll
0x00007ffcf9490000 - 0x00007ffcf94b6000 	C:\WINDOWS\System32\GDI32.dll
0x00007ffcf8430000 - 0x00007ffcf8765000 	C:\WINDOWS\System32\combase.dll
0x00007ffcf7b30000 - 0x00007ffcf7cc6000 	C:\WINDOWS\System32\gdi32full.dll
0x00007ffcf9230000 - 0x00007ffcf9350000 	C:\WINDOWS\System32\RPCRT4.dll
0x00007ffcf6c30000 - 0x00007ffcf6cce000 	C:\WINDOWS\System32\msvcp_win.dll
0x00007ffcf6bb0000 - 0x00007ffcf6c30000 	C:\WINDOWS\System32\bcryptPrimitives.dll
0x00007ffcf7cd0000 - 0x00007ffcf7cfe000 	C:\WINDOWS\System32\IMM32.DLL
0x00007ffcf0470000 - 0x00007ffcf047c000 	E:\Android Pro\jbr\bin\vcruntime140_1.dll
0x00007ffce5230000 - 0x00007ffce52bd000 	E:\Android Pro\jbr\bin\msvcp140.dll
0x00007ffcb45b0000 - 0x00007ffcb521d000 	E:\Android Pro\jbr\bin\server\jvm.dll
0x00007ffcf8770000 - 0x00007ffcf8813000 	C:\WINDOWS\System32\ADVAPI32.dll
0x00007ffcf7d00000 - 0x00007ffcf7d97000 	C:\WINDOWS\System32\sechost.dll
0x00007ffcf4040000 - 0x00007ffcf4049000 	C:\WINDOWS\SYSTEM32\WSOCK32.dll
0x00007ffcf3f50000 - 0x00007ffcf3f74000 	C:\WINDOWS\SYSTEM32\WINMM.dll
0x00007ffcf9420000 - 0x00007ffcf948f000 	C:\WINDOWS\System32\WS2_32.dll
0x00007ffcf3f20000 - 0x00007ffcf3f4d000 	C:\WINDOWS\SYSTEM32\WINMMBASE.dll
0x00007ffceb1f0000 - 0x00007ffceb1fa000 	C:\WINDOWS\SYSTEM32\VERSION.dll
0x00007ffcf6e00000 - 0x00007ffcf6e4a000 	C:\WINDOWS\System32\cfgmgr32.dll
0x00007ffcf6af0000 - 0x00007ffcf6b01000 	C:\WINDOWS\System32\kernel.appcore.dll
0x00007ffcf2950000 - 0x00007ffcf295a000 	E:\Android Pro\jbr\bin\jimage.dll
0x00007ffcf5750000 - 0x00007ffcf5944000 	C:\WINDOWS\SYSTEM32\DBGHELP.DLL
0x00007ffcdfc20000 - 0x00007ffcdfc4a000 	C:\WINDOWS\SYSTEM32\dbgcore.DLL
0x00007ffcf02f0000 - 0x00007ffcf0315000 	E:\Android Pro\jbr\bin\java.dll
0x00007ffcf0d30000 - 0x00007ffcf0d48000 	E:\Android Pro\jbr\bin\zip.dll
0x00007ffcf8b40000 - 0x00007ffcf9227000 	C:\WINDOWS\System32\SHELL32.dll
0x00007ffcf8a90000 - 0x00007ffcf8b39000 	C:\WINDOWS\System32\shcore.dll
0x00007ffcf6e80000 - 0x00007ffcf7600000 	C:\WINDOWS\System32\windows.storage.dll
0x00007ffcf6b60000 - 0x00007ffcf6b83000 	C:\WINDOWS\System32\profapi.dll
0x00007ffcf6b10000 - 0x00007ffcf6b5a000 	C:\WINDOWS\System32\powrprof.dll
0x00007ffcf6ae0000 - 0x00007ffcf6af0000 	C:\WINDOWS\System32\UMPDC.dll
0x00007ffcf94c0000 - 0x00007ffcf9512000 	C:\WINDOWS\System32\shlwapi.dll
0x00007ffcf6de0000 - 0x00007ffcf6df7000 	C:\WINDOWS\System32\cryptsp.dll
0x00007ffcf08c0000 - 0x00007ffcf08d9000 	E:\Android Pro\jbr\bin\net.dll
0x00007ffce9f40000 - 0x00007ffcea030000 	C:\WINDOWS\SYSTEM32\WINHTTP.dll
0x00007ffcf6330000 - 0x00007ffcf6397000 	C:\WINDOWS\system32\mswsock.dll
0x00007ffcf02b0000 - 0x00007ffcf02c6000 	E:\Android Pro\jbr\bin\nio.dll
0x00007ffcf0b10000 - 0x00007ffcf0b20000 	E:\Android Pro\jbr\bin\verify.dll
0x00007ffce93f0000 - 0x00007ffce9417000 	C:\Users\DELL\.gradle\native\68d5fa5c4cc2d200863cafc0d521ce42e7d3e7ee720ec0a83991735586a16f82\windows-amd64\native-platform.dll
0x00007ffcc4690000 - 0x00007ffcc47d4000 	C:\Users\DELL\.gradle\native\e376f236ea51e6404a007f0833ffe2c6e607c4080706a723a18a27aeea778392\windows-amd64\native-platform-file-events.dll
0x00007ffcf2930000 - 0x00007ffcf2939000 	E:\Android Pro\jbr\bin\management.dll
0x00007ffcf1040000 - 0x00007ffcf104b000 	E:\Android Pro\jbr\bin\management_ext.dll
0x00007ffcf81b0000 - 0x00007ffcf81b8000 	C:\WINDOWS\System32\PSAPI.DLL
0x00007ffcf5ea0000 - 0x00007ffcf5ed3000 	C:\WINDOWS\system32\rsaenh.dll
0x00007ffcf6e50000 - 0x00007ffcf6e76000 	C:\WINDOWS\System32\bcrypt.dll
0x00007ffcf6a00000 - 0x00007ffcf6a25000 	C:\WINDOWS\SYSTEM32\USERENV.dll
0x00007ffcf6500000 - 0x00007ffcf650c000 	C:\WINDOWS\SYSTEM32\CRYPTBASE.dll
0x00007ffcf6040000 - 0x00007ffcf607a000 	C:\WINDOWS\SYSTEM32\IPHLPAPI.DLL
0x00007ffcf8a80000 - 0x00007ffcf8a88000 	C:\WINDOWS\System32\NSI.dll
0x00007ffcea8c0000 - 0x00007ffcea8d6000 	C:\WINDOWS\SYSTEM32\dhcpcsvc6.DLL
0x00007ffcea8a0000 - 0x00007ffcea8bc000 	C:\WINDOWS\SYSTEM32\dhcpcsvc.DLL
0x00007ffcf6080000 - 0x00007ffcf614b000 	C:\WINDOWS\SYSTEM32\DNSAPI.dll
0x00007ffcf04a0000 - 0x00007ffcf04a7000 	C:\WINDOWS\system32\wshunix.dll
0x00007ffcdfd90000 - 0x00007ffcdfda6000 	C:\WINDOWS\system32\napinsp.dll
0x00007ffcdfc70000 - 0x00007ffcdfc8a000 	C:\WINDOWS\system32\pnrpnsp.dll
0x00007ffcdfd80000 - 0x00007ffcdfd8e000 	C:\WINDOWS\System32\winrnr.dll
0x00007ffcf2900000 - 0x00007ffcf291c000 	C:\WINDOWS\system32\NLAapi.dll
0x00007ffcdfc50000 - 0x00007ffcdfc65000 	C:\WINDOWS\system32\wshbth.dll
0x00007ffce9b70000 - 0x00007ffce9b7a000 	C:\Windows\System32\rasadhlp.dll
0x00007ffcea350000 - 0x00007ffcea3c7000 	C:\WINDOWS\System32\fwpuclnt.dll

dbghelp: loaded successfully - version: 4.0.5 - missing functions: none
symbol engine: initialized successfully - sym options: 0x614 - pdb path: .;E:\Android Pro\jbr\bin;C:\WINDOWS\SYSTEM32;C:\WINDOWS\WinSxS\amd64_microsoft.windows.common-controls_6595b64144ccf1df_6.0.18362.1082_none_9e8193e1e45b25c1;E:\Android Pro\jbr\bin\server;C:\Users\DELL\.gradle\native\68d5fa5c4cc2d200863cafc0d521ce42e7d3e7ee720ec0a83991735586a16f82\windows-amd64;C:\Users\DELL\.gradle\native\e376f236ea51e6404a007f0833ffe2c6e607c4080706a723a18a27aeea778392\windows-amd64

VM Arguments:
jvm_args: --add-opens=java.base/java.util=ALL-UNNAMED --add-opens=java.base/java.lang=ALL-UNNAMED --add-opens=java.base/java.lang.invoke=ALL-UNNAMED --add-opens=java.prefs/java.util.prefs=ALL-UNNAMED --add-opens=java.base/java.nio.charset=ALL-UNNAMED --add-opens=java.base/java.net=ALL-UNNAMED --add-opens=java.base/java.util.concurrent.atomic=ALL-UNNAMED -Xmx2048m -Dfile.encoding=UTF-8 -Duser.country=US -Duser.language=en -Duser.variant 
java_command: org.gradle.launcher.daemon.bootstrap.GradleDaemon 8.0.1
java_class_path (initial): C:\Users\DELL\.gradle\wrapper\dists\gradle-8.0.1-bin\7rsvvmdp4bsd5fhm7a9cyrnzz\gradle-8.0.1\lib\gradle-launcher-8.0.1.jar
Launcher Type: SUN_STANDARD

[Global flags]
     intx CICompilerCount                          = 2                                         {product} {ergonomic}
     uint ConcGCThreads                            = 1                                         {product} {ergonomic}
     uint G1ConcRefinementThreads                  = 2                                         {product} {ergonomic}
   size_t G1HeapRegionSize                         = 1048576                                   {product} {ergonomic}
    uintx GCDrainStackTargetSize                   = 64                                        {product} {ergonomic}
   size_t InitialHeapSize                          = 132120576                                 {product} {ergonomic}
   size_t MarkStackSize                            = 4194304                                   {product} {ergonomic}
   size_t MaxHeapSize                              = 2147483648                                {product} {command line}
   size_t MaxNewSize                               = 1287651328                                {product} {ergonomic}
   size_t MinHeapDeltaBytes                        = 1048576                                   {product} {ergonomic}
   size_t MinHeapSize                              = 8388608                                   {product} {ergonomic}
    uintx NonNMethodCodeHeapSize                   = 5826188                                {pd product} {ergonomic}
    uintx NonProfiledCodeHeapSize                  = 122916026                              {pd product} {ergonomic}
    uintx ProfiledCodeHeapSize                     = 122916026                              {pd product} {ergonomic}
    uintx ReservedCodeCacheSize                    = 251658240                              {pd product} {ergonomic}
     bool SegmentedCodeCache                       = true                                      {product} {ergonomic}
   size_t SoftMaxHeapSize                          = 2147483648                             {manageable} {ergonomic}
     bool UseCompressedClassPointers               = true                           {product lp64_product} {ergonomic}
     bool UseCompressedOops                        = true                           {product lp64_product} {ergonomic}
     bool UseG1GC                                  = true                                      {product} {ergonomic}
     bool UseLargePagesIndividualAllocation        = false                                  {pd product} {ergonomic}

Logging:
Log output configuration:
 #0: stdout all=warning uptime,level,tags
 #1: stderr all=off uptime,level,tags

Environment Variables:
PATH=C:\Program Files\Common Files\Oracle\Java\javapath;C:\oraclexe\app\oracle\product\11.2.0\server\bin;C:\Program Files (x86)\Common Files\Oracle\Java\javapath;C:\WINDOWS\system32;C:\WINDOWS;C:\WINDOWS\System32\Wbem;C:\WINDOWS\System32\WindowsPowerShell\v1.0\;C:\Program Files\Microsoft SQL Server\110\Tools\Binn\;C:\WINDOWS\System32\OpenSSH\;C:\Program Files (x86)\Microsoft SQL Server\110\Tools\Binn\;C:\Program Files\Microsoft SQL Server\110\DTS\Binn\;C:\Program Files (x86)\Microsoft SQL Server\110\Tools\Binn\ManagementStudio\;C:\Program Files (x86)\Microsoft SQL Server\110\DTS\Binn\;C:\Program Files\Java\jdk-16.0.1\bin;C:\Elastic Stack\elasticsearch-7.14.0\bin;C:\Elastic Stack\kibana-7.14.0-windows-x86_64\bin;C:\Program Files\Java\jdk-16.0.1\bin;C:\Program Files\Java\jre1.8.0_261\bin;E:\Vids\Curl\Curl\bin;C:\Program Files (x86)\dotnet\;C:\Users\DELL\AppData\Local\Programs\Python\Python39\Scripts\;C:\Users\DELL\AppData\Local\Programs\Python\Python39\;C:\Users\DELL\AppData\Local\Microsoft\WindowsApps;C:\Program Files (x86)\Nmap;C:\Python27;
USERNAME=DELL
OS=Windows_NT
PROCESSOR_IDENTIFIER=Intel64 Family 6 Model 142 Stepping 9, GenuineIntel
TMP=C:\Users\DELL\AppData\Local\Temp
TEMP=C:\Users\DELL\AppData\Local\Temp



---------------  S Y S T E M  ---------------

OS:
 Windows 10 , 64 bit Build 18362 (10.0.18362.1082)
OS uptime: 1 days 0:47 hours

CPU: total 2 (initial active 2) (2 cores per cpu, 1 threads per core) family 6 model 142 stepping 9 microcode 0x8e, cx8, cmov, fxsr, mmx, 3dnowpref, sse, sse2, sse3, ssse3, sse4.1, sse4.2, popcnt, lzcnt, tsc, tscinvbit, aes, erms, clmul, clflush, clflushopt

Memory: 4k page, system-wide physical 8057M (613M free)
TotalPageFile size 8057M (AvailPageFile size 6M)
current process WorkingSet (physical memory assigned to process): 459M, peak: 459M
current process commit charge ("private bytes"): 562M, peak: 564M

vm_info: OpenJDK 64-Bit Server VM (17.0.6+0-b2043.56-9586694) for windows-amd64 JRE (17.0.6+0-b2043.56-9586694), built on Feb  9 2023 20:06:20 by "androidbuild" with MS VC++ 16.10 / 16.11 (VS2019)

END.
