#
# There is insufficient memory for the Java Runtime Environment to continue.
# Native memory allocation (mmap) failed to map 56623104 bytes for G1 virtual space
# Possible reasons:
#   The system is out of physical RAM or swap space
#   The process is running with CompressedOops enabled, and the Java Heap may be blocking the growth of the native heap
# Possible solutions:
#   Reduce memory load on the system
#   Increase physical memory or swap space
#   Check if swap backing store is full
#   Decrease Java heap size (-Xmx/-Xms)
#   Decrease number of Java threads
#   Decrease Java thread stack sizes (-Xss)
#   Set larger code cache with -XX:ReservedCodeCacheSize=
#   JVM is running with Unscaled Compressed Oops mode in which the Java heap is
#     placed in the first 4GB address space. The Java Heap base address is the
#     maximum limit for the native heap growth. Please use -XX:HeapBaseMinAddress
#     to set the Java Heap base and to place the Java Heap above 4GB virtual address.
# This output file may be truncated or incomplete.
#
#  Out of Memory Error (os_windows.cpp:3769), pid=6412, tid=8596
#
# JRE version: OpenJDK Runtime Environment (17.0.6) (build 17.0.6+0-b2043.56-9586694)
# Java VM: OpenJDK 64-Bit Server VM (17.0.6+0-b2043.56-9586694, mixed mode, tiered, compressed oops, compressed class ptrs, g1 gc, windows-amd64)
# No core dump will be written. Minidumps are not enabled by default on client versions of Windows
#

---------------  S U M M A R Y ------------

Command Line: --add-opens=java.base/java.util=ALL-UNNAMED --add-opens=java.base/java.lang=ALL-UNNAMED --add-opens=java.base/java.lang.invoke=ALL-UNNAMED --add-opens=java.prefs/java.util.prefs=ALL-UNNAMED --add-opens=java.base/java.nio.charset=ALL-UNNAMED --add-opens=java.base/java.net=ALL-UNNAMED --add-opens=java.base/java.util.concurrent.atomic=ALL-UNNAMED -Xmx2048m -Dfile.encoding=UTF-8 -Duser.country=US -Duser.language=en -Duser.variant org.gradle.launcher.daemon.bootstrap.GradleDaemon 8.0

Host: Intel(R) Celeron(R) CPU 3865U @ 1.80GHz, 2 cores, 7G,  Windows 10 , 64 bit Build 18362 (10.0.18362.1082)
Time: Thu May 18 12:04:00 2023 India Standard Time elapsed time: 120.898487 seconds (0d 0h 2m 0s)

---------------  T H R E A D  ---------------

Current thread (0x000001b126afe080):  VMThread "VM Thread" [stack: 0x0000001625700000,0x0000001625800000] [id=8596]

Stack: [0x0000001625700000,0x0000001625800000]
Native frames: (J=compiled Java code, j=interpreted, Vv=VM code, C=native code)
V  [jvm.dll+0x683b4a]
V  [jvm.dll+0x842654]
V  [jvm.dll+0x843dfe]
V  [jvm.dll+0x844463]
V  [jvm.dll+0x249b75]
V  [jvm.dll+0x680a19]
V  [jvm.dll+0x674f0a]
V  [jvm.dll+0x309acb]
V  [jvm.dll+0x310f86]
V  [jvm.dll+0x3608ee]
V  [jvm.dll+0x360b1f]
V  [jvm.dll+0x2dfbf8]
V  [jvm.dll+0x2ddec4]
V  [jvm.dll+0x2dd4cc]
V  [jvm.dll+0x321f3b]
V  [jvm.dll+0x84893b]
V  [jvm.dll+0x849674]
V  [jvm.dll+0x849b8d]
V  [jvm.dll+0x849f64]
V  [jvm.dll+0x84a030]
V  [jvm.dll+0x7f25fa]
V  [jvm.dll+0x682985]
C  [ucrtbase.dll+0x20e82]
C  [KERNEL32.DLL+0x17bd4]
C  [ntdll.dll+0x6ce51]

VM_Operation (0x00000016275fe390): G1CollectForAllocation, mode: safepoint, requested by thread 0x000001b127876d40


---------------  P R O C E S S  ---------------

Threads class SMR info:
_java_thread_list=0x000001b12c1f1e60, length=34, elements={
0x000001b10da09820, 0x000001b126b00ab0, 0x000001b126b02840, 0x000001b126b2e3e0,
0x000001b12751c020, 0x000001b12751c8e0, 0x000001b12751d940, 0x000001b127520610,
0x000001b127525740, 0x000001b127587e90, 0x000001b1276b6320, 0x000001b1276c8810,
0x000001b128d1b960, 0x000001b129c58970, 0x000001b128dcc030, 0x000001b128c5b190,
0x000001b12894b2d0, 0x000001b1287da880, 0x000001b1287dad50, 0x000001b1278776e0,
0x000001b127875ed0, 0x000001b127877bb0, 0x000001b127878080, 0x000001b1278763a0,
0x000001b127876870, 0x000001b127878a20, 0x000001b127875060, 0x000001b127876d40,
0x000001b127877210, 0x000001b127875530, 0x000001b12a5a1090, 0x000001b12a59f880,
0x000001b12a59ea10, 0x000001b12a5a1560
}

Java Threads: ( => current thread )
  0x000001b10da09820 JavaThread "main" [_thread_blocked, id=9032, stack(0x0000001625100000,0x0000001625200000)]
  0x000001b126b00ab0 JavaThread "Reference Handler" daemon [_thread_blocked, id=9644, stack(0x0000001625800000,0x0000001625900000)]
  0x000001b126b02840 JavaThread "Finalizer" daemon [_thread_blocked, id=10120, stack(0x0000001625900000,0x0000001625a00000)]
  0x000001b126b2e3e0 JavaThread "Signal Dispatcher" daemon [_thread_blocked, id=3856, stack(0x0000001625a00000,0x0000001625b00000)]
  0x000001b12751c020 JavaThread "Attach Listener" daemon [_thread_blocked, id=9036, stack(0x0000001625b00000,0x0000001625c00000)]
  0x000001b12751c8e0 JavaThread "Service Thread" daemon [_thread_blocked, id=6828, stack(0x0000001625c00000,0x0000001625d00000)]
  0x000001b12751d940 JavaThread "Monitor Deflation Thread" daemon [_thread_blocked, id=2004, stack(0x0000001625d00000,0x0000001625e00000)]
  0x000001b127520610 JavaThread "C2 CompilerThread0" daemon [_thread_blocked, id=8364, stack(0x0000001625e00000,0x0000001625f00000)]
  0x000001b127525740 JavaThread "C1 CompilerThread0" daemon [_thread_blocked, id=5988, stack(0x0000001625f00000,0x0000001626000000)]
  0x000001b127587e90 JavaThread "Sweeper thread" daemon [_thread_blocked, id=9912, stack(0x0000001626000000,0x0000001626100000)]
  0x000001b1276b6320 JavaThread "Common-Cleaner" daemon [_thread_blocked, id=6756, stack(0x0000001626100000,0x0000001626200000)]
  0x000001b1276c8810 JavaThread "Notification Thread" daemon [_thread_blocked, id=5176, stack(0x0000001626200000,0x0000001626300000)]
  0x000001b128d1b960 JavaThread "Daemon health stats" [_thread_blocked, id=5172, stack(0x0000001626500000,0x0000001626600000)]
  0x000001b129c58970 JavaThread "Incoming local TCP Connector on port 35092" [_thread_in_native, id=6016, stack(0x0000001626600000,0x0000001626700000)]
  0x000001b128dcc030 JavaThread "Daemon periodic checks" [_thread_blocked, id=336, stack(0x0000001626700000,0x0000001626800000)]
  0x000001b128c5b190 JavaThread "Daemon" [_thread_blocked, id=8796, stack(0x0000001626800000,0x0000001626900000)]
  0x000001b12894b2d0 JavaThread "Handler for socket connection from /127.0.0.1:35092 to /127.0.0.1:35093" [_thread_in_native, id=6532, stack(0x0000001626900000,0x0000001626a00000)]
  0x000001b1287da880 JavaThread "Cancel handler" [_thread_blocked, id=980, stack(0x0000001626a00000,0x0000001626b00000)]
  0x000001b1287dad50 JavaThread "Daemon worker" [_thread_blocked, id=9160, stack(0x0000001626b00000,0x0000001626c00000)]
  0x000001b1278776e0 JavaThread "Asynchronous log dispatcher for DefaultDaemonConnection: socket connection from /127.0.0.1:35092 to /127.0.0.1:35093" [_thread_blocked, id=10264, stack(0x0000001626c00000,0x0000001626d00000)]
  0x000001b127875ed0 JavaThread "Daemon client event forwarder" [_thread_blocked, id=9416, stack(0x0000001626e00000,0x0000001626f00000)]
  0x000001b127877bb0 JavaThread "Cache worker for journal cache (C:\Users\DELL\.gradle\caches\journal-1)" [_thread_blocked, id=9240, stack(0x0000001626f00000,0x0000001627000000)]
  0x000001b127878080 JavaThread "File lock request listener" [_thread_in_native, id=10308, stack(0x0000001627000000,0x0000001627100000)]
  0x000001b1278763a0 JavaThread "Cache worker for file hash cache (C:\Users\DELL\.gradle\caches\8.0\fileHashes)" [_thread_blocked, id=4720, stack(0x0000001627100000,0x0000001627200000)]
  0x000001b127876870 JavaThread "File watcher server" daemon [_thread_in_native, id=1228, stack(0x0000001627200000,0x0000001627300000)]
  0x000001b127878a20 JavaThread "File watcher consumer" daemon [_thread_blocked, id=10920, stack(0x0000001627300000,0x0000001627400000)]
  0x000001b127875060 JavaThread "jar transforms" [_thread_blocked, id=1396, stack(0x0000001627400000,0x0000001627500000)]
  0x000001b127876d40 JavaThread "jar transforms Thread 2" [_thread_blocked, id=7448, stack(0x0000001627500000,0x0000001627600000)]
  0x000001b127877210 JavaThread "Cache worker for checksums cache (C:\Users\DELL\AndroidStudioProjects\Pranik\.gradle\8.0\checksums)" [_thread_blocked, id=7264, stack(0x0000001627600000,0x0000001627700000)]
  0x000001b127875530 JavaThread "Cache worker for cache directory md-rule (C:\Users\DELL\.gradle\caches\8.0\md-rule)" [_thread_blocked, id=8908, stack(0x0000001627700000,0x0000001627800000)]
  0x000001b12a5a1090 JavaThread "Cache worker for file content cache (C:\Users\DELL\.gradle\caches\8.0\fileContent)" [_thread_blocked, id=3232, stack(0x0000001627800000,0x0000001627900000)]
  0x000001b12a59f880 JavaThread "Cache worker for file hash cache (C:\Users\DELL\AndroidStudioProjects\Pranik\.gradle\8.0\fileHashes)" [_thread_blocked, id=5364, stack(0x0000001627900000,0x0000001627a00000)]
  0x000001b12a59ea10 JavaThread "Cache worker for cache directory md-supplier (C:\Users\DELL\.gradle\caches\8.0\md-supplier)" [_thread_blocked, id=7164, stack(0x0000001627a00000,0x0000001627b00000)]
  0x000001b12a5a1560 JavaThread "Cache worker for execution history cache (C:\Users\DELL\.gradle\caches\8.0\executionHistory)" [_thread_blocked, id=8432, stack(0x0000001627b00000,0x0000001627c00000)]

Other Threads:
=>0x000001b126afe080 VMThread "VM Thread" [stack: 0x0000001625700000,0x0000001625800000] [id=8596]
  0x000001b1276b67f0 WatcherThread [stack: 0x0000001626300000,0x0000001626400000] [id=8336]
  0x000001b10da635a0 GCTaskThread "GC Thread#0" [stack: 0x0000001625200000,0x0000001625300000] [id=1684]
  0x000001b1277a1310 GCTaskThread "GC Thread#1" [stack: 0x0000001626400000,0x0000001626500000] [id=532]
  0x000001b10da743f0 ConcurrentGCThread "G1 Main Marker" [stack: 0x0000001625300000,0x0000001625400000] [id=9156]
  0x000001b10da74d10 ConcurrentGCThread "G1 Conc#0" [stack: 0x0000001625400000,0x0000001625500000] [id=2276]
  0x000001b1269540c0 ConcurrentGCThread "G1 Refine#0" [stack: 0x0000001625500000,0x0000001625600000] [id=1716]
  0x000001b1269549f0 ConcurrentGCThread "G1 Service" [stack: 0x0000001625600000,0x0000001625700000] [id=4760]

Threads with active compile tasks:

VM state: at safepoint (normal execution)

VM Mutex/Monitor currently owned by a thread:  ([mutex/lock_event])
[0x000001b10da03260] Threads_lock - owner thread: 0x000001b126afe080
[0x000001b10da02de0] Heap_lock - owner thread: 0x000001b127876d40

Heap address: 0x0000000080000000, size: 2048 MB, Compressed Oops mode: 32-bit

CDS archive(s) not mapped
Compressed class space mapped at: 0x0000000100000000-0x0000000140000000, reserved size: 1073741824
Narrow klass base: 0x0000000000000000, Narrow klass shift: 3, Narrow klass range: 0x140000000

GC Precious Log:
 CPUs: 2 total, 2 available
 Memory: 8057M
 Large Page Support: Disabled
 NUMA Support: Disabled
 Compressed Oops: Enabled (32-bit)
 Heap Region Size: 1M
 Heap Min Capacity: 8M
 Heap Initial Capacity: 126M
 Heap Max Capacity: 2G
 Pre-touch: Disabled
 Parallel Workers: 2
 Concurrent Workers: 1
 Concurrent Refinement Workers: 2
 Periodic GC: Disabled

Heap:
 garbage-first heap   total 275456K, used 121965K [0x0000000080000000, 0x0000000100000000)
  region size 1024K, 2 young (2048K), 2 survivors (2048K)
 Metaspace       used 53031K, committed 53504K, reserved 1097728K
  class space    used 6995K, committed 7232K, reserved 1048576K

Heap Regions: E=young(eden), S=young(survivor), O=old, HS=humongous(starts), HC=humongous(continues), CS=collection set, F=free, OA=open archive, CA=closed archive, TAMS=top-at-mark-start (previous, next)
|   0|0x0000000080000000, 0x0000000080100000, 0x0000000080100000|100%| O|  |TAMS 0x0000000080100000, 0x0000000080000000| Untracked 
|   1|0x0000000080100000, 0x0000000080200000, 0x0000000080200000|100%| O|  |TAMS 0x0000000080200000, 0x0000000080100000| Untracked 
|   2|0x0000000080200000, 0x0000000080300000, 0x0000000080300000|100%| O|  |TAMS 0x0000000080300000, 0x0000000080200000| Untracked 
|   3|0x0000000080300000, 0x0000000080400000, 0x0000000080400000|100%|HS|  |TAMS 0x0000000080400000, 0x0000000080300000| Complete 
|   4|0x0000000080400000, 0x0000000080500000, 0x0000000080500000|100%|HC|  |TAMS 0x0000000080500000, 0x0000000080400000| Complete 
|   5|0x0000000080500000, 0x0000000080600000, 0x0000000080600000|100%|HC|  |TAMS 0x0000000080600000, 0x0000000080500000| Complete 
|   6|0x0000000080600000, 0x0000000080700000, 0x0000000080700000|100%|HC|  |TAMS 0x0000000080700000, 0x0000000080600000| Complete 
|   7|0x0000000080700000, 0x0000000080800000, 0x0000000080800000|100%| O|  |TAMS 0x0000000080800000, 0x0000000080700000| Untracked 
|   8|0x0000000080800000, 0x0000000080900000, 0x0000000080900000|100%| O|  |TAMS 0x0000000080900000, 0x0000000080800000| Untracked 
|   9|0x0000000080900000, 0x00000000809f3400, 0x0000000080a00000| 95%| O|  |TAMS 0x00000000809f3400, 0x0000000080900000| Untracked 
|  10|0x0000000080a00000, 0x0000000080b00000, 0x0000000080b00000|100%| O|  |TAMS 0x0000000080b00000, 0x0000000080a00000| Untracked 
|  11|0x0000000080b00000, 0x0000000080c00000, 0x0000000080c00000|100%| O|  |TAMS 0x0000000080c00000, 0x0000000080b00000| Untracked 
|  12|0x0000000080c00000, 0x0000000080d00000, 0x0000000080d00000|100%| O|  |TAMS 0x0000000080d00000, 0x0000000080c00000| Untracked 
|  13|0x0000000080d00000, 0x0000000080e00000, 0x0000000080e00000|100%| O|  |TAMS 0x0000000080e00000, 0x0000000080d00000| Untracked 
|  14|0x0000000080e00000, 0x0000000080f00000, 0x0000000080f00000|100%| O|  |TAMS 0x0000000080f00000, 0x0000000080e00000| Untracked 
|  15|0x0000000080f00000, 0x0000000081000000, 0x0000000081000000|100%| O|  |TAMS 0x0000000081000000, 0x0000000080f00000| Untracked 
|  16|0x0000000081000000, 0x0000000081100000, 0x0000000081100000|100%| O|  |TAMS 0x0000000081100000, 0x0000000081000000| Untracked 
|  17|0x0000000081100000, 0x0000000081200000, 0x0000000081200000|100%| O|  |TAMS 0x0000000081200000, 0x0000000081100000| Untracked 
|  18|0x0000000081200000, 0x0000000081300000, 0x0000000081300000|100%|HS|  |TAMS 0x0000000081300000, 0x0000000081200000| Complete 
|  19|0x0000000081300000, 0x0000000081400000, 0x0000000081400000|100%|HC|  |TAMS 0x0000000081400000, 0x0000000081300000| Complete 
|  20|0x0000000081400000, 0x0000000081500000, 0x0000000081500000|100%|HS|  |TAMS 0x0000000081500000, 0x0000000081400000| Complete 
|  21|0x0000000081500000, 0x0000000081600000, 0x0000000081600000|100%|HC|  |TAMS 0x0000000081600000, 0x0000000081500000| Complete 
|  22|0x0000000081600000, 0x0000000081700000, 0x0000000081700000|100%|HC|  |TAMS 0x0000000081700000, 0x0000000081600000| Complete 
|  23|0x0000000081700000, 0x0000000081800000, 0x0000000081800000|100%| O|  |TAMS 0x0000000081800000, 0x0000000081700000| Untracked 
|  24|0x0000000081800000, 0x0000000081900000, 0x0000000081900000|100%| O|  |TAMS 0x0000000081900000, 0x0000000081800000| Untracked 
|  25|0x0000000081900000, 0x0000000081a00000, 0x0000000081a00000|100%| O|  |TAMS 0x0000000081a00000, 0x0000000081900000| Untracked 
|  26|0x0000000081a00000, 0x0000000081b00000, 0x0000000081b00000|100%|HS|  |TAMS 0x0000000081b00000, 0x0000000081a00000| Complete 
|  27|0x0000000081b00000, 0x0000000081c00000, 0x0000000081c00000|100%|HC|  |TAMS 0x0000000081c00000, 0x0000000081b00000| Complete 
|  28|0x0000000081c00000, 0x0000000081d00000, 0x0000000081d00000|100%|HC|  |TAMS 0x0000000081d00000, 0x0000000081c00000| Complete 
|  29|0x0000000081d00000, 0x0000000081e00000, 0x0000000081e00000|100%|HS|  |TAMS 0x0000000081e00000, 0x0000000081d00000| Complete 
|  30|0x0000000081e00000, 0x0000000081f00000, 0x0000000081f00000|100%|HC|  |TAMS 0x0000000081f00000, 0x0000000081e00000| Complete 
|  31|0x0000000081f00000, 0x0000000082000000, 0x0000000082000000|100%| O|  |TAMS 0x0000000082000000, 0x0000000081f00000| Untracked 
|  32|0x0000000082000000, 0x0000000082100000, 0x0000000082100000|100%| O|  |TAMS 0x0000000082100000, 0x0000000082000000| Untracked 
|  33|0x0000000082100000, 0x0000000082200000, 0x0000000082200000|100%| O|  |TAMS 0x0000000082200000, 0x0000000082100000| Untracked 
|  34|0x0000000082200000, 0x0000000082300000, 0x0000000082300000|100%| O|  |TAMS 0x0000000082300000, 0x0000000082200000| Untracked 
|  35|0x0000000082300000, 0x0000000082400000, 0x0000000082400000|100%|HS|  |TAMS 0x0000000082400000, 0x0000000082300000| Complete 
|  36|0x0000000082400000, 0x0000000082500000, 0x0000000082500000|100%|HC|  |TAMS 0x0000000082500000, 0x0000000082400000| Complete 
|  37|0x0000000082500000, 0x0000000082600000, 0x0000000082600000|100%|HS|  |TAMS 0x0000000082600000, 0x0000000082500000| Complete 
|  38|0x0000000082600000, 0x0000000082700000, 0x0000000082700000|100%| O|  |TAMS 0x0000000082700000, 0x0000000082600000| Untracked 
|  39|0x0000000082700000, 0x0000000082800000, 0x0000000082800000|100%| O|  |TAMS 0x0000000082800000, 0x0000000082700000| Untracked 
|  40|0x0000000082800000, 0x0000000082900000, 0x0000000082900000|100%| O|  |TAMS 0x0000000082900000, 0x0000000082800000| Untracked 
|  41|0x0000000082900000, 0x0000000082a00000, 0x0000000082a00000|100%|HS|  |TAMS 0x0000000082a00000, 0x0000000082900000| Complete 
|  42|0x0000000082a00000, 0x0000000082b00000, 0x0000000082b00000|100%|HC|  |TAMS 0x0000000082b00000, 0x0000000082a00000| Complete 
|  43|0x0000000082b00000, 0x0000000082c00000, 0x0000000082c00000|100%|HC|  |TAMS 0x0000000082c00000, 0x0000000082b00000| Complete 
|  44|0x0000000082c00000, 0x0000000082d00000, 0x0000000082d00000|100%|HC|  |TAMS 0x0000000082d00000, 0x0000000082c00000| Complete 
|  45|0x0000000082d00000, 0x0000000082e00000, 0x0000000082e00000|100%|HC|  |TAMS 0x0000000082e00000, 0x0000000082d00000| Complete 
|  46|0x0000000082e00000, 0x0000000082f00000, 0x0000000082f00000|100%|HC|  |TAMS 0x0000000082f00000, 0x0000000082e00000| Complete 
|  47|0x0000000082f00000, 0x0000000083000000, 0x0000000083000000|100%|HC|  |TAMS 0x0000000083000000, 0x0000000082f00000| Complete 
|  48|0x0000000083000000, 0x0000000083100000, 0x0000000083100000|100%|HC|  |TAMS 0x0000000083100000, 0x0000000083000000| Complete 
|  49|0x0000000083100000, 0x0000000083200000, 0x0000000083200000|100%|HC|  |TAMS 0x0000000083200000, 0x0000000083100000| Complete 
|  50|0x0000000083200000, 0x0000000083300000, 0x0000000083300000|100%|HC|  |TAMS 0x0000000083300000, 0x0000000083200000| Complete 
|  51|0x0000000083300000, 0x0000000083400000, 0x0000000083400000|100%|HS|  |TAMS 0x0000000083400000, 0x0000000083300000| Complete 
|  52|0x0000000083400000, 0x0000000083500000, 0x0000000083500000|100%|HC|  |TAMS 0x0000000083500000, 0x0000000083400000| Complete 
|  53|0x0000000083500000, 0x0000000083600000, 0x0000000083600000|100%|HC|  |TAMS 0x0000000083600000, 0x0000000083500000| Complete 
|  54|0x0000000083600000, 0x0000000083700000, 0x0000000083700000|100%|HC|  |TAMS 0x0000000083700000, 0x0000000083600000| Complete 
|  55|0x0000000083700000, 0x0000000083800000, 0x0000000083800000|100%|HC|  |TAMS 0x0000000083800000, 0x0000000083700000| Complete 
|  56|0x0000000083800000, 0x0000000083900000, 0x0000000083900000|100%|HC|  |TAMS 0x0000000083900000, 0x0000000083800000| Complete 
|  57|0x0000000083900000, 0x0000000083a00000, 0x0000000083a00000|100%| O|  |TAMS 0x0000000083a00000, 0x0000000083900000| Untracked 
|  58|0x0000000083a00000, 0x0000000083b00000, 0x0000000083b00000|100%| O|  |TAMS 0x0000000083b00000, 0x0000000083a00000| Untracked 
|  59|0x0000000083b00000, 0x0000000083c00000, 0x0000000083c00000|100%| O|  |TAMS 0x0000000083c00000, 0x0000000083b00000| Untracked 
|  60|0x0000000083c00000, 0x0000000083d00000, 0x0000000083d00000|100%| O|  |TAMS 0x0000000083d00000, 0x0000000083c00000| Untracked 
|  61|0x0000000083d00000, 0x0000000083e00000, 0x0000000083e00000|100%| O|  |TAMS 0x0000000083e00000, 0x0000000083d00000| Untracked 
|  62|0x0000000083e00000, 0x0000000083f00000, 0x0000000083f00000|100%| O|  |TAMS 0x0000000083f00000, 0x0000000083e00000| Untracked 
|  63|0x0000000083f00000, 0x0000000084000000, 0x0000000084000000|100%| O|  |TAMS 0x0000000084000000, 0x0000000083f00000| Untracked 
|  64|0x0000000084000000, 0x0000000084100000, 0x0000000084100000|100%|HS|  |TAMS 0x0000000084100000, 0x0000000084000000| Complete 
|  65|0x0000000084100000, 0x0000000084200000, 0x0000000084200000|100%| O|  |TAMS 0x0000000084100000, 0x0000000084100000| Untracked 
|  66|0x0000000084200000, 0x0000000084300000, 0x0000000084300000|100%| O|  |TAMS 0x0000000084300000, 0x0000000084200000| Untracked 
|  67|0x0000000084300000, 0x0000000084400000, 0x0000000084400000|100%| O|  |TAMS 0x0000000084400000, 0x0000000084300000| Untracked 
|  68|0x0000000084400000, 0x0000000084500000, 0x0000000084500000|100%| O|  |TAMS 0x0000000084500000, 0x0000000084400000| Untracked 
|  69|0x0000000084500000, 0x0000000084600000, 0x0000000084600000|100%|HS|  |TAMS 0x0000000084600000, 0x0000000084500000| Complete 
|  70|0x0000000084600000, 0x0000000084700000, 0x0000000084700000|100%|HC|  |TAMS 0x0000000084700000, 0x0000000084600000| Complete 
|  71|0x0000000084700000, 0x0000000084800000, 0x0000000084800000|100%|HC|  |TAMS 0x0000000084800000, 0x0000000084700000| Complete 
|  72|0x0000000084800000, 0x0000000084900000, 0x0000000084900000|100%|HC|  |TAMS 0x0000000084900000, 0x0000000084800000| Complete 
|  73|0x0000000084900000, 0x0000000084a00000, 0x0000000084a00000|100%|HC|  |TAMS 0x0000000084a00000, 0x0000000084900000| Complete 
|  74|0x0000000084a00000, 0x0000000084b00000, 0x0000000084b00000|100%|HC|  |TAMS 0x0000000084b00000, 0x0000000084a00000| Complete 
|  75|0x0000000084b00000, 0x0000000084c00000, 0x0000000084c00000|100%| O|  |TAMS 0x0000000084c00000, 0x0000000084b00000| Untracked 
|  76|0x0000000084c00000, 0x0000000084d00000, 0x0000000084d00000|100%| O|  |TAMS 0x0000000084d00000, 0x0000000084c00000| Untracked 
|  77|0x0000000084d00000, 0x0000000084e00000, 0x0000000084e00000|100%| O|  |TAMS 0x0000000084e00000, 0x0000000084d00000| Untracked 
|  78|0x0000000084e00000, 0x0000000084f00000, 0x0000000084f00000|100%| O|  |TAMS 0x0000000084f00000, 0x0000000084e00000| Untracked 
|  79|0x0000000084f00000, 0x0000000085000000, 0x0000000085000000|100%| O|  |TAMS 0x0000000085000000, 0x0000000084f00000| Untracked 
|  80|0x0000000085000000, 0x0000000085100000, 0x0000000085100000|100%| O|  |TAMS 0x0000000085000000, 0x0000000085000000| Untracked 
|  81|0x0000000085100000, 0x0000000085200000, 0x0000000085200000|100%| O|  |TAMS 0x0000000085200000, 0x0000000085100000| Untracked 
|  82|0x0000000085200000, 0x0000000085300000, 0x0000000085300000|100%| O|  |TAMS 0x0000000085300000, 0x0000000085200000| Untracked 
|  83|0x0000000085300000, 0x0000000085400000, 0x0000000085400000|100%| O|  |TAMS 0x0000000085400000, 0x0000000085300000| Untracked 
|  84|0x0000000085400000, 0x0000000085500000, 0x0000000085500000|100%| O|  |TAMS 0x0000000085500000, 0x0000000085400000| Untracked 
|  85|0x0000000085500000, 0x0000000085600000, 0x0000000085600000|100%| O|  |TAMS 0x0000000085600000, 0x0000000085500000| Untracked 
|  86|0x0000000085600000, 0x0000000085700000, 0x0000000085700000|100%| O|  |TAMS 0x0000000085683000, 0x0000000085600000| Untracked 
|  87|0x0000000085700000, 0x0000000085800000, 0x0000000085800000|100%| O|  |TAMS 0x0000000085700000, 0x0000000085700000| Untracked 
|  88|0x0000000085800000, 0x00000000858cb800, 0x0000000085900000| 79%| O|  |TAMS 0x0000000085800000, 0x0000000085800000| Untracked 
|  89|0x0000000085900000, 0x0000000085900000, 0x0000000085a00000|  0%| F|  |TAMS 0x0000000085900000, 0x0000000085900000| Untracked 
|  90|0x0000000085a00000, 0x0000000085a00000, 0x0000000085b00000|  0%| F|  |TAMS 0x0000000085a00000, 0x0000000085a00000| Untracked 
|  91|0x0000000085b00000, 0x0000000085b00000, 0x0000000085c00000|  0%| F|  |TAMS 0x0000000085b00000, 0x0000000085b00000| Untracked 
|  92|0x0000000085c00000, 0x0000000085d00000, 0x0000000085d00000|100%|HS|  |TAMS 0x0000000085d00000, 0x0000000085c00000| Complete 
|  93|0x0000000085d00000, 0x0000000085e00000, 0x0000000085e00000|100%|HC|  |TAMS 0x0000000085e00000, 0x0000000085d00000| Complete 
|  94|0x0000000085e00000, 0x0000000085f00000, 0x0000000085f00000|100%| O|  |TAMS 0x0000000085f00000, 0x0000000085e00000| Untracked 
|  95|0x0000000085f00000, 0x0000000086000000, 0x0000000086000000|100%| O|  |TAMS 0x0000000086000000, 0x0000000085f00000| Untracked 
|  96|0x0000000086000000, 0x0000000086100000, 0x0000000086100000|100%| O|  |TAMS 0x0000000086100000, 0x0000000086000000| Untracked 
|  97|0x0000000086100000, 0x0000000086100000, 0x0000000086200000|  0%| F|  |TAMS 0x0000000086100000, 0x0000000086100000| Untracked 
|  98|0x0000000086200000, 0x0000000086300000, 0x0000000086300000|100%| O|  |TAMS 0x0000000086300000, 0x0000000086200000| Untracked 
|  99|0x0000000086300000, 0x0000000086400000, 0x0000000086400000|100%| O|  |TAMS 0x0000000086400000, 0x0000000086300000| Untracked 
| 100|0x0000000086400000, 0x0000000086500000, 0x0000000086500000|100%| O|  |TAMS 0x0000000086500000, 0x0000000086400000| Untracked 
| 101|0x0000000086500000, 0x0000000086600000, 0x0000000086600000|100%| O|  |TAMS 0x0000000086600000, 0x0000000086500000| Untracked 
| 102|0x0000000086600000, 0x0000000086700000, 0x0000000086700000|100%| O|  |TAMS 0x0000000086700000, 0x0000000086600000| Untracked 
| 103|0x0000000086700000, 0x0000000086700000, 0x0000000086800000|  0%| F|  |TAMS 0x0000000086700000, 0x0000000086700000| Untracked 
| 104|0x0000000086800000, 0x0000000086900000, 0x0000000086900000|100%|HS|  |TAMS 0x0000000086900000, 0x0000000086800000| Complete 
| 105|0x0000000086900000, 0x0000000086a00000, 0x0000000086a00000|100%|HC|  |TAMS 0x0000000086a00000, 0x0000000086900000| Complete 
| 106|0x0000000086a00000, 0x0000000086b00000, 0x0000000086b00000|100%| O|  |TAMS 0x0000000086b00000, 0x0000000086a00000| Untracked 
| 107|0x0000000086b00000, 0x0000000086c00000, 0x0000000086c00000|100%| O|  |TAMS 0x0000000086c00000, 0x0000000086b00000| Untracked 
| 108|0x0000000086c00000, 0x0000000086d00000, 0x0000000086d00000|100%| O|  |TAMS 0x0000000086d00000, 0x0000000086c00000| Untracked 
| 109|0x0000000086d00000, 0x0000000086e00000, 0x0000000086e00000|100%| O|  |TAMS 0x0000000086e00000, 0x0000000086d00000| Untracked 
| 110|0x0000000086e00000, 0x0000000086e00000, 0x0000000086f00000|  0%| F|  |TAMS 0x0000000086e00000, 0x0000000086e00000| Untracked 
| 111|0x0000000086f00000, 0x0000000087000000, 0x0000000087000000|100%|HS|  |TAMS 0x0000000087000000, 0x0000000086f00000| Complete 
| 112|0x0000000087000000, 0x0000000087100000, 0x0000000087100000|100%|HC|  |TAMS 0x0000000087100000, 0x0000000087000000| Complete 
| 113|0x0000000087100000, 0x0000000087200000, 0x0000000087200000|100%|HC|  |TAMS 0x0000000087200000, 0x0000000087100000| Complete 
| 114|0x0000000087200000, 0x0000000087300000, 0x0000000087300000|100%|HC|  |TAMS 0x0000000087300000, 0x0000000087200000| Complete 
| 115|0x0000000087300000, 0x0000000087400000, 0x0000000087400000|100%|HC|  |TAMS 0x0000000087400000, 0x0000000087300000| Complete 
| 116|0x0000000087400000, 0x0000000087500000, 0x0000000087500000|100%|HC|  |TAMS 0x0000000087500000, 0x0000000087400000| Complete 
| 117|0x0000000087500000, 0x0000000087600000, 0x0000000087600000|100%|HC|  |TAMS 0x0000000087600000, 0x0000000087500000| Complete 
| 118|0x0000000087600000, 0x0000000087700000, 0x0000000087700000|100%|HC|  |TAMS 0x0000000087700000, 0x0000000087600000| Complete 
| 119|0x0000000087700000, 0x0000000087800000, 0x0000000087800000|100%|HC|  |TAMS 0x0000000087800000, 0x0000000087700000| Complete 
| 120|0x0000000087800000, 0x0000000087900000, 0x0000000087900000|100%|HC|  |TAMS 0x0000000087900000, 0x0000000087800000| Complete 
| 121|0x0000000087900000, 0x0000000087a00000, 0x0000000087a00000|100%|HS|  |TAMS 0x0000000087a00000, 0x0000000087900000| Complete 
| 122|0x0000000087a00000, 0x0000000087b00000, 0x0000000087b00000|100%|HC|  |TAMS 0x0000000087b00000, 0x0000000087a00000| Complete 
| 123|0x0000000087b00000, 0x0000000087c00000, 0x0000000087c00000|100%|HC|  |TAMS 0x0000000087c00000, 0x0000000087b00000| Complete 
| 124|0x0000000087c00000, 0x0000000087c00000, 0x0000000087d00000|  0%| F|  |TAMS 0x0000000087c00000, 0x0000000087c00000| Untracked 
| 125|0x0000000087d00000, 0x0000000087d00000, 0x0000000087e00000|  0%| F|  |TAMS 0x0000000087d00000, 0x0000000087d00000| Untracked 
| 126|0x0000000087e00000, 0x0000000087e00000, 0x0000000087f00000|  0%| F|  |TAMS 0x0000000087e00000, 0x0000000087e00000| Untracked 
| 127|0x0000000087f00000, 0x0000000087f00000, 0x0000000088000000|  0%| F|  |TAMS 0x0000000087f00000, 0x0000000087f00000| Untracked 
| 128|0x0000000088000000, 0x0000000088000000, 0x0000000088100000|  0%| F|  |TAMS 0x0000000088000000, 0x0000000088000000| Untracked 
| 129|0x0000000088100000, 0x0000000088100000, 0x0000000088200000|  0%| F|  |TAMS 0x0000000088100000, 0x0000000088100000| Untracked 
| 130|0x0000000088200000, 0x0000000088200000, 0x0000000088300000|  0%| F|  |TAMS 0x0000000088200000, 0x0000000088200000| Untracked 
| 131|0x0000000088300000, 0x0000000088300000, 0x0000000088400000|  0%| F|  |TAMS 0x0000000088300000, 0x0000000088300000| Untracked 
| 132|0x0000000088400000, 0x0000000088400000, 0x0000000088500000|  0%| F|  |TAMS 0x0000000088400000, 0x0000000088400000| Untracked 
| 133|0x0000000088500000, 0x0000000088500000, 0x0000000088600000|  0%| F|  |TAMS 0x0000000088500000, 0x0000000088500000| Untracked 
| 134|0x0000000088600000, 0x0000000088600000, 0x0000000088700000|  0%| F|  |TAMS 0x0000000088600000, 0x0000000088600000| Untracked 
| 135|0x0000000088700000, 0x0000000088700000, 0x0000000088800000|  0%| F|  |TAMS 0x0000000088700000, 0x0000000088700000| Untracked 
| 136|0x0000000088800000, 0x0000000088800000, 0x0000000088900000|  0%| F|  |TAMS 0x0000000088800000, 0x0000000088800000| Untracked 
| 137|0x0000000088900000, 0x0000000088900000, 0x0000000088a00000|  0%| F|  |TAMS 0x0000000088900000, 0x0000000088900000| Untracked 
| 138|0x0000000088a00000, 0x0000000088a00000, 0x0000000088b00000|  0%| F|  |TAMS 0x0000000088a00000, 0x0000000088a00000| Untracked 
| 139|0x0000000088b00000, 0x0000000088b00000, 0x0000000088c00000|  0%| F|  |TAMS 0x0000000088b00000, 0x0000000088b00000| Untracked 
| 140|0x0000000088c00000, 0x0000000088c00000, 0x0000000088d00000|  0%| F|  |TAMS 0x0000000088c00000, 0x0000000088c00000| Untracked 
| 141|0x0000000088d00000, 0x0000000088d00000, 0x0000000088e00000|  0%| F|  |TAMS 0x0000000088d00000, 0x0000000088d00000| Untracked 
| 142|0x0000000088e00000, 0x0000000088e00000, 0x0000000088f00000|  0%| F|  |TAMS 0x0000000088e00000, 0x0000000088e00000| Untracked 
| 143|0x0000000088f00000, 0x0000000088f00000, 0x0000000089000000|  0%| F|  |TAMS 0x0000000088f00000, 0x0000000088f00000| Untracked 
| 144|0x0000000089000000, 0x0000000089000000, 0x0000000089100000|  0%| F|  |TAMS 0x0000000089000000, 0x0000000089000000| Untracked 
| 145|0x0000000089100000, 0x0000000089100000, 0x0000000089200000|  0%| F|  |TAMS 0x0000000089100000, 0x0000000089100000| Untracked 
| 146|0x0000000089200000, 0x0000000089200000, 0x0000000089300000|  0%| F|  |TAMS 0x0000000089200000, 0x0000000089200000| Untracked 
| 147|0x0000000089300000, 0x0000000089300000, 0x0000000089400000|  0%| F|  |TAMS 0x0000000089300000, 0x0000000089300000| Untracked 
| 148|0x0000000089400000, 0x0000000089400000, 0x0000000089500000|  0%| F|  |TAMS 0x0000000089400000, 0x0000000089400000| Untracked 
| 149|0x0000000089500000, 0x0000000089500000, 0x0000000089600000|  0%| F|  |TAMS 0x0000000089500000, 0x0000000089500000| Untracked 
| 150|0x0000000089600000, 0x0000000089600000, 0x0000000089700000|  0%| F|  |TAMS 0x0000000089600000, 0x0000000089600000| Untracked 
| 151|0x0000000089700000, 0x000000008975c9a0, 0x0000000089800000| 36%| S|CS|TAMS 0x0000000089700000, 0x0000000089700000| Complete 
| 152|0x0000000089800000, 0x0000000089900000, 0x0000000089900000|100%| S|CS|TAMS 0x0000000089800000, 0x0000000089800000| Complete 
| 153|0x0000000089900000, 0x0000000089900000, 0x0000000089a00000|  0%| F|  |TAMS 0x0000000089900000, 0x0000000089900000| Untracked 
| 154|0x0000000089a00000, 0x0000000089a00000, 0x0000000089b00000|  0%| F|  |TAMS 0x0000000089a00000, 0x0000000089a00000| Untracked 
| 155|0x0000000089b00000, 0x0000000089b00000, 0x0000000089c00000|  0%| F|  |TAMS 0x0000000089b00000, 0x0000000089b00000| Untracked 
| 156|0x0000000089c00000, 0x0000000089c00000, 0x0000000089d00000|  0%| F|  |TAMS 0x0000000089c00000, 0x0000000089c00000| Untracked 
| 157|0x0000000089d00000, 0x0000000089d00000, 0x0000000089e00000|  0%| F|  |TAMS 0x0000000089d00000, 0x0000000089d00000| Untracked 
| 158|0x0000000089e00000, 0x0000000089e00000, 0x0000000089f00000|  0%| F|  |TAMS 0x0000000089e00000, 0x0000000089e00000| Untracked 
| 159|0x0000000089f00000, 0x0000000089f00000, 0x000000008a000000|  0%| F|  |TAMS 0x0000000089f00000, 0x0000000089f00000| Untracked 
| 160|0x000000008a000000, 0x000000008a000000, 0x000000008a100000|  0%| F|  |TAMS 0x000000008a000000, 0x000000008a000000| Untracked 
| 161|0x000000008a100000, 0x000000008a100000, 0x000000008a200000|  0%| F|  |TAMS 0x000000008a100000, 0x000000008a100000| Untracked 
| 162|0x000000008a200000, 0x000000008a200000, 0x000000008a300000|  0%| F|  |TAMS 0x000000008a200000, 0x000000008a200000| Untracked 
| 163|0x000000008a300000, 0x000000008a300000, 0x000000008a400000|  0%| F|  |TAMS 0x000000008a300000, 0x000000008a300000| Untracked 
| 164|0x000000008a400000, 0x000000008a400000, 0x000000008a500000|  0%| F|  |TAMS 0x000000008a400000, 0x000000008a400000| Untracked 
| 165|0x000000008a500000, 0x000000008a500000, 0x000000008a600000|  0%| F|  |TAMS 0x000000008a500000, 0x000000008a500000| Untracked 
| 166|0x000000008a600000, 0x000000008a600000, 0x000000008a700000|  0%| F|  |TAMS 0x000000008a600000, 0x000000008a600000| Untracked 
| 167|0x000000008a700000, 0x000000008a700000, 0x000000008a800000|  0%| F|  |TAMS 0x000000008a700000, 0x000000008a700000| Untracked 
| 168|0x000000008a800000, 0x000000008a800000, 0x000000008a900000|  0%| F|  |TAMS 0x000000008a800000, 0x000000008a800000| Untracked 
| 169|0x000000008a900000, 0x000000008a900000, 0x000000008aa00000|  0%| F|  |TAMS 0x000000008a900000, 0x000000008a900000| Untracked 
| 170|0x000000008aa00000, 0x000000008aa00000, 0x000000008ab00000|  0%| F|  |TAMS 0x000000008aa00000, 0x000000008aa00000| Untracked 
| 171|0x000000008ab00000, 0x000000008ab00000, 0x000000008ac00000|  0%| F|  |TAMS 0x000000008ab00000, 0x000000008ab00000| Untracked 
| 172|0x000000008ac00000, 0x000000008ac00000, 0x000000008ad00000|  0%| F|  |TAMS 0x000000008ac00000, 0x000000008ac00000| Untracked 
| 173|0x000000008ad00000, 0x000000008ad00000, 0x000000008ae00000|  0%| F|  |TAMS 0x000000008ad00000, 0x000000008ad00000| Untracked 
| 174|0x000000008ae00000, 0x000000008ae00000, 0x000000008af00000|  0%| F|  |TAMS 0x000000008ae00000, 0x000000008ae00000| Untracked 
| 175|0x000000008af00000, 0x000000008af00000, 0x000000008b000000|  0%| F|  |TAMS 0x000000008af00000, 0x000000008af00000| Untracked 
| 176|0x000000008b000000, 0x000000008b000000, 0x000000008b100000|  0%| F|  |TAMS 0x000000008b000000, 0x000000008b000000| Untracked 
| 177|0x000000008b100000, 0x000000008b100000, 0x000000008b200000|  0%| F|  |TAMS 0x000000008b100000, 0x000000008b100000| Untracked 
| 178|0x000000008b200000, 0x000000008b200000, 0x000000008b300000|  0%| F|  |TAMS 0x000000008b200000, 0x000000008b200000| Untracked 
| 179|0x000000008b300000, 0x000000008b300000, 0x000000008b400000|  0%| F|  |TAMS 0x000000008b300000, 0x000000008b300000| Untracked 
| 180|0x000000008b400000, 0x000000008b400000, 0x000000008b500000|  0%| F|  |TAMS 0x000000008b400000, 0x000000008b400000| Untracked 
| 181|0x000000008b500000, 0x000000008b500000, 0x000000008b600000|  0%| F|  |TAMS 0x000000008b500000, 0x000000008b500000| Untracked 
| 182|0x000000008b600000, 0x000000008b600000, 0x000000008b700000|  0%| F|  |TAMS 0x000000008b600000, 0x000000008b600000| Untracked 
| 183|0x000000008b700000, 0x000000008b700000, 0x000000008b800000|  0%| F|  |TAMS 0x000000008b700000, 0x000000008b700000| Untracked 
| 184|0x000000008b800000, 0x000000008b800000, 0x000000008b900000|  0%| F|  |TAMS 0x000000008b800000, 0x000000008b800000| Untracked 
| 185|0x000000008b900000, 0x000000008b900000, 0x000000008ba00000|  0%| F|  |TAMS 0x000000008b900000, 0x000000008b900000| Untracked 
| 186|0x000000008ba00000, 0x000000008ba00000, 0x000000008bb00000|  0%| F|  |TAMS 0x000000008ba00000, 0x000000008ba00000| Untracked 
| 187|0x000000008bb00000, 0x000000008bb00000, 0x000000008bc00000|  0%| F|  |TAMS 0x000000008bb00000, 0x000000008bb00000| Untracked 
| 188|0x000000008bc00000, 0x000000008bc00000, 0x000000008bd00000|  0%| F|  |TAMS 0x000000008bc00000, 0x000000008bc00000| Untracked 
| 189|0x000000008bd00000, 0x000000008bd00000, 0x000000008be00000|  0%| F|  |TAMS 0x000000008bd00000, 0x000000008bd00000| Untracked 
| 190|0x000000008be00000, 0x000000008be00000, 0x000000008bf00000|  0%| F|  |TAMS 0x000000008be00000, 0x000000008be00000| Untracked 
| 191|0x000000008bf00000, 0x000000008bf00000, 0x000000008c000000|  0%| F|  |TAMS 0x000000008bf00000, 0x000000008bf00000| Untracked 
| 192|0x000000008c000000, 0x000000008c000000, 0x000000008c100000|  0%| F|  |TAMS 0x000000008c000000, 0x000000008c000000| Untracked 
| 193|0x000000008c100000, 0x000000008c100000, 0x000000008c200000|  0%| F|  |TAMS 0x000000008c100000, 0x000000008c100000| Untracked 
| 194|0x000000008c200000, 0x000000008c200000, 0x000000008c300000|  0%| F|  |TAMS 0x000000008c200000, 0x000000008c200000| Untracked 
| 195|0x000000008c300000, 0x000000008c300000, 0x000000008c400000|  0%| F|  |TAMS 0x000000008c300000, 0x000000008c300000| Untracked 
| 196|0x000000008c400000, 0x000000008c400000, 0x000000008c500000|  0%| F|  |TAMS 0x000000008c400000, 0x000000008c400000| Untracked 
| 197|0x000000008c500000, 0x000000008c500000, 0x000000008c600000|  0%| F|  |TAMS 0x000000008c500000, 0x000000008c500000| Untracked 
| 198|0x000000008c600000, 0x000000008c600000, 0x000000008c700000|  0%| F|  |TAMS 0x000000008c600000, 0x000000008c600000| Untracked 
| 199|0x000000008c700000, 0x000000008c700000, 0x000000008c800000|  0%| F|  |TAMS 0x000000008c700000, 0x000000008c700000| Untracked 
| 200|0x000000008c800000, 0x000000008c800000, 0x000000008c900000|  0%| F|  |TAMS 0x000000008c800000, 0x000000008c800000| Untracked 
| 201|0x000000008c900000, 0x000000008c900000, 0x000000008ca00000|  0%| F|  |TAMS 0x000000008c900000, 0x000000008c900000| Untracked 
| 202|0x000000008ca00000, 0x000000008ca00000, 0x000000008cb00000|  0%| F|  |TAMS 0x000000008ca00000, 0x000000008ca00000| Untracked 
| 203|0x000000008cb00000, 0x000000008cb00000, 0x000000008cc00000|  0%| F|  |TAMS 0x000000008cb00000, 0x000000008cb00000| Untracked 
| 204|0x000000008cc00000, 0x000000008cc00000, 0x000000008cd00000|  0%| F|  |TAMS 0x000000008cc00000, 0x000000008cc00000| Untracked 
| 205|0x000000008cd00000, 0x000000008cd00000, 0x000000008ce00000|  0%| F|  |TAMS 0x000000008cd00000, 0x000000008cd00000| Untracked 
| 206|0x000000008ce00000, 0x000000008ce00000, 0x000000008cf00000|  0%| F|  |TAMS 0x000000008ce00000, 0x000000008ce00000| Untracked 
| 207|0x000000008cf00000, 0x000000008cf00000, 0x000000008d000000|  0%| F|  |TAMS 0x000000008cf00000, 0x000000008cf00000| Untracked 
| 208|0x000000008d000000, 0x000000008d000000, 0x000000008d100000|  0%| F|  |TAMS 0x000000008d000000, 0x000000008d000000| Untracked 
| 209|0x000000008d100000, 0x000000008d100000, 0x000000008d200000|  0%| F|  |TAMS 0x000000008d100000, 0x000000008d100000| Untracked 
| 210|0x000000008d200000, 0x000000008d200000, 0x000000008d300000|  0%| F|  |TAMS 0x000000008d200000, 0x000000008d200000| Untracked 
| 211|0x000000008d300000, 0x000000008d300000, 0x000000008d400000|  0%| F|  |TAMS 0x000000008d300000, 0x000000008d300000| Untracked 
| 212|0x000000008d400000, 0x000000008d400000, 0x000000008d500000|  0%| F|  |TAMS 0x000000008d400000, 0x000000008d400000| Untracked 
| 213|0x000000008d500000, 0x000000008d500000, 0x000000008d600000|  0%| F|  |TAMS 0x000000008d500000, 0x000000008d500000| Untracked 
| 214|0x000000008d600000, 0x000000008d600000, 0x000000008d700000|  0%| F|  |TAMS 0x000000008d600000, 0x000000008d600000| Untracked 
| 215|0x000000008d700000, 0x000000008d700000, 0x000000008d800000|  0%| F|  |TAMS 0x000000008d700000, 0x000000008d700000| Untracked 
| 216|0x000000008d800000, 0x000000008d800000, 0x000000008d900000|  0%| F|  |TAMS 0x000000008d800000, 0x000000008d800000| Untracked 
| 217|0x000000008d900000, 0x000000008d900000, 0x000000008da00000|  0%| F|  |TAMS 0x000000008d900000, 0x000000008d900000| Untracked 
| 218|0x000000008da00000, 0x000000008da00000, 0x000000008db00000|  0%| F|  |TAMS 0x000000008da00000, 0x000000008da00000| Untracked 
| 219|0x000000008db00000, 0x000000008db00000, 0x000000008dc00000|  0%| F|  |TAMS 0x000000008db00000, 0x000000008db00000| Untracked 
| 220|0x000000008dc00000, 0x000000008dc00000, 0x000000008dd00000|  0%| F|  |TAMS 0x000000008dc00000, 0x000000008dc00000| Untracked 
| 221|0x000000008dd00000, 0x000000008dd00000, 0x000000008de00000|  0%| F|  |TAMS 0x000000008dd00000, 0x000000008dd00000| Untracked 
| 222|0x000000008de00000, 0x000000008de00000, 0x000000008df00000|  0%| F|  |TAMS 0x000000008de00000, 0x000000008de00000| Untracked 
| 223|0x000000008df00000, 0x000000008df00000, 0x000000008e000000|  0%| F|  |TAMS 0x000000008df00000, 0x000000008df00000| Untracked 
| 224|0x000000008e000000, 0x000000008e000000, 0x000000008e100000|  0%| F|  |TAMS 0x000000008e000000, 0x000000008e000000| Untracked 
| 225|0x000000008e100000, 0x000000008e100000, 0x000000008e200000|  0%| F|  |TAMS 0x000000008e100000, 0x000000008e100000| Untracked 
| 226|0x000000008e200000, 0x000000008e200000, 0x000000008e300000|  0%| F|  |TAMS 0x000000008e200000, 0x000000008e200000| Untracked 
| 227|0x000000008e300000, 0x000000008e300000, 0x000000008e400000|  0%| F|  |TAMS 0x000000008e300000, 0x000000008e300000| Untracked 
| 228|0x000000008e400000, 0x000000008e400000, 0x000000008e500000|  0%| F|  |TAMS 0x000000008e400000, 0x000000008e400000| Untracked 
| 229|0x000000008e500000, 0x000000008e500000, 0x000000008e600000|  0%| F|  |TAMS 0x000000008e500000, 0x000000008e500000| Untracked 
| 230|0x000000008e600000, 0x000000008e600000, 0x000000008e700000|  0%| F|  |TAMS 0x000000008e600000, 0x000000008e600000| Untracked 
| 231|0x000000008e700000, 0x000000008e700000, 0x000000008e800000|  0%| F|  |TAMS 0x000000008e700000, 0x000000008e700000| Untracked 
| 232|0x000000008e800000, 0x000000008e800000, 0x000000008e900000|  0%| F|  |TAMS 0x000000008e800000, 0x000000008e800000| Untracked 
| 233|0x000000008e900000, 0x000000008e900000, 0x000000008ea00000|  0%| F|  |TAMS 0x000000008e900000, 0x000000008e900000| Untracked 
| 234|0x000000008ea00000, 0x000000008ea00000, 0x000000008eb00000|  0%| F|  |TAMS 0x000000008ea00000, 0x000000008ea00000| Untracked 
| 235|0x000000008eb00000, 0x000000008eb00000, 0x000000008ec00000|  0%| F|  |TAMS 0x000000008eb00000, 0x000000008eb00000| Untracked 
| 236|0x000000008ec00000, 0x000000008ec00000, 0x000000008ed00000|  0%| F|  |TAMS 0x000000008ec00000, 0x000000008ec00000| Untracked 
| 237|0x000000008ed00000, 0x000000008ed00000, 0x000000008ee00000|  0%| F|  |TAMS 0x000000008ed00000, 0x000000008ed00000| Untracked 
| 238|0x000000008ee00000, 0x000000008ee00000, 0x000000008ef00000|  0%| F|  |TAMS 0x000000008ee00000, 0x000000008ee00000| Untracked 
| 239|0x000000008ef00000, 0x000000008ef00000, 0x000000008f000000|  0%| F|  |TAMS 0x000000008ef00000, 0x000000008ef00000| Untracked 
| 240|0x000000008f000000, 0x000000008f000000, 0x000000008f100000|  0%| F|  |TAMS 0x000000008f000000, 0x000000008f000000| Untracked 
| 241|0x000000008f100000, 0x000000008f100000, 0x000000008f200000|  0%| F|  |TAMS 0x000000008f100000, 0x000000008f100000| Untracked 
| 242|0x000000008f200000, 0x000000008f200000, 0x000000008f300000|  0%| F|  |TAMS 0x000000008f200000, 0x000000008f200000| Untracked 
| 243|0x000000008f300000, 0x000000008f300000, 0x000000008f400000|  0%| F|  |TAMS 0x000000008f300000, 0x000000008f300000| Untracked 
| 244|0x000000008f400000, 0x000000008f400000, 0x000000008f500000|  0%| F|  |TAMS 0x000000008f400000, 0x000000008f400000| Untracked 
| 245|0x000000008f500000, 0x000000008f500000, 0x000000008f600000|  0%| F|  |TAMS 0x000000008f500000, 0x000000008f500000| Untracked 
| 246|0x000000008f600000, 0x000000008f600000, 0x000000008f700000|  0%| F|  |TAMS 0x000000008f600000, 0x000000008f600000| Untracked 
| 247|0x000000008f700000, 0x000000008f700000, 0x000000008f800000|  0%| F|  |TAMS 0x000000008f700000, 0x000000008f700000| Untracked 
| 248|0x000000008f800000, 0x000000008f800000, 0x000000008f900000|  0%| F|  |TAMS 0x000000008f800000, 0x000000008f800000| Untracked 
| 249|0x000000008f900000, 0x000000008f900000, 0x000000008fa00000|  0%| F|  |TAMS 0x000000008f900000, 0x000000008f900000| Untracked 
| 250|0x000000008fa00000, 0x000000008fa00000, 0x000000008fb00000|  0%| F|  |TAMS 0x000000008fa00000, 0x000000008fa00000| Untracked 
| 251|0x000000008fb00000, 0x000000008fb00000, 0x000000008fc00000|  0%| F|  |TAMS 0x000000008fb00000, 0x000000008fb00000| Untracked 
| 252|0x000000008fc00000, 0x000000008fc00000, 0x000000008fd00000|  0%| F|  |TAMS 0x000000008fc00000, 0x000000008fc00000| Untracked 
| 253|0x000000008fd00000, 0x000000008fd00000, 0x000000008fe00000|  0%| F|  |TAMS 0x000000008fd00000, 0x000000008fd00000| Untracked 
| 254|0x000000008fe00000, 0x000000008fe00000, 0x000000008ff00000|  0%| F|  |TAMS 0x000000008fe00000, 0x000000008fe00000| Untracked 
| 255|0x000000008ff00000, 0x000000008ff00000, 0x0000000090000000|  0%| F|  |TAMS 0x000000008ff00000, 0x000000008ff00000| Untracked 
| 256|0x0000000090000000, 0x0000000090000000, 0x0000000090100000|  0%| F|  |TAMS 0x0000000090000000, 0x0000000090000000| Untracked 
| 257|0x0000000090100000, 0x0000000090100000, 0x0000000090200000|  0%| F|  |TAMS 0x0000000090100000, 0x0000000090100000| Untracked 
| 258|0x0000000090200000, 0x0000000090200000, 0x0000000090300000|  0%| F|  |TAMS 0x0000000090200000, 0x0000000090200000| Untracked 
| 259|0x0000000090300000, 0x0000000090300000, 0x0000000090400000|  0%| F|  |TAMS 0x0000000090300000, 0x0000000090300000| Untracked 
| 260|0x0000000090400000, 0x0000000090400000, 0x0000000090500000|  0%| F|  |TAMS 0x0000000090400000, 0x0000000090400000| Untracked 
| 261|0x0000000090500000, 0x0000000090500000, 0x0000000090600000|  0%| F|  |TAMS 0x0000000090500000, 0x0000000090500000| Untracked 
| 262|0x0000000090600000, 0x0000000090600000, 0x0000000090700000|  0%| F|  |TAMS 0x0000000090600000, 0x0000000090600000| Untracked 
| 263|0x0000000090700000, 0x0000000090700000, 0x0000000090800000|  0%| F|  |TAMS 0x0000000090700000, 0x0000000090700000| Untracked 
| 264|0x0000000090800000, 0x0000000090800000, 0x0000000090900000|  0%| F|  |TAMS 0x0000000090800000, 0x0000000090800000| Untracked 
| 265|0x0000000090900000, 0x0000000090900000, 0x0000000090a00000|  0%| F|  |TAMS 0x0000000090900000, 0x0000000090900000| Untracked 
| 266|0x0000000090a00000, 0x0000000090a00000, 0x0000000090b00000|  0%| F|  |TAMS 0x0000000090a00000, 0x0000000090a00000| Untracked 
| 267|0x0000000090b00000, 0x0000000090b00000, 0x0000000090c00000|  0%| F|  |TAMS 0x0000000090b00000, 0x0000000090b00000| Untracked 
| 268|0x0000000090c00000, 0x0000000090c00000, 0x0000000090d00000|  0%| F|  |TAMS 0x0000000090c00000, 0x0000000090c00000| Untracked 

Card table byte_map: [0x000001b11fec0000,0x000001b1202c0000] _byte_map_base: 0x000001b11fac0000

Marking Bits (Prev, Next): (CMBitMap*) 0x000001b10da63b00, (CMBitMap*) 0x000001b10da63ac0
 Prev Bits: [0x000001b1226c0000, 0x000001b1246c0000)
 Next Bits: [0x000001b1206c0000, 0x000001b1226c0000)

Polling page: 0x000001b10b7f0000

Metaspace:

Usage:
  Non-class:     44.96 MB used.
      Class:      6.83 MB used.
       Both:     51.79 MB used.

Virtual space:
  Non-class space:       48.00 MB reserved,      45.19 MB ( 94%) committed,  6 nodes.
      Class space:        1.00 GB reserved,       7.06 MB ( <1%) committed,  1 nodes.
             Both:        1.05 GB reserved,      52.25 MB (  5%) committed. 

Chunk freelists:
   Non-Class:  2.28 MB
       Class:  1.00 MB
        Both:  3.29 MB

MaxMetaspaceSize: unlimited
CompressedClassSpaceSize: 1.00 GB
Initial GC threshold: 21.00 MB
Current GC threshold: 87.13 MB
CDS: off
MetaspaceReclaimPolicy: balanced
 - commit_granule_bytes: 65536.
 - commit_granule_words: 8192.
 - virtual_space_node_default_size: 1048576.
 - enlarge_chunks_in_place: 1.
 - new_chunks_are_fully_committed: 0.
 - uncommit_free_chunks: 1.
 - use_allocation_guard: 0.
 - handle_deallocations: 1.


Internal statistics:

num_allocs_failed_limit: 3.
num_arena_births: 444.
num_arena_deaths: 8.
num_vsnodes_births: 7.
num_vsnodes_deaths: 0.
num_space_committed: 836.
num_space_uncommitted: 0.
num_chunks_returned_to_freelist: 14.
num_chunks_taken_from_freelist: 2086.
num_chunk_merges: 3.
num_chunk_splits: 1384.
num_chunks_enlarged: 985.
num_purges: 6.
num_inconsistent_stats: 0.

CodeHeap 'non-profiled nmethods': size=120064Kb used=5405Kb max_used=5405Kb free=114658Kb
 bounds [0x000001b118980000, 0x000001b118ed0000, 0x000001b11fec0000]
CodeHeap 'profiled nmethods': size=120000Kb used=10104Kb max_used=11102Kb free=109896Kb
 bounds [0x000001b110ec0000, 0x000001b1119d0000, 0x000001b1183f0000]
CodeHeap 'non-nmethods': size=5696Kb used=2305Kb max_used=2438Kb free=3390Kb
 bounds [0x000001b1183f0000, 0x000001b118670000, 0x000001b118980000]
 total_blobs=6207 nmethods=5381 adapters=739
 compilation: enabled
              stopped_count=0, restarted_count=0
 full_count=0

Compilation events (20 events):
Event: 115.090 Thread 0x000001b127525740 nmethod 6828 0x000001b110f02310 code [0x000001b110f02680, 0x000001b110f03c58]
Event: 115.091 Thread 0x000001b127525740 6829       3       org.objectweb.asm.ClassVisitor::visitEnd (15 bytes)
Event: 115.092 Thread 0x000001b127525740 nmethod 6829 0x000001b111453c90 code [0x000001b111453e40, 0x000001b111454048]
Event: 115.164 Thread 0x000001b127520610 nmethod 6827% 0x000001b118e8d690 code [0x000001b118e8de00, 0x000001b118e96ea8]
Event: 115.166 Thread 0x000001b127520610 6830 %     4       org.objectweb.asm.ClassReader::readCode @ 92 (5109 bytes)
Event: 115.212 Thread 0x000001b127525740 6831       3       org.gradle.internal.classpath.InstrumentingTransformer$InstrumentingVisitor::visitEnd (39 bytes)
Event: 115.213 Thread 0x000001b127525740 nmethod 6831 0x000001b111629d90 code [0x000001b111629f80, 0x000001b11162a3d8]
Event: 116.465 Thread 0x000001b127520610 nmethod 6830% 0x000001b118e9d290 code [0x000001b118e9dcc0, 0x000001b118ea9060]
Event: 116.466 Thread 0x000001b127520610 6834       4       org.objectweb.asm.SymbolTable::addConstantIntegerOrFloat (100 bytes)
Event: 116.534 Thread 0x000001b127520610 nmethod 6834 0x000001b118eb1490 code [0x000001b118eb1660, 0x000001b118eb26e8]
Event: 116.534 Thread 0x000001b127520610 6835       4       org.objectweb.asm.ClassReader::readCode (5109 bytes)
Event: 117.551 Thread 0x000001b127520610 nmethod 6835 0x000001b118eb2d90 code [0x000001b118eb37e0, 0x000001b118ebda70]
Event: 117.552 Thread 0x000001b127520610 6833       4       org.objectweb.asm.MethodVisitor::visitTryCatchBlock (20 bytes)
Event: 117.577 Thread 0x000001b127520610 nmethod 6833 0x000001b118ec5110 code [0x000001b118ec52e0, 0x000001b118ec65c8]
Event: 117.577 Thread 0x000001b127520610 6836       4       org.objectweb.asm.MethodWriter::visitTryCatchBlock (67 bytes)
Event: 117.587 Thread 0x000001b127520610 nmethod 6836 0x000001b118ec6990 code [0x000001b118ec6b20, 0x000001b118ec73e8]
Event: 119.441 Thread 0x000001b127525740 6837       3       org.gradle.internal.classpath.InstrumentingTransformer$InstrumentingVisitor::visitStaticPrivateMethod (14 bytes)
Event: 119.442 Thread 0x000001b127525740 nmethod 6837 0x000001b111453790 code [0x000001b111453940, 0x000001b111453b08]
Event: 120.393 Thread 0x000001b127525740 6838       3       java.lang.ThreadLocal$ThreadLocalMap::expungeStaleEntry (146 bytes)
Event: 120.394 Thread 0x000001b127525740 nmethod 6838 0x000001b11106bd90 code [0x000001b11106bfc0, 0x000001b11106cd58]

GC Heap History (20 events):
Event: 102.934 GC heap after
{Heap after GC invocations=96 (full 0):
 garbage-first heap   total 275456K, used 129274K [0x0000000080000000, 0x0000000100000000)
  region size 1024K, 8 young (8192K), 8 survivors (8192K)
 Metaspace       used 53047K, committed 53504K, reserved 1097728K
  class space    used 7001K, committed 7232K, reserved 1048576K
}
Event: 106.265 GC heap before
{Heap before GC invocations=96 (full 0):
 garbage-first heap   total 275456K, used 241914K [0x0000000080000000, 0x0000000100000000)
  region size 1024K, 115 young (117760K), 8 survivors (8192K)
 Metaspace       used 53050K, committed 53504K, reserved 1097728K
  class space    used 7001K, committed 7232K, reserved 1048576K
}
Event: 106.281 GC heap after
{Heap after GC invocations=97 (full 0):
 garbage-first heap   total 275456K, used 133882K [0x0000000080000000, 0x0000000100000000)
  region size 1024K, 10 young (10240K), 10 survivors (10240K)
 Metaspace       used 53050K, committed 53504K, reserved 1097728K
  class space    used 7001K, committed 7232K, reserved 1048576K
}
Event: 107.321 GC heap before
{Heap before GC invocations=97 (full 0):
 garbage-first heap   total 275456K, used 236282K [0x0000000080000000, 0x0000000100000000)
  region size 1024K, 110 young (112640K), 10 survivors (10240K)
 Metaspace       used 53050K, committed 53504K, reserved 1097728K
  class space    used 7001K, committed 7232K, reserved 1048576K
}
Event: 107.338 GC heap after
{Heap after GC invocations=98 (full 0):
 garbage-first heap   total 275456K, used 134750K [0x0000000080000000, 0x0000000100000000)
  region size 1024K, 9 young (9216K), 9 survivors (9216K)
 Metaspace       used 53050K, committed 53504K, reserved 1097728K
  class space    used 7001K, committed 7232K, reserved 1048576K
}
Event: 109.834 GC heap before
{Heap before GC invocations=99 (full 0):
 garbage-first heap   total 275456K, used 224862K [0x0000000080000000, 0x0000000100000000)
  region size 1024K, 109 young (111616K), 9 survivors (9216K)
 Metaspace       used 53031K, committed 53504K, reserved 1097728K
  class space    used 6995K, committed 7232K, reserved 1048576K
}
Event: 109.846 GC heap after
{Heap after GC invocations=100 (full 0):
 garbage-first heap   total 275456K, used 122966K [0x0000000080000000, 0x0000000100000000)
  region size 1024K, 8 young (8192K), 8 survivors (8192K)
 Metaspace       used 53031K, committed 53504K, reserved 1097728K
  class space    used 6995K, committed 7232K, reserved 1048576K
}
Event: 109.867 GC heap before
{Heap before GC invocations=100 (full 0):
 garbage-first heap   total 275456K, used 128086K [0x0000000080000000, 0x0000000100000000)
  region size 1024K, 13 young (13312K), 8 survivors (8192K)
 Metaspace       used 53031K, committed 53504K, reserved 1097728K
  class space    used 6995K, committed 7232K, reserved 1048576K
}
Event: 109.887 GC heap after
{Heap after GC invocations=101 (full 0):
 garbage-first heap   total 275456K, used 119769K [0x0000000080000000, 0x0000000100000000)
  region size 1024K, 1 young (1024K), 1 survivors (1024K)
 Metaspace       used 53031K, committed 53504K, reserved 1097728K
  class space    used 6995K, committed 7232K, reserved 1048576K
}
Event: 110.922 GC heap before
{Heap before GC invocations=101 (full 0):
 garbage-first heap   total 275456K, used 239577K [0x0000000080000000, 0x0000000100000000)
  region size 1024K, 118 young (120832K), 1 survivors (1024K)
 Metaspace       used 53031K, committed 53504K, reserved 1097728K
  class space    used 6995K, committed 7232K, reserved 1048576K
}
Event: 110.932 GC heap after
{Heap after GC invocations=102 (full 0):
 garbage-first heap   total 275456K, used 120701K [0x0000000080000000, 0x0000000100000000)
  region size 1024K, 2 young (2048K), 2 survivors (2048K)
 Metaspace       used 53031K, committed 53504K, reserved 1097728K
  class space    used 6995K, committed 7232K, reserved 1048576K
}
Event: 112.600 GC heap before
{Heap before GC invocations=102 (full 0):
 garbage-first heap   total 275456K, used 240509K [0x0000000080000000, 0x0000000100000000)
  region size 1024K, 119 young (121856K), 2 survivors (2048K)
 Metaspace       used 53031K, committed 53504K, reserved 1097728K
  class space    used 6995K, committed 7232K, reserved 1048576K
}
Event: 112.604 GC heap after
{Heap after GC invocations=103 (full 0):
 garbage-first heap   total 275456K, used 121305K [0x0000000080000000, 0x0000000100000000)
  region size 1024K, 2 young (2048K), 2 survivors (2048K)
 Metaspace       used 53031K, committed 53504K, reserved 1097728K
  class space    used 6995K, committed 7232K, reserved 1048576K
}
Event: 112.868 GC heap before
{Heap before GC invocations=103 (full 0):
 garbage-first heap   total 275456K, used 165337K [0x0000000080000000, 0x0000000100000000)
  region size 1024K, 46 young (47104K), 2 survivors (2048K)
 Metaspace       used 53031K, committed 53504K, reserved 1097728K
  class space    used 6995K, committed 7232K, reserved 1048576K
}
Event: 112.874 GC heap after
{Heap after GC invocations=104 (full 0):
 garbage-first heap   total 275456K, used 122051K [0x0000000080000000, 0x0000000100000000)
  region size 1024K, 3 young (3072K), 3 survivors (3072K)
 Metaspace       used 53031K, committed 53504K, reserved 1097728K
  class space    used 6995K, committed 7232K, reserved 1048576K
}
Event: 116.788 GC heap before
{Heap before GC invocations=105 (full 0):
 garbage-first heap   total 275456K, used 238787K [0x0000000080000000, 0x0000000100000000)
  region size 1024K, 116 young (118784K), 3 survivors (3072K)
 Metaspace       used 53031K, committed 53504K, reserved 1097728K
  class space    used 6995K, committed 7232K, reserved 1048576K
}
Event: 116.796 GC heap after
{Heap after GC invocations=106 (full 0):
 garbage-first heap   total 275456K, used 123353K [0x0000000080000000, 0x0000000100000000)
  region size 1024K, 4 young (4096K), 4 survivors (4096K)
 Metaspace       used 53031K, committed 53504K, reserved 1097728K
  class space    used 6995K, committed 7232K, reserved 1048576K
}
Event: 116.851 GC heap before
{Heap before GC invocations=106 (full 0):
 garbage-first heap   total 275456K, used 132569K [0x0000000080000000, 0x0000000100000000)
  region size 1024K, 13 young (13312K), 4 survivors (4096K)
 Metaspace       used 53031K, committed 53504K, reserved 1097728K
  class space    used 6995K, committed 7232K, reserved 1048576K
}
Event: 116.858 GC heap after
{Heap after GC invocations=107 (full 0):
 garbage-first heap   total 275456K, used 121270K [0x0000000080000000, 0x0000000100000000)
  region size 1024K, 1 young (1024K), 1 survivors (1024K)
 Metaspace       used 53031K, committed 53504K, reserved 1097728K
  class space    used 6995K, committed 7232K, reserved 1048576K
}
Event: 120.479 GC heap before
{Heap before GC invocations=107 (full 0):
 garbage-first heap   total 275456K, used 241078K [0x0000000080000000, 0x0000000100000000)
  region size 1024K, 116 young (118784K), 1 survivors (1024K)
 Metaspace       used 53031K, committed 53504K, reserved 1097728K
  class space    used 6995K, committed 7232K, reserved 1048576K
}

Dll operation events (2 events):
Event: 0.009 Loaded shared library E:\Android Pro\jbr\bin\java.dll
Event: 1.579 Loaded shared library E:\Android Pro\jbr\bin\verify.dll

Deoptimization events (20 events):
Event: 114.123 Thread 0x000001b127876d40 Uncommon trap: trap_request=0xffffffc6 fr.pc=0x000001b1189ccabc relative=0x000000000000029c
Event: 114.123 Thread 0x000001b127876d40 Uncommon trap: reason=bimorphic_or_optimized_type_check action=maybe_recompile pc=0x000001b1189ccabc method=org.objectweb.asm.ClassVisitor.visitEnd()V @ 11 c2
Event: 114.123 Thread 0x000001b127876d40 DEOPT PACKING pc=0x000001b1189ccabc sp=0x00000016275fe790
Event: 114.123 Thread 0x000001b127876d40 DEOPT UNPACKING pc=0x000001b11844699d sp=0x00000016275fe740 mode 2
Event: 114.123 Thread 0x000001b127876d40 Uncommon trap: trap_request=0xffffffc6 fr.pc=0x000001b1189ccabc relative=0x000000000000029c
Event: 114.123 Thread 0x000001b127876d40 Uncommon trap: reason=bimorphic_or_optimized_type_check action=maybe_recompile pc=0x000001b1189ccabc method=org.objectweb.asm.ClassVisitor.visitEnd()V @ 11 c2
Event: 114.123 Thread 0x000001b127876d40 DEOPT PACKING pc=0x000001b1189ccabc sp=0x00000016275fe790
Event: 114.123 Thread 0x000001b127876d40 DEOPT UNPACKING pc=0x000001b11844699d sp=0x00000016275fe740 mode 2
Event: 114.123 Thread 0x000001b127876d40 Uncommon trap: trap_request=0xffffffc6 fr.pc=0x000001b1189ccabc relative=0x000000000000029c
Event: 114.123 Thread 0x000001b127876d40 Uncommon trap: reason=bimorphic_or_optimized_type_check action=maybe_recompile pc=0x000001b1189ccabc method=org.objectweb.asm.ClassVisitor.visitEnd()V @ 11 c2
Event: 114.123 Thread 0x000001b127876d40 DEOPT PACKING pc=0x000001b1189ccabc sp=0x00000016275fe790
Event: 114.123 Thread 0x000001b127876d40 DEOPT UNPACKING pc=0x000001b11844699d sp=0x00000016275fe740 mode 2
Event: 114.123 Thread 0x000001b127876d40 Uncommon trap: trap_request=0xffffffc6 fr.pc=0x000001b1189ccabc relative=0x000000000000029c
Event: 114.123 Thread 0x000001b127876d40 Uncommon trap: reason=bimorphic_or_optimized_type_check action=maybe_recompile pc=0x000001b1189ccabc method=org.objectweb.asm.ClassVisitor.visitEnd()V @ 11 c2
Event: 114.123 Thread 0x000001b127876d40 DEOPT PACKING pc=0x000001b1189ccabc sp=0x00000016275fe790
Event: 114.123 Thread 0x000001b127876d40 DEOPT UNPACKING pc=0x000001b11844699d sp=0x00000016275fe740 mode 2
Event: 114.312 Thread 0x000001b127876d40 Uncommon trap: trap_request=0xffffffde fr.pc=0x000001b118e5aff8 relative=0x0000000000008398
Event: 114.312 Thread 0x000001b127876d40 Uncommon trap: reason=class_check action=maybe_recompile pc=0x000001b118e5aff8 method=org.objectweb.asm.ClassReader.readCode(Lorg/objectweb/asm/MethodVisitor;Lorg/objectweb/asm/Context;I)V @ 3966 c2
Event: 114.312 Thread 0x000001b127876d40 DEOPT PACKING pc=0x000001b118e5aff8 sp=0x00000016275fe5f0
Event: 114.312 Thread 0x000001b127876d40 DEOPT UNPACKING pc=0x000001b11844699d sp=0x00000016275fe570 mode 2

Classes unloaded (10 events):
Event: 53.749 Thread 0x000001b126afe080 Unloading class 0x00000001005fc558 '_BuildScript_$_run_closure1'
Event: 53.749 Thread 0x000001b126afe080 Unloading class 0x00000001005fc000 '_BuildScript_'
Event: 57.992 Thread 0x000001b126afe080 Unloading class 0x0000000100688968 '_BuildScript_$_run_closure1$_closure2'
Event: 57.992 Thread 0x000001b126afe080 Unloading class 0x0000000100688558 '_BuildScript_$_run_closure1'
Event: 57.992 Thread 0x000001b126afe080 Unloading class 0x0000000100688000 '_BuildScript_'
Event: 107.429 Thread 0x000001b126afe080 Unloading class 0x00000001006fb968 '_BuildScript_$_run_closure1$_closure2'
Event: 107.429 Thread 0x000001b126afe080 Unloading class 0x00000001006fb558 '_BuildScript_$_run_closure1'
Event: 107.429 Thread 0x000001b126afe080 Unloading class 0x00000001006fb000 '_BuildScript_'
Event: 107.429 Thread 0x000001b126afe080 Unloading class 0x00000001006f8558 '_BuildScript_$_run_closure1'
Event: 107.429 Thread 0x000001b126afe080 Unloading class 0x00000001006f8000 '_BuildScript_'

Classes redefined (0 events):
No events

Internal exceptions (20 events):
Event: 79.845 Thread 0x000001b127875060 Exception <a 'sun/nio/fs/WindowsException'{0x000000008f4a2c98}> (0x000000008f4a2c98) 
thrown [s\src\hotspot\share\prims\jni.cpp, line 517]
Event: 79.874 Thread 0x000001b127875060 Implicit null exception at 0x000001b1189e7ce2 to 0x000001b1189eac10
Event: 97.552 Thread 0x000001b127876d40 Exception <a 'sun/nio/fs/WindowsException'{0x000000008e757c00}> (0x000000008e757c00) 
thrown [s\src\hotspot\share\prims\jni.cpp, line 517]
Event: 97.553 Thread 0x000001b127876d40 Exception <a 'sun/nio/fs/WindowsException'{0x000000008e757d88}> (0x000000008e757d88) 
thrown [s\src\hotspot\share\prims\jni.cpp, line 517]
Event: 97.866 Thread 0x000001b127876d40 Exception <a 'sun/nio/fs/WindowsException'{0x000000008cd260b8}> (0x000000008cd260b8) 
thrown [s\src\hotspot\share\prims\jni.cpp, line 517]
Event: 101.991 Thread 0x000001b127876d40 Exception <a 'sun/nio/fs/WindowsException'{0x000000008e050828}> (0x000000008e050828) 
thrown [s\src\hotspot\share\prims\jni.cpp, line 517]
Event: 101.991 Thread 0x000001b127876d40 Exception <a 'sun/nio/fs/WindowsException'{0x000000008e050990}> (0x000000008e050990) 
thrown [s\src\hotspot\share\prims\jni.cpp, line 517]
Event: 102.101 Thread 0x000001b127876d40 Exception <a 'sun/nio/fs/WindowsException'{0x000000008e0653a8}> (0x000000008e0653a8) 
thrown [s\src\hotspot\share\prims\jni.cpp, line 517]
Event: 102.145 Thread 0x000001b127876d40 Exception <a 'sun/nio/fs/WindowsException'{0x000000008d21f190}> (0x000000008d21f190) 
thrown [s\src\hotspot\share\prims\jni.cpp, line 517]
Event: 102.189 Thread 0x000001b127876d40 Exception <a 'sun/nio/fs/WindowsException'{0x000000008d21f358}> (0x000000008d21f358) 
thrown [s\src\hotspot\share\prims\jni.cpp, line 517]
Event: 102.318 Thread 0x000001b127876d40 Exception <a 'sun/nio/fs/WindowsException'{0x000000008d22f298}> (0x000000008d22f298) 
thrown [s\src\hotspot\share\prims\jni.cpp, line 517]
Event: 102.399 Thread 0x000001b127876d40 Exception <a 'sun/nio/fs/WindowsException'{0x000000008ba1c1d8}> (0x000000008ba1c1d8) 
thrown [s\src\hotspot\share\prims\jni.cpp, line 517]
Event: 102.425 Thread 0x000001b127876d40 Exception <a 'sun/nio/fs/WindowsException'{0x000000008ba1c348}> (0x000000008ba1c348) 
thrown [s\src\hotspot\share\prims\jni.cpp, line 517]
Event: 102.592 Thread 0x000001b127876d40 Exception <a 'sun/nio/fs/WindowsException'{0x000000009070d3c0}> (0x000000009070d3c0) 
thrown [s\src\hotspot\share\prims\jni.cpp, line 517]
Event: 102.608 Thread 0x000001b127876d40 Exception <a 'sun/nio/fs/WindowsException'{0x000000009033ea28}> (0x000000009033ea28) 
thrown [s\src\hotspot\share\prims\jni.cpp, line 517]
Event: 102.629 Thread 0x000001b127876d40 Exception <a 'sun/nio/fs/WindowsException'{0x000000009033ebd8}> (0x000000009033ebd8) 
thrown [s\src\hotspot\share\prims\jni.cpp, line 517]
Event: 102.635 Thread 0x000001b127876d40 Exception <a 'sun/nio/fs/WindowsException'{0x0000000090346830}> (0x0000000090346830) 
thrown [s\src\hotspot\share\prims\jni.cpp, line 517]
Event: 102.638 Thread 0x000001b127876d40 Exception <a 'sun/nio/fs/WindowsException'{0x000000008fe05278}> (0x000000008fe05278) 
thrown [s\src\hotspot\share\prims\jni.cpp, line 517]
Event: 102.639 Thread 0x000001b127876d40 Exception <a 'sun/nio/fs/WindowsException'{0x000000008fe05418}> (0x000000008fe05418) 
thrown [s\src\hotspot\share\prims\jni.cpp, line 517]
Event: 102.916 Thread 0x000001b127876d40 Exception <a 'sun/nio/fs/WindowsException'{0x000000008d9801c0}> (0x000000008d9801c0) 
thrown [s\src\hotspot\share\prims\jni.cpp, line 517]

VM Operations (20 events):
Event: 110.933 Executing VM operation: G1CollectForAllocation done
Event: 111.933 Executing VM operation: Cleanup
Event: 111.933 Executing VM operation: Cleanup done
Event: 112.600 Executing VM operation: G1CollectForAllocation
Event: 112.604 Executing VM operation: G1CollectForAllocation done
Event: 112.868 Executing VM operation: G1TryInitiateConcMark
Event: 112.874 Executing VM operation: G1TryInitiateConcMark done
Event: 112.966 Executing VM operation: G1Concurrent
Event: 112.972 Executing VM operation: G1Concurrent done
Event: 113.021 Executing VM operation: G1Concurrent
Event: 113.021 Executing VM operation: G1Concurrent done
Event: 115.023 Executing VM operation: Cleanup
Event: 115.023 Executing VM operation: Cleanup done
Event: 116.046 Executing VM operation: Cleanup
Event: 116.288 Executing VM operation: Cleanup done
Event: 116.788 Executing VM operation: G1CollectForAllocation
Event: 116.796 Executing VM operation: G1CollectForAllocation done
Event: 116.850 Executing VM operation: G1CollectForAllocation
Event: 116.861 Executing VM operation: G1CollectForAllocation done
Event: 120.479 Executing VM operation: G1CollectForAllocation

Events (20 events):
Event: 78.048 Thread 0x000001b127587e90 flushing nmethod 0x000001b1118dbe90
Event: 78.048 Thread 0x000001b127587e90 flushing nmethod 0x000001b1118dd010
Event: 78.048 Thread 0x000001b127587e90 flushing nmethod 0x000001b1118df890
Event: 78.048 Thread 0x000001b127587e90 flushing nmethod 0x000001b1118e3a10
Event: 78.048 Thread 0x000001b127587e90 flushing nmethod 0x000001b1118e4510
Event: 78.048 Thread 0x000001b127587e90 flushing nmethod 0x000001b1118e4d90
Event: 78.048 Thread 0x000001b127587e90 flushing nmethod 0x000001b1118f0110
Event: 78.048 Thread 0x000001b127587e90 flushing nmethod 0x000001b1118f1210
Event: 78.048 Thread 0x000001b127587e90 flushing nmethod 0x000001b1118f1b10
Event: 78.048 Thread 0x000001b127587e90 flushing nmethod 0x000001b1118f4510
Event: 78.048 Thread 0x000001b127587e90 flushing nmethod 0x000001b1118f5510
Event: 78.048 Thread 0x000001b127587e90 flushing nmethod 0x000001b1118f9590
Event: 78.048 Thread 0x000001b127587e90 flushing nmethod 0x000001b1118faf90
Event: 78.048 Thread 0x000001b127587e90 flushing nmethod 0x000001b1118fc710
Event: 78.048 Thread 0x000001b127587e90 flushing nmethod 0x000001b111913810
Event: 78.048 Thread 0x000001b127587e90 flushing nmethod 0x000001b111956510
Event: 78.048 Thread 0x000001b127587e90 flushing nmethod 0x000001b111970710
Event: 78.048 Thread 0x000001b127587e90 flushing nmethod 0x000001b111981190
Event: 81.338 Thread 0x000001b127875a00 Thread exited: 0x000001b127875a00
Event: 96.033 Thread 0x000001b127587e90 flushing nmethod 0x000001b111804590


Dynamic libraries:
0x00007ff6b9b10000 - 0x00007ff6b9b1a000 	E:\Android Pro\jbr\bin\java.exe
0x00007ffcf9c20000 - 0x00007ffcf9e10000 	C:\WINDOWS\SYSTEM32\ntdll.dll
0x00007ffcf89c0000 - 0x00007ffcf8a72000 	C:\WINDOWS\System32\KERNEL32.DLL
0x00007ffcf7600000 - 0x00007ffcf78a5000 	C:\WINDOWS\System32\KERNELBASE.dll
0x00007ffcf4180000 - 0x00007ffcf420f000 	C:\WINDOWS\SYSTEM32\apphelp.dll
0x00007ffcf7a30000 - 0x00007ffcf7b2a000 	C:\WINDOWS\System32\ucrtbase.dll
0x00007ffcf02d0000 - 0x00007ffcf02e7000 	E:\Android Pro\jbr\bin\jli.dll
0x00007ffcf8820000 - 0x00007ffcf89b5000 	C:\WINDOWS\System32\USER32.dll
0x00007ffcf78b0000 - 0x00007ffcf78d1000 	C:\WINDOWS\System32\win32u.dll
0x00007ffcf9490000 - 0x00007ffcf94b6000 	C:\WINDOWS\System32\GDI32.dll
0x00007ffcf7b30000 - 0x00007ffcf7cc6000 	C:\WINDOWS\System32\gdi32full.dll
0x00007ffcf6c30000 - 0x00007ffcf6cce000 	C:\WINDOWS\System32\msvcp_win.dll
0x00007ffcf00c0000 - 0x00007ffcf00db000 	E:\Android Pro\jbr\bin\VCRUNTIME140.dll
0x00007ffce4920000 - 0x00007ffce4ba4000 	C:\WINDOWS\WinSxS\amd64_microsoft.windows.common-controls_6595b64144ccf1df_6.0.18362.1082_none_9e8193e1e45b25c1\COMCTL32.dll
0x00007ffcf9b40000 - 0x00007ffcf9bde000 	C:\WINDOWS\System32\msvcrt.dll
0x00007ffcf8430000 - 0x00007ffcf8765000 	C:\WINDOWS\System32\combase.dll
0x00007ffcf9230000 - 0x00007ffcf9350000 	C:\WINDOWS\System32\RPCRT4.dll
0x00007ffcf6bb0000 - 0x00007ffcf6c30000 	C:\WINDOWS\System32\bcryptPrimitives.dll
0x00007ffcf7cd0000 - 0x00007ffcf7cfe000 	C:\WINDOWS\System32\IMM32.DLL
0x00007ffcf0470000 - 0x00007ffcf047c000 	E:\Android Pro\jbr\bin\vcruntime140_1.dll
0x00007ffce5230000 - 0x00007ffce52bd000 	E:\Android Pro\jbr\bin\msvcp140.dll
0x00007ffcb45b0000 - 0x00007ffcb521d000 	E:\Android Pro\jbr\bin\server\jvm.dll
0x00007ffcf8770000 - 0x00007ffcf8813000 	C:\WINDOWS\System32\ADVAPI32.dll
0x00007ffcf7d00000 - 0x00007ffcf7d97000 	C:\WINDOWS\System32\sechost.dll
0x00007ffcf4040000 - 0x00007ffcf4049000 	C:\WINDOWS\SYSTEM32\WSOCK32.dll
0x00007ffcf9420000 - 0x00007ffcf948f000 	C:\WINDOWS\System32\WS2_32.dll
0x00007ffcf3f50000 - 0x00007ffcf3f74000 	C:\WINDOWS\SYSTEM32\WINMM.dll
0x00007ffceb1f0000 - 0x00007ffceb1fa000 	C:\WINDOWS\SYSTEM32\VERSION.dll
0x00007ffcf3f20000 - 0x00007ffcf3f4d000 	C:\WINDOWS\SYSTEM32\WINMMBASE.dll
0x00007ffcf6e00000 - 0x00007ffcf6e4a000 	C:\WINDOWS\System32\cfgmgr32.dll
0x00007ffcf6af0000 - 0x00007ffcf6b01000 	C:\WINDOWS\System32\kernel.appcore.dll
0x00007ffcf2950000 - 0x00007ffcf295a000 	E:\Android Pro\jbr\bin\jimage.dll
0x00007ffcf5750000 - 0x00007ffcf5944000 	C:\WINDOWS\SYSTEM32\DBGHELP.DLL
0x00007ffcdfc20000 - 0x00007ffcdfc4a000 	C:\WINDOWS\SYSTEM32\dbgcore.DLL
0x00007ffcf02f0000 - 0x00007ffcf0315000 	E:\Android Pro\jbr\bin\java.dll
0x00007ffcf0d30000 - 0x00007ffcf0d48000 	E:\Android Pro\jbr\bin\zip.dll
0x00007ffcf8b40000 - 0x00007ffcf9227000 	C:\WINDOWS\System32\SHELL32.dll
0x00007ffcf8a90000 - 0x00007ffcf8b39000 	C:\WINDOWS\System32\shcore.dll
0x00007ffcf6e80000 - 0x00007ffcf7600000 	C:\WINDOWS\System32\windows.storage.dll
0x00007ffcf6b60000 - 0x00007ffcf6b83000 	C:\WINDOWS\System32\profapi.dll
0x00007ffcf6b10000 - 0x00007ffcf6b5a000 	C:\WINDOWS\System32\powrprof.dll
0x00007ffcf6ae0000 - 0x00007ffcf6af0000 	C:\WINDOWS\System32\UMPDC.dll
0x00007ffcf94c0000 - 0x00007ffcf9512000 	C:\WINDOWS\System32\shlwapi.dll
0x00007ffcf6de0000 - 0x00007ffcf6df7000 	C:\WINDOWS\System32\cryptsp.dll
0x00007ffcf08c0000 - 0x00007ffcf08d9000 	E:\Android Pro\jbr\bin\net.dll
0x00007ffce9f40000 - 0x00007ffcea030000 	C:\WINDOWS\SYSTEM32\WINHTTP.dll
0x00007ffcf6330000 - 0x00007ffcf6397000 	C:\WINDOWS\system32\mswsock.dll
0x00007ffcf02b0000 - 0x00007ffcf02c6000 	E:\Android Pro\jbr\bin\nio.dll
0x00007ffcf0b10000 - 0x00007ffcf0b20000 	E:\Android Pro\jbr\bin\verify.dll
0x00007ffce93f0000 - 0x00007ffce9417000 	C:\Users\DELL\.gradle\native\68d5fa5c4cc2d200863cafc0d521ce42e7d3e7ee720ec0a83991735586a16f82\windows-amd64\native-platform.dll
0x00007ffce56e0000 - 0x00007ffce5824000 	C:\Users\DELL\.gradle\native\e376f236ea51e6404a007f0833ffe2c6e607c4080706a723a18a27aeea778392\windows-amd64\native-platform-file-events.dll
0x00007ffcf2930000 - 0x00007ffcf2939000 	E:\Android Pro\jbr\bin\management.dll
0x00007ffcf1040000 - 0x00007ffcf104b000 	E:\Android Pro\jbr\bin\management_ext.dll
0x00007ffcf81b0000 - 0x00007ffcf81b8000 	C:\WINDOWS\System32\PSAPI.DLL
0x00007ffcf5ea0000 - 0x00007ffcf5ed3000 	C:\WINDOWS\system32\rsaenh.dll
0x00007ffcf6e50000 - 0x00007ffcf6e76000 	C:\WINDOWS\System32\bcrypt.dll
0x00007ffcf6a00000 - 0x00007ffcf6a25000 	C:\WINDOWS\SYSTEM32\USERENV.dll
0x00007ffcf6500000 - 0x00007ffcf650c000 	C:\WINDOWS\SYSTEM32\CRYPTBASE.dll
0x00007ffcf6040000 - 0x00007ffcf607a000 	C:\WINDOWS\SYSTEM32\IPHLPAPI.DLL
0x00007ffcf8a80000 - 0x00007ffcf8a88000 	C:\WINDOWS\System32\NSI.dll
0x00007ffcea8c0000 - 0x00007ffcea8d6000 	C:\WINDOWS\SYSTEM32\dhcpcsvc6.DLL
0x00007ffcea8a0000 - 0x00007ffcea8bc000 	C:\WINDOWS\SYSTEM32\dhcpcsvc.DLL
0x00007ffcf6080000 - 0x00007ffcf614b000 	C:\WINDOWS\SYSTEM32\DNSAPI.dll
0x00007ffcf04a0000 - 0x00007ffcf04a7000 	C:\WINDOWS\system32\wshunix.dll

dbghelp: loaded successfully - version: 4.0.5 - missing functions: none
symbol engine: initialized successfully - sym options: 0x614 - pdb path: .;E:\Android Pro\jbr\bin;C:\WINDOWS\SYSTEM32;C:\WINDOWS\WinSxS\amd64_microsoft.windows.common-controls_6595b64144ccf1df_6.0.18362.1082_none_9e8193e1e45b25c1;E:\Android Pro\jbr\bin\server;C:\Users\DELL\.gradle\native\68d5fa5c4cc2d200863cafc0d521ce42e7d3e7ee720ec0a83991735586a16f82\windows-amd64;C:\Users\DELL\.gradle\native\e376f236ea51e6404a007f0833ffe2c6e607c4080706a723a18a27aeea778392\windows-amd64

VM Arguments:
jvm_args: --add-opens=java.base/java.util=ALL-UNNAMED --add-opens=java.base/java.lang=ALL-UNNAMED --add-opens=java.base/java.lang.invoke=ALL-UNNAMED --add-opens=java.prefs/java.util.prefs=ALL-UNNAMED --add-opens=java.base/java.nio.charset=ALL-UNNAMED --add-opens=java.base/java.net=ALL-UNNAMED --add-opens=java.base/java.util.concurrent.atomic=ALL-UNNAMED -Xmx2048m -Dfile.encoding=UTF-8 -Duser.country=US -Duser.language=en -Duser.variant 
java_command: org.gradle.launcher.daemon.bootstrap.GradleDaemon 8.0
java_class_path (initial): C:\Users\DELL\.gradle\wrapper\dists\gradle-8.0-bin\ca5e32bp14vu59qr306oxotwh\gradle-8.0\lib\gradle-launcher-8.0.jar
Launcher Type: SUN_STANDARD

[Global flags]
     intx CICompilerCount                          = 2                                         {product} {ergonomic}
     uint ConcGCThreads                            = 1                                         {product} {ergonomic}
     uint G1ConcRefinementThreads                  = 2                                         {product} {ergonomic}
   size_t G1HeapRegionSize                         = 1048576                                   {product} {ergonomic}
    uintx GCDrainStackTargetSize                   = 64                                        {product} {ergonomic}
   size_t InitialHeapSize                          = 132120576                                 {product} {ergonomic}
   size_t MarkStackSize                            = 4194304                                   {product} {ergonomic}
   size_t MaxHeapSize                              = 2147483648                                {product} {command line}
   size_t MaxNewSize                               = 1287651328                                {product} {ergonomic}
   size_t MinHeapDeltaBytes                        = 1048576                                   {product} {ergonomic}
   size_t MinHeapSize                              = 8388608                                   {product} {ergonomic}
    uintx NonNMethodCodeHeapSize                   = 5826188                                {pd product} {ergonomic}
    uintx NonProfiledCodeHeapSize                  = 122916026                              {pd product} {ergonomic}
    uintx ProfiledCodeHeapSize                     = 122916026                              {pd product} {ergonomic}
    uintx ReservedCodeCacheSize                    = 251658240                              {pd product} {ergonomic}
     bool SegmentedCodeCache                       = true                                      {product} {ergonomic}
   size_t SoftMaxHeapSize                          = 2147483648                             {manageable} {ergonomic}
     bool UseCompressedClassPointers               = true                           {product lp64_product} {ergonomic}
     bool UseCompressedOops                        = true                           {product lp64_product} {ergonomic}
     bool UseG1GC                                  = true                                      {product} {ergonomic}
     bool UseLargePagesIndividualAllocation        = false                                  {pd product} {ergonomic}

Logging:
Log output configuration:
 #0: stdout all=warning uptime,level,tags
 #1: stderr all=off uptime,level,tags

Environment Variables:
PATH=C:\Program Files\Common Files\Oracle\Java\javapath;C:\oraclexe\app\oracle\product\11.2.0\server\bin;C:\Program Files (x86)\Common Files\Oracle\Java\javapath;C:\WINDOWS\system32;C:\WINDOWS;C:\WINDOWS\System32\Wbem;C:\WINDOWS\System32\WindowsPowerShell\v1.0\;C:\Program Files\Microsoft SQL Server\110\Tools\Binn\;C:\WINDOWS\System32\OpenSSH\;C:\Program Files (x86)\Microsoft SQL Server\110\Tools\Binn\;C:\Program Files\Microsoft SQL Server\110\DTS\Binn\;C:\Program Files (x86)\Microsoft SQL Server\110\Tools\Binn\ManagementStudio\;C:\Program Files (x86)\Microsoft SQL Server\110\DTS\Binn\;C:\Program Files\Java\jdk-16.0.1\bin;C:\Elastic Stack\elasticsearch-7.14.0\bin;C:\Elastic Stack\kibana-7.14.0-windows-x86_64\bin;C:\Program Files\Java\jdk-16.0.1\bin;C:\Program Files\Java\jre1.8.0_261\bin;E:\Vids\Curl\Curl\bin;C:\Program Files (x86)\dotnet\;C:\Users\DELL\AppData\Local\Programs\Python\Python39\Scripts\;C:\Users\DELL\AppData\Local\Programs\Python\Python39\;C:\Users\DELL\AppData\Local\Microsoft\WindowsApps;C:\Program Files (x86)\Nmap;C:\Python27;
USERNAME=DELL
OS=Windows_NT
PROCESSOR_IDENTIFIER=Intel64 Family 6 Model 142 Stepping 9, GenuineIntel
TMP=C:\Users\DELL\AppData\Local\Temp
TEMP=C:\Users\DELL\AppData\Local\Temp



---------------  S Y S T E M  ---------------

OS:
 Windows 10 , 64 bit Build 18362 (10.0.18362.1082)
OS uptime: 1 days 0:07 hours

CPU: total 2 (initial active 2) (2 cores per cpu, 1 threads per core) family 6 model 142 stepping 9 microcode 0x8e, cx8, cmov, fxsr, mmx, 3dnowpref, sse, sse2, sse3, ssse3, sse4.1, sse4.2, popcnt, lzcnt, tsc, tscinvbit, aes, erms, clmul, clflush, clflushopt

Memory: 4k page, system-wide physical 8057M (301M free)
TotalPageFile size 8057M (AvailPageFile size 37M)
current process WorkingSet (physical memory assigned to process): 446M, peak: 453M
current process commit charge ("private bytes"): 470M, peak: 524M

vm_info: OpenJDK 64-Bit Server VM (17.0.6+0-b2043.56-9586694) for windows-amd64 JRE (17.0.6+0-b2043.56-9586694), built on Feb  9 2023 20:06:20 by "androidbuild" with MS VC++ 16.10 / 16.11 (VS2019)

END.
