#
# There is insufficient memory for the Java Runtime Environment to continue.
# Native memory allocation (mmap) failed to map 220200960 bytes for G1 virtual space
# Possible reasons:
#   The system is out of physical RAM or swap space
#   The process is running with CompressedOops enabled, and the Java Heap may be blocking the growth of the native heap
# Possible solutions:
#   Reduce memory load on the system
#   Increase physical memory or swap space
#   Check if swap backing store is full
#   Decrease Java heap size (-Xmx/-Xms)
#   Decrease number of Java threads
#   Decrease Java thread stack sizes (-Xss)
#   Set larger code cache with -XX:ReservedCodeCacheSize=
#   JVM is running with Unscaled Compressed Oops mode in which the Java heap is
#     placed in the first 4GB address space. The Java Heap base address is the
#     maximum limit for the native heap growth. Please use -XX:HeapBaseMinAddress
#     to set the Java Heap base and to place the Java Heap above 4GB virtual address.
# This output file may be truncated or incomplete.
#
#  Out of Memory Error (os_windows.cpp:3769), pid=4932, tid=10228
#
# JRE version: OpenJDK Runtime Environment (17.0.6) (build 17.0.6+0-b2043.56-9586694)
# Java VM: OpenJDK 64-Bit Server VM (17.0.6+0-b2043.56-9586694, mixed mode, tiered, compressed oops, compressed class ptrs, g1 gc, windows-amd64)
# No core dump will be written. Minidumps are not enabled by default on client versions of Windows
#

---------------  S U M M A R Y ------------

Command Line: --add-opens=java.base/java.util=ALL-UNNAMED --add-opens=java.base/java.lang=ALL-UNNAMED --add-opens=java.base/java.lang.invoke=ALL-UNNAMED --add-opens=java.prefs/java.util.prefs=ALL-UNNAMED --add-opens=java.base/java.nio.charset=ALL-UNNAMED --add-opens=java.base/java.net=ALL-UNNAMED --add-opens=java.base/java.util.concurrent.atomic=ALL-UNNAMED -Xmx2048m -Dfile.encoding=UTF-8 -Duser.country=US -Duser.language=en -Duser.variant org.gradle.launcher.daemon.bootstrap.GradleDaemon 8.0

Host: Intel(R) Celeron(R) CPU 3865U @ 1.80GHz, 2 cores, 7G,  Windows 10 , 64 bit Build 18362 (10.0.18362.1082)
Time: Thu May 18 12:11:30 2023 India Standard Time elapsed time: 17.902861 seconds (0d 0h 0m 17s)

---------------  T H R E A D  ---------------

Current thread (0x000002d9523a6090):  VMThread "VM Thread" [stack: 0x000000fe27600000,0x000000fe27700000] [id=10228]

Stack: [0x000000fe27600000,0x000000fe27700000]
Native frames: (J=compiled Java code, j=interpreted, Vv=VM code, C=native code)
V  [jvm.dll+0x683b4a]
V  [jvm.dll+0x842654]
V  [jvm.dll+0x843dfe]
V  [jvm.dll+0x844463]
V  [jvm.dll+0x249b75]
V  [jvm.dll+0x680a19]
V  [jvm.dll+0x674f0a]
V  [jvm.dll+0x309acb]
V  [jvm.dll+0x310f86]
V  [jvm.dll+0x3608ee]
V  [jvm.dll+0x360b1f]
V  [jvm.dll+0x2dfbf8]
V  [jvm.dll+0x2ddec4]
V  [jvm.dll+0x2dd4cc]
V  [jvm.dll+0x321f3b]
V  [jvm.dll+0x84893b]
V  [jvm.dll+0x849674]
V  [jvm.dll+0x849b8d]
V  [jvm.dll+0x849f64]
V  [jvm.dll+0x84a030]
V  [jvm.dll+0x7f25fa]
V  [jvm.dll+0x682985]
C  [ucrtbase.dll+0x20e82]
C  [KERNEL32.DLL+0x17bd4]
C  [ntdll.dll+0x6ce51]

VM_Operation (0x000000fe294fda70): G1CollectForAllocation, mode: safepoint, requested by thread 0x000002d95333f440


---------------  P R O C E S S  ---------------

Threads class SMR info:
_java_thread_list=0x000002d957321070, length=35, elements={
0x000002d9392da740, 0x000002d952c12610, 0x000002d9523ec6d0, 0x000002d9523bc7f0,
0x000002d9523bd370, 0x000002d9523be030, 0x000002d9523cfc20, 0x000002d9523d2820,
0x000002d9523fd770, 0x000002d9523fdc80, 0x000002d952da8710, 0x000002d952da8be0,
0x000002d9543858c0, 0x000002d9538f9400, 0x000002d9544774c0, 0x000002d952f79590,
0x000002d9545e21c0, 0x000002d952c76030, 0x000002d955443d70, 0x000002d95333eaa0,
0x000002d95333d760, 0x000002d95333e100, 0x000002d95333c8f0, 0x000002d95333ef70,
0x000002d95333cdc0, 0x000002d95333bf50, 0x000002d95333e5d0, 0x000002d95333dc30,
0x000002d95333f440, 0x000002d95333c420, 0x000002d9572376b0, 0x000002d95723a200,
0x000002d957237b80, 0x000002d9572359d0, 0x000002d9572389f0
}

Java Threads: ( => current thread )
  0x000002d9392da740 JavaThread "main" [_thread_blocked, id=3816, stack(0x000000fe26f00000,0x000000fe27000000)]
  0x000002d952c12610 JavaThread "Reference Handler" daemon [_thread_blocked, id=1940, stack(0x000000fe27700000,0x000000fe27800000)]
  0x000002d9523ec6d0 JavaThread "Finalizer" daemon [_thread_blocked, id=7584, stack(0x000000fe27800000,0x000000fe27900000)]
  0x000002d9523bc7f0 JavaThread "Signal Dispatcher" daemon [_thread_blocked, id=9928, stack(0x000000fe27900000,0x000000fe27a00000)]
  0x000002d9523bd370 JavaThread "Attach Listener" daemon [_thread_blocked, id=768, stack(0x000000fe27a00000,0x000000fe27b00000)]
  0x000002d9523be030 JavaThread "Service Thread" daemon [_thread_blocked, id=8644, stack(0x000000fe27b00000,0x000000fe27c00000)]
  0x000002d9523cfc20 JavaThread "Monitor Deflation Thread" daemon [_thread_blocked, id=7160, stack(0x000000fe27c00000,0x000000fe27d00000)]
  0x000002d9523d2820 JavaThread "C2 CompilerThread0" daemon [_thread_in_native, id=4224, stack(0x000000fe27d00000,0x000000fe27e00000)]
  0x000002d9523fd770 JavaThread "C1 CompilerThread0" daemon [_thread_blocked, id=4168, stack(0x000000fe27e00000,0x000000fe27f00000)]
  0x000002d9523fdc80 JavaThread "Sweeper thread" daemon [_thread_blocked, id=10000, stack(0x000000fe27f00000,0x000000fe28000000)]
  0x000002d952da8710 JavaThread "Common-Cleaner" daemon [_thread_blocked, id=9228, stack(0x000000fe28000000,0x000000fe28100000)]
  0x000002d952da8be0 JavaThread "Notification Thread" daemon [_thread_blocked, id=8084, stack(0x000000fe28100000,0x000000fe28200000)]
  0x000002d9543858c0 JavaThread "Daemon health stats" [_thread_blocked, id=8680, stack(0x000000fe28400000,0x000000fe28500000)]
  0x000002d9538f9400 JavaThread "Incoming local TCP Connector on port 35278" [_thread_in_native, id=3784, stack(0x000000fe28500000,0x000000fe28600000)]
  0x000002d9544774c0 JavaThread "Daemon periodic checks" [_thread_blocked, id=7964, stack(0x000000fe28600000,0x000000fe28700000)]
  0x000002d952f79590 JavaThread "Daemon" [_thread_blocked, id=9020, stack(0x000000fe28700000,0x000000fe28800000)]
  0x000002d9545e21c0 JavaThread "Handler for socket connection from /127.0.0.1:35278 to /127.0.0.1:35279" [_thread_in_native, id=11140, stack(0x000000fe28800000,0x000000fe28900000)]
  0x000002d952c76030 JavaThread "Cancel handler" [_thread_blocked, id=7620, stack(0x000000fe28900000,0x000000fe28a00000)]
  0x000002d955443d70 JavaThread "Daemon worker" [_thread_blocked, id=1080, stack(0x000000fe28a00000,0x000000fe28b00000)]
  0x000002d95333eaa0 JavaThread "Asynchronous log dispatcher for DefaultDaemonConnection: socket connection from /127.0.0.1:35278 to /127.0.0.1:35279" [_thread_blocked, id=4100, stack(0x000000fe28b00000,0x000000fe28c00000)]
  0x000002d95333d760 JavaThread "Stdin handler" [_thread_blocked, id=1320, stack(0x000000fe28c00000,0x000000fe28d00000)]
  0x000002d95333e100 JavaThread "Daemon client event forwarder" [_thread_blocked, id=10256, stack(0x000000fe28d00000,0x000000fe28e00000)]
  0x000002d95333c8f0 JavaThread "Cache worker for journal cache (C:\Users\DELL\.gradle\caches\journal-1)" [_thread_blocked, id=5196, stack(0x000000fe28e00000,0x000000fe28f00000)]
  0x000002d95333ef70 JavaThread "File lock request listener" [_thread_in_native, id=4532, stack(0x000000fe28f00000,0x000000fe29000000)]
  0x000002d95333cdc0 JavaThread "Cache worker for file hash cache (C:\Users\DELL\.gradle\caches\8.0\fileHashes)" [_thread_blocked, id=3148, stack(0x000000fe29000000,0x000000fe29100000)]
  0x000002d95333bf50 JavaThread "File watcher server" daemon [_thread_in_native, id=5392, stack(0x000000fe29100000,0x000000fe29200000)]
  0x000002d95333e5d0 JavaThread "File watcher consumer" daemon [_thread_blocked, id=5820, stack(0x000000fe29200000,0x000000fe29300000)]
  0x000002d95333dc30 JavaThread "jar transforms" [_thread_blocked, id=7556, stack(0x000000fe29300000,0x000000fe29400000)]
  0x000002d95333f440 JavaThread "jar transforms Thread 2" [_thread_blocked, id=6244, stack(0x000000fe29400000,0x000000fe29500000)]
  0x000002d95333c420 JavaThread "Cache worker for checksums cache (C:\Users\DELL\AndroidStudioProjects\Pranik\.gradle\8.0\checksums)" [_thread_blocked, id=10080, stack(0x000000fe29500000,0x000000fe29600000)]
  0x000002d9572376b0 JavaThread "Cache worker for cache directory md-rule (C:\Users\DELL\.gradle\caches\8.0\md-rule)" [_thread_blocked, id=2884, stack(0x000000fe29600000,0x000000fe29700000)]
  0x000002d95723a200 JavaThread "Cache worker for file content cache (C:\Users\DELL\.gradle\caches\8.0\fileContent)" [_thread_blocked, id=11136, stack(0x000000fe29700000,0x000000fe29800000)]
  0x000002d957237b80 JavaThread "Cache worker for file hash cache (C:\Users\DELL\AndroidStudioProjects\Pranik\.gradle\8.0\fileHashes)" [_thread_blocked, id=396, stack(0x000000fe29800000,0x000000fe29900000)]
  0x000002d9572359d0 JavaThread "Cache worker for cache directory md-supplier (C:\Users\DELL\.gradle\caches\8.0\md-supplier)" [_thread_blocked, id=8204, stack(0x000000fe29900000,0x000000fe29a00000)]
  0x000002d9572389f0 JavaThread "Cache worker for execution history cache (C:\Users\DELL\.gradle\caches\8.0\executionHistory)" [_thread_blocked, id=3288, stack(0x000000fe29a00000,0x000000fe29b00000)]

Other Threads:
=>0x000002d9523a6090 VMThread "VM Thread" [stack: 0x000000fe27600000,0x000000fe27700000] [id=10228]
  0x000002d952dc92f0 WatcherThread [stack: 0x000000fe28200000,0x000000fe28300000] [id=1784]
  0x000002d9393344c0 GCTaskThread "GC Thread#0" [stack: 0x000000fe27100000,0x000000fe27200000] [id=7004]
  0x000002d952e88c50 GCTaskThread "GC Thread#1" [stack: 0x000000fe28300000,0x000000fe28400000] [id=4452]
  0x000002d939345310 ConcurrentGCThread "G1 Main Marker" [stack: 0x000000fe27200000,0x000000fe27300000] [id=2448]
  0x000002d939345c30 ConcurrentGCThread "G1 Conc#0" [stack: 0x000000fe27300000,0x000000fe27400000] [id=892]
  0x000002d93938df90 ConcurrentGCThread "G1 Refine#0" [stack: 0x000000fe27400000,0x000000fe27500000] [id=8096]
  0x000002d93938e8c0 ConcurrentGCThread "G1 Service" [stack: 0x000000fe27500000,0x000000fe27600000] [id=7980]

Threads with active compile tasks:
C2 CompilerThread0    17940 4611 %     4       org.objectweb.asm.ClassReader::readCode @ 2186 (5109 bytes)

VM state: at safepoint (normal execution)

VM Mutex/Monitor currently owned by a thread:  ([mutex/lock_event])
[0x000002d9392d4ba0] Threads_lock - owner thread: 0x000002d9523a6090
[0x000002d9392d3e20] Heap_lock - owner thread: 0x000002d95333f440

Heap address: 0x0000000080000000, size: 2048 MB, Compressed Oops mode: 32-bit

CDS archive(s) not mapped
Compressed class space mapped at: 0x0000000100000000-0x0000000140000000, reserved size: 1073741824
Narrow klass base: 0x0000000000000000, Narrow klass shift: 3, Narrow klass range: 0x140000000

GC Precious Log:
 CPUs: 2 total, 2 available
 Memory: 8057M
 Large Page Support: Disabled
 NUMA Support: Disabled
 Compressed Oops: Enabled (32-bit)
 Heap Region Size: 1M
 Heap Min Capacity: 8M
 Heap Initial Capacity: 126M
 Heap Max Capacity: 2G
 Pre-touch: Disabled
 Parallel Workers: 2
 Concurrent Workers: 1
 Concurrent Refinement Workers: 2
 Periodic GC: Disabled

Heap:
 garbage-first heap   total 143360K, used 83118K [0x0000000080000000, 0x0000000100000000)
  region size 1024K, 1 young (1024K), 1 survivors (1024K)
 Metaspace       used 47216K, committed 47616K, reserved 1097728K
  class space    used 6218K, committed 6400K, reserved 1048576K

Heap Regions: E=young(eden), S=young(survivor), O=old, HS=humongous(starts), HC=humongous(continues), CS=collection set, F=free, OA=open archive, CA=closed archive, TAMS=top-at-mark-start (previous, next)
|   0|0x0000000080000000, 0x0000000080100000, 0x0000000080100000|100%| O|  |TAMS 0x0000000080100000, 0x0000000080100000| Untracked 
|   1|0x0000000080100000, 0x0000000080200000, 0x0000000080200000|100%| O|  |TAMS 0x0000000080200000, 0x0000000080200000| Untracked 
|   2|0x0000000080200000, 0x0000000080300000, 0x0000000080300000|100%| O|  |TAMS 0x0000000080300000, 0x0000000080300000| Untracked 
|   3|0x0000000080300000, 0x0000000080400000, 0x0000000080400000|100%|HS|  |TAMS 0x0000000080400000, 0x0000000080400000| Complete 
|   4|0x0000000080400000, 0x0000000080500000, 0x0000000080500000|100%|HC|  |TAMS 0x0000000080500000, 0x0000000080500000| Complete 
|   5|0x0000000080500000, 0x0000000080600000, 0x0000000080600000|100%|HC|  |TAMS 0x0000000080600000, 0x0000000080600000| Complete 
|   6|0x0000000080600000, 0x0000000080700000, 0x0000000080700000|100%|HC|  |TAMS 0x0000000080700000, 0x0000000080700000| Complete 
|   7|0x0000000080700000, 0x0000000080800000, 0x0000000080800000|100%| O|  |TAMS 0x0000000080800000, 0x0000000080800000| Untracked 
|   8|0x0000000080800000, 0x0000000080900000, 0x0000000080900000|100%| O|  |TAMS 0x0000000080900000, 0x0000000080900000| Untracked 
|   9|0x0000000080900000, 0x0000000080a00000, 0x0000000080a00000|100%| O|  |TAMS 0x0000000080a00000, 0x0000000080a00000| Untracked 
|  10|0x0000000080a00000, 0x0000000080b00000, 0x0000000080b00000|100%| O|  |TAMS 0x0000000080b00000, 0x0000000080b00000| Untracked 
|  11|0x0000000080b00000, 0x0000000080c00000, 0x0000000080c00000|100%| O|  |TAMS 0x0000000080c00000, 0x0000000080c00000| Untracked 
|  12|0x0000000080c00000, 0x0000000080d00000, 0x0000000080d00000|100%| O|  |TAMS 0x0000000080d00000, 0x0000000080d00000| Untracked 
|  13|0x0000000080d00000, 0x0000000080e00000, 0x0000000080e00000|100%| O|  |TAMS 0x0000000080e00000, 0x0000000080e00000| Untracked 
|  14|0x0000000080e00000, 0x0000000080f00000, 0x0000000080f00000|100%| O|  |TAMS 0x0000000080f00000, 0x0000000080f00000| Untracked 
|  15|0x0000000080f00000, 0x0000000081000000, 0x0000000081000000|100%| O|  |TAMS 0x0000000081000000, 0x0000000081000000| Untracked 
|  16|0x0000000081000000, 0x0000000081100000, 0x0000000081100000|100%| O|  |TAMS 0x0000000081100000, 0x0000000081100000| Untracked 
|  17|0x0000000081100000, 0x0000000081200000, 0x0000000081200000|100%| O|  |TAMS 0x0000000081200000, 0x0000000081200000| Untracked 
|  18|0x0000000081200000, 0x0000000081300000, 0x0000000081300000|100%| O|  |TAMS 0x0000000081300000, 0x0000000081300000| Untracked 
|  19|0x0000000081300000, 0x0000000081400000, 0x0000000081400000|100%|HS|  |TAMS 0x0000000081400000, 0x0000000081400000| Complete 
|  20|0x0000000081400000, 0x0000000081500000, 0x0000000081500000|100%|HC|  |TAMS 0x0000000081500000, 0x0000000081500000| Complete 
|  21|0x0000000081500000, 0x0000000081600000, 0x0000000081600000|100%|HS|  |TAMS 0x0000000081600000, 0x0000000081600000| Complete 
|  22|0x0000000081600000, 0x0000000081700000, 0x0000000081700000|100%|HC|  |TAMS 0x0000000081700000, 0x0000000081700000| Complete 
|  23|0x0000000081700000, 0x0000000081800000, 0x0000000081800000|100%|HC|  |TAMS 0x0000000081800000, 0x0000000081800000| Complete 
|  24|0x0000000081800000, 0x0000000081900000, 0x0000000081900000|100%| O|  |TAMS 0x0000000081900000, 0x0000000081900000| Untracked 
|  25|0x0000000081900000, 0x0000000081a00000, 0x0000000081a00000|100%| O|  |TAMS 0x0000000081a00000, 0x0000000081a00000| Untracked 
|  26|0x0000000081a00000, 0x0000000081b00000, 0x0000000081b00000|100%| O|  |TAMS 0x0000000081b00000, 0x0000000081b00000| Untracked 
|  27|0x0000000081b00000, 0x0000000081c00000, 0x0000000081c00000|100%|HS|  |TAMS 0x0000000081c00000, 0x0000000081c00000| Complete 
|  28|0x0000000081c00000, 0x0000000081d00000, 0x0000000081d00000|100%|HC|  |TAMS 0x0000000081d00000, 0x0000000081d00000| Complete 
|  29|0x0000000081d00000, 0x0000000081e00000, 0x0000000081e00000|100%|HC|  |TAMS 0x0000000081e00000, 0x0000000081e00000| Complete 
|  30|0x0000000081e00000, 0x0000000081f00000, 0x0000000081f00000|100%|HS|  |TAMS 0x0000000081f00000, 0x0000000081f00000| Complete 
|  31|0x0000000081f00000, 0x0000000082000000, 0x0000000082000000|100%|HC|  |TAMS 0x0000000082000000, 0x0000000082000000| Complete 
|  32|0x0000000082000000, 0x0000000082100000, 0x0000000082100000|100%| O|  |TAMS 0x0000000082100000, 0x0000000082100000| Untracked 
|  33|0x0000000082100000, 0x0000000082200000, 0x0000000082200000|100%| O|  |TAMS 0x0000000082200000, 0x0000000082200000| Untracked 
|  34|0x0000000082200000, 0x0000000082300000, 0x0000000082300000|100%| O|  |TAMS 0x0000000082300000, 0x0000000082300000| Untracked 
|  35|0x0000000082300000, 0x0000000082400000, 0x0000000082400000|100%|HS|  |TAMS 0x0000000082400000, 0x0000000082400000| Complete 
|  36|0x0000000082400000, 0x0000000082500000, 0x0000000082500000|100%|HC|  |TAMS 0x0000000082500000, 0x0000000082500000| Complete 
|  37|0x0000000082500000, 0x0000000082600000, 0x0000000082600000|100%|HS|  |TAMS 0x0000000082600000, 0x0000000082600000| Complete 
|  38|0x0000000082600000, 0x0000000082700000, 0x0000000082700000|100%|HC|  |TAMS 0x0000000082700000, 0x0000000082700000| Complete 
|  39|0x0000000082700000, 0x0000000082800000, 0x0000000082800000|100%|HC|  |TAMS 0x0000000082800000, 0x0000000082800000| Complete 
|  40|0x0000000082800000, 0x0000000082900000, 0x0000000082900000|100%|HC|  |TAMS 0x0000000082900000, 0x0000000082900000| Complete 
|  41|0x0000000082900000, 0x0000000082a00000, 0x0000000082a00000|100%|HC|  |TAMS 0x0000000082a00000, 0x0000000082a00000| Complete 
|  42|0x0000000082a00000, 0x0000000082b00000, 0x0000000082b00000|100%|HC|  |TAMS 0x0000000082b00000, 0x0000000082b00000| Complete 
|  43|0x0000000082b00000, 0x0000000082c00000, 0x0000000082c00000|100%|HS|  |TAMS 0x0000000082c00000, 0x0000000082c00000| Complete 
|  44|0x0000000082c00000, 0x0000000082d00000, 0x0000000082d00000|100%| O|  |TAMS 0x0000000082d00000, 0x0000000082d00000| Untracked 
|  45|0x0000000082d00000, 0x0000000082e00000, 0x0000000082e00000|100%| O|  |TAMS 0x0000000082e00000, 0x0000000082e00000| Untracked 
|  46|0x0000000082e00000, 0x0000000082f00000, 0x0000000082f00000|100%|HS|  |TAMS 0x0000000082f00000, 0x0000000082f00000| Complete 
|  47|0x0000000082f00000, 0x0000000083000000, 0x0000000083000000|100%|HC|  |TAMS 0x0000000083000000, 0x0000000083000000| Complete 
|  48|0x0000000083000000, 0x0000000083100000, 0x0000000083100000|100%|HC|  |TAMS 0x0000000083100000, 0x0000000083100000| Complete 
|  49|0x0000000083100000, 0x0000000083200000, 0x0000000083200000|100%|HC|  |TAMS 0x0000000083200000, 0x0000000083200000| Complete 
|  50|0x0000000083200000, 0x0000000083300000, 0x0000000083300000|100%|HC|  |TAMS 0x0000000083300000, 0x0000000083300000| Complete 
|  51|0x0000000083300000, 0x0000000083400000, 0x0000000083400000|100%|HC|  |TAMS 0x0000000083400000, 0x0000000083400000| Complete 
|  52|0x0000000083400000, 0x0000000083500000, 0x0000000083500000|100%|HC|  |TAMS 0x0000000083500000, 0x0000000083500000| Complete 
|  53|0x0000000083500000, 0x0000000083600000, 0x0000000083600000|100%|HC|  |TAMS 0x0000000083600000, 0x0000000083600000| Complete 
|  54|0x0000000083600000, 0x0000000083700000, 0x0000000083700000|100%|HC|  |TAMS 0x0000000083700000, 0x0000000083700000| Complete 
|  55|0x0000000083700000, 0x0000000083800000, 0x0000000083800000|100%|HC|  |TAMS 0x0000000083800000, 0x0000000083800000| Complete 
|  56|0x0000000083800000, 0x0000000083900000, 0x0000000083900000|100%| O|  |TAMS 0x0000000083900000, 0x0000000083900000| Untracked 
|  57|0x0000000083900000, 0x0000000083a00000, 0x0000000083a00000|100%| O|  |TAMS 0x0000000083a00000, 0x0000000083a00000| Untracked 
|  58|0x0000000083a00000, 0x0000000083a00000, 0x0000000083b00000|  0%| F|  |TAMS 0x0000000083a00000, 0x0000000083a00000| Untracked 
|  59|0x0000000083b00000, 0x0000000083c00000, 0x0000000083c00000|100%| O|  |TAMS 0x0000000083c00000, 0x0000000083c00000| Untracked 
|  60|0x0000000083c00000, 0x0000000083d00000, 0x0000000083d00000|100%| O|  |TAMS 0x0000000083d00000, 0x0000000083d00000| Untracked 
|  61|0x0000000083d00000, 0x0000000083d4e800, 0x0000000083e00000| 30%| O|  |TAMS 0x0000000083d00000, 0x0000000083d4e800| Untracked 
|  62|0x0000000083e00000, 0x0000000083f00000, 0x0000000083f00000|100%| O|  |TAMS 0x0000000083f00000, 0x0000000083f00000| Untracked 
|  63|0x0000000083f00000, 0x0000000084000000, 0x0000000084000000|100%| O|  |TAMS 0x0000000084000000, 0x0000000084000000| Untracked 
|  64|0x0000000084000000, 0x0000000084100000, 0x0000000084100000|100%| O|  |TAMS 0x0000000084100000, 0x0000000084100000| Untracked 
|  65|0x0000000084100000, 0x0000000084200000, 0x0000000084200000|100%|HS|  |TAMS 0x0000000084200000, 0x0000000084200000| Complete 
|  66|0x0000000084200000, 0x0000000084300000, 0x0000000084300000|100%|HC|  |TAMS 0x0000000084300000, 0x0000000084300000| Complete 
|  67|0x0000000084300000, 0x0000000084400000, 0x0000000084400000|100%|HC|  |TAMS 0x0000000084400000, 0x0000000084400000| Complete 
|  68|0x0000000084400000, 0x0000000084500000, 0x0000000084500000|100%| O|  |TAMS 0x0000000084405200, 0x0000000084500000| Untracked 
|  69|0x0000000084500000, 0x0000000084500000, 0x0000000084600000|  0%| F|  |TAMS 0x0000000084500000, 0x0000000084500000| Untracked 
|  70|0x0000000084600000, 0x0000000084600000, 0x0000000084700000|  0%| F|  |TAMS 0x0000000084600000, 0x0000000084600000| Untracked 
|  71|0x0000000084700000, 0x0000000084700000, 0x0000000084800000|  0%| F|  |TAMS 0x0000000084700000, 0x0000000084700000| Untracked 
|  72|0x0000000084800000, 0x0000000084800000, 0x0000000084900000|  0%| F|  |TAMS 0x0000000084800000, 0x0000000084800000| Untracked 
|  73|0x0000000084900000, 0x0000000084900000, 0x0000000084a00000|  0%| F|  |TAMS 0x0000000084900000, 0x0000000084900000| Untracked 
|  74|0x0000000084a00000, 0x0000000084a00000, 0x0000000084b00000|  0%| F|  |TAMS 0x0000000084a00000, 0x0000000084a00000| Untracked 
|  75|0x0000000084b00000, 0x0000000084b00000, 0x0000000084c00000|  0%| F|  |TAMS 0x0000000084b00000, 0x0000000084b00000| Untracked 
|  76|0x0000000084c00000, 0x0000000084c00000, 0x0000000084d00000|  0%| F|  |TAMS 0x0000000084c00000, 0x0000000084c00000| Untracked 
|  77|0x0000000084d00000, 0x0000000084d00000, 0x0000000084e00000|  0%| F|  |TAMS 0x0000000084d00000, 0x0000000084d00000| Untracked 
|  78|0x0000000084e00000, 0x0000000084f00000, 0x0000000084f00000|100%| O|  |TAMS 0x0000000084f00000, 0x0000000084f00000| Untracked 
|  79|0x0000000084f00000, 0x0000000084f00000, 0x0000000085000000|  0%| F|  |TAMS 0x0000000084f00000, 0x0000000084f00000| Untracked 
|  80|0x0000000085000000, 0x0000000085000000, 0x0000000085100000|  0%| F|  |TAMS 0x0000000085000000, 0x0000000085000000| Untracked 
|  81|0x0000000085100000, 0x0000000085200000, 0x0000000085200000|100%|HS|  |TAMS 0x0000000085200000, 0x0000000085200000| Complete 
|  82|0x0000000085200000, 0x0000000085300000, 0x0000000085300000|100%|HC|  |TAMS 0x0000000085300000, 0x0000000085300000| Complete 
|  83|0x0000000085300000, 0x0000000085400000, 0x0000000085400000|100%|HC|  |TAMS 0x0000000085400000, 0x0000000085400000| Complete 
|  84|0x0000000085400000, 0x0000000085500000, 0x0000000085500000|100%|HC|  |TAMS 0x0000000085500000, 0x0000000085500000| Complete 
|  85|0x0000000085500000, 0x0000000085600000, 0x0000000085600000|100%|HC|  |TAMS 0x0000000085600000, 0x0000000085600000| Complete 
|  86|0x0000000085600000, 0x0000000085700000, 0x0000000085700000|100%|HC|  |TAMS 0x0000000085700000, 0x0000000085700000| Complete 
|  87|0x0000000085700000, 0x0000000085800000, 0x0000000085800000|100%|HC|  |TAMS 0x0000000085800000, 0x0000000085800000| Complete 
|  88|0x0000000085800000, 0x0000000085900000, 0x0000000085900000|100%|HC|  |TAMS 0x0000000085900000, 0x0000000085900000| Complete 
|  89|0x0000000085900000, 0x0000000085a00000, 0x0000000085a00000|100%|HC|  |TAMS 0x0000000085a00000, 0x0000000085a00000| Complete 
|  90|0x0000000085a00000, 0x0000000085b00000, 0x0000000085b00000|100%|HC|  |TAMS 0x0000000085b00000, 0x0000000085b00000| Complete 
|  91|0x0000000085b00000, 0x0000000085c00000, 0x0000000085c00000|100%|HS|  |TAMS 0x0000000085c00000, 0x0000000085c00000| Complete 
|  92|0x0000000085c00000, 0x0000000085d00000, 0x0000000085d00000|100%|HC|  |TAMS 0x0000000085d00000, 0x0000000085d00000| Complete 
|  93|0x0000000085d00000, 0x0000000085d00000, 0x0000000085e00000|  0%| F|  |TAMS 0x0000000085d00000, 0x0000000085d00000| Untracked 
|  94|0x0000000085e00000, 0x0000000085e00000, 0x0000000085f00000|  0%| F|  |TAMS 0x0000000085e00000, 0x0000000085e00000| Untracked 
|  95|0x0000000085f00000, 0x0000000085f00000, 0x0000000086000000|  0%| F|  |TAMS 0x0000000085f00000, 0x0000000085f00000| Untracked 
|  96|0x0000000086000000, 0x0000000086000000, 0x0000000086100000|  0%| F|  |TAMS 0x0000000086000000, 0x0000000086000000| Untracked 
|  97|0x0000000086100000, 0x0000000086100000, 0x0000000086200000|  0%| F|  |TAMS 0x0000000086100000, 0x0000000086100000| Untracked 
|  98|0x0000000086200000, 0x0000000086200000, 0x0000000086300000|  0%| F|  |TAMS 0x0000000086200000, 0x0000000086200000| Untracked 
|  99|0x0000000086300000, 0x00000000863dd130, 0x0000000086400000| 86%| S|CS|TAMS 0x0000000086300000, 0x0000000086300000| Complete 
| 100|0x0000000086400000, 0x0000000086400000, 0x0000000086500000|  0%| F|  |TAMS 0x0000000086400000, 0x0000000086400000| Untracked 
| 101|0x0000000086500000, 0x0000000086500000, 0x0000000086600000|  0%| F|  |TAMS 0x0000000086500000, 0x0000000086500000| Untracked 
| 102|0x0000000086600000, 0x0000000086600000, 0x0000000086700000|  0%| F|  |TAMS 0x0000000086600000, 0x0000000086600000| Untracked 
| 103|0x0000000086700000, 0x0000000086700000, 0x0000000086800000|  0%| F|  |TAMS 0x0000000086700000, 0x0000000086700000| Untracked 
| 104|0x0000000086800000, 0x0000000086800000, 0x0000000086900000|  0%| F|  |TAMS 0x0000000086800000, 0x0000000086800000| Untracked 
| 105|0x0000000086900000, 0x0000000086900000, 0x0000000086a00000|  0%| F|  |TAMS 0x0000000086900000, 0x0000000086900000| Untracked 
| 106|0x0000000086a00000, 0x0000000086a00000, 0x0000000086b00000|  0%| F|  |TAMS 0x0000000086a00000, 0x0000000086a00000| Untracked 
| 107|0x0000000086b00000, 0x0000000086b00000, 0x0000000086c00000|  0%| F|  |TAMS 0x0000000086b00000, 0x0000000086b00000| Untracked 
| 108|0x0000000086c00000, 0x0000000086c00000, 0x0000000086d00000|  0%| F|  |TAMS 0x0000000086c00000, 0x0000000086c00000| Untracked 
| 109|0x0000000086d00000, 0x0000000086d00000, 0x0000000086e00000|  0%| F|  |TAMS 0x0000000086d00000, 0x0000000086d00000| Untracked 
| 110|0x0000000086e00000, 0x0000000086e00000, 0x0000000086f00000|  0%| F|  |TAMS 0x0000000086e00000, 0x0000000086e00000| Untracked 
| 111|0x0000000086f00000, 0x0000000086f00000, 0x0000000087000000|  0%| F|  |TAMS 0x0000000086f00000, 0x0000000086f00000| Untracked 
| 112|0x0000000087000000, 0x0000000087000000, 0x0000000087100000|  0%| F|  |TAMS 0x0000000087000000, 0x0000000087000000| Untracked 
| 113|0x0000000087100000, 0x0000000087100000, 0x0000000087200000|  0%| F|  |TAMS 0x0000000087100000, 0x0000000087100000| Untracked 
| 114|0x0000000087200000, 0x0000000087200000, 0x0000000087300000|  0%| F|  |TAMS 0x0000000087200000, 0x0000000087200000| Untracked 
| 115|0x0000000087300000, 0x0000000087300000, 0x0000000087400000|  0%| F|  |TAMS 0x0000000087300000, 0x0000000087300000| Untracked 
| 116|0x0000000087400000, 0x0000000087400000, 0x0000000087500000|  0%| F|  |TAMS 0x0000000087400000, 0x0000000087400000| Untracked 
| 117|0x0000000087500000, 0x0000000087500000, 0x0000000087600000|  0%| F|  |TAMS 0x0000000087500000, 0x0000000087500000| Untracked 
| 118|0x0000000087600000, 0x0000000087600000, 0x0000000087700000|  0%| F|  |TAMS 0x0000000087600000, 0x0000000087600000| Untracked 
| 119|0x0000000087700000, 0x0000000087700000, 0x0000000087800000|  0%| F|  |TAMS 0x0000000087700000, 0x0000000087700000| Untracked 
| 120|0x0000000087800000, 0x0000000087800000, 0x0000000087900000|  0%| F|  |TAMS 0x0000000087800000, 0x0000000087800000| Untracked 
| 121|0x0000000087900000, 0x0000000087900000, 0x0000000087a00000|  0%| F|  |TAMS 0x0000000087900000, 0x0000000087900000| Untracked 
| 122|0x0000000087a00000, 0x0000000087a00000, 0x0000000087b00000|  0%| F|  |TAMS 0x0000000087a00000, 0x0000000087a00000| Untracked 
| 123|0x0000000087b00000, 0x0000000087b00000, 0x0000000087c00000|  0%| F|  |TAMS 0x0000000087b00000, 0x0000000087b00000| Untracked 
| 124|0x0000000087c00000, 0x0000000087c00000, 0x0000000087d00000|  0%| F|  |TAMS 0x0000000087c00000, 0x0000000087c00000| Untracked 
| 125|0x0000000087d00000, 0x0000000087d00000, 0x0000000087e00000|  0%| F|  |TAMS 0x0000000087d00000, 0x0000000087d00000| Untracked 
| 126|0x0000000087e00000, 0x0000000087e00000, 0x0000000087f00000|  0%| F|  |TAMS 0x0000000087e00000, 0x0000000087e00000| Untracked 
| 127|0x0000000087f00000, 0x0000000087f00000, 0x0000000088000000|  0%| F|  |TAMS 0x0000000087f00000, 0x0000000087f00000| Untracked 
| 128|0x0000000088000000, 0x0000000088000000, 0x0000000088100000|  0%| F|  |TAMS 0x0000000088000000, 0x0000000088000000| Untracked 
| 129|0x0000000088100000, 0x0000000088100000, 0x0000000088200000|  0%| F|  |TAMS 0x0000000088100000, 0x0000000088100000| Untracked 
| 130|0x0000000088200000, 0x0000000088200000, 0x0000000088300000|  0%| F|  |TAMS 0x0000000088200000, 0x0000000088200000| Untracked 
| 131|0x0000000088300000, 0x0000000088300000, 0x0000000088400000|  0%| F|  |TAMS 0x0000000088300000, 0x0000000088300000| Untracked 
| 132|0x0000000088400000, 0x0000000088400000, 0x0000000088500000|  0%| F|  |TAMS 0x0000000088400000, 0x0000000088400000| Untracked 
| 133|0x0000000088500000, 0x0000000088500000, 0x0000000088600000|  0%| F|  |TAMS 0x0000000088500000, 0x0000000088500000| Untracked 
| 134|0x0000000088600000, 0x0000000088600000, 0x0000000088700000|  0%| F|  |TAMS 0x0000000088600000, 0x0000000088600000| Untracked 
| 135|0x0000000088700000, 0x0000000088700000, 0x0000000088800000|  0%| F|  |TAMS 0x0000000088700000, 0x0000000088700000| Untracked 
| 136|0x0000000088800000, 0x0000000088800000, 0x0000000088900000|  0%| F|  |TAMS 0x0000000088800000, 0x0000000088800000| Untracked 
| 137|0x0000000088900000, 0x0000000088900000, 0x0000000088a00000|  0%| F|  |TAMS 0x0000000088900000, 0x0000000088900000| Untracked 
| 138|0x0000000088a00000, 0x0000000088a00000, 0x0000000088b00000|  0%| F|  |TAMS 0x0000000088a00000, 0x0000000088a00000| Untracked 
| 139|0x0000000088b00000, 0x0000000088b00000, 0x0000000088c00000|  0%| F|  |TAMS 0x0000000088b00000, 0x0000000088b00000| Untracked 

Card table byte_map: [0x000002d94b790000,0x000002d94bb90000] _byte_map_base: 0x000002d94b390000

Marking Bits (Prev, Next): (CMBitMap*) 0x000002d9393349e0, (CMBitMap*) 0x000002d939334a20
 Prev Bits: [0x000002d94bf90000, 0x000002d94df90000)
 Next Bits: [0x000002d94df90000, 0x000002d94ff90000)

Polling page: 0x000002d9370a0000

Metaspace:

Usage:
  Non-class:     40.04 MB used.
      Class:      6.07 MB used.
       Both:     46.11 MB used.

Virtual space:
  Non-class space:       48.00 MB reserved,      40.25 MB ( 84%) committed,  6 nodes.
      Class space:        1.00 GB reserved,       6.25 MB ( <1%) committed,  1 nodes.
             Both:        1.05 GB reserved,      46.50 MB (  4%) committed. 

Chunk freelists:
   Non-Class:  3.56 MB
       Class:  1.58 MB
        Both:  5.14 MB

MaxMetaspaceSize: unlimited
CompressedClassSpaceSize: 1.00 GB
Initial GC threshold: 21.00 MB
Current GC threshold: 77.50 MB
CDS: off
MetaspaceReclaimPolicy: balanced
 - commit_granule_bytes: 65536.
 - commit_granule_words: 8192.
 - virtual_space_node_default_size: 1048576.
 - enlarge_chunks_in_place: 1.
 - new_chunks_are_fully_committed: 0.
 - uncommit_free_chunks: 1.
 - use_allocation_guard: 0.
 - handle_deallocations: 1.


Internal statistics:

num_allocs_failed_limit: 3.
num_arena_births: 434.
num_arena_deaths: 0.
num_vsnodes_births: 7.
num_vsnodes_deaths: 0.
num_space_committed: 744.
num_space_uncommitted: 0.
num_chunks_returned_to_freelist: 3.
num_chunks_taken_from_freelist: 1898.
num_chunk_merges: 3.
num_chunk_splits: 1222.
num_chunks_enlarged: 817.
num_purges: 0.
num_inconsistent_stats: 0.

CodeHeap 'non-profiled nmethods': size=120064Kb used=2466Kb max_used=2466Kb free=117597Kb
 bounds [0x000002d944250000, 0x000002d9444c0000, 0x000002d94b790000]
CodeHeap 'profiled nmethods': size=120000Kb used=9751Kb max_used=9751Kb free=110248Kb
 bounds [0x000002d93c790000, 0x000002d93d120000, 0x000002d943cc0000]
CodeHeap 'non-nmethods': size=5696Kb used=2289Kb max_used=2380Kb free=3406Kb
 bounds [0x000002d943cc0000, 0x000002d943f30000, 0x000002d944250000]
 total_blobs=5392 nmethods=4587 adapters=718
 compilation: enabled
              stopped_count=0, restarted_count=0
 full_count=0

Compilation events (20 events):
Event: 17.041 Thread 0x000002d9523fd770 4627       2       java.util.zip.Deflater::deflate (9 bytes)
Event: 17.041 Thread 0x000002d9523fd770 nmethod 4627 0x000002d93d110410 code [0x000002d93d1105a0, 0x000002d93d1106c8]
Event: 17.240 Thread 0x000002d9523fd770 4632       2       org.objectweb.asm.MethodWriter::visitLookupSwitchInsn (114 bytes)
Event: 17.240 Thread 0x000002d9523fd770 nmethod 4632 0x000002d93d110790 code [0x000002d93d1109a0, 0x000002d93d110d48]
Event: 17.370 Thread 0x000002d9523fd770 4634       2       org.apache.commons.compress.archivers.zip.StreamCompressor::writeDeflated (119 bytes)
Event: 17.371 Thread 0x000002d9523fd770 nmethod 4634 0x000002d93d111090 code [0x000002d93d1112c0, 0x000002d93d111848]
Event: 17.393 Thread 0x000002d9523fd770 4636       2       org.apache.commons.compress.archivers.zip.StreamCompressor::deflate (33 bytes)
Event: 17.393 Thread 0x000002d9523fd770 nmethod 4636 0x000002d93d111c10 code [0x000002d93d111dc0, 0x000002d93d111f38]
Event: 17.432 Thread 0x000002d9523fd770 4637       2       org.objectweb.asm.ClassWriter::visitNestMember (48 bytes)
Event: 17.432 Thread 0x000002d9523fd770 nmethod 4637 0x000002d93d112090 code [0x000002d93d112240, 0x000002d93d112578]
Event: 17.809 Thread 0x000002d9523fd770 4642 %     3       org.objectweb.asm.AnnotationWriter::putParameterAnnotations @ 73 (173 bytes)
Event: 17.810 Thread 0x000002d9523fd770 nmethod 4642% 0x000002d93d112710 code [0x000002d93d112960, 0x000002d93d1130c8]
Event: 17.810 Thread 0x000002d9523fd770 4643       3       org.objectweb.asm.AnnotationWriter::putParameterAnnotations (173 bytes)
Event: 17.811 Thread 0x000002d9523fd770 nmethod 4643 0x000002d93d113510 code [0x000002d93d113740, 0x000002d93d113de8]
Event: 17.843 Thread 0x000002d9523fd770 4645       2       org.objectweb.asm.AnnotationWriter::visitEnum (63 bytes)
Event: 17.844 Thread 0x000002d9523fd770 nmethod 4645 0x000002d93d114210 code [0x000002d93d114400, 0x000002d93d114658]
Event: 17.845 Thread 0x000002d9523fd770 4646       2       org.objectweb.asm.MethodVisitor::visitAnnotationDefault (17 bytes)
Event: 17.845 Thread 0x000002d9523fd770 nmethod 4646 0x000002d93d114890 code [0x000002d93d114a40, 0x000002d93d114ba8]
Event: 17.858 Thread 0x000002d9523fd770 4647   !   2       java.util.zip.Deflater::deflate (413 bytes)
Event: 17.860 Thread 0x000002d9523fd770 nmethod 4647 0x000002d93d114c90 code [0x000002d93d114ec0, 0x000002d93d115808]

GC Heap History (20 events):
Event: 14.731 GC heap after
{Heap after GC invocations=23 (full 0):
 garbage-first heap   total 121856K, used 79839K [0x0000000080000000, 0x0000000100000000)
  region size 1024K, 1 young (1024K), 1 survivors (1024K)
 Metaspace       used 46690K, committed 47104K, reserved 1097728K
  class space    used 6189K, committed 6400K, reserved 1048576K
}
Event: 14.782 GC heap before
{Heap before GC invocations=23 (full 0):
 garbage-first heap   total 121856K, used 103391K [0x0000000080000000, 0x0000000100000000)
  region size 1024K, 22 young (22528K), 1 survivors (1024K)
 Metaspace       used 46694K, committed 47104K, reserved 1097728K
  class space    used 6189K, committed 6400K, reserved 1048576K
}
Event: 14.784 GC heap after
{Heap after GC invocations=24 (full 0):
 garbage-first heap   total 121856K, used 78857K [0x0000000080000000, 0x0000000100000000)
  region size 1024K, 1 young (1024K), 1 survivors (1024K)
 Metaspace       used 46694K, committed 47104K, reserved 1097728K
  class space    used 6189K, committed 6400K, reserved 1048576K
}
Event: 15.482 GC heap before
{Heap before GC invocations=25 (full 0):
 garbage-first heap   total 143360K, used 115721K [0x0000000080000000, 0x0000000100000000)
  region size 1024K, 23 young (23552K), 1 survivors (1024K)
 Metaspace       used 47122K, committed 47488K, reserved 1097728K
  class space    used 6210K, committed 6400K, reserved 1048576K
}
Event: 15.485 GC heap after
{Heap after GC invocations=26 (full 0):
 garbage-first heap   total 143360K, used 82347K [0x0000000080000000, 0x0000000100000000)
  region size 1024K, 1 young (1024K), 1 survivors (1024K)
 Metaspace       used 47122K, committed 47488K, reserved 1097728K
  class space    used 6210K, committed 6400K, reserved 1048576K
}
Event: 15.634 GC heap before
{Heap before GC invocations=26 (full 0):
 garbage-first heap   total 143360K, used 88491K [0x0000000080000000, 0x0000000100000000)
  region size 1024K, 7 young (7168K), 1 survivors (1024K)
 Metaspace       used 47166K, committed 47552K, reserved 1097728K
  class space    used 6216K, committed 6400K, reserved 1048576K
}
Event: 15.636 GC heap after
{Heap after GC invocations=27 (full 0):
 garbage-first heap   total 143360K, used 82040K [0x0000000080000000, 0x0000000100000000)
  region size 1024K, 1 young (1024K), 1 survivors (1024K)
 Metaspace       used 47166K, committed 47552K, reserved 1097728K
  class space    used 6216K, committed 6400K, reserved 1048576K
}
Event: 16.069 GC heap before
{Heap before GC invocations=27 (full 0):
 garbage-first heap   total 143360K, used 117880K [0x0000000080000000, 0x0000000100000000)
  region size 1024K, 37 young (37888K), 1 survivors (1024K)
 Metaspace       used 47205K, committed 47616K, reserved 1097728K
  class space    used 6218K, committed 6400K, reserved 1048576K
}
Event: 16.071 GC heap after
{Heap after GC invocations=28 (full 0):
 garbage-first heap   total 143360K, used 82508K [0x0000000080000000, 0x0000000100000000)
  region size 1024K, 1 young (1024K), 1 survivors (1024K)
 Metaspace       used 47205K, committed 47616K, reserved 1097728K
  class space    used 6218K, committed 6400K, reserved 1048576K
}
Event: 16.564 GC heap before
{Heap before GC invocations=29 (full 0):
 garbage-first heap   total 143360K, used 119372K [0x0000000080000000, 0x0000000100000000)
  region size 1024K, 38 young (38912K), 1 survivors (1024K)
 Metaspace       used 47207K, committed 47616K, reserved 1097728K
  class space    used 6218K, committed 6400K, reserved 1048576K
}
Event: 16.566 GC heap after
{Heap after GC invocations=30 (full 0):
 garbage-first heap   total 143360K, used 82700K [0x0000000080000000, 0x0000000100000000)
  region size 1024K, 1 young (1024K), 1 survivors (1024K)
 Metaspace       used 47207K, committed 47616K, reserved 1097728K
  class space    used 6218K, committed 6400K, reserved 1048576K
}
Event: 16.641 GC heap before
{Heap before GC invocations=30 (full 0):
 garbage-first heap   total 143360K, used 88844K [0x0000000080000000, 0x0000000100000000)
  region size 1024K, 7 young (7168K), 1 survivors (1024K)
 Metaspace       used 47207K, committed 47616K, reserved 1097728K
  class space    used 6218K, committed 6400K, reserved 1048576K
}
Event: 16.645 GC heap after
{Heap after GC invocations=31 (full 0):
 garbage-first heap   total 143360K, used 82446K [0x0000000080000000, 0x0000000100000000)
  region size 1024K, 1 young (1024K), 1 survivors (1024K)
 Metaspace       used 47207K, committed 47616K, reserved 1097728K
  class space    used 6218K, committed 6400K, reserved 1048576K
}
Event: 16.981 GC heap before
{Heap before GC invocations=31 (full 0):
 garbage-first heap   total 143360K, used 121358K [0x0000000080000000, 0x0000000100000000)
  region size 1024K, 39 young (39936K), 1 survivors (1024K)
 Metaspace       used 47210K, committed 47616K, reserved 1097728K
  class space    used 6218K, committed 6400K, reserved 1048576K
}
Event: 16.983 GC heap after
{Heap after GC invocations=32 (full 0):
 garbage-first heap   total 143360K, used 82869K [0x0000000080000000, 0x0000000100000000)
  region size 1024K, 1 young (1024K), 1 survivors (1024K)
 Metaspace       used 47210K, committed 47616K, reserved 1097728K
  class space    used 6218K, committed 6400K, reserved 1048576K
}
Event: 17.499 GC heap before
{Heap before GC invocations=33 (full 0):
 garbage-first heap   total 143360K, used 122805K [0x0000000080000000, 0x0000000100000000)
  region size 1024K, 40 young (40960K), 1 survivors (1024K)
 Metaspace       used 47215K, committed 47616K, reserved 1097728K
  class space    used 6218K, committed 6400K, reserved 1048576K
}
Event: 17.503 GC heap after
{Heap after GC invocations=34 (full 0):
 garbage-first heap   total 143360K, used 83121K [0x0000000080000000, 0x0000000100000000)
  region size 1024K, 2 young (2048K), 2 survivors (2048K)
 Metaspace       used 47215K, committed 47616K, reserved 1097728K
  class space    used 6218K, committed 6400K, reserved 1048576K
}
Event: 17.536 GC heap before
{Heap before GC invocations=34 (full 0):
 garbage-first heap   total 143360K, used 88241K [0x0000000080000000, 0x0000000100000000)
  region size 1024K, 7 young (7168K), 2 survivors (2048K)
 Metaspace       used 47215K, committed 47616K, reserved 1097728K
  class space    used 6218K, committed 6400K, reserved 1048576K
}
Event: 17.540 GC heap after
{Heap after GC invocations=35 (full 0):
 garbage-first heap   total 143360K, used 82852K [0x0000000080000000, 0x0000000100000000)
  region size 1024K, 1 young (1024K), 1 survivors (1024K)
 Metaspace       used 47215K, committed 47616K, reserved 1097728K
  class space    used 6218K, committed 6400K, reserved 1048576K
}
Event: 17.866 GC heap before
{Heap before GC invocations=35 (full 0):
 garbage-first heap   total 143360K, used 121764K [0x0000000080000000, 0x0000000100000000)
  region size 1024K, 40 young (40960K), 1 survivors (1024K)
 Metaspace       used 47216K, committed 47616K, reserved 1097728K
  class space    used 6218K, committed 6400K, reserved 1048576K
}

Dll operation events (2 events):
Event: 0.010 Loaded shared library E:\Android Pro\jbr\bin\java.dll
Event: 0.949 Loaded shared library E:\Android Pro\jbr\bin\verify.dll

Deoptimization events (20 events):
Event: 17.747 Thread 0x000002d95333dc30 DEOPT PACKING pc=0x000002d93d0297c2 sp=0x000000fe293fe060
Event: 17.747 Thread 0x000002d95333dc30 DEOPT UNPACKING pc=0x000002d943d17124 sp=0x000000fe293fd770 mode 0
Event: 17.768 Thread 0x000002d95333dc30 DEOPT PACKING pc=0x000002d93d0297c2 sp=0x000000fe293fe060
Event: 17.768 Thread 0x000002d95333dc30 DEOPT UNPACKING pc=0x000002d943d17124 sp=0x000000fe293fd770 mode 0
Event: 17.780 Thread 0x000002d95333f440 DEOPT PACKING pc=0x000002d93d0297c2 sp=0x000000fe294fdfb0
Event: 17.780 Thread 0x000002d95333f440 DEOPT UNPACKING pc=0x000002d943d17124 sp=0x000000fe294fd6c0 mode 0
Event: 17.811 Thread 0x000002d95333f440 DEOPT PACKING pc=0x000002d93d0d81c9 sp=0x000000fe294fe570
Event: 17.811 Thread 0x000002d95333f440 DEOPT UNPACKING pc=0x000002d943d17124 sp=0x000000fe294fda10 mode 0
Event: 17.814 Thread 0x000002d95333dc30 DEOPT PACKING pc=0x000002d93d0297c2 sp=0x000000fe293fe060
Event: 17.814 Thread 0x000002d95333dc30 DEOPT UNPACKING pc=0x000002d943d17124 sp=0x000000fe293fd770 mode 0
Event: 17.821 Thread 0x000002d95333dc30 DEOPT PACKING pc=0x000002d93d0297c2 sp=0x000000fe293fe060
Event: 17.821 Thread 0x000002d95333dc30 DEOPT UNPACKING pc=0x000002d943d17124 sp=0x000000fe293fd770 mode 0
Event: 17.826 Thread 0x000002d95333dc30 DEOPT PACKING pc=0x000002d93d0297c2 sp=0x000000fe293fe060
Event: 17.826 Thread 0x000002d95333dc30 DEOPT UNPACKING pc=0x000002d943d17124 sp=0x000000fe293fd770 mode 0
Event: 17.833 Thread 0x000002d95333dc30 DEOPT PACKING pc=0x000002d93d0297c2 sp=0x000000fe293fe060
Event: 17.833 Thread 0x000002d95333dc30 DEOPT UNPACKING pc=0x000002d943d17124 sp=0x000000fe293fd770 mode 0
Event: 17.848 Thread 0x000002d95333f440 DEOPT PACKING pc=0x000002d93d0297c2 sp=0x000000fe294fdfb0
Event: 17.848 Thread 0x000002d95333f440 DEOPT UNPACKING pc=0x000002d943d17124 sp=0x000000fe294fd6c0 mode 0
Event: 17.857 Thread 0x000002d95333f440 DEOPT PACKING pc=0x000002d93d0297c2 sp=0x000000fe294fdfb0
Event: 17.857 Thread 0x000002d95333f440 DEOPT UNPACKING pc=0x000002d943d17124 sp=0x000000fe294fd6c0 mode 0

Classes unloaded (0 events):
No events

Classes redefined (0 events):
No events

Internal exceptions (20 events):
Event: 13.462 Thread 0x000002d955443d70 Exception <a 'java/lang/ClassNotFoundException'{0x00000000871cb130}: org/gradle/api/internal/initialization/DefaultScriptHandlerCustomizer> (0x00000000871cb130) 
thrown [s\src\hotspot\share\classfile\systemDictionary.cpp, line 256]
Event: 13.677 Thread 0x000002d955443d70 Implicit null exception at 0x000002d9443f606c to 0x000002d9443f6120
Event: 13.722 Thread 0x000002d955443d70 Exception <a 'java/lang/ClassNotFoundException'{0x0000000086a520a8}: org/gradle/api/internal/artifacts/dsl/dependencies/DefaultDependencyHandler_DecoratedBeanInfo> (0x0000000086a520a8) 
thrown [s\src\hotspot\share\classfile\systemDictionary.cpp, line 256]
Event: 13.724 Thread 0x000002d955443d70 Exception <a 'java/lang/ClassNotFoundException'{0x0000000086a67bd0}: org/gradle/api/internal/artifacts/dsl/dependencies/DefaultDependencyHandlerBeanInfo> (0x0000000086a67bd0) 
thrown [s\src\hotspot\share\classfile\systemDictionary.cpp, line 256]
Event: 13.725 Thread 0x000002d955443d70 Exception <a 'java/lang/ClassNotFoundException'{0x0000000086a7cc18}: org/gradle/api/internal/artifacts/dsl/dependencies/DefaultDependencyHandlerCustomizer> (0x0000000086a7cc18) 
thrown [s\src\hotspot\share\classfile\systemDictionary.cpp, line 256]
Event: 13.736 Thread 0x000002d955443d70 Exception <a 'java/lang/ClassNotFoundException'{0x0000000086abbca8}: org/gradle/api/internal/artifacts/dsl/dependencies/DefaultDependencyHandler_DecoratedCustomizer> (0x0000000086abbca8) 
thrown [s\src\hotspot\share\classfile\systemDictionary.cpp, line 256]
Event: 13.938 Thread 0x000002d955443d70 Exception <a 'java/lang/NoSuchMethodError'{0x00000000865c8648}: 'java.lang.Object java.lang.invoke.DirectMethodHandle$Holder.newInvokeSpecial(java.lang.Object, int, java.lang.Object)'> (0x00000000865c8648) 
thrown [s\src\hotspot\share\interpreter\linkResolver.cpp, line 771]
Event: 14.309 Thread 0x000002d955443d70 Exception <a 'java/lang/NoSuchMethodError'{0x0000000085bc0300}: 'int java.lang.invoke.DirectMethodHandle$Holder.invokeStatic(java.lang.Object)'> (0x0000000085bc0300) 
thrown [s\src\hotspot\share\interpreter\linkResolver.cpp, line 771]
Event: 14.310 Thread 0x000002d955443d70 Exception <a 'java/lang/NoSuchMethodError'{0x0000000085bc46f0}: 'int java.lang.invoke.DirectMethodHandle$Holder.invokeStaticInit(java.lang.Object)'> (0x0000000085bc46f0) 
thrown [s\src\hotspot\share\interpreter\linkResolver.cpp, line 771]
Event: 14.459 Thread 0x000002d95333f440 Exception <a 'sun/nio/fs/WindowsException'{0x0000000085a05610}> (0x0000000085a05610) 
thrown [s\src\hotspot\share\prims\jni.cpp, line 517]
Event: 14.467 Thread 0x000002d95333f440 Exception <a 'sun/nio/fs/WindowsException'{0x0000000085ac1008}> (0x0000000085ac1008) 
thrown [s\src\hotspot\share\prims\jni.cpp, line 517]
Event: 14.467 Thread 0x000002d95333f440 Exception <a 'sun/nio/fs/WindowsException'{0x0000000085ac1170}> (0x0000000085ac1170) 
thrown [s\src\hotspot\share\prims\jni.cpp, line 517]
Event: 14.476 Thread 0x000002d955443d70 Exception <a 'java/lang/ClassNotFoundException'{0x0000000085915620}: sync_studio_tooling3_61nqan80fapsrpjwr4fjkgvr0BeanInfo> (0x0000000085915620) 
thrown [s\src\hotspot\share\classfile\systemDictionary.cpp, line 256]
Event: 14.477 Thread 0x000002d955443d70 Exception <a 'java/lang/ClassNotFoundException'{0x000000008591bed0}: sync_studio_tooling3_61nqan80fapsrpjwr4fjkgvr0Customizer> (0x000000008591bed0) 
thrown [s\src\hotspot\share\classfile\systemDictionary.cpp, line 256]
Event: 14.508 Thread 0x000002d955443d70 Exception <a 'java/lang/ClassNotFoundException'{0x00000000859ca9c0}: ijinit_ea0znhqfvqo11g8b6ui80fn5nBeanInfo> (0x00000000859ca9c0) 
thrown [s\src\hotspot\share\classfile\systemDictionary.cpp, line 256]
Event: 14.509 Thread 0x000002d955443d70 Exception <a 'java/lang/ClassNotFoundException'{0x00000000859d1240}: ijinit_ea0znhqfvqo11g8b6ui80fn5nCustomizer> (0x00000000859d1240) 
thrown [s\src\hotspot\share\classfile\systemDictionary.cpp, line 256]
Event: 14.554 Thread 0x000002d955443d70 Exception <a 'java/lang/ClassNotFoundException'{0x000000008580e7d0}: ijinit_ea0znhqfvqo11g8b6ui80fn5n$_run_closure1BeanInfo> (0x000000008580e7d0) 
thrown [s\src\hotspot\share\classfile\systemDictionary.cpp, line 256]
Event: 14.554 Thread 0x000002d955443d70 Exception <a 'java/lang/ClassNotFoundException'{0x0000000085815730}: ijinit_ea0znhqfvqo11g8b6ui80fn5n$_run_closure1Customizer> (0x0000000085815730) 
thrown [s\src\hotspot\share\classfile\systemDictionary.cpp, line 256]
Event: 14.784 Thread 0x000002d95333dc30 Exception <a 'sun/nio/fs/WindowsException'{0x0000000087d00a08}> (0x0000000087d00a08) 
thrown [s\src\hotspot\share\prims\jni.cpp, line 517]
Event: 14.881 Thread 0x000002d95333f440 Exception <a 'sun/nio/fs/WindowsException'{0x00000000875e7150}> (0x00000000875e7150) 
thrown [s\src\hotspot\share\prims\jni.cpp, line 517]

VM Operations (20 events):
Event: 16.079 Executing VM operation: G1CollectForAllocation done
Event: 16.139 Executing VM operation: G1Concurrent
Event: 16.144 Executing VM operation: G1Concurrent done
Event: 16.173 Executing VM operation: G1Concurrent
Event: 16.173 Executing VM operation: G1Concurrent done
Event: 16.556 Executing VM operation: G1CollectForAllocation
Event: 16.572 Executing VM operation: G1CollectForAllocation done
Event: 16.612 Executing VM operation: G1CollectForAllocation
Event: 16.647 Executing VM operation: G1CollectForAllocation done
Event: 16.981 Executing VM operation: G1CollectForAllocation
Event: 17.008 Executing VM operation: G1CollectForAllocation done
Event: 17.047 Executing VM operation: G1Concurrent
Event: 17.052 Executing VM operation: G1Concurrent done
Event: 17.081 Executing VM operation: G1Concurrent
Event: 17.081 Executing VM operation: G1Concurrent done
Event: 17.499 Executing VM operation: G1CollectForAllocation
Event: 17.504 Executing VM operation: G1CollectForAllocation done
Event: 17.536 Executing VM operation: G1CollectForAllocation
Event: 17.540 Executing VM operation: G1CollectForAllocation done
Event: 17.865 Executing VM operation: G1CollectForAllocation

Events (20 events):
Event: 13.343 loading class java/nio/channels/Channels
Event: 13.343 loading class java/nio/channels/Channels done
Event: 13.343 loading class sun/nio/ch/ChannelInputStream
Event: 13.344 loading class sun/nio/ch/ChannelInputStream done
Event: 13.397 loading class java/nio/StringCharBuffer
Event: 13.397 loading class java/nio/StringCharBuffer done
Event: 13.429 loading class java/nio/file/StandardCopyOption
Event: 13.429 loading class java/nio/file/StandardCopyOption done
Event: 13.429 loading class sun/nio/fs/WindowsFileCopy
Event: 13.429 loading class sun/nio/fs/WindowsFileCopy done
Event: 14.235 loading class java/io/DeleteOnExitHook
Event: 14.235 loading class java/io/DeleteOnExitHook done
Event: 14.235 loading class java/io/DeleteOnExitHook$1
Event: 14.235 loading class java/io/DeleteOnExitHook$1 done
Event: 14.827 loading class java/security/Key
Event: 14.828 loading class java/security/Key done
Event: 15.568 loading class java/util/concurrent/LinkedBlockingDeque$Itr
Event: 15.568 loading class java/util/concurrent/LinkedBlockingDeque$AbstractItr
Event: 15.568 loading class java/util/concurrent/LinkedBlockingDeque$AbstractItr done
Event: 15.568 loading class java/util/concurrent/LinkedBlockingDeque$Itr done


Dynamic libraries:
0x00007ff6b9b10000 - 0x00007ff6b9b1a000 	E:\Android Pro\jbr\bin\java.exe
0x00007ffcf9c20000 - 0x00007ffcf9e10000 	C:\WINDOWS\SYSTEM32\ntdll.dll
0x00007ffcf89c0000 - 0x00007ffcf8a72000 	C:\WINDOWS\System32\KERNEL32.DLL
0x00007ffcf7600000 - 0x00007ffcf78a5000 	C:\WINDOWS\System32\KERNELBASE.dll
0x00007ffcf4180000 - 0x00007ffcf420f000 	C:\WINDOWS\SYSTEM32\apphelp.dll
0x00007ffcf7a30000 - 0x00007ffcf7b2a000 	C:\WINDOWS\System32\ucrtbase.dll
0x00007ffcf02d0000 - 0x00007ffcf02e7000 	E:\Android Pro\jbr\bin\jli.dll
0x00007ffcf8820000 - 0x00007ffcf89b5000 	C:\WINDOWS\System32\USER32.dll
0x00007ffcf78b0000 - 0x00007ffcf78d1000 	C:\WINDOWS\System32\win32u.dll
0x00007ffcf9490000 - 0x00007ffcf94b6000 	C:\WINDOWS\System32\GDI32.dll
0x00007ffcf7b30000 - 0x00007ffcf7cc6000 	C:\WINDOWS\System32\gdi32full.dll
0x00007ffcf6c30000 - 0x00007ffcf6cce000 	C:\WINDOWS\System32\msvcp_win.dll
0x00007ffcf00c0000 - 0x00007ffcf00db000 	E:\Android Pro\jbr\bin\VCRUNTIME140.dll
0x00007ffce4920000 - 0x00007ffce4ba4000 	C:\WINDOWS\WinSxS\amd64_microsoft.windows.common-controls_6595b64144ccf1df_6.0.18362.1082_none_9e8193e1e45b25c1\COMCTL32.dll
0x00007ffcf9b40000 - 0x00007ffcf9bde000 	C:\WINDOWS\System32\msvcrt.dll
0x00007ffcf8430000 - 0x00007ffcf8765000 	C:\WINDOWS\System32\combase.dll
0x00007ffcf9230000 - 0x00007ffcf9350000 	C:\WINDOWS\System32\RPCRT4.dll
0x00007ffcf6bb0000 - 0x00007ffcf6c30000 	C:\WINDOWS\System32\bcryptPrimitives.dll
0x00007ffcf7cd0000 - 0x00007ffcf7cfe000 	C:\WINDOWS\System32\IMM32.DLL
0x00007ffcf0470000 - 0x00007ffcf047c000 	E:\Android Pro\jbr\bin\vcruntime140_1.dll
0x00007ffce5230000 - 0x00007ffce52bd000 	E:\Android Pro\jbr\bin\msvcp140.dll
0x00007ffcb45b0000 - 0x00007ffcb521d000 	E:\Android Pro\jbr\bin\server\jvm.dll
0x00007ffcf8770000 - 0x00007ffcf8813000 	C:\WINDOWS\System32\ADVAPI32.dll
0x00007ffcf7d00000 - 0x00007ffcf7d97000 	C:\WINDOWS\System32\sechost.dll
0x00007ffcf4040000 - 0x00007ffcf4049000 	C:\WINDOWS\SYSTEM32\WSOCK32.dll
0x00007ffcf9420000 - 0x00007ffcf948f000 	C:\WINDOWS\System32\WS2_32.dll
0x00007ffcf3f50000 - 0x00007ffcf3f74000 	C:\WINDOWS\SYSTEM32\WINMM.dll
0x00007ffceb1f0000 - 0x00007ffceb1fa000 	C:\WINDOWS\SYSTEM32\VERSION.dll
0x00007ffcf3f20000 - 0x00007ffcf3f4d000 	C:\WINDOWS\SYSTEM32\WINMMBASE.dll
0x00007ffcf6e00000 - 0x00007ffcf6e4a000 	C:\WINDOWS\System32\cfgmgr32.dll
0x00007ffcf6af0000 - 0x00007ffcf6b01000 	C:\WINDOWS\System32\kernel.appcore.dll
0x00007ffcf2950000 - 0x00007ffcf295a000 	E:\Android Pro\jbr\bin\jimage.dll
0x00007ffcf5750000 - 0x00007ffcf5944000 	C:\WINDOWS\SYSTEM32\DBGHELP.DLL
0x00007ffcdfc20000 - 0x00007ffcdfc4a000 	C:\WINDOWS\SYSTEM32\dbgcore.DLL
0x00007ffcf02f0000 - 0x00007ffcf0315000 	E:\Android Pro\jbr\bin\java.dll
0x00007ffcf0d30000 - 0x00007ffcf0d48000 	E:\Android Pro\jbr\bin\zip.dll
0x00007ffcf8b40000 - 0x00007ffcf9227000 	C:\WINDOWS\System32\SHELL32.dll
0x00007ffcf8a90000 - 0x00007ffcf8b39000 	C:\WINDOWS\System32\shcore.dll
0x00007ffcf6e80000 - 0x00007ffcf7600000 	C:\WINDOWS\System32\windows.storage.dll
0x00007ffcf6b60000 - 0x00007ffcf6b83000 	C:\WINDOWS\System32\profapi.dll
0x00007ffcf6b10000 - 0x00007ffcf6b5a000 	C:\WINDOWS\System32\powrprof.dll
0x00007ffcf6ae0000 - 0x00007ffcf6af0000 	C:\WINDOWS\System32\UMPDC.dll
0x00007ffcf94c0000 - 0x00007ffcf9512000 	C:\WINDOWS\System32\shlwapi.dll
0x00007ffcf6de0000 - 0x00007ffcf6df7000 	C:\WINDOWS\System32\cryptsp.dll
0x00007ffcf08c0000 - 0x00007ffcf08d9000 	E:\Android Pro\jbr\bin\net.dll
0x00007ffce9f40000 - 0x00007ffcea030000 	C:\WINDOWS\SYSTEM32\WINHTTP.dll
0x00007ffcf6330000 - 0x00007ffcf6397000 	C:\WINDOWS\system32\mswsock.dll
0x00007ffcf02b0000 - 0x00007ffcf02c6000 	E:\Android Pro\jbr\bin\nio.dll
0x00007ffcf0b10000 - 0x00007ffcf0b20000 	E:\Android Pro\jbr\bin\verify.dll
0x00007ffce93f0000 - 0x00007ffce9417000 	C:\Users\DELL\.gradle\native\68d5fa5c4cc2d200863cafc0d521ce42e7d3e7ee720ec0a83991735586a16f82\windows-amd64\native-platform.dll
0x00007ffcc5810000 - 0x00007ffcc5954000 	C:\Users\DELL\.gradle\native\e376f236ea51e6404a007f0833ffe2c6e607c4080706a723a18a27aeea778392\windows-amd64\native-platform-file-events.dll
0x00007ffcf2930000 - 0x00007ffcf2939000 	E:\Android Pro\jbr\bin\management.dll
0x00007ffcf1040000 - 0x00007ffcf104b000 	E:\Android Pro\jbr\bin\management_ext.dll
0x00007ffcf81b0000 - 0x00007ffcf81b8000 	C:\WINDOWS\System32\PSAPI.DLL
0x00007ffcf5ea0000 - 0x00007ffcf5ed3000 	C:\WINDOWS\system32\rsaenh.dll
0x00007ffcf6e50000 - 0x00007ffcf6e76000 	C:\WINDOWS\System32\bcrypt.dll
0x00007ffcf6a00000 - 0x00007ffcf6a25000 	C:\WINDOWS\SYSTEM32\USERENV.dll
0x00007ffcf6500000 - 0x00007ffcf650c000 	C:\WINDOWS\SYSTEM32\CRYPTBASE.dll
0x00007ffcf6040000 - 0x00007ffcf607a000 	C:\WINDOWS\SYSTEM32\IPHLPAPI.DLL
0x00007ffcf8a80000 - 0x00007ffcf8a88000 	C:\WINDOWS\System32\NSI.dll
0x00007ffcea8c0000 - 0x00007ffcea8d6000 	C:\WINDOWS\SYSTEM32\dhcpcsvc6.DLL
0x00007ffcea8a0000 - 0x00007ffcea8bc000 	C:\WINDOWS\SYSTEM32\dhcpcsvc.DLL
0x00007ffcf6080000 - 0x00007ffcf614b000 	C:\WINDOWS\SYSTEM32\DNSAPI.dll
0x00007ffcf04a0000 - 0x00007ffcf04a7000 	C:\WINDOWS\system32\wshunix.dll

dbghelp: loaded successfully - version: 4.0.5 - missing functions: none
symbol engine: initialized successfully - sym options: 0x614 - pdb path: .;E:\Android Pro\jbr\bin;C:\WINDOWS\SYSTEM32;C:\WINDOWS\WinSxS\amd64_microsoft.windows.common-controls_6595b64144ccf1df_6.0.18362.1082_none_9e8193e1e45b25c1;E:\Android Pro\jbr\bin\server;C:\Users\DELL\.gradle\native\68d5fa5c4cc2d200863cafc0d521ce42e7d3e7ee720ec0a83991735586a16f82\windows-amd64;C:\Users\DELL\.gradle\native\e376f236ea51e6404a007f0833ffe2c6e607c4080706a723a18a27aeea778392\windows-amd64

VM Arguments:
jvm_args: --add-opens=java.base/java.util=ALL-UNNAMED --add-opens=java.base/java.lang=ALL-UNNAMED --add-opens=java.base/java.lang.invoke=ALL-UNNAMED --add-opens=java.prefs/java.util.prefs=ALL-UNNAMED --add-opens=java.base/java.nio.charset=ALL-UNNAMED --add-opens=java.base/java.net=ALL-UNNAMED --add-opens=java.base/java.util.concurrent.atomic=ALL-UNNAMED -Xmx2048m -Dfile.encoding=UTF-8 -Duser.country=US -Duser.language=en -Duser.variant 
java_command: org.gradle.launcher.daemon.bootstrap.GradleDaemon 8.0
java_class_path (initial): C:\Users\DELL\.gradle\wrapper\dists\gradle-8.0-bin\ca5e32bp14vu59qr306oxotwh\gradle-8.0\lib\gradle-launcher-8.0.jar
Launcher Type: SUN_STANDARD

[Global flags]
     intx CICompilerCount                          = 2                                         {product} {ergonomic}
     uint ConcGCThreads                            = 1                                         {product} {ergonomic}
     uint G1ConcRefinementThreads                  = 2                                         {product} {ergonomic}
   size_t G1HeapRegionSize                         = 1048576                                   {product} {ergonomic}
    uintx GCDrainStackTargetSize                   = 64                                        {product} {ergonomic}
   size_t InitialHeapSize                          = 132120576                                 {product} {ergonomic}
   size_t MarkStackSize                            = 4194304                                   {product} {ergonomic}
   size_t MaxHeapSize                              = 2147483648                                {product} {command line}
   size_t MaxNewSize                               = 1287651328                                {product} {ergonomic}
   size_t MinHeapDeltaBytes                        = 1048576                                   {product} {ergonomic}
   size_t MinHeapSize                              = 8388608                                   {product} {ergonomic}
    uintx NonNMethodCodeHeapSize                   = 5826188                                {pd product} {ergonomic}
    uintx NonProfiledCodeHeapSize                  = 122916026                              {pd product} {ergonomic}
    uintx ProfiledCodeHeapSize                     = 122916026                              {pd product} {ergonomic}
    uintx ReservedCodeCacheSize                    = 251658240                              {pd product} {ergonomic}
     bool SegmentedCodeCache                       = true                                      {product} {ergonomic}
   size_t SoftMaxHeapSize                          = 2147483648                             {manageable} {ergonomic}
     bool UseCompressedClassPointers               = true                           {product lp64_product} {ergonomic}
     bool UseCompressedOops                        = true                           {product lp64_product} {ergonomic}
     bool UseG1GC                                  = true                                      {product} {ergonomic}
     bool UseLargePagesIndividualAllocation        = false                                  {pd product} {ergonomic}

Logging:
Log output configuration:
 #0: stdout all=warning uptime,level,tags
 #1: stderr all=off uptime,level,tags

Environment Variables:
PATH=C:\Program Files\Common Files\Oracle\Java\javapath;C:\oraclexe\app\oracle\product\11.2.0\server\bin;C:\Program Files (x86)\Common Files\Oracle\Java\javapath;C:\WINDOWS\system32;C:\WINDOWS;C:\WINDOWS\System32\Wbem;C:\WINDOWS\System32\WindowsPowerShell\v1.0\;C:\Program Files\Microsoft SQL Server\110\Tools\Binn\;C:\WINDOWS\System32\OpenSSH\;C:\Program Files (x86)\Microsoft SQL Server\110\Tools\Binn\;C:\Program Files\Microsoft SQL Server\110\DTS\Binn\;C:\Program Files (x86)\Microsoft SQL Server\110\Tools\Binn\ManagementStudio\;C:\Program Files (x86)\Microsoft SQL Server\110\DTS\Binn\;C:\Program Files\Java\jdk-16.0.1\bin;C:\Elastic Stack\elasticsearch-7.14.0\bin;C:\Elastic Stack\kibana-7.14.0-windows-x86_64\bin;C:\Program Files\Java\jdk-16.0.1\bin;C:\Program Files\Java\jre1.8.0_261\bin;E:\Vids\Curl\Curl\bin;C:\Program Files (x86)\dotnet\;C:\Users\DELL\AppData\Local\Programs\Python\Python39\Scripts\;C:\Users\DELL\AppData\Local\Programs\Python\Python39\;C:\Users\DELL\AppData\Local\Microsoft\WindowsApps;C:\Program Files (x86)\Nmap;C:\Python27;
USERNAME=DELL
OS=Windows_NT
PROCESSOR_IDENTIFIER=Intel64 Family 6 Model 142 Stepping 9, GenuineIntel
TMP=C:\Users\DELL\AppData\Local\Temp
TEMP=C:\Users\DELL\AppData\Local\Temp



---------------  S Y S T E M  ---------------

OS:
 Windows 10 , 64 bit Build 18362 (10.0.18362.1082)
OS uptime: 1 days 0:15 hours

CPU: total 2 (initial active 2) (2 cores per cpu, 1 threads per core) family 6 model 142 stepping 9 microcode 0x8e, cx8, cmov, fxsr, mmx, 3dnowpref, sse, sse2, sse3, ssse3, sse4.1, sse4.2, popcnt, lzcnt, tsc, tscinvbit, aes, erms, clmul, clflush, clflushopt

Memory: 4k page, system-wide physical 8057M (778M free)
TotalPageFile size 8057M (AvailPageFile size 23M)
current process WorkingSet (physical memory assigned to process): 312M, peak: 312M
current process commit charge ("private bytes"): 335M, peak: 544M

vm_info: OpenJDK 64-Bit Server VM (17.0.6+0-b2043.56-9586694) for windows-amd64 JRE (17.0.6+0-b2043.56-9586694), built on Feb  9 2023 20:06:20 by "androidbuild" with MS VC++ 16.10 / 16.11 (VS2019)

END.
