#
# There is insufficient memory for the Java Runtime Environment to continue.
# Native memory allocation (mmap) failed to map 24117248 bytes for G1 virtual space
# Possible reasons:
#   The system is out of physical RAM or swap space
#   The process is running with CompressedOops enabled, and the Java Heap may be blocking the growth of the native heap
# Possible solutions:
#   Reduce memory load on the system
#   Increase physical memory or swap space
#   Check if swap backing store is full
#   Decrease Java heap size (-Xmx/-Xms)
#   Decrease number of Java threads
#   Decrease Java thread stack sizes (-Xss)
#   Set larger code cache with -XX:ReservedCodeCacheSize=
#   JVM is running with Unscaled Compressed Oops mode in which the Java heap is
#     placed in the first 4GB address space. The Java Heap base address is the
#     maximum limit for the native heap growth. Please use -XX:HeapBaseMinAddress
#     to set the Java Heap base and to place the Java Heap above 4GB virtual address.
# This output file may be truncated or incomplete.
#
#  Out of Memory Error (os_windows.cpp:3769), pid=6336, tid=9724
#
# JRE version: OpenJDK Runtime Environment (17.0.6) (build 17.0.6+0-b2043.56-9586694)
# Java VM: OpenJDK 64-Bit Server VM (17.0.6+0-b2043.56-9586694, mixed mode, tiered, compressed oops, compressed class ptrs, g1 gc, windows-amd64)
# No core dump will be written. Minidumps are not enabled by default on client versions of Windows
#

---------------  S U M M A R Y ------------

Command Line: --add-opens=java.base/java.util=ALL-UNNAMED --add-opens=java.base/java.lang=ALL-UNNAMED --add-opens=java.base/java.lang.invoke=ALL-UNNAMED --add-opens=java.prefs/java.util.prefs=ALL-UNNAMED --add-opens=java.base/java.nio.charset=ALL-UNNAMED --add-opens=java.base/java.net=ALL-UNNAMED --add-opens=java.base/java.util.concurrent.atomic=ALL-UNNAMED -Xmx2048m -Dfile.encoding=UTF-8 -Duser.country=US -Duser.language=en -Duser.variant org.gradle.launcher.daemon.bootstrap.GradleDaemon 8.0

Host: Intel(R) Celeron(R) CPU 3865U @ 1.80GHz, 2 cores, 7G,  Windows 10 , 64 bit Build 18362 (10.0.18362.1082)
Time: Thu May 18 13:21:49 2023 India Standard Time elapsed time: 16.354691 seconds (0d 0h 0m 16s)

---------------  T H R E A D  ---------------

Current thread (0x000002552c960e10):  VMThread "VM Thread" [stack: 0x000000dcfff00000,0x000000dd00000000] [id=9724]

Stack: [0x000000dcfff00000,0x000000dd00000000]
Native frames: (J=compiled Java code, j=interpreted, Vv=VM code, C=native code)
V  [jvm.dll+0x683b4a]
V  [jvm.dll+0x842654]
V  [jvm.dll+0x843dfe]
V  [jvm.dll+0x844463]
V  [jvm.dll+0x249b75]
V  [jvm.dll+0x680a19]
V  [jvm.dll+0x674f0a]
V  [jvm.dll+0x309acb]
V  [jvm.dll+0x310f86]
V  [jvm.dll+0x3608ee]
V  [jvm.dll+0x360b1f]
V  [jvm.dll+0x2dfbf8]
V  [jvm.dll+0x2e2ce6]
V  [jvm.dll+0x2ed478]
V  [jvm.dll+0x322150]
V  [jvm.dll+0x84893b]
V  [jvm.dll+0x849674]
V  [jvm.dll+0x849b8d]
V  [jvm.dll+0x849f64]
V  [jvm.dll+0x84a030]
V  [jvm.dll+0x7f25fa]
V  [jvm.dll+0x682985]
C  [ucrtbase.dll+0x20e82]
C  [KERNEL32.DLL+0x17bd4]
C  [ntdll.dll+0x6ce51]

VM_Operation (0x000000dcffbff740): G1Concurrent, mode: safepoint, requested by thread 0x00000255138f6980


---------------  P R O C E S S  ---------------

Threads class SMR info:
_java_thread_list=0x000002552fd49f60, length=35, elements={
0x000002551184dfa0, 0x000002552c982950, 0x000002552c9846e0, 0x000002552c9ba3c0,
0x000002552c9bdda0, 0x000002552c9be660, 0x000002552d412470, 0x000002552d413060,
0x000002552d479410, 0x000002552d47b930, 0x000002552d557280, 0x000002552d56fa30,
0x000002552e5c7840, 0x000002552e876700, 0x000002552e4842f0, 0x000002552eb802a0,
0x000002552e0f6f10, 0x000002552ec0cbc0, 0x000002552ec0b880, 0x000002552ec0a540,
0x000002552ec0a070, 0x000002552ec0c220, 0x000002552ec0aa10, 0x000002552ec0aee0,
0x000002552ec0d560, 0x000002552ec0d090, 0x000002552ec0da30, 0x000002552ec0bd50,
0x0000025530200210, 0x0000025530201ef0, 0x00000255302006e0, 0x00000255302053e0,
0x0000025530201a20, 0x0000025530200bb0, 0x0000025530201080
}

Java Threads: ( => current thread )
  0x000002551184dfa0 JavaThread "main" [_thread_blocked, id=3076, stack(0x000000dcff800000,0x000000dcff900000)]
  0x000002552c982950 JavaThread "Reference Handler" daemon [_thread_blocked, id=5264, stack(0x000000dc80000000,0x000000dc80100000)]
  0x000002552c9846e0 JavaThread "Finalizer" daemon [_thread_blocked, id=8208, stack(0x000000dc80100000,0x000000dc80200000)]
  0x000002552c9ba3c0 JavaThread "Signal Dispatcher" daemon [_thread_blocked, id=8696, stack(0x000000dc80200000,0x000000dc80300000)]
  0x000002552c9bdda0 JavaThread "Attach Listener" daemon [_thread_blocked, id=744, stack(0x000000dc80300000,0x000000dc80400000)]
  0x000002552c9be660 JavaThread "Service Thread" daemon [_thread_blocked, id=8432, stack(0x000000dc80400000,0x000000dc80500000)]
  0x000002552d412470 JavaThread "Monitor Deflation Thread" daemon [_thread_blocked, id=4920, stack(0x000000dc80500000,0x000000dc80600000)]
  0x000002552d413060 JavaThread "C2 CompilerThread0" daemon [_thread_blocked, id=9796, stack(0x000000dc80600000,0x000000dc80700000)]
  0x000002552d479410 JavaThread "C1 CompilerThread0" daemon [_thread_blocked, id=6132, stack(0x000000dc80700000,0x000000dc80800000)]
  0x000002552d47b930 JavaThread "Sweeper thread" daemon [_thread_blocked, id=7616, stack(0x000000dc80800000,0x000000dc80900000)]
  0x000002552d557280 JavaThread "Common-Cleaner" daemon [_thread_blocked, id=11032, stack(0x000000dc80900000,0x000000dc80a00000)]
  0x000002552d56fa30 JavaThread "Notification Thread" daemon [_thread_blocked, id=11008, stack(0x000000dc80a00000,0x000000dc80b00000)]
  0x000002552e5c7840 JavaThread "Daemon health stats" [_thread_blocked, id=9204, stack(0x000000dc80d00000,0x000000dc80e00000)]
  0x000002552e876700 JavaThread "Incoming local TCP Connector on port 38063" [_thread_in_native, id=9764, stack(0x000000dc80e00000,0x000000dc80f00000)]
  0x000002552e4842f0 JavaThread "Daemon periodic checks" [_thread_blocked, id=1128, stack(0x000000dc80f00000,0x000000dc81000000)]
  0x000002552eb802a0 JavaThread "Daemon" [_thread_blocked, id=8536, stack(0x000000dc81000000,0x000000dc81100000)]
  0x000002552e0f6f10 JavaThread "Handler for socket connection from /127.0.0.1:38063 to /127.0.0.1:38064" [_thread_in_native, id=10960, stack(0x000000dc81100000,0x000000dc81200000)]
  0x000002552ec0cbc0 JavaThread "Cancel handler" [_thread_blocked, id=2268, stack(0x000000dc81200000,0x000000dc81300000)]
  0x000002552ec0b880 JavaThread "Daemon worker" [_thread_blocked, id=3588, stack(0x000000dc81300000,0x000000dc81400000)]
  0x000002552ec0a540 JavaThread "Asynchronous log dispatcher for DefaultDaemonConnection: socket connection from /127.0.0.1:38063 to /127.0.0.1:38064" [_thread_blocked, id=4544, stack(0x000000dc81400000,0x000000dc81500000)]
  0x000002552ec0a070 JavaThread "Stdin handler" [_thread_blocked, id=2592, stack(0x000000dc81500000,0x000000dc81600000)]
  0x000002552ec0c220 JavaThread "Daemon client event forwarder" [_thread_blocked, id=2260, stack(0x000000dc81600000,0x000000dc81700000)]
  0x000002552ec0aa10 JavaThread "Cache worker for journal cache (C:\Users\DELL\.gradle\caches\journal-1)" [_thread_blocked, id=5520, stack(0x000000dc81700000,0x000000dc81800000)]
  0x000002552ec0aee0 JavaThread "File lock request listener" [_thread_in_native, id=6108, stack(0x000000dc81800000,0x000000dc81900000)]
  0x000002552ec0d560 JavaThread "Cache worker for file hash cache (C:\Users\DELL\.gradle\caches\8.0\fileHashes)" [_thread_blocked, id=6724, stack(0x000000dc81900000,0x000000dc81a00000)]
  0x000002552ec0d090 JavaThread "File watcher server" daemon [_thread_in_native, id=6332, stack(0x000000dc81a00000,0x000000dc81b00000)]
  0x000002552ec0da30 JavaThread "File watcher consumer" daemon [_thread_blocked, id=8784, stack(0x000000dc81b00000,0x000000dc81c00000)]
  0x000002552ec0bd50 JavaThread "jar transforms" [_thread_blocked, id=10196, stack(0x000000dc81c00000,0x000000dc81d00000)]
  0x0000025530200210 JavaThread "jar transforms Thread 2" [_thread_blocked, id=8444, stack(0x000000dc81d00000,0x000000dc81e00000)]
  0x0000025530201ef0 JavaThread "Cache worker for checksums cache (C:\Users\DELL\AndroidStudioProjects\Pranik\.gradle\8.0\checksums)" [_thread_blocked, id=8288, stack(0x000000dc81e00000,0x000000dc81f00000)]
  0x00000255302006e0 JavaThread "Cache worker for cache directory md-rule (C:\Users\DELL\.gradle\caches\8.0\md-rule)" [_thread_blocked, id=3200, stack(0x000000dc81f00000,0x000000dc82000000)]
  0x00000255302053e0 JavaThread "Cache worker for file content cache (C:\Users\DELL\.gradle\caches\8.0\fileContent)" [_thread_blocked, id=7652, stack(0x000000dc82000000,0x000000dc82100000)]
  0x0000025530201a20 JavaThread "Cache worker for file hash cache (C:\Users\DELL\AndroidStudioProjects\Pranik\.gradle\8.0\fileHashes)" [_thread_blocked, id=10044, stack(0x000000dc82100000,0x000000dc82200000)]
  0x0000025530200bb0 JavaThread "Cache worker for cache directory md-supplier (C:\Users\DELL\.gradle\caches\8.0\md-supplier)" [_thread_blocked, id=8828, stack(0x000000dc82200000,0x000000dc82300000)]
  0x0000025530201080 JavaThread "Cache worker for execution history cache (C:\Users\DELL\.gradle\caches\8.0\executionHistory)" [_thread_blocked, id=3872, stack(0x000000dc82300000,0x000000dc82400000)]

Other Threads:
=>0x000002552c960e10 VMThread "VM Thread" [stack: 0x000000dcfff00000,0x000000dd00000000] [id=9724]
  0x000002552d56ff00 WatcherThread [stack: 0x000000dc80b00000,0x000000dc80c00000] [id=1656]
  0x00000255138e5b30 GCTaskThread "GC Thread#0" [stack: 0x000000dcffa00000,0x000000dcffb00000] [id=4188]
  0x000002552d747f80 GCTaskThread "GC Thread#1" [stack: 0x000000dc80c00000,0x000000dc80d00000] [id=9364]
  0x00000255138f6980 ConcurrentGCThread "G1 Main Marker" [stack: 0x000000dcffb00000,0x000000dcffc00000] [id=9552]
  0x00000255138f7310 ConcurrentGCThread "G1 Conc#0" [stack: 0x000000dcffc00000,0x000000dcffd00000] [id=11160]
  0x000002552c7e20b0 ConcurrentGCThread "G1 Refine#0" [stack: 0x000000dcffd00000,0x000000dcffe00000] [id=2752]
  0x000002552c7e2a50 ConcurrentGCThread "G1 Service" [stack: 0x000000dcffe00000,0x000000dcfff00000] [id=6876]

Threads with active compile tasks:

VM state: at safepoint (normal execution)

VM Mutex/Monitor currently owned by a thread:  ([mutex/lock_event])
[0x000002551388b220] Threads_lock - owner thread: 0x000002552c960e10
[0x000002551388a890] Heap_lock - owner thread: 0x00000255138f6980

Heap address: 0x0000000080000000, size: 2048 MB, Compressed Oops mode: 32-bit

CDS archive(s) not mapped
Compressed class space mapped at: 0x0000000100000000-0x0000000140000000, reserved size: 1073741824
Narrow klass base: 0x0000000000000000, Narrow klass shift: 3, Narrow klass range: 0x140000000

GC Precious Log:
 CPUs: 2 total, 2 available
 Memory: 8057M
 Large Page Support: Disabled
 NUMA Support: Disabled
 Compressed Oops: Enabled (32-bit)
 Heap Region Size: 1M
 Heap Min Capacity: 8M
 Heap Initial Capacity: 126M
 Heap Max Capacity: 2G
 Pre-touch: Disabled
 Parallel Workers: 2
 Concurrent Workers: 1
 Concurrent Refinement Workers: 2
 Periodic GC: Disabled

Heap:
 garbage-first heap   total 137216K, used 93898K [0x0000000080000000, 0x0000000100000000)
  region size 1024K, 17 young (17408K), 3 survivors (3072K)
 Metaspace       used 46257K, committed 46720K, reserved 1089536K
  class space    used 6135K, committed 6336K, reserved 1048576K

Heap Regions: E=young(eden), S=young(survivor), O=old, HS=humongous(starts), HC=humongous(continues), CS=collection set, F=free, OA=open archive, CA=closed archive, TAMS=top-at-mark-start (previous, next)
|   0|0x0000000080000000, 0x0000000080100000, 0x0000000080100000|100%| O|  |TAMS 0x0000000080100000, 0x0000000080000000| Untracked 
|   1|0x0000000080100000, 0x0000000080200000, 0x0000000080200000|100%| O|  |TAMS 0x0000000080200000, 0x0000000080100000| Untracked 
|   2|0x0000000080200000, 0x0000000080300000, 0x0000000080300000|100%| O|  |TAMS 0x0000000080300000, 0x0000000080200000| Untracked 
|   3|0x0000000080300000, 0x0000000080400000, 0x0000000080400000|100%|HS|  |TAMS 0x0000000080400000, 0x0000000080300000| Complete 
|   4|0x0000000080400000, 0x0000000080500000, 0x0000000080500000|100%|HC|  |TAMS 0x0000000080500000, 0x0000000080400000| Complete 
|   5|0x0000000080500000, 0x0000000080600000, 0x0000000080600000|100%|HC|  |TAMS 0x0000000080600000, 0x0000000080500000| Complete 
|   6|0x0000000080600000, 0x0000000080700000, 0x0000000080700000|100%|HC|  |TAMS 0x0000000080700000, 0x0000000080600000| Complete 
|   7|0x0000000080700000, 0x0000000080800000, 0x0000000080800000|100%| O|  |TAMS 0x0000000080800000, 0x0000000080700000| Untracked 
|   8|0x0000000080800000, 0x0000000080900000, 0x0000000080900000|100%| O|  |TAMS 0x0000000080900000, 0x0000000080800000| Untracked 
|   9|0x0000000080900000, 0x00000000809f1200, 0x0000000080a00000| 94%| O|  |TAMS 0x00000000809f1200, 0x0000000080900000| Untracked 
|  10|0x0000000080a00000, 0x0000000080b00000, 0x0000000080b00000|100%| O|  |TAMS 0x0000000080b00000, 0x0000000080a00000| Untracked 
|  11|0x0000000080b00000, 0x0000000080c00000, 0x0000000080c00000|100%| O|  |TAMS 0x0000000080c00000, 0x0000000080b00000| Untracked 
|  12|0x0000000080c00000, 0x0000000080d00000, 0x0000000080d00000|100%| O|  |TAMS 0x0000000080d00000, 0x0000000080c00000| Untracked 
|  13|0x0000000080d00000, 0x0000000080e00000, 0x0000000080e00000|100%| O|  |TAMS 0x0000000080e00000, 0x0000000080d00000| Untracked 
|  14|0x0000000080e00000, 0x0000000080f00000, 0x0000000080f00000|100%| O|  |TAMS 0x0000000080f00000, 0x0000000080e00000| Untracked 
|  15|0x0000000080f00000, 0x0000000081000000, 0x0000000081000000|100%| O|  |TAMS 0x0000000081000000, 0x0000000080f00000| Untracked 
|  16|0x0000000081000000, 0x0000000081100000, 0x0000000081100000|100%| O|  |TAMS 0x0000000081100000, 0x0000000081000000| Untracked 
|  17|0x0000000081100000, 0x0000000081200000, 0x0000000081200000|100%| O|  |TAMS 0x0000000081200000, 0x0000000081100000| Untracked 
|  18|0x0000000081200000, 0x0000000081300000, 0x0000000081300000|100%|HS|  |TAMS 0x0000000081300000, 0x0000000081200000| Complete 
|  19|0x0000000081300000, 0x0000000081400000, 0x0000000081400000|100%|HC|  |TAMS 0x0000000081400000, 0x0000000081300000| Complete 
|  20|0x0000000081400000, 0x0000000081500000, 0x0000000081500000|100%|HS|  |TAMS 0x0000000081500000, 0x0000000081400000| Complete 
|  21|0x0000000081500000, 0x0000000081600000, 0x0000000081600000|100%|HC|  |TAMS 0x0000000081600000, 0x0000000081500000| Complete 
|  22|0x0000000081600000, 0x0000000081700000, 0x0000000081700000|100%|HC|  |TAMS 0x0000000081700000, 0x0000000081600000| Complete 
|  23|0x0000000081700000, 0x0000000081800000, 0x0000000081800000|100%| O|  |TAMS 0x0000000081800000, 0x0000000081700000| Updating 
|  24|0x0000000081800000, 0x0000000081900000, 0x0000000081900000|100%|HS|  |TAMS 0x0000000081900000, 0x0000000081800000| Complete 
|  25|0x0000000081900000, 0x0000000081a00000, 0x0000000081a00000|100%| O|  |TAMS 0x0000000081a00000, 0x0000000081900000| Untracked 
|  26|0x0000000081a00000, 0x0000000081b00000, 0x0000000081b00000|100%|HS|  |TAMS 0x0000000081b00000, 0x0000000081a00000| Complete 
|  27|0x0000000081b00000, 0x0000000081c00000, 0x0000000081c00000|100%|HC|  |TAMS 0x0000000081c00000, 0x0000000081b00000| Complete 
|  28|0x0000000081c00000, 0x0000000081d00000, 0x0000000081d00000|100%|HC|  |TAMS 0x0000000081d00000, 0x0000000081c00000| Complete 
|  29|0x0000000081d00000, 0x0000000081e00000, 0x0000000081e00000|100%|HS|  |TAMS 0x0000000081e00000, 0x0000000081d00000| Complete 
|  30|0x0000000081e00000, 0x0000000081f00000, 0x0000000081f00000|100%|HC|  |TAMS 0x0000000081f00000, 0x0000000081e00000| Complete 
|  31|0x0000000081f00000, 0x0000000082000000, 0x0000000082000000|100%|HS|  |TAMS 0x0000000082000000, 0x0000000081f00000| Complete 
|  32|0x0000000082000000, 0x0000000082100000, 0x0000000082100000|100%|HC|  |TAMS 0x0000000082100000, 0x0000000082000000| Complete 
|  33|0x0000000082100000, 0x0000000082200000, 0x0000000082200000|100%|HC|  |TAMS 0x0000000082200000, 0x0000000082100000| Complete 
|  34|0x0000000082200000, 0x0000000082300000, 0x0000000082300000|100%|HC|  |TAMS 0x0000000082300000, 0x0000000082200000| Complete 
|  35|0x0000000082300000, 0x0000000082400000, 0x0000000082400000|100%|HC|  |TAMS 0x0000000082400000, 0x0000000082300000| Complete 
|  36|0x0000000082400000, 0x0000000082500000, 0x0000000082500000|100%|HC|  |TAMS 0x0000000082500000, 0x0000000082400000| Complete 
|  37|0x0000000082500000, 0x0000000082600000, 0x0000000082600000|100%| O|  |TAMS 0x0000000082600000, 0x0000000082500000| Untracked 
|  38|0x0000000082600000, 0x0000000082700000, 0x0000000082700000|100%| O|  |TAMS 0x0000000082700000, 0x0000000082600000| Untracked 
|  39|0x0000000082700000, 0x0000000082800000, 0x0000000082800000|100%| O|  |TAMS 0x0000000082800000, 0x0000000082700000| Untracked 
|  40|0x0000000082800000, 0x0000000082900000, 0x0000000082900000|100%| O|  |TAMS 0x0000000082900000, 0x0000000082800000| Updating 
|  41|0x0000000082900000, 0x0000000082a00000, 0x0000000082a00000|100%| O|  |TAMS 0x0000000082a00000, 0x0000000082900000| Updating 
|  42|0x0000000082a00000, 0x0000000082b00000, 0x0000000082b00000|100%|HS|  |TAMS 0x0000000082b00000, 0x0000000082a00000| Complete 
|  43|0x0000000082b00000, 0x0000000082c00000, 0x0000000082c00000|100%|HC|  |TAMS 0x0000000082c00000, 0x0000000082b00000| Complete 
|  44|0x0000000082c00000, 0x0000000082d00000, 0x0000000082d00000|100%|HC|  |TAMS 0x0000000082d00000, 0x0000000082c00000| Complete 
|  45|0x0000000082d00000, 0x0000000082e00000, 0x0000000082e00000|100%|HC|  |TAMS 0x0000000082e00000, 0x0000000082d00000| Complete 
|  46|0x0000000082e00000, 0x0000000082f00000, 0x0000000082f00000|100%|HC|  |TAMS 0x0000000082f00000, 0x0000000082e00000| Complete 
|  47|0x0000000082f00000, 0x0000000083000000, 0x0000000083000000|100%|HC|  |TAMS 0x0000000083000000, 0x0000000082f00000| Complete 
|  48|0x0000000083000000, 0x0000000083100000, 0x0000000083100000|100%|HC|  |TAMS 0x0000000083100000, 0x0000000083000000| Complete 
|  49|0x0000000083100000, 0x0000000083200000, 0x0000000083200000|100%|HC|  |TAMS 0x0000000083200000, 0x0000000083100000| Complete 
|  50|0x0000000083200000, 0x0000000083300000, 0x0000000083300000|100%|HC|  |TAMS 0x0000000083300000, 0x0000000083200000| Complete 
|  51|0x0000000083300000, 0x0000000083400000, 0x0000000083400000|100%|HC|  |TAMS 0x0000000083400000, 0x0000000083300000| Complete 
|  52|0x0000000083400000, 0x0000000083500000, 0x0000000083500000|100%|HS|  |TAMS 0x0000000083500000, 0x0000000083400000| Complete 
|  53|0x0000000083500000, 0x0000000083600000, 0x0000000083600000|100%|HC|  |TAMS 0x0000000083600000, 0x0000000083500000| Complete 
|  54|0x0000000083600000, 0x0000000083700000, 0x0000000083700000|100%| O|  |TAMS 0x0000000083700000, 0x0000000083600000| Untracked 
|  55|0x0000000083700000, 0x0000000083800000, 0x0000000083800000|100%| O|  |TAMS 0x0000000083800000, 0x0000000083700000| Untracked 
|  56|0x0000000083800000, 0x0000000083900000, 0x0000000083900000|100%| O|  |TAMS 0x0000000083900000, 0x0000000083800000| Untracked 
|  57|0x0000000083900000, 0x0000000083a00000, 0x0000000083a00000|100%| O|  |TAMS 0x0000000083a00000, 0x0000000083900000| Untracked 
|  58|0x0000000083a00000, 0x0000000083b00000, 0x0000000083b00000|100%| O|  |TAMS 0x0000000083b00000, 0x0000000083a00000| Untracked 
|  59|0x0000000083b00000, 0x0000000083c00000, 0x0000000083c00000|100%| O|  |TAMS 0x0000000083c00000, 0x0000000083b00000| Untracked 
|  60|0x0000000083c00000, 0x0000000083d00000, 0x0000000083d00000|100%| O|  |TAMS 0x0000000083d00000, 0x0000000083c00000| Untracked 
|  61|0x0000000083d00000, 0x0000000083e00000, 0x0000000083e00000|100%|HS|  |TAMS 0x0000000083e00000, 0x0000000083d00000| Complete 
|  62|0x0000000083e00000, 0x0000000083f00000, 0x0000000083f00000|100%|HC|  |TAMS 0x0000000083f00000, 0x0000000083e00000| Complete 
|  63|0x0000000083f00000, 0x0000000084000000, 0x0000000084000000|100%|HC|  |TAMS 0x0000000084000000, 0x0000000083f00000| Complete 
|  64|0x0000000084000000, 0x0000000084100000, 0x0000000084100000|100%|HC|  |TAMS 0x0000000084100000, 0x0000000084000000| Complete 
|  65|0x0000000084100000, 0x0000000084200000, 0x0000000084200000|100%|HC|  |TAMS 0x0000000084200000, 0x0000000084100000| Complete 
|  66|0x0000000084200000, 0x0000000084300000, 0x0000000084300000|100%|HC|  |TAMS 0x0000000084300000, 0x0000000084200000| Complete 
|  67|0x0000000084300000, 0x0000000084400000, 0x0000000084400000|100%|HC|  |TAMS 0x0000000084400000, 0x0000000084300000| Complete 
|  68|0x0000000084400000, 0x0000000084500000, 0x0000000084500000|100%|HC|  |TAMS 0x0000000084500000, 0x0000000084400000| Complete 
|  69|0x0000000084500000, 0x0000000084600000, 0x0000000084600000|100%|HC|  |TAMS 0x0000000084600000, 0x0000000084500000| Complete 
|  70|0x0000000084600000, 0x0000000084700000, 0x0000000084700000|100%|HC|  |TAMS 0x0000000084700000, 0x0000000084600000| Complete 
|  71|0x0000000084700000, 0x0000000084800000, 0x0000000084800000|100%|HC|  |TAMS 0x0000000084800000, 0x0000000084700000| Complete 
|  72|0x0000000084800000, 0x0000000084900000, 0x0000000084900000|100%| O|  |TAMS 0x0000000084900000, 0x0000000084800000| Untracked 
|  73|0x0000000084900000, 0x0000000084a00000, 0x0000000084a00000|100%|HS|  |TAMS 0x0000000084a00000, 0x0000000084900000| Complete 
|  74|0x0000000084a00000, 0x0000000084b00000, 0x0000000084b00000|100%|HC|  |TAMS 0x0000000084b00000, 0x0000000084a00000| Complete 
|  75|0x0000000084b00000, 0x0000000084c00000, 0x0000000084c00000|100%| O|  |TAMS 0x0000000084c00000, 0x0000000084b00000| Untracked 
|  76|0x0000000084c00000, 0x0000000084c1fc00, 0x0000000084d00000| 12%| O|  |TAMS 0x0000000084c1fc00, 0x0000000084c00000| Updating 
|  77|0x0000000084d00000, 0x0000000084d00000, 0x0000000084e00000|  0%| F|  |TAMS 0x0000000084d00000, 0x0000000084d00000| Untracked 
|  78|0x0000000084e00000, 0x0000000084e00000, 0x0000000084f00000|  0%| F|  |TAMS 0x0000000084e00000, 0x0000000084e00000| Untracked 
|  79|0x0000000084f00000, 0x0000000084f00000, 0x0000000085000000|  0%| F|  |TAMS 0x0000000084f00000, 0x0000000084f00000| Untracked 
|  80|0x0000000085000000, 0x0000000085000000, 0x0000000085100000|  0%| F|  |TAMS 0x0000000085000000, 0x0000000085000000| Untracked 
|  81|0x0000000085100000, 0x0000000085100000, 0x0000000085200000|  0%| F|  |TAMS 0x0000000085100000, 0x0000000085100000| Untracked 
|  82|0x0000000085200000, 0x0000000085200000, 0x0000000085300000|  0%| F|  |TAMS 0x0000000085200000, 0x0000000085200000| Untracked 
|  83|0x0000000085300000, 0x0000000085300000, 0x0000000085400000|  0%| F|  |TAMS 0x0000000085300000, 0x0000000085300000| Untracked 
|  84|0x0000000085400000, 0x0000000085400000, 0x0000000085500000|  0%| F|  |TAMS 0x0000000085400000, 0x0000000085400000| Untracked 
|  85|0x0000000085500000, 0x0000000085500000, 0x0000000085600000|  0%| F|  |TAMS 0x0000000085500000, 0x0000000085500000| Untracked 
|  86|0x0000000085600000, 0x0000000085600000, 0x0000000085700000|  0%| F|  |TAMS 0x0000000085600000, 0x0000000085600000| Untracked 
|  87|0x0000000085700000, 0x0000000085700000, 0x0000000085800000|  0%| F|  |TAMS 0x0000000085700000, 0x0000000085700000| Untracked 
|  88|0x0000000085800000, 0x0000000085800000, 0x0000000085900000|  0%| F|  |TAMS 0x0000000085800000, 0x0000000085800000| Untracked 
|  89|0x0000000085900000, 0x0000000085900000, 0x0000000085a00000|  0%| F|  |TAMS 0x0000000085900000, 0x0000000085900000| Untracked 
|  90|0x0000000085a00000, 0x0000000085a00000, 0x0000000085b00000|  0%| F|  |TAMS 0x0000000085a00000, 0x0000000085a00000| Untracked 
|  91|0x0000000085b00000, 0x0000000085b00000, 0x0000000085c00000|  0%| F|  |TAMS 0x0000000085b00000, 0x0000000085b00000| Untracked 
|  92|0x0000000085c00000, 0x0000000085c00000, 0x0000000085d00000|  0%| F|  |TAMS 0x0000000085c00000, 0x0000000085c00000| Untracked 
|  93|0x0000000085d00000, 0x0000000085d00000, 0x0000000085e00000|  0%| F|  |TAMS 0x0000000085d00000, 0x0000000085d00000| Untracked 
|  94|0x0000000085e00000, 0x0000000085ea1ca0, 0x0000000085f00000| 63%| S|CS|TAMS 0x0000000085e00000, 0x0000000085e00000| Complete 
|  95|0x0000000085f00000, 0x0000000086000000, 0x0000000086000000|100%| S|CS|TAMS 0x0000000085f00000, 0x0000000085f00000| Complete 
|  96|0x0000000086000000, 0x0000000086100000, 0x0000000086100000|100%| S|CS|TAMS 0x0000000086000000, 0x0000000086000000| Complete 
|  97|0x0000000086100000, 0x0000000086100000, 0x0000000086200000|  0%| F|  |TAMS 0x0000000086100000, 0x0000000086100000| Untracked 
|  98|0x0000000086200000, 0x0000000086200000, 0x0000000086300000|  0%| F|  |TAMS 0x0000000086200000, 0x0000000086200000| Untracked 
|  99|0x0000000086300000, 0x0000000086300000, 0x0000000086400000|  0%| F|  |TAMS 0x0000000086300000, 0x0000000086300000| Untracked 
| 100|0x0000000086400000, 0x0000000086400000, 0x0000000086500000|  0%| F|  |TAMS 0x0000000086400000, 0x0000000086400000| Untracked 
| 101|0x0000000086500000, 0x0000000086500000, 0x0000000086600000|  0%| F|  |TAMS 0x0000000086500000, 0x0000000086500000| Untracked 
| 102|0x0000000086600000, 0x0000000086600000, 0x0000000086700000|  0%| F|  |TAMS 0x0000000086600000, 0x0000000086600000| Untracked 
| 103|0x0000000086700000, 0x0000000086700000, 0x0000000086800000|  0%| F|  |TAMS 0x0000000086700000, 0x0000000086700000| Untracked 
| 104|0x0000000086800000, 0x0000000086800000, 0x0000000086900000|  0%| F|  |TAMS 0x0000000086800000, 0x0000000086800000| Untracked 
| 105|0x0000000086900000, 0x0000000086900000, 0x0000000086a00000|  0%| F|  |TAMS 0x0000000086900000, 0x0000000086900000| Untracked 
| 106|0x0000000086a00000, 0x0000000086a00000, 0x0000000086b00000|  0%| F|  |TAMS 0x0000000086a00000, 0x0000000086a00000| Untracked 
| 107|0x0000000086b00000, 0x0000000086b00000, 0x0000000086c00000|  0%| F|  |TAMS 0x0000000086b00000, 0x0000000086b00000| Untracked 
| 108|0x0000000086c00000, 0x0000000086c00000, 0x0000000086d00000|  0%| F|  |TAMS 0x0000000086c00000, 0x0000000086c00000| Untracked 
| 109|0x0000000086d00000, 0x0000000086d00000, 0x0000000086e00000|  0%| F|  |TAMS 0x0000000086d00000, 0x0000000086d00000| Untracked 
| 110|0x0000000086e00000, 0x0000000086e00000, 0x0000000086f00000|  0%| F|  |TAMS 0x0000000086e00000, 0x0000000086e00000| Untracked 
| 111|0x0000000086f00000, 0x0000000086f00000, 0x0000000087000000|  0%| F|  |TAMS 0x0000000086f00000, 0x0000000086f00000| Untracked 
| 112|0x0000000087000000, 0x0000000087000000, 0x0000000087100000|  0%| F|  |TAMS 0x0000000087000000, 0x0000000087000000| Untracked 
| 113|0x0000000087100000, 0x0000000087100000, 0x0000000087200000|  0%| F|  |TAMS 0x0000000087100000, 0x0000000087100000| Untracked 
| 114|0x0000000087200000, 0x0000000087200000, 0x0000000087300000|  0%| F|  |TAMS 0x0000000087200000, 0x0000000087200000| Untracked 
| 115|0x0000000087300000, 0x0000000087300000, 0x0000000087400000|  0%| F|  |TAMS 0x0000000087300000, 0x0000000087300000| Untracked 
| 116|0x0000000087400000, 0x0000000087400000, 0x0000000087500000|  0%| F|  |TAMS 0x0000000087400000, 0x0000000087400000| Untracked 
| 117|0x0000000087500000, 0x0000000087500000, 0x0000000087600000|  0%| F|  |TAMS 0x0000000087500000, 0x0000000087500000| Untracked 
| 118|0x0000000087600000, 0x0000000087600000, 0x0000000087700000|  0%| F|  |TAMS 0x0000000087600000, 0x0000000087600000| Untracked 
| 119|0x0000000087700000, 0x0000000087700000, 0x0000000087800000|  0%| F|  |TAMS 0x0000000087700000, 0x0000000087700000| Untracked 
| 120|0x0000000087800000, 0x0000000087900000, 0x0000000087900000|100%| E|  |TAMS 0x0000000087800000, 0x0000000087800000| Complete 
| 121|0x0000000087900000, 0x0000000087a00000, 0x0000000087a00000|100%| E|CS|TAMS 0x0000000087900000, 0x0000000087900000| Complete 
| 122|0x0000000087a00000, 0x0000000087b00000, 0x0000000087b00000|100%| E|CS|TAMS 0x0000000087a00000, 0x0000000087a00000| Complete 
| 123|0x0000000087b00000, 0x0000000087c00000, 0x0000000087c00000|100%| E|CS|TAMS 0x0000000087b00000, 0x0000000087b00000| Complete 
| 124|0x0000000087c00000, 0x0000000087d00000, 0x0000000087d00000|100%| E|CS|TAMS 0x0000000087c00000, 0x0000000087c00000| Complete 
| 125|0x0000000087d00000, 0x0000000087e00000, 0x0000000087e00000|100%| E|CS|TAMS 0x0000000087d00000, 0x0000000087d00000| Complete 
| 126|0x0000000087e00000, 0x0000000087f00000, 0x0000000087f00000|100%| E|CS|TAMS 0x0000000087e00000, 0x0000000087e00000| Complete 
| 127|0x0000000087f00000, 0x0000000088000000, 0x0000000088000000|100%| E|CS|TAMS 0x0000000087f00000, 0x0000000087f00000| Complete 
| 128|0x0000000088000000, 0x0000000088100000, 0x0000000088100000|100%| E|CS|TAMS 0x0000000088000000, 0x0000000088000000| Complete 
| 129|0x0000000088100000, 0x0000000088200000, 0x0000000088200000|100%| E|CS|TAMS 0x0000000088100000, 0x0000000088100000| Complete 
| 130|0x0000000088200000, 0x0000000088300000, 0x0000000088300000|100%| E|CS|TAMS 0x0000000088200000, 0x0000000088200000| Complete 
| 131|0x0000000088300000, 0x0000000088400000, 0x0000000088400000|100%| E|CS|TAMS 0x0000000088300000, 0x0000000088300000| Complete 
| 132|0x0000000088400000, 0x0000000088500000, 0x0000000088500000|100%| E|CS|TAMS 0x0000000088400000, 0x0000000088400000| Complete 
| 133|0x0000000088500000, 0x0000000088600000, 0x0000000088600000|100%| E|CS|TAMS 0x0000000088500000, 0x0000000088500000| Complete 

Card table byte_map: [0x0000025525d50000,0x0000025526150000] _byte_map_base: 0x0000025525950000

Marking Bits (Prev, Next): (CMBitMap*) 0x00000255138e6050, (CMBitMap*) 0x00000255138e6090
 Prev Bits: [0x0000025526550000, 0x0000025528550000)
 Next Bits: [0x0000025528550000, 0x000002552a550000)

Polling page: 0x0000025511730000

Metaspace:

Usage:
  Non-class:     39.18 MB used.
      Class:      5.99 MB used.
       Both:     45.17 MB used.

Virtual space:
  Non-class space:       40.00 MB reserved,      39.44 MB ( 99%) committed,  5 nodes.
      Class space:        1.00 GB reserved,       6.19 MB ( <1%) committed,  1 nodes.
             Both:        1.04 GB reserved,      45.63 MB (  4%) committed. 

Chunk freelists:
   Non-Class:  240.00 KB
       Class:  1.64 MB
        Both:  1.88 MB

MaxMetaspaceSize: unlimited
CompressedClassSpaceSize: 1.00 GB
Initial GC threshold: 21.00 MB
Current GC threshold: 75.75 MB
CDS: off
MetaspaceReclaimPolicy: balanced
 - commit_granule_bytes: 65536.
 - commit_granule_words: 8192.
 - virtual_space_node_default_size: 1048576.
 - enlarge_chunks_in_place: 1.
 - new_chunks_are_fully_committed: 0.
 - uncommit_free_chunks: 1.
 - use_allocation_guard: 0.
 - handle_deallocations: 1.


Internal statistics:

num_allocs_failed_limit: 3.
num_arena_births: 434.
num_arena_deaths: 0.
num_vsnodes_births: 6.
num_vsnodes_deaths: 0.
num_space_committed: 730.
num_space_uncommitted: 0.
num_chunks_returned_to_freelist: 3.
num_chunks_taken_from_freelist: 1848.
num_chunk_merges: 3.
num_chunk_splits: 1196.
num_chunks_enlarged: 813.
num_purges: 0.
num_inconsistent_stats: 0.

CodeHeap 'non-profiled nmethods': size=120064Kb used=2467Kb max_used=2467Kb free=117596Kb
 bounds [0x000002551e810000, 0x000002551ea80000, 0x0000025525d50000]
CodeHeap 'profiled nmethods': size=120000Kb used=8834Kb max_used=8834Kb free=111165Kb
 bounds [0x0000025516d50000, 0x0000025517600000, 0x000002551e280000]
CodeHeap 'non-nmethods': size=5696Kb used=2286Kb max_used=2359Kb free=3409Kb
 bounds [0x000002551e280000, 0x000002551e4f0000, 0x000002551e810000]
 total_blobs=5054 nmethods=4254 adapters=713
 compilation: enabled
              stopped_count=0, restarted_count=0
 full_count=0

Compilation events (20 events):
Event: 16.114 Thread 0x000002552d413060 4257       4       com.google.common.collect.RegularImmutableList::spliterator (11 bytes)
Event: 16.117 Thread 0x000002552d413060 nmethod 4257 0x000002551ea72990 code [0x000002551ea72b20, 0x000002551ea72c98]
Event: 16.117 Thread 0x000002552d413060 4260       4       org.gradle.internal.fingerprint.impl.DefaultFileSystemLocationFingerprint::hashForType (73 bytes)
Event: 16.118 Thread 0x000002552d413060 nmethod 4260 0x000002551ea72d90 code [0x000002551ea72f00, 0x000002551ea72fb8]
Event: 16.118 Thread 0x000002552d413060 4258       4       org.gradle.api.internal.changedetection.state.ZipHasher::isZipFile (19 bytes)
Event: 16.180 Thread 0x000002552d413060 nmethod 4258 0x000002551ea73090 code [0x000002551ea732c0, 0x000002551ea74bc8]
Event: 16.180 Thread 0x000002552d413060 4259       4       org.apache.commons.io.FilenameUtils::indexOfExtension (61 bytes)
Event: 16.198 Thread 0x000002552d413060 nmethod 4259 0x000002551ea75990 code [0x000002551ea75b20, 0x000002551ea76278]
Event: 16.198 Thread 0x000002552d413060 4262       4       org.gradle.api.internal.changedetection.state.DefaultZipEntryContext::<init> (20 bytes)
Event: 16.201 Thread 0x000002552d413060 nmethod 4262 0x000002551ea76710 code [0x000002551ea76880, 0x000002551ea76bb8]
Event: 16.201 Thread 0x000002552d413060 4263       4       org.gradle.api.internal.changedetection.state.ZipHasher::fingerprintZipEntry (40 bytes)
Event: 16.218 Thread 0x000002552d413060 nmethod 4263 0x000002551ea76c10 code [0x000002551ea76de0, 0x000002551ea77968]
Event: 16.218 Thread 0x000002552d413060 4261       4       org.apache.commons.io.FilenameUtils::getAdsCriticalOffset (49 bytes)
Event: 16.225 Thread 0x000002552d413060 nmethod 4261 0x000002551ea77f10 code [0x000002551ea780a0, 0x000002551ea78378]
Event: 16.225 Thread 0x000002552d413060 4264       4       org.gradle.internal.hash.HashCode::<init> (5 bytes)
Event: 16.226 Thread 0x000002552d413060 nmethod 4264 0x000002551ea78590 code [0x000002551ea78700, 0x000002551ea78778]
Event: 16.243 Thread 0x000002552d479410 4265       3       org.gradle.api.internal.changedetection.state.ZipHasher::isZipFile (19 bytes)
Event: 16.243 Thread 0x000002552d479410 nmethod 4265 0x00000255175efe10 code [0x00000255175f0040, 0x00000255175f0648]
Event: 16.245 Thread 0x000002552d413060 4266       4       com.google.common.collect.ImmutableMapEntrySet$RegularEntrySet::spliterator (8 bytes)
Event: 16.247 Thread 0x000002552d413060 nmethod 4266 0x000002551ea78890 code [0x000002551ea78a20, 0x000002551ea78bd8]

GC Heap History (20 events):
Event: 11.496 GC heap before
{Heap before GC invocations=14 (full 0):
 garbage-first heap   total 97280K, used 77556K [0x0000000080000000, 0x0000000100000000)
  region size 1024K, 22 young (22528K), 1 survivors (1024K)
 Metaspace       used 34279K, committed 34688K, reserved 1081344K
  class space    used 4745K, committed 4928K, reserved 1048576K
}
Event: 11.503 GC heap after
{Heap after GC invocations=15 (full 0):
 garbage-first heap   total 125952K, used 57079K [0x0000000080000000, 0x0000000100000000)
  region size 1024K, 2 young (2048K), 2 survivors (2048K)
 Metaspace       used 34279K, committed 34688K, reserved 1081344K
  class space    used 4745K, committed 4928K, reserved 1048576K
}
Event: 13.064 GC heap before
{Heap before GC invocations=16 (full 0):
 garbage-first heap   total 125952K, used 98039K [0x0000000080000000, 0x0000000100000000)
  region size 1024K, 43 young (44032K), 2 survivors (2048K)
 Metaspace       used 41804K, committed 42176K, reserved 1089536K
  class space    used 5562K, committed 5760K, reserved 1048576K
}
Event: 13.080 GC heap after
{Heap after GC invocations=17 (full 0):
 garbage-first heap   total 125952K, used 62354K [0x0000000080000000, 0x0000000100000000)
  region size 1024K, 6 young (6144K), 6 survivors (6144K)
 Metaspace       used 41804K, committed 42176K, reserved 1089536K
  class space    used 5562K, committed 5760K, reserved 1048576K
}
Event: 13.340 GC heap before
{Heap before GC invocations=17 (full 0):
 garbage-first heap   total 125952K, used 70546K [0x0000000080000000, 0x0000000100000000)
  region size 1024K, 15 young (15360K), 6 survivors (6144K)
 Metaspace       used 42270K, committed 42688K, reserved 1089536K
  class space    used 5608K, committed 5824K, reserved 1048576K
}
Event: 13.369 GC heap after
{Heap after GC invocations=18 (full 0):
 garbage-first heap   total 125952K, used 63439K [0x0000000080000000, 0x0000000100000000)
  region size 1024K, 2 young (2048K), 2 survivors (2048K)
 Metaspace       used 42270K, committed 42688K, reserved 1089536K
  class space    used 5608K, committed 5824K, reserved 1048576K
}
Event: 13.437 GC heap before
{Heap before GC invocations=19 (full 0):
 garbage-first heap   total 125952K, used 64463K [0x0000000080000000, 0x0000000100000000)
  region size 1024K, 3 young (3072K), 2 survivors (2048K)
 Metaspace       used 42270K, committed 42688K, reserved 1089536K
  class space    used 5608K, committed 5824K, reserved 1048576K
}
Event: 13.440 GC heap after
{Heap after GC invocations=20 (full 0):
 garbage-first heap   total 125952K, used 63719K [0x0000000080000000, 0x0000000100000000)
  region size 1024K, 2 young (2048K), 2 survivors (2048K)
 Metaspace       used 42270K, committed 42688K, reserved 1089536K
  class space    used 5608K, committed 5824K, reserved 1048576K
}
Event: 14.911 GC heap before
{Heap before GC invocations=21 (full 0):
 garbage-first heap   total 125952K, used 92391K [0x0000000080000000, 0x0000000100000000)
  region size 1024K, 29 young (29696K), 2 survivors (2048K)
 Metaspace       used 46144K, committed 46528K, reserved 1089536K
  class space    used 6116K, committed 6336K, reserved 1048576K
}
Event: 14.921 GC heap after
{Heap after GC invocations=22 (full 0):
 garbage-first heap   total 125952K, used 64547K [0x0000000080000000, 0x0000000100000000)
  region size 1024K, 3 young (3072K), 3 survivors (3072K)
 Metaspace       used 46144K, committed 46528K, reserved 1089536K
  class space    used 6116K, committed 6336K, reserved 1048576K
}
Event: 15.016 GC heap before
{Heap before GC invocations=23 (full 0):
 garbage-first heap   total 125952K, used 75811K [0x0000000080000000, 0x0000000100000000)
  region size 1024K, 4 young (4096K), 3 survivors (3072K)
 Metaspace       used 46144K, committed 46528K, reserved 1089536K
  class space    used 6116K, committed 6336K, reserved 1048576K
}
Event: 15.024 GC heap after
{Heap after GC invocations=24 (full 0):
 garbage-first heap   total 125952K, used 75853K [0x0000000080000000, 0x0000000100000000)
  region size 1024K, 2 young (2048K), 2 survivors (2048K)
 Metaspace       used 46144K, committed 46528K, reserved 1089536K
  class space    used 6116K, committed 6336K, reserved 1048576K
}
Event: 15.550 GC heap before
{Heap before GC invocations=25 (full 0):
 garbage-first heap   total 133120K, used 106573K [0x0000000080000000, 0x0000000100000000)
  region size 1024K, 30 young (30720K), 2 survivors (2048K)
 Metaspace       used 46216K, committed 46656K, reserved 1089536K
  class space    used 6126K, committed 6336K, reserved 1048576K
}
Event: 15.556 GC heap after
{Heap after GC invocations=26 (full 0):
 garbage-first heap   total 133120K, used 78791K [0x0000000080000000, 0x0000000100000000)
  region size 1024K, 3 young (3072K), 3 survivors (3072K)
 Metaspace       used 46216K, committed 46656K, reserved 1089536K
  class space    used 6126K, committed 6336K, reserved 1048576K
}
Event: 15.749 GC heap before
{Heap before GC invocations=26 (full 0):
 garbage-first heap   total 133120K, used 111559K [0x0000000080000000, 0x0000000100000000)
  region size 1024K, 35 young (35840K), 3 survivors (3072K)
 Metaspace       used 46219K, committed 46656K, reserved 1089536K
  class space    used 6126K, committed 6336K, reserved 1048576K
}
Event: 15.755 GC heap after
{Heap after GC invocations=27 (full 0):
 garbage-first heap   total 133120K, used 79380K [0x0000000080000000, 0x0000000100000000)
  region size 1024K, 2 young (2048K), 2 survivors (2048K)
 Metaspace       used 46219K, committed 46656K, reserved 1089536K
  class space    used 6126K, committed 6336K, reserved 1048576K
}
Event: 16.070 GC heap before
{Heap before GC invocations=28 (full 0):
 garbage-first heap   total 137216K, used 112148K [0x0000000080000000, 0x0000000100000000)
  region size 1024K, 34 young (34816K), 2 survivors (2048K)
 Metaspace       used 46256K, committed 46720K, reserved 1089536K
  class space    used 6134K, committed 6336K, reserved 1048576K
}
Event: 16.074 GC heap after
{Heap after GC invocations=29 (full 0):
 garbage-first heap   total 137216K, used 79835K [0x0000000080000000, 0x0000000100000000)
  region size 1024K, 2 young (2048K), 2 survivors (2048K)
 Metaspace       used 46256K, committed 46720K, reserved 1089536K
  class space    used 6134K, committed 6336K, reserved 1048576K
}
Event: 16.288 GC heap before
{Heap before GC invocations=29 (full 0):
 garbage-first heap   total 137216K, used 115675K [0x0000000080000000, 0x0000000100000000)
  region size 1024K, 37 young (37888K), 2 survivors (2048K)
 Metaspace       used 46257K, committed 46720K, reserved 1089536K
  class space    used 6135K, committed 6336K, reserved 1048576K
}
Event: 16.292 GC heap after
{Heap after GC invocations=30 (full 0):
 garbage-first heap   total 137216K, used 80586K [0x0000000080000000, 0x0000000100000000)
  region size 1024K, 3 young (3072K), 3 survivors (3072K)
 Metaspace       used 46257K, committed 46720K, reserved 1089536K
  class space    used 6135K, committed 6336K, reserved 1048576K
}

Dll operation events (2 events):
Event: 0.008 Loaded shared library E:\Android Pro\jbr\bin\java.dll
Event: 1.563 Loaded shared library E:\Android Pro\jbr\bin\verify.dll

Deoptimization events (20 events):
Event: 13.614 Thread 0x000002552ec0b880 DEOPT PACKING pc=0x000002551e9e3490 sp=0x000000dc813f8980
Event: 13.614 Thread 0x000002552ec0b880 DEOPT UNPACKING pc=0x000002551e2d699d sp=0x000000dc813f88c0 mode 2
Event: 13.770 Thread 0x000002552ec0b880 DEOPT PACKING pc=0x0000025516ddfc93 sp=0x000000dc813f96b0
Event: 13.770 Thread 0x000002552ec0b880 DEOPT UNPACKING pc=0x000002551e2d7124 sp=0x000000dc813f8be8 mode 0
Event: 14.134 Thread 0x000002552ec0b880 Uncommon trap: trap_request=0xffffff45 fr.pc=0x000002551e9f45bc relative=0x000000000000011c
Event: 14.134 Thread 0x000002552ec0b880 Uncommon trap: reason=unstable_if action=reinterpret pc=0x000002551e9f45bc method=java.util.Arrays.hashCode([Ljava/lang/Object;)I @ 34 c2
Event: 14.134 Thread 0x000002552ec0b880 DEOPT PACKING pc=0x000002551e9f45bc sp=0x000000dc813f7bc0
Event: 14.134 Thread 0x000002552ec0b880 DEOPT UNPACKING pc=0x000002551e2d699d sp=0x000000dc813f7b38 mode 2
Event: 15.077 Thread 0x000002552ec0b880 Uncommon trap: trap_request=0xffffff45 fr.pc=0x000002551e97dec0 relative=0x0000000000003ca0
Event: 15.077 Thread 0x000002552ec0b880 Uncommon trap: reason=unstable_if action=reinterpret pc=0x000002551e97dec0 method=java.util.zip.ZipFile$Source.isMetaName([BII)Z @ 57 c2
Event: 15.077 Thread 0x000002552ec0b880 DEOPT PACKING pc=0x000002551e97dec0 sp=0x000000dc813f9020
Event: 15.077 Thread 0x000002552ec0b880 DEOPT UNPACKING pc=0x000002551e2d699d sp=0x000000dc813f8f90 mode 2
Event: 15.227 Thread 0x000002552ec0b880 DEOPT PACKING pc=0x00000255170b2057 sp=0x000000dc813f8b10
Event: 15.227 Thread 0x000002552ec0b880 DEOPT UNPACKING pc=0x000002551e2d7124 sp=0x000000dc813f7f30 mode 0
Event: 15.241 Thread 0x000002552ec0b880 DEOPT PACKING pc=0x00000255170b2057 sp=0x000000dc813f8b10
Event: 15.241 Thread 0x000002552ec0b880 DEOPT UNPACKING pc=0x000002551e2d7124 sp=0x000000dc813f7f30 mode 0
Event: 16.239 Thread 0x000002552ec0b880 Uncommon trap: trap_request=0xffffff45 fr.pc=0x000002551ea74a14 relative=0x0000000000001754
Event: 16.239 Thread 0x000002552ec0b880 Uncommon trap: reason=unstable_if action=reinterpret pc=0x000002551ea74a14 method=org.apache.commons.io.FilenameUtils.getExtension(Ljava/lang/String;)Ljava/lang/String; @ 13 c2
Event: 16.239 Thread 0x000002552ec0b880 DEOPT PACKING pc=0x000002551ea74a14 sp=0x000000dc813f9520
Event: 16.239 Thread 0x000002552ec0b880 DEOPT UNPACKING pc=0x000002551e2d699d sp=0x000000dc813f9488 mode 2

Classes unloaded (0 events):
No events

Classes redefined (0 events):
No events

Internal exceptions (20 events):
Event: 13.801 Thread 0x000002552ec0b880 Exception <a 'java/lang/ClassNotFoundException'{0x0000000087551938}: sync_studio_tooling3_61nqan80fapsrpjwr4fjkgvr0BeanInfo> (0x0000000087551938) 
thrown [s\src\hotspot\share\classfile\systemDictionary.cpp, line 256]
Event: 13.802 Thread 0x000002552ec0b880 Exception <a 'java/lang/ClassNotFoundException'{0x0000000087558248}: sync_studio_tooling3_61nqan80fapsrpjwr4fjkgvr0Customizer> (0x0000000087558248) 
thrown [s\src\hotspot\share\classfile\systemDictionary.cpp, line 256]
Event: 13.816 Thread 0x000002552ec0b880 Exception <a 'java/lang/ClassNotFoundException'{0x00000000875a4200}: org/gradle/internal/metaobject/ConfigureDelegateBeanInfo> (0x00000000875a4200) 
thrown [s\src\hotspot\share\classfile\systemDictionary.cpp, line 256]
Event: 13.817 Thread 0x000002552ec0b880 Exception <a 'java/lang/ClassNotFoundException'{0x00000000875b4610}: org/gradle/internal/metaobject/ConfigureDelegateCustomizer> (0x00000000875b4610) 
thrown [s\src\hotspot\share\classfile\systemDictionary.cpp, line 256]
Event: 13.827 Thread 0x000002552ec0b880 Exception <a 'java/lang/ClassNotFoundException'{0x00000000874047c8}: org/gradle/api/internal/initialization/DefaultScriptHandlerBeanInfo> (0x00000000874047c8) 
thrown [s\src\hotspot\share\classfile\systemDictionary.cpp, line 256]
Event: 13.828 Thread 0x000002552ec0b880 Exception <a 'java/lang/ClassNotFoundException'{0x0000000087414d08}: org/gradle/api/internal/initialization/DefaultScriptHandlerCustomizer> (0x0000000087414d08) 
thrown [s\src\hotspot\share\classfile\systemDictionary.cpp, line 256]
Event: 14.134 Thread 0x000002552ec0b880 Implicit null exception at 0x000002551e9f44ec to 0x000002551e9f45a0
Event: 14.144 Thread 0x000002552ec0b880 Exception <a 'java/lang/ClassNotFoundException'{0x0000000086e991b0}: org/gradle/api/internal/artifacts/dsl/dependencies/DefaultDependencyHandler_DecoratedBeanInfo> (0x0000000086e991b0) 
thrown [s\src\hotspot\share\classfile\systemDictionary.cpp, line 256]
Event: 14.145 Thread 0x000002552ec0b880 Exception <a 'java/lang/ClassNotFoundException'{0x0000000086eaecd8}: org/gradle/api/internal/artifacts/dsl/dependencies/DefaultDependencyHandlerBeanInfo> (0x0000000086eaecd8) 
thrown [s\src\hotspot\share\classfile\systemDictionary.cpp, line 256]
Event: 14.146 Thread 0x000002552ec0b880 Exception <a 'java/lang/ClassNotFoundException'{0x0000000086ec3d20}: org/gradle/api/internal/artifacts/dsl/dependencies/DefaultDependencyHandlerCustomizer> (0x0000000086ec3d20) 
thrown [s\src\hotspot\share\classfile\systemDictionary.cpp, line 256]
Event: 14.158 Thread 0x000002552ec0b880 Exception <a 'java/lang/ClassNotFoundException'{0x0000000086d03020}: org/gradle/api/internal/artifacts/dsl/dependencies/DefaultDependencyHandler_DecoratedCustomizer> (0x0000000086d03020) 
thrown [s\src\hotspot\share\classfile\systemDictionary.cpp, line 256]
Event: 14.291 Thread 0x000002552ec0b880 Exception <a 'java/lang/NoSuchMethodError'{0x0000000086bf7370}: 'java.lang.Object java.lang.invoke.DirectMethodHandle$Holder.newInvokeSpecial(java.lang.Object, int, java.lang.Object)'> (0x0000000086bf7370) 
thrown [s\src\hotspot\share\interpreter\linkResolver.cpp, line 771]
Event: 14.647 Thread 0x000002552ec0b880 Exception <a 'java/lang/NoSuchMethodError'{0x00000000861d4c00}: 'int java.lang.invoke.DirectMethodHandle$Holder.invokeStatic(java.lang.Object)'> (0x00000000861d4c00) 
thrown [s\src\hotspot\share\interpreter\linkResolver.cpp, line 771]
Event: 14.647 Thread 0x000002552ec0b880 Exception <a 'java/lang/NoSuchMethodError'{0x00000000861d8ff0}: 'int java.lang.invoke.DirectMethodHandle$Holder.invokeStaticInit(java.lang.Object)'> (0x00000000861d8ff0) 
thrown [s\src\hotspot\share\interpreter\linkResolver.cpp, line 771]
Event: 14.768 Thread 0x000002552ec0b880 Exception <a 'java/lang/ClassNotFoundException'{0x0000000085f0d2a8}: sync_studio_tooling3_61nqan80fapsrpjwr4fjkgvr0BeanInfo> (0x0000000085f0d2a8) 
thrown [s\src\hotspot\share\classfile\systemDictionary.cpp, line 256]
Event: 14.769 Thread 0x000002552ec0b880 Exception <a 'java/lang/ClassNotFoundException'{0x0000000085f13b58}: sync_studio_tooling3_61nqan80fapsrpjwr4fjkgvr0Customizer> (0x0000000085f13b58) 
thrown [s\src\hotspot\share\classfile\systemDictionary.cpp, line 256]
Event: 14.817 Thread 0x000002552ec0b880 Exception <a 'java/lang/ClassNotFoundException'{0x0000000085fc51e0}: ijinit_ea0znhqfvqo11g8b6ui80fn5nBeanInfo> (0x0000000085fc51e0) 
thrown [s\src\hotspot\share\classfile\systemDictionary.cpp, line 256]
Event: 14.817 Thread 0x000002552ec0b880 Exception <a 'java/lang/ClassNotFoundException'{0x0000000085fcba60}: ijinit_ea0znhqfvqo11g8b6ui80fn5nCustomizer> (0x0000000085fcba60) 
thrown [s\src\hotspot\share\classfile\systemDictionary.cpp, line 256]
Event: 14.858 Thread 0x000002552ec0b880 Exception <a 'java/lang/ClassNotFoundException'{0x0000000085e09008}: ijinit_ea0znhqfvqo11g8b6ui80fn5n$_run_closure1BeanInfo> (0x0000000085e09008) 
thrown [s\src\hotspot\share\classfile\systemDictionary.cpp, line 256]
Event: 14.858 Thread 0x000002552ec0b880 Exception <a 'java/lang/ClassNotFoundException'{0x0000000085e0ff68}: ijinit_ea0znhqfvqo11g8b6ui80fn5n$_run_closure1Customizer> (0x0000000085e0ff68) 
thrown [s\src\hotspot\share\classfile\systemDictionary.cpp, line 256]

VM Operations (20 events):
Event: 15.024 Executing VM operation: G1TryInitiateConcMark done
Event: 15.107 Executing VM operation: G1Concurrent
Event: 15.116 Executing VM operation: G1Concurrent done
Event: 15.139 Executing VM operation: G1Concurrent
Event: 15.140 Executing VM operation: G1Concurrent done
Event: 15.550 Executing VM operation: G1CollectForAllocation
Event: 15.556 Executing VM operation: G1CollectForAllocation done
Event: 15.749 Executing VM operation: G1CollectForAllocation
Event: 15.755 Executing VM operation: G1CollectForAllocation done
Event: 15.810 Executing VM operation: G1Concurrent
Event: 15.815 Executing VM operation: G1Concurrent done
Event: 15.844 Executing VM operation: G1Concurrent
Event: 15.845 Executing VM operation: G1Concurrent done
Event: 15.856 Executing VM operation: HandshakeAllThreads
Event: 15.857 Executing VM operation: HandshakeAllThreads done
Event: 16.070 Executing VM operation: G1CollectForAllocation
Event: 16.074 Executing VM operation: G1CollectForAllocation done
Event: 16.288 Executing VM operation: G1CollectForAllocation
Event: 16.292 Executing VM operation: G1CollectForAllocation done
Event: 16.348 Executing VM operation: G1Concurrent

Events (20 events):
Event: 13.528 loading class sun/reflect/MagicAccessorImpl
Event: 13.528 loading class sun/reflect/MagicAccessorImpl done
Event: 13.617 loading class com/sun/beans/finder/MethodFinder
Event: 13.618 loading class com/sun/beans/finder/AbstractFinder
Event: 13.618 loading class com/sun/beans/finder/AbstractFinder done
Event: 13.618 loading class com/sun/beans/finder/MethodFinder done
Event: 13.618 loading class com/sun/beans/finder/MethodFinder$1
Event: 13.618 loading class com/sun/beans/finder/MethodFinder$1 done
Event: 13.618 loading class com/sun/beans/finder/FinderUtils
Event: 13.618 loading class com/sun/beans/finder/FinderUtils done
Event: 14.583 loading class java/io/DeleteOnExitHook
Event: 14.584 loading class java/io/DeleteOnExitHook done
Event: 14.584 loading class java/io/DeleteOnExitHook$1
Event: 14.584 loading class java/io/DeleteOnExitHook$1 done
Event: 15.508 loading class jdk/internal/access/foreign/MemorySegmentProxy
Event: 15.509 loading class jdk/internal/access/foreign/MemorySegmentProxy done
Event: 15.850 loading class java/util/concurrent/LinkedBlockingDeque$Itr
Event: 15.850 loading class java/util/concurrent/LinkedBlockingDeque$AbstractItr
Event: 15.850 loading class java/util/concurrent/LinkedBlockingDeque$AbstractItr done
Event: 15.850 loading class java/util/concurrent/LinkedBlockingDeque$Itr done


Dynamic libraries:
0x00007ff6b9b10000 - 0x00007ff6b9b1a000 	E:\Android Pro\jbr\bin\java.exe
0x00007ffcf9c20000 - 0x00007ffcf9e10000 	C:\WINDOWS\SYSTEM32\ntdll.dll
0x00007ffcf89c0000 - 0x00007ffcf8a72000 	C:\WINDOWS\System32\KERNEL32.DLL
0x00007ffcf7600000 - 0x00007ffcf78a5000 	C:\WINDOWS\System32\KERNELBASE.dll
0x00007ffcf7a30000 - 0x00007ffcf7b2a000 	C:\WINDOWS\System32\ucrtbase.dll
0x00007ffcf02d0000 - 0x00007ffcf02e7000 	E:\Android Pro\jbr\bin\jli.dll
0x00007ffcf8820000 - 0x00007ffcf89b5000 	C:\WINDOWS\System32\USER32.dll
0x00007ffcf78b0000 - 0x00007ffcf78d1000 	C:\WINDOWS\System32\win32u.dll
0x00007ffcf9490000 - 0x00007ffcf94b6000 	C:\WINDOWS\System32\GDI32.dll
0x00007ffcf7b30000 - 0x00007ffcf7cc6000 	C:\WINDOWS\System32\gdi32full.dll
0x00007ffcf6c30000 - 0x00007ffcf6cce000 	C:\WINDOWS\System32\msvcp_win.dll
0x00007ffcf00c0000 - 0x00007ffcf00db000 	E:\Android Pro\jbr\bin\VCRUNTIME140.dll
0x00007ffce4920000 - 0x00007ffce4ba4000 	C:\WINDOWS\WinSxS\amd64_microsoft.windows.common-controls_6595b64144ccf1df_6.0.18362.1082_none_9e8193e1e45b25c1\COMCTL32.dll
0x00007ffcf9b40000 - 0x00007ffcf9bde000 	C:\WINDOWS\System32\msvcrt.dll
0x00007ffcf8430000 - 0x00007ffcf8765000 	C:\WINDOWS\System32\combase.dll
0x00007ffcf9230000 - 0x00007ffcf9350000 	C:\WINDOWS\System32\RPCRT4.dll
0x00007ffcf6bb0000 - 0x00007ffcf6c30000 	C:\WINDOWS\System32\bcryptPrimitives.dll
0x00007ffcf7cd0000 - 0x00007ffcf7cfe000 	C:\WINDOWS\System32\IMM32.DLL
0x00007ffcf0470000 - 0x00007ffcf047c000 	E:\Android Pro\jbr\bin\vcruntime140_1.dll
0x00007ffce5230000 - 0x00007ffce52bd000 	E:\Android Pro\jbr\bin\msvcp140.dll
0x00007ffcb45b0000 - 0x00007ffcb521d000 	E:\Android Pro\jbr\bin\server\jvm.dll
0x00007ffcf8770000 - 0x00007ffcf8813000 	C:\WINDOWS\System32\ADVAPI32.dll
0x00007ffcf7d00000 - 0x00007ffcf7d97000 	C:\WINDOWS\System32\sechost.dll
0x00007ffcf4040000 - 0x00007ffcf4049000 	C:\WINDOWS\SYSTEM32\WSOCK32.dll
0x00007ffcf9420000 - 0x00007ffcf948f000 	C:\WINDOWS\System32\WS2_32.dll
0x00007ffcf3f50000 - 0x00007ffcf3f74000 	C:\WINDOWS\SYSTEM32\WINMM.dll
0x00007ffceb1f0000 - 0x00007ffceb1fa000 	C:\WINDOWS\SYSTEM32\VERSION.dll
0x00007ffcf3f20000 - 0x00007ffcf3f4d000 	C:\WINDOWS\SYSTEM32\WINMMBASE.dll
0x00007ffcf6e00000 - 0x00007ffcf6e4a000 	C:\WINDOWS\System32\cfgmgr32.dll
0x00007ffcf6af0000 - 0x00007ffcf6b01000 	C:\WINDOWS\System32\kernel.appcore.dll
0x00007ffcf2950000 - 0x00007ffcf295a000 	E:\Android Pro\jbr\bin\jimage.dll
0x00007ffcf5750000 - 0x00007ffcf5944000 	C:\WINDOWS\SYSTEM32\DBGHELP.DLL
0x00007ffcdfc20000 - 0x00007ffcdfc4a000 	C:\WINDOWS\SYSTEM32\dbgcore.DLL
0x00007ffcf02f0000 - 0x00007ffcf0315000 	E:\Android Pro\jbr\bin\java.dll
0x00007ffcf0d30000 - 0x00007ffcf0d48000 	E:\Android Pro\jbr\bin\zip.dll
0x00007ffcf8b40000 - 0x00007ffcf9227000 	C:\WINDOWS\System32\SHELL32.dll
0x00007ffcf8a90000 - 0x00007ffcf8b39000 	C:\WINDOWS\System32\shcore.dll
0x00007ffcf6e80000 - 0x00007ffcf7600000 	C:\WINDOWS\System32\windows.storage.dll
0x00007ffcf6b60000 - 0x00007ffcf6b83000 	C:\WINDOWS\System32\profapi.dll
0x00007ffcf6b10000 - 0x00007ffcf6b5a000 	C:\WINDOWS\System32\powrprof.dll
0x00007ffcf6ae0000 - 0x00007ffcf6af0000 	C:\WINDOWS\System32\UMPDC.dll
0x00007ffcf94c0000 - 0x00007ffcf9512000 	C:\WINDOWS\System32\shlwapi.dll
0x00007ffcf6de0000 - 0x00007ffcf6df7000 	C:\WINDOWS\System32\cryptsp.dll
0x00007ffcf08c0000 - 0x00007ffcf08d9000 	E:\Android Pro\jbr\bin\net.dll
0x00007ffce9f40000 - 0x00007ffcea030000 	C:\WINDOWS\SYSTEM32\WINHTTP.dll
0x00007ffcf6330000 - 0x00007ffcf6397000 	C:\WINDOWS\system32\mswsock.dll
0x00007ffcf02b0000 - 0x00007ffcf02c6000 	E:\Android Pro\jbr\bin\nio.dll
0x00007ffcf0b10000 - 0x00007ffcf0b20000 	E:\Android Pro\jbr\bin\verify.dll
0x00007ffce93f0000 - 0x00007ffce9417000 	C:\Users\DELL\.gradle\native\68d5fa5c4cc2d200863cafc0d521ce42e7d3e7ee720ec0a83991735586a16f82\windows-amd64\native-platform.dll
0x00007ffcb8670000 - 0x00007ffcb87b4000 	C:\Users\DELL\.gradle\native\e376f236ea51e6404a007f0833ffe2c6e607c4080706a723a18a27aeea778392\windows-amd64\native-platform-file-events.dll
0x00007ffcf2930000 - 0x00007ffcf2939000 	E:\Android Pro\jbr\bin\management.dll
0x00007ffcf1040000 - 0x00007ffcf104b000 	E:\Android Pro\jbr\bin\management_ext.dll
0x00007ffcf81b0000 - 0x00007ffcf81b8000 	C:\WINDOWS\System32\PSAPI.DLL
0x00007ffcf5ea0000 - 0x00007ffcf5ed3000 	C:\WINDOWS\system32\rsaenh.dll
0x00007ffcf6e50000 - 0x00007ffcf6e76000 	C:\WINDOWS\System32\bcrypt.dll
0x00007ffcf6a00000 - 0x00007ffcf6a25000 	C:\WINDOWS\SYSTEM32\USERENV.dll
0x00007ffcf6500000 - 0x00007ffcf650c000 	C:\WINDOWS\SYSTEM32\CRYPTBASE.dll
0x00007ffcf6040000 - 0x00007ffcf607a000 	C:\WINDOWS\SYSTEM32\IPHLPAPI.DLL
0x00007ffcf8a80000 - 0x00007ffcf8a88000 	C:\WINDOWS\System32\NSI.dll
0x00007ffcea8c0000 - 0x00007ffcea8d6000 	C:\WINDOWS\SYSTEM32\dhcpcsvc6.DLL
0x00007ffcea8a0000 - 0x00007ffcea8bc000 	C:\WINDOWS\SYSTEM32\dhcpcsvc.DLL
0x00007ffcf6080000 - 0x00007ffcf614b000 	C:\WINDOWS\SYSTEM32\DNSAPI.dll
0x00007ffcf04a0000 - 0x00007ffcf04a7000 	C:\WINDOWS\system32\wshunix.dll

dbghelp: loaded successfully - version: 4.0.5 - missing functions: none
symbol engine: initialized successfully - sym options: 0x614 - pdb path: .;E:\Android Pro\jbr\bin;C:\WINDOWS\SYSTEM32;C:\WINDOWS\WinSxS\amd64_microsoft.windows.common-controls_6595b64144ccf1df_6.0.18362.1082_none_9e8193e1e45b25c1;E:\Android Pro\jbr\bin\server;C:\Users\DELL\.gradle\native\68d5fa5c4cc2d200863cafc0d521ce42e7d3e7ee720ec0a83991735586a16f82\windows-amd64;C:\Users\DELL\.gradle\native\e376f236ea51e6404a007f0833ffe2c6e607c4080706a723a18a27aeea778392\windows-amd64

VM Arguments:
jvm_args: --add-opens=java.base/java.util=ALL-UNNAMED --add-opens=java.base/java.lang=ALL-UNNAMED --add-opens=java.base/java.lang.invoke=ALL-UNNAMED --add-opens=java.prefs/java.util.prefs=ALL-UNNAMED --add-opens=java.base/java.nio.charset=ALL-UNNAMED --add-opens=java.base/java.net=ALL-UNNAMED --add-opens=java.base/java.util.concurrent.atomic=ALL-UNNAMED -Xmx2048m -Dfile.encoding=UTF-8 -Duser.country=US -Duser.language=en -Duser.variant 
java_command: org.gradle.launcher.daemon.bootstrap.GradleDaemon 8.0
java_class_path (initial): C:\Users\DELL\.gradle\wrapper\dists\gradle-8.0-bin\ca5e32bp14vu59qr306oxotwh\gradle-8.0\lib\gradle-launcher-8.0.jar
Launcher Type: SUN_STANDARD

[Global flags]
     intx CICompilerCount                          = 2                                         {product} {ergonomic}
     uint ConcGCThreads                            = 1                                         {product} {ergonomic}
     uint G1ConcRefinementThreads                  = 2                                         {product} {ergonomic}
   size_t G1HeapRegionSize                         = 1048576                                   {product} {ergonomic}
    uintx GCDrainStackTargetSize                   = 64                                        {product} {ergonomic}
   size_t InitialHeapSize                          = 132120576                                 {product} {ergonomic}
   size_t MarkStackSize                            = 4194304                                   {product} {ergonomic}
   size_t MaxHeapSize                              = 2147483648                                {product} {command line}
   size_t MaxNewSize                               = 1287651328                                {product} {ergonomic}
   size_t MinHeapDeltaBytes                        = 1048576                                   {product} {ergonomic}
   size_t MinHeapSize                              = 8388608                                   {product} {ergonomic}
    uintx NonNMethodCodeHeapSize                   = 5826188                                {pd product} {ergonomic}
    uintx NonProfiledCodeHeapSize                  = 122916026                              {pd product} {ergonomic}
    uintx ProfiledCodeHeapSize                     = 122916026                              {pd product} {ergonomic}
    uintx ReservedCodeCacheSize                    = 251658240                              {pd product} {ergonomic}
     bool SegmentedCodeCache                       = true                                      {product} {ergonomic}
   size_t SoftMaxHeapSize                          = 2147483648                             {manageable} {ergonomic}
     bool UseCompressedClassPointers               = true                           {product lp64_product} {ergonomic}
     bool UseCompressedOops                        = true                           {product lp64_product} {ergonomic}
     bool UseG1GC                                  = true                                      {product} {ergonomic}
     bool UseLargePagesIndividualAllocation        = false                                  {pd product} {ergonomic}

Logging:
Log output configuration:
 #0: stdout all=warning uptime,level,tags
 #1: stderr all=off uptime,level,tags

Environment Variables:
PATH=C:\Program Files\Common Files\Oracle\Java\javapath;C:\oraclexe\app\oracle\product\11.2.0\server\bin;C:\Program Files (x86)\Common Files\Oracle\Java\javapath;C:\WINDOWS\system32;C:\WINDOWS;C:\WINDOWS\System32\Wbem;C:\WINDOWS\System32\WindowsPowerShell\v1.0\;C:\Program Files\Microsoft SQL Server\110\Tools\Binn\;C:\WINDOWS\System32\OpenSSH\;C:\Program Files (x86)\Microsoft SQL Server\110\Tools\Binn\;C:\Program Files\Microsoft SQL Server\110\DTS\Binn\;C:\Program Files (x86)\Microsoft SQL Server\110\Tools\Binn\ManagementStudio\;C:\Program Files (x86)\Microsoft SQL Server\110\DTS\Binn\;C:\Program Files\Java\jdk-16.0.1\bin;C:\Elastic Stack\elasticsearch-7.14.0\bin;C:\Elastic Stack\kibana-7.14.0-windows-x86_64\bin;C:\Program Files\Java\jdk-16.0.1\bin;C:\Program Files\Java\jre1.8.0_261\bin;E:\Vids\Curl\Curl\bin;C:\Program Files (x86)\dotnet\;C:\Users\DELL\AppData\Local\Programs\Python\Python39\Scripts\;C:\Users\DELL\AppData\Local\Programs\Python\Python39\;C:\Users\DELL\AppData\Local\Microsoft\WindowsApps;C:\Program Files (x86)\Nmap;C:\Python27;
USERNAME=DELL
OS=Windows_NT
PROCESSOR_IDENTIFIER=Intel64 Family 6 Model 142 Stepping 9, GenuineIntel
TMP=C:\Users\DELL\AppData\Local\Temp
TEMP=C:\Users\DELL\AppData\Local\Temp



---------------  S Y S T E M  ---------------

OS:
 Windows 10 , 64 bit Build 18362 (10.0.18362.1082)
OS uptime: 1 days 1:25 hours

CPU: total 2 (initial active 2) (2 cores per cpu, 1 threads per core) family 6 model 142 stepping 9 microcode 0x8e, cx8, cmov, fxsr, mmx, 3dnowpref, sse, sse2, sse3, ssse3, sse4.1, sse4.2, popcnt, lzcnt, tsc, tscinvbit, aes, erms, clmul, clflush, clflushopt

Memory: 4k page, system-wide physical 8057M (870M free)
TotalPageFile size 8057M (AvailPageFile size 16M)
current process WorkingSet (physical memory assigned to process): 269M, peak: 271M
current process commit charge ("private bytes"): 294M, peak: 317M

vm_info: OpenJDK 64-Bit Server VM (17.0.6+0-b2043.56-9586694) for windows-amd64 JRE (17.0.6+0-b2043.56-9586694), built on Feb  9 2023 20:06:20 by "androidbuild" with MS VC++ 16.10 / 16.11 (VS2019)

END.
